[0.030s] Invoking command in '/home/ubuntu/robotis_ws/build/open_manipulator_msgs': CMAKE_PREFIX_PATH=/opt/ros/humble /usr/bin/cmake --build /home/ubuntu/robotis_ws/build/open_manipulator_msgs -- -j8 -l8
[0.134s] [  1%] Built target open_manipulator_msgs__cpp
[0.144s] [ 12%] Built target open_manipulator_msgs__rosidl_generator_c
[0.169s] [ 12%] Built target ament_cmake_python_symlink_open_manipulator_msgs
[0.216s] [ 24%] Built target open_manipulator_msgs__rosidl_typesupport_cpp
[0.250s] [ 35%] Built target open_manipulator_msgs__rosidl_typesupport_fastrtps_c
[0.253s] [ 47%] Built target open_manipulator_msgs__rosidl_typesupport_introspection_c
[0.258s] [ 58%] Built target open_manipulator_msgs__rosidl_typesupport_fastrtps_cpp
[0.267s] [ 70%] Built target open_manipulator_msgs__rosidl_typesupport_introspection_cpp
[0.273s] [ 82%] Built target open_manipulator_msgs__rosidl_typesupport_c
[0.309s] [ 82%] Built target open_manipulator_msgs
[0.356s] [ 83%] Built target open_manipulator_msgs__py
[0.410s] [ 93%] Built target open_manipulator_msgs__rosidl_generator_py
[0.450s] [ 95%] Built target open_manipulator_msgs__rosidl_typesupport_introspection_c__pyext
[0.453s] [ 97%] Built target open_manipulator_msgs__rosidl_typesupport_fastrtps_c__pyext
[0.456s] [100%] Built target open_manipulator_msgs__rosidl_typesupport_c__pyext
[0.673s] running egg_info
[0.674s] writing open_manipulator_msgs.egg-info/PKG-INFO
[0.675s] writing dependency_links to open_manipulator_msgs.egg-info/dependency_links.txt
[0.675s] writing top-level names to open_manipulator_msgs.egg-info/top_level.txt
[0.679s] reading manifest file 'open_manipulator_msgs.egg-info/SOURCES.txt'
[0.679s] writing manifest file 'open_manipulator_msgs.egg-info/SOURCES.txt'
[0.726s] [100%] Built target ament_cmake_python_build_open_manipulator_msgs_egg
[0.766s] Invoked command in '/home/ubuntu/robotis_ws/build/open_manipulator_msgs' returned '0': CMAKE_PREFIX_PATH=/opt/ros/humble /usr/bin/cmake --build /home/ubuntu/robotis_ws/build/open_manipulator_msgs -- -j8 -l8
[1.076s] Invoking command in '/home/ubuntu/robotis_ws/build/open_manipulator_msgs': CMAKE_PREFIX_PATH=/opt/ros/humble /usr/bin/cmake --install /home/ubuntu/robotis_ws/build/open_manipulator_msgs
[1.086s] -- Install configuration: ""
[1.087s] -- Execute custom install script
[1.087s] -- Up-to-date symlink: /home/ubuntu/robotis_ws/install/open_manipulator_msgs/share/ament_index/resource_index/rosidl_interfaces/open_manipulator_msgs
[1.088s] -- Up-to-date symlink: /home/ubuntu/robotis_ws/install/open_manipulator_msgs/include/open_manipulator_msgs/open_manipulator_msgs/msg/detail/joint_position__functions.h
[1.088s] -- Up-to-date symlink: /home/ubuntu/robotis_ws/install/open_manipulator_msgs/include/open_manipulator_msgs/open_manipulator_msgs/msg/detail/joint_position__struct.h
[1.088s] -- Up-to-date symlink: /home/ubuntu/robotis_ws/install/open_manipulator_msgs/include/open_manipulator_msgs/open_manipulator_msgs/msg/detail/joint_position__type_support.h
[1.088s] -- Up-to-date symlink: /home/ubuntu/robotis_ws/install/open_manipulator_msgs/include/open_manipulator_msgs/open_manipulator_msgs/msg/detail/kinematics_pose__functions.h
[1.089s] -- Up-to-date symlink: /home/ubuntu/robotis_ws/install/open_manipulator_msgs/include/open_manipulator_msgs/open_manipulator_msgs/msg/detail/kinematics_pose__struct.h
[1.089s] -- Up-to-date symlink: /home/ubuntu/robotis_ws/install/open_manipulator_msgs/include/open_manipulator_msgs/open_manipulator_msgs/msg/detail/kinematics_pose__type_support.h
[1.089s] -- Up-to-date symlink: /home/ubuntu/robotis_ws/install/open_manipulator_msgs/include/open_manipulator_msgs/open_manipulator_msgs/msg/detail/open_manipulator_state__functions.h
[1.089s] -- Up-to-date symlink: /home/ubuntu/robotis_ws/install/open_manipulator_msgs/include/open_manipulator_msgs/open_manipulator_msgs/msg/detail/open_manipulator_state__struct.h
[1.089s] -- Up-to-date symlink: /home/ubuntu/robotis_ws/install/open_manipulator_msgs/include/open_manipulator_msgs/open_manipulator_msgs/msg/detail/open_manipulator_state__type_support.h
[1.090s] -- Up-to-date symlink: /home/ubuntu/robotis_ws/install/open_manipulator_msgs/include/open_manipulator_msgs/open_manipulator_msgs/msg/joint_position.h
[1.090s] -- Up-to-date symlink: /home/ubuntu/robotis_ws/install/open_manipulator_msgs/include/open_manipulator_msgs/open_manipulator_msgs/msg/kinematics_pose.h
[1.090s] -- Up-to-date symlink: /home/ubuntu/robotis_ws/install/open_manipulator_msgs/include/open_manipulator_msgs/open_manipulator_msgs/msg/open_manipulator_state.h
[1.090s] -- Up-to-date symlink: /home/ubuntu/robotis_ws/install/open_manipulator_msgs/include/open_manipulator_msgs/open_manipulator_msgs/msg/rosidl_generator_c__visibility_control.h
[1.090s] -- Up-to-date symlink: /home/ubuntu/robotis_ws/install/open_manipulator_msgs/include/open_manipulator_msgs/open_manipulator_msgs/srv/detail/get_joint_position__functions.h
[1.091s] -- Up-to-date symlink: /home/ubuntu/robotis_ws/install/open_manipulator_msgs/include/open_manipulator_msgs/open_manipulator_msgs/srv/detail/get_joint_position__struct.h
[1.091s] -- Up-to-date symlink: /home/ubuntu/robotis_ws/install/open_manipulator_msgs/include/open_manipulator_msgs/open_manipulator_msgs/srv/detail/get_joint_position__type_support.h
[1.091s] -- Up-to-date symlink: /home/ubuntu/robotis_ws/install/open_manipulator_msgs/include/open_manipulator_msgs/open_manipulator_msgs/srv/detail/get_kinematics_pose__functions.h
[1.091s] -- Up-to-date symlink: /home/ubuntu/robotis_ws/install/open_manipulator_msgs/include/open_manipulator_msgs/open_manipulator_msgs/srv/detail/get_kinematics_pose__struct.h
[1.091s] -- Up-to-date symlink: /home/ubuntu/robotis_ws/install/open_manipulator_msgs/include/open_manipulator_msgs/open_manipulator_msgs/srv/detail/get_kinematics_pose__type_support.h
[1.091s] -- Up-to-date symlink: /home/ubuntu/robotis_ws/install/open_manipulator_msgs/include/open_manipulator_msgs/open_manipulator_msgs/srv/detail/set_actuator_state__functions.h
[1.091s] -- Up-to-date symlink: /home/ubuntu/robotis_ws/install/open_manipulator_msgs/include/open_manipulator_msgs/open_manipulator_msgs/srv/detail/set_actuator_state__struct.h
[1.092s] -- Up-to-date symlink: /home/ubuntu/robotis_ws/install/open_manipulator_msgs/include/open_manipulator_msgs/open_manipulator_msgs/srv/detail/set_actuator_state__type_support.h
[1.092s] -- Up-to-date symlink: /home/ubuntu/robotis_ws/install/open_manipulator_msgs/include/open_manipulator_msgs/open_manipulator_msgs/srv/detail/set_drawing_trajectory__functions.h
[1.092s] -- Up-to-date symlink: /home/ubuntu/robotis_ws/install/open_manipulator_msgs/include/open_manipulator_msgs/open_manipulator_msgs/srv/detail/set_drawing_trajectory__struct.h
[1.093s] -- Up-to-date symlink: /home/ubuntu/robotis_ws/install/open_manipulator_msgs/include/open_manipulator_msgs/open_manipulator_msgs/srv/detail/set_drawing_trajectory__type_support.h
[1.093s] -- Up-to-date symlink: /home/ubuntu/robotis_ws/install/open_manipulator_msgs/include/open_manipulator_msgs/open_manipulator_msgs/srv/detail/set_joint_position__functions.h
[1.093s] -- Up-to-date symlink: /home/ubuntu/robotis_ws/install/open_manipulator_msgs/include/open_manipulator_msgs/open_manipulator_msgs/srv/detail/set_joint_position__struct.h
[1.093s] -- Up-to-date symlink: /home/ubuntu/robotis_ws/install/open_manipulator_msgs/include/open_manipulator_msgs/open_manipulator_msgs/srv/detail/set_joint_position__type_support.h
[1.093s] -- Up-to-date symlink: /home/ubuntu/robotis_ws/install/open_manipulator_msgs/include/open_manipulator_msgs/open_manipulator_msgs/srv/detail/set_kinematics_pose__functions.h
[1.094s] -- Up-to-date symlink: /home/ubuntu/robotis_ws/install/open_manipulator_msgs/include/open_manipulator_msgs/open_manipulator_msgs/srv/detail/set_kinematics_pose__struct.h
[1.094s] -- Up-to-date symlink: /home/ubuntu/robotis_ws/install/open_manipulator_msgs/include/open_manipulator_msgs/open_manipulator_msgs/srv/detail/set_kinematics_pose__type_support.h
[1.094s] -- Up-to-date symlink: /home/ubuntu/robotis_ws/install/open_manipulator_msgs/include/open_manipulator_msgs/open_manipulator_msgs/srv/get_joint_position.h
[1.094s] -- Up-to-date symlink: /home/ubuntu/robotis_ws/install/open_manipulator_msgs/include/open_manipulator_msgs/open_manipulator_msgs/srv/get_kinematics_pose.h
[1.094s] -- Up-to-date symlink: /home/ubuntu/robotis_ws/install/open_manipulator_msgs/include/open_manipulator_msgs/open_manipulator_msgs/srv/set_actuator_state.h
[1.094s] -- Up-to-date symlink: /home/ubuntu/robotis_ws/install/open_manipulator_msgs/include/open_manipulator_msgs/open_manipulator_msgs/srv/set_drawing_trajectory.h
[1.094s] -- Up-to-date symlink: /home/ubuntu/robotis_ws/install/open_manipulator_msgs/include/open_manipulator_msgs/open_manipulator_msgs/srv/set_joint_position.h
[1.095s] -- Up-to-date symlink: /home/ubuntu/robotis_ws/install/open_manipulator_msgs/include/open_manipulator_msgs/open_manipulator_msgs/srv/set_kinematics_pose.h
[1.095s] -- Up-to-date symlink: /home/ubuntu/robotis_ws/install/open_manipulator_msgs/share/open_manipulator_msgs/environment/library_path.sh
[1.095s] -- Up-to-date symlink: /home/ubuntu/robotis_ws/install/open_manipulator_msgs/share/open_manipulator_msgs/environment/library_path.dsv
[1.096s] -- Up-to-date symlink: /home/ubuntu/robotis_ws/install/open_manipulator_msgs/include/open_manipulator_msgs/open_manipulator_msgs/msg/detail/joint_position__rosidl_typesupport_fastrtps_c.h
[1.097s] -- Up-to-date symlink: /home/ubuntu/robotis_ws/install/open_manipulator_msgs/include/open_manipulator_msgs/open_manipulator_msgs/msg/detail/kinematics_pose__rosidl_typesupport_fastrtps_c.h
[1.097s] -- Up-to-date symlink: /home/ubuntu/robotis_ws/install/open_manipulator_msgs/include/open_manipulator_msgs/open_manipulator_msgs/msg/detail/open_manipulator_state__rosidl_typesupport_fastrtps_c.h
[1.097s] -- Up-to-date symlink: /home/ubuntu/robotis_ws/install/open_manipulator_msgs/include/open_manipulator_msgs/open_manipulator_msgs/msg/rosidl_typesupport_fastrtps_c__visibility_control.h
[1.097s] -- Up-to-date symlink: /home/ubuntu/robotis_ws/install/open_manipulator_msgs/include/open_manipulator_msgs/open_manipulator_msgs/srv/detail/get_joint_position__rosidl_typesupport_fastrtps_c.h
[1.097s] -- Up-to-date symlink: /home/ubuntu/robotis_ws/install/open_manipulator_msgs/include/open_manipulator_msgs/open_manipulator_msgs/srv/detail/get_kinematics_pose__rosidl_typesupport_fastrtps_c.h
[1.098s] -- Up-to-date symlink: /home/ubuntu/robotis_ws/install/open_manipulator_msgs/include/open_manipulator_msgs/open_manipulator_msgs/srv/detail/set_actuator_state__rosidl_typesupport_fastrtps_c.h
[1.098s] -- Up-to-date symlink: /home/ubuntu/robotis_ws/install/open_manipulator_msgs/include/open_manipulator_msgs/open_manipulator_msgs/srv/detail/set_drawing_trajectory__rosidl_typesupport_fastrtps_c.h
[1.098s] -- Up-to-date symlink: /home/ubuntu/robotis_ws/install/open_manipulator_msgs/include/open_manipulator_msgs/open_manipulator_msgs/srv/detail/set_joint_position__rosidl_typesupport_fastrtps_c.h
[1.098s] -- Up-to-date symlink: /home/ubuntu/robotis_ws/install/open_manipulator_msgs/include/open_manipulator_msgs/open_manipulator_msgs/srv/detail/set_kinematics_pose__rosidl_typesupport_fastrtps_c.h
[1.100s] -- Up-to-date symlink: /home/ubuntu/robotis_ws/install/open_manipulator_msgs/include/open_manipulator_msgs/open_manipulator_msgs/msg/detail/joint_position__builder.hpp
[1.100s] -- Up-to-date symlink: /home/ubuntu/robotis_ws/install/open_manipulator_msgs/include/open_manipulator_msgs/open_manipulator_msgs/msg/detail/joint_position__struct.hpp
[1.100s] -- Up-to-date symlink: /home/ubuntu/robotis_ws/install/open_manipulator_msgs/include/open_manipulator_msgs/open_manipulator_msgs/msg/detail/joint_position__traits.hpp
[1.100s] -- Up-to-date symlink: /home/ubuntu/robotis_ws/install/open_manipulator_msgs/include/open_manipulator_msgs/open_manipulator_msgs/msg/detail/kinematics_pose__builder.hpp
[1.100s] -- Up-to-date symlink: /home/ubuntu/robotis_ws/install/open_manipulator_msgs/include/open_manipulator_msgs/open_manipulator_msgs/msg/detail/kinematics_pose__struct.hpp
[1.101s] -- Up-to-date symlink: /home/ubuntu/robotis_ws/install/open_manipulator_msgs/include/open_manipulator_msgs/open_manipulator_msgs/msg/detail/kinematics_pose__traits.hpp
[1.101s] -- Up-to-date symlink: /home/ubuntu/robotis_ws/install/open_manipulator_msgs/include/open_manipulator_msgs/open_manipulator_msgs/msg/detail/open_manipulator_state__builder.hpp
[1.101s] -- Up-to-date symlink: /home/ubuntu/robotis_ws/install/open_manipulator_msgs/include/open_manipulator_msgs/open_manipulator_msgs/msg/detail/open_manipulator_state__struct.hpp
[1.101s] -- Up-to-date symlink: /home/ubuntu/robotis_ws/install/open_manipulator_msgs/include/open_manipulator_msgs/open_manipulator_msgs/msg/detail/open_manipulator_state__traits.hpp
[1.101s] -- Up-to-date symlink: /home/ubuntu/robotis_ws/install/open_manipulator_msgs/include/open_manipulator_msgs/open_manipulator_msgs/msg/joint_position.hpp
[1.102s] -- Up-to-date symlink: /home/ubuntu/robotis_ws/install/open_manipulator_msgs/include/open_manipulator_msgs/open_manipulator_msgs/msg/kinematics_pose.hpp
[1.102s] -- Up-to-date symlink: /home/ubuntu/robotis_ws/install/open_manipulator_msgs/include/open_manipulator_msgs/open_manipulator_msgs/msg/open_manipulator_state.hpp
[1.102s] -- Up-to-date symlink: /home/ubuntu/robotis_ws/install/open_manipulator_msgs/include/open_manipulator_msgs/open_manipulator_msgs/srv/detail/get_joint_position__builder.hpp
[1.102s] -- Up-to-date symlink: /home/ubuntu/robotis_ws/install/open_manipulator_msgs/include/open_manipulator_msgs/open_manipulator_msgs/srv/detail/get_joint_position__struct.hpp
[1.102s] -- Up-to-date symlink: /home/ubuntu/robotis_ws/install/open_manipulator_msgs/include/open_manipulator_msgs/open_manipulator_msgs/srv/detail/get_joint_position__traits.hpp
[1.103s] -- Up-to-date symlink: /home/ubuntu/robotis_ws/install/open_manipulator_msgs/include/open_manipulator_msgs/open_manipulator_msgs/srv/detail/get_kinematics_pose__builder.hpp
[1.103s] -- Up-to-date symlink: /home/ubuntu/robotis_ws/install/open_manipulator_msgs/include/open_manipulator_msgs/open_manipulator_msgs/srv/detail/get_kinematics_pose__struct.hpp
[1.103s] -- Up-to-date symlink: /home/ubuntu/robotis_ws/install/open_manipulator_msgs/include/open_manipulator_msgs/open_manipulator_msgs/srv/detail/get_kinematics_pose__traits.hpp
[1.103s] -- Up-to-date symlink: /home/ubuntu/robotis_ws/install/open_manipulator_msgs/include/open_manipulator_msgs/open_manipulator_msgs/srv/detail/set_actuator_state__builder.hpp
[1.103s] -- Up-to-date symlink: /home/ubuntu/robotis_ws/install/open_manipulator_msgs/include/open_manipulator_msgs/open_manipulator_msgs/srv/detail/set_actuator_state__struct.hpp
[1.104s] -- Up-to-date symlink: /home/ubuntu/robotis_ws/install/open_manipulator_msgs/include/open_manipulator_msgs/open_manipulator_msgs/srv/detail/set_actuator_state__traits.hpp
[1.104s] -- Up-to-date symlink: /home/ubuntu/robotis_ws/install/open_manipulator_msgs/include/open_manipulator_msgs/open_manipulator_msgs/srv/detail/set_drawing_trajectory__builder.hpp
[1.104s] -- Up-to-date symlink: /home/ubuntu/robotis_ws/install/open_manipulator_msgs/include/open_manipulator_msgs/open_manipulator_msgs/srv/detail/set_drawing_trajectory__struct.hpp
[1.105s] -- Up-to-date symlink: /home/ubuntu/robotis_ws/install/open_manipulator_msgs/include/open_manipulator_msgs/open_manipulator_msgs/srv/detail/set_drawing_trajectory__traits.hpp
[1.105s] -- Up-to-date symlink: /home/ubuntu/robotis_ws/install/open_manipulator_msgs/include/open_manipulator_msgs/open_manipulator_msgs/srv/detail/set_joint_position__builder.hpp
[1.105s] -- Up-to-date symlink: /home/ubuntu/robotis_ws/install/open_manipulator_msgs/include/open_manipulator_msgs/open_manipulator_msgs/srv/detail/set_joint_position__struct.hpp
[1.105s] -- Up-to-date symlink: /home/ubuntu/robotis_ws/install/open_manipulator_msgs/include/open_manipulator_msgs/open_manipulator_msgs/srv/detail/set_joint_position__traits.hpp
[1.106s] -- Up-to-date symlink: /home/ubuntu/robotis_ws/install/open_manipulator_msgs/include/open_manipulator_msgs/open_manipulator_msgs/srv/detail/set_kinematics_pose__builder.hpp
[1.106s] -- Up-to-date symlink: /home/ubuntu/robotis_ws/install/open_manipulator_msgs/include/open_manipulator_msgs/open_manipulator_msgs/srv/detail/set_kinematics_pose__struct.hpp
[1.106s] -- Up-to-date symlink: /home/ubuntu/robotis_ws/install/open_manipulator_msgs/include/open_manipulator_msgs/open_manipulator_msgs/srv/detail/set_kinematics_pose__traits.hpp
[1.106s] -- Up-to-date symlink: /home/ubuntu/robotis_ws/install/open_manipulator_msgs/include/open_manipulator_msgs/open_manipulator_msgs/srv/get_joint_position.hpp
[1.106s] -- Up-to-date symlink: /home/ubuntu/robotis_ws/install/open_manipulator_msgs/include/open_manipulator_msgs/open_manipulator_msgs/srv/get_kinematics_pose.hpp
[1.107s] -- Up-to-date symlink: /home/ubuntu/robotis_ws/install/open_manipulator_msgs/include/open_manipulator_msgs/open_manipulator_msgs/srv/set_actuator_state.hpp
[1.107s] -- Up-to-date symlink: /home/ubuntu/robotis_ws/install/open_manipulator_msgs/include/open_manipulator_msgs/open_manipulator_msgs/srv/set_drawing_trajectory.hpp
[1.107s] -- Up-to-date symlink: /home/ubuntu/robotis_ws/install/open_manipulator_msgs/include/open_manipulator_msgs/open_manipulator_msgs/srv/set_joint_position.hpp
[1.107s] -- Up-to-date symlink: /home/ubuntu/robotis_ws/install/open_manipulator_msgs/include/open_manipulator_msgs/open_manipulator_msgs/srv/set_kinematics_pose.hpp
[1.109s] -- Up-to-date symlink: /home/ubuntu/robotis_ws/install/open_manipulator_msgs/include/open_manipulator_msgs/open_manipulator_msgs/msg/detail/joint_position__rosidl_typesupport_fastrtps_cpp.hpp
[1.109s] -- Up-to-date symlink: /home/ubuntu/robotis_ws/install/open_manipulator_msgs/include/open_manipulator_msgs/open_manipulator_msgs/msg/detail/kinematics_pose__rosidl_typesupport_fastrtps_cpp.hpp
[1.110s] -- Up-to-date symlink: /home/ubuntu/robotis_ws/install/open_manipulator_msgs/include/open_manipulator_msgs/open_manipulator_msgs/msg/detail/open_manipulator_state__rosidl_typesupport_fastrtps_cpp.hpp
[1.110s] -- Up-to-date symlink: /home/ubuntu/robotis_ws/install/open_manipulator_msgs/include/open_manipulator_msgs/open_manipulator_msgs/msg/rosidl_typesupport_fastrtps_cpp__visibility_control.h
[1.110s] -- Up-to-date symlink: /home/ubuntu/robotis_ws/install/open_manipulator_msgs/include/open_manipulator_msgs/open_manipulator_msgs/srv/detail/get_joint_position__rosidl_typesupport_fastrtps_cpp.hpp
[1.110s] -- Up-to-date symlink: /home/ubuntu/robotis_ws/install/open_manipulator_msgs/include/open_manipulator_msgs/open_manipulator_msgs/srv/detail/get_kinematics_pose__rosidl_typesupport_fastrtps_cpp.hpp
[1.110s] -- Up-to-date symlink: /home/ubuntu/robotis_ws/install/open_manipulator_msgs/include/open_manipulator_msgs/open_manipulator_msgs/srv/detail/set_actuator_state__rosidl_typesupport_fastrtps_cpp.hpp
[1.111s] -- Up-to-date symlink: /home/ubuntu/robotis_ws/install/open_manipulator_msgs/include/open_manipulator_msgs/open_manipulator_msgs/srv/detail/set_drawing_trajectory__rosidl_typesupport_fastrtps_cpp.hpp
[1.111s] -- Up-to-date symlink: /home/ubuntu/robotis_ws/install/open_manipulator_msgs/include/open_manipulator_msgs/open_manipulator_msgs/srv/detail/set_joint_position__rosidl_typesupport_fastrtps_cpp.hpp
[1.111s] -- Up-to-date symlink: /home/ubuntu/robotis_ws/install/open_manipulator_msgs/include/open_manipulator_msgs/open_manipulator_msgs/srv/detail/set_kinematics_pose__rosidl_typesupport_fastrtps_cpp.hpp
[1.112s] -- Up-to-date symlink: /home/ubuntu/robotis_ws/install/open_manipulator_msgs/include/open_manipulator_msgs/open_manipulator_msgs/msg/detail/joint_position__rosidl_typesupport_introspection_c.h
[1.112s] -- Up-to-date symlink: /home/ubuntu/robotis_ws/install/open_manipulator_msgs/include/open_manipulator_msgs/open_manipulator_msgs/msg/detail/kinematics_pose__rosidl_typesupport_introspection_c.h
[1.112s] -- Up-to-date symlink: /home/ubuntu/robotis_ws/install/open_manipulator_msgs/include/open_manipulator_msgs/open_manipulator_msgs/msg/detail/open_manipulator_state__rosidl_typesupport_introspection_c.h
[1.112s] -- Up-to-date symlink: /home/ubuntu/robotis_ws/install/open_manipulator_msgs/include/open_manipulator_msgs/open_manipulator_msgs/msg/rosidl_typesupport_introspection_c__visibility_control.h
[1.113s] -- Up-to-date symlink: /home/ubuntu/robotis_ws/install/open_manipulator_msgs/include/open_manipulator_msgs/open_manipulator_msgs/srv/detail/get_joint_position__rosidl_typesupport_introspection_c.h
[1.113s] -- Up-to-date symlink: /home/ubuntu/robotis_ws/install/open_manipulator_msgs/include/open_manipulator_msgs/open_manipulator_msgs/srv/detail/get_kinematics_pose__rosidl_typesupport_introspection_c.h
[1.113s] -- Up-to-date symlink: /home/ubuntu/robotis_ws/install/open_manipulator_msgs/include/open_manipulator_msgs/open_manipulator_msgs/srv/detail/set_actuator_state__rosidl_typesupport_introspection_c.h
[1.113s] -- Up-to-date symlink: /home/ubuntu/robotis_ws/install/open_manipulator_msgs/include/open_manipulator_msgs/open_manipulator_msgs/srv/detail/set_drawing_trajectory__rosidl_typesupport_introspection_c.h
[1.114s] -- Up-to-date symlink: /home/ubuntu/robotis_ws/install/open_manipulator_msgs/include/open_manipulator_msgs/open_manipulator_msgs/srv/detail/set_joint_position__rosidl_typesupport_introspection_c.h
[1.114s] -- Up-to-date symlink: /home/ubuntu/robotis_ws/install/open_manipulator_msgs/include/open_manipulator_msgs/open_manipulator_msgs/srv/detail/set_kinematics_pose__rosidl_typesupport_introspection_c.h
[1.115s] -- Up-to-date symlink: /home/ubuntu/robotis_ws/install/open_manipulator_msgs/include/open_manipulator_msgs/open_manipulator_msgs/msg/detail/joint_position__rosidl_typesupport_introspection_cpp.hpp
[1.115s] -- Up-to-date symlink: /home/ubuntu/robotis_ws/install/open_manipulator_msgs/include/open_manipulator_msgs/open_manipulator_msgs/msg/detail/kinematics_pose__rosidl_typesupport_introspection_cpp.hpp
[1.115s] -- Up-to-date symlink: /home/ubuntu/robotis_ws/install/open_manipulator_msgs/include/open_manipulator_msgs/open_manipulator_msgs/msg/detail/open_manipulator_state__rosidl_typesupport_introspection_cpp.hpp
[1.115s] -- Up-to-date symlink: /home/ubuntu/robotis_ws/install/open_manipulator_msgs/include/open_manipulator_msgs/open_manipulator_msgs/srv/detail/get_joint_position__rosidl_typesupport_introspection_cpp.hpp
[1.116s] -- Up-to-date symlink: /home/ubuntu/robotis_ws/install/open_manipulator_msgs/include/open_manipulator_msgs/open_manipulator_msgs/srv/detail/get_kinematics_pose__rosidl_typesupport_introspection_cpp.hpp
[1.116s] -- Up-to-date symlink: /home/ubuntu/robotis_ws/install/open_manipulator_msgs/include/open_manipulator_msgs/open_manipulator_msgs/srv/detail/set_actuator_state__rosidl_typesupport_introspection_cpp.hpp
[1.116s] -- Up-to-date symlink: /home/ubuntu/robotis_ws/install/open_manipulator_msgs/include/open_manipulator_msgs/open_manipulator_msgs/srv/detail/set_drawing_trajectory__rosidl_typesupport_introspection_cpp.hpp
[1.116s] -- Up-to-date symlink: /home/ubuntu/robotis_ws/install/open_manipulator_msgs/include/open_manipulator_msgs/open_manipulator_msgs/srv/detail/set_joint_position__rosidl_typesupport_introspection_cpp.hpp
[1.116s] -- Up-to-date symlink: /home/ubuntu/robotis_ws/install/open_manipulator_msgs/include/open_manipulator_msgs/open_manipulator_msgs/srv/detail/set_kinematics_pose__rosidl_typesupport_introspection_cpp.hpp
[1.117s] -- Up-to-date symlink: /home/ubuntu/robotis_ws/install/open_manipulator_msgs/share/open_manipulator_msgs/environment/pythonpath.sh
[1.117s] -- Up-to-date symlink: /home/ubuntu/robotis_ws/install/open_manipulator_msgs/share/open_manipulator_msgs/environment/pythonpath.dsv
[1.117s] -- Up-to-date symlink: /home/ubuntu/robotis_ws/install/open_manipulator_msgs/local/lib/python3.10/dist-packages/open_manipulator_msgs-2.2.0-py3.10.egg-info/PKG-INFO
[1.117s] -- Up-to-date symlink: /home/ubuntu/robotis_ws/install/open_manipulator_msgs/local/lib/python3.10/dist-packages/open_manipulator_msgs-2.2.0-py3.10.egg-info/SOURCES.txt
[1.117s] -- Up-to-date symlink: /home/ubuntu/robotis_ws/install/open_manipulator_msgs/local/lib/python3.10/dist-packages/open_manipulator_msgs-2.2.0-py3.10.egg-info/dependency_links.txt
[1.118s] -- Up-to-date symlink: /home/ubuntu/robotis_ws/install/open_manipulator_msgs/local/lib/python3.10/dist-packages/open_manipulator_msgs-2.2.0-py3.10.egg-info/top_level.txt
[1.119s] -- Up-to-date symlink: /home/ubuntu/robotis_ws/install/open_manipulator_msgs/local/lib/python3.10/dist-packages/open_manipulator_msgs/__init__.py
[1.119s] -- Up-to-date symlink: /home/ubuntu/robotis_ws/install/open_manipulator_msgs/local/lib/python3.10/dist-packages/open_manipulator_msgs/_open_manipulator_msgs_s.ep.rosidl_typesupport_c.c
[1.119s] -- Up-to-date symlink: /home/ubuntu/robotis_ws/install/open_manipulator_msgs/local/lib/python3.10/dist-packages/open_manipulator_msgs/_open_manipulator_msgs_s.ep.rosidl_typesupport_fastrtps_c.c
[1.120s] -- Up-to-date symlink: /home/ubuntu/robotis_ws/install/open_manipulator_msgs/local/lib/python3.10/dist-packages/open_manipulator_msgs/_open_manipulator_msgs_s.ep.rosidl_typesupport_introspection_c.c
[1.120s] -- Up-to-date symlink: /home/ubuntu/robotis_ws/install/open_manipulator_msgs/local/lib/python3.10/dist-packages/open_manipulator_msgs/libopen_manipulator_msgs__rosidl_generator_py.so
[1.120s] -- Up-to-date symlink: /home/ubuntu/robotis_ws/install/open_manipulator_msgs/local/lib/python3.10/dist-packages/open_manipulator_msgs/msg/__init__.py
[1.120s] -- Up-to-date symlink: /home/ubuntu/robotis_ws/install/open_manipulator_msgs/local/lib/python3.10/dist-packages/open_manipulator_msgs/msg/_joint_position.py
[1.120s] -- Up-to-date symlink: /home/ubuntu/robotis_ws/install/open_manipulator_msgs/local/lib/python3.10/dist-packages/open_manipulator_msgs/msg/_joint_position_s.c
[1.120s] -- Up-to-date symlink: /home/ubuntu/robotis_ws/install/open_manipulator_msgs/local/lib/python3.10/dist-packages/open_manipulator_msgs/msg/_kinematics_pose.py
[1.121s] -- Up-to-date symlink: /home/ubuntu/robotis_ws/install/open_manipulator_msgs/local/lib/python3.10/dist-packages/open_manipulator_msgs/msg/_kinematics_pose_s.c
[1.121s] -- Up-to-date symlink: /home/ubuntu/robotis_ws/install/open_manipulator_msgs/local/lib/python3.10/dist-packages/open_manipulator_msgs/msg/_open_manipulator_state.py
[1.121s] -- Up-to-date symlink: /home/ubuntu/robotis_ws/install/open_manipulator_msgs/local/lib/python3.10/dist-packages/open_manipulator_msgs/msg/_open_manipulator_state_s.c
[1.122s] -- Up-to-date symlink: /home/ubuntu/robotis_ws/install/open_manipulator_msgs/local/lib/python3.10/dist-packages/open_manipulator_msgs/open_manipulator_msgs_s__rosidl_typesupport_c.cpython-310-x86_64-linux-gnu.so
[1.122s] -- Up-to-date symlink: /home/ubuntu/robotis_ws/install/open_manipulator_msgs/local/lib/python3.10/dist-packages/open_manipulator_msgs/open_manipulator_msgs_s__rosidl_typesupport_fastrtps_c.cpython-310-x86_64-linux-gnu.so
[1.124s] -- Up-to-date symlink: /home/ubuntu/robotis_ws/install/open_manipulator_msgs/local/lib/python3.10/dist-packages/open_manipulator_msgs/open_manipulator_msgs_s__rosidl_typesupport_introspection_c.cpython-310-x86_64-linux-gnu.so
[1.125s] -- Up-to-date symlink: /home/ubuntu/robotis_ws/install/open_manipulator_msgs/local/lib/python3.10/dist-packages/open_manipulator_msgs/srv/__init__.py
[1.125s] -- Up-to-date symlink: /home/ubuntu/robotis_ws/install/open_manipulator_msgs/local/lib/python3.10/dist-packages/open_manipulator_msgs/srv/_get_joint_position.py
[1.125s] -- Up-to-date symlink: /home/ubuntu/robotis_ws/install/open_manipulator_msgs/local/lib/python3.10/dist-packages/open_manipulator_msgs/srv/_get_joint_position_s.c
[1.125s] -- Up-to-date symlink: /home/ubuntu/robotis_ws/install/open_manipulator_msgs/local/lib/python3.10/dist-packages/open_manipulator_msgs/srv/_get_kinematics_pose.py
[1.126s] -- Up-to-date symlink: /home/ubuntu/robotis_ws/install/open_manipulator_msgs/local/lib/python3.10/dist-packages/open_manipulator_msgs/srv/_get_kinematics_pose_s.c
[1.126s] -- Up-to-date symlink: /home/ubuntu/robotis_ws/install/open_manipulator_msgs/local/lib/python3.10/dist-packages/open_manipulator_msgs/srv/_set_actuator_state.py
[1.126s] -- Up-to-date symlink: /home/ubuntu/robotis_ws/install/open_manipulator_msgs/local/lib/python3.10/dist-packages/open_manipulator_msgs/srv/_set_actuator_state_s.c
[1.126s] -- Up-to-date symlink: /home/ubuntu/robotis_ws/install/open_manipulator_msgs/local/lib/python3.10/dist-packages/open_manipulator_msgs/srv/_set_drawing_trajectory.py
[1.126s] -- Up-to-date symlink: /home/ubuntu/robotis_ws/install/open_manipulator_msgs/local/lib/python3.10/dist-packages/open_manipulator_msgs/srv/_set_drawing_trajectory_s.c
[1.127s] -- Up-to-date symlink: /home/ubuntu/robotis_ws/install/open_manipulator_msgs/local/lib/python3.10/dist-packages/open_manipulator_msgs/srv/_set_joint_position.py
[1.127s] -- Up-to-date symlink: /home/ubuntu/robotis_ws/install/open_manipulator_msgs/local/lib/python3.10/dist-packages/open_manipulator_msgs/srv/_set_joint_position_s.c
[1.127s] -- Up-to-date symlink: /home/ubuntu/robotis_ws/install/open_manipulator_msgs/local/lib/python3.10/dist-packages/open_manipulator_msgs/srv/_set_kinematics_pose.py
[1.127s] -- Up-to-date symlink: /home/ubuntu/robotis_ws/install/open_manipulator_msgs/local/lib/python3.10/dist-packages/open_manipulator_msgs/srv/_set_kinematics_pose_s.c
[1.128s] -- Up-to-date symlink: /home/ubuntu/robotis_ws/install/open_manipulator_msgs/local/lib/python3.10/dist-packages/open_manipulator_msgs/open_manipulator_msgs_s__rosidl_typesupport_fastrtps_c.cpython-310-x86_64-linux-gnu.so
[1.128s] -- Up-to-date symlink: /home/ubuntu/robotis_ws/install/open_manipulator_msgs/local/lib/python3.10/dist-packages/open_manipulator_msgs/open_manipulator_msgs_s__rosidl_typesupport_introspection_c.cpython-310-x86_64-linux-gnu.so
[1.128s] -- Up-to-date symlink: /home/ubuntu/robotis_ws/install/open_manipulator_msgs/local/lib/python3.10/dist-packages/open_manipulator_msgs/open_manipulator_msgs_s__rosidl_typesupport_c.cpython-310-x86_64-linux-gnu.so
[1.129s] -- Up-to-date symlink: /home/ubuntu/robotis_ws/install/open_manipulator_msgs/share/open_manipulator_msgs/msg/JointPosition.idl
[1.130s] -- Up-to-date symlink: /home/ubuntu/robotis_ws/install/open_manipulator_msgs/share/open_manipulator_msgs/msg/KinematicsPose.idl
[1.130s] -- Up-to-date symlink: /home/ubuntu/robotis_ws/install/open_manipulator_msgs/share/open_manipulator_msgs/msg/OpenManipulatorState.idl
[1.131s] -- Up-to-date symlink: /home/ubuntu/robotis_ws/install/open_manipulator_msgs/share/open_manipulator_msgs/srv/GetJointPosition.idl
[1.131s] -- Up-to-date symlink: /home/ubuntu/robotis_ws/install/open_manipulator_msgs/share/open_manipulator_msgs/srv/GetKinematicsPose.idl
[1.131s] -- Up-to-date symlink: /home/ubuntu/robotis_ws/install/open_manipulator_msgs/share/open_manipulator_msgs/srv/SetJointPosition.idl
[1.132s] -- Up-to-date symlink: /home/ubuntu/robotis_ws/install/open_manipulator_msgs/share/open_manipulator_msgs/srv/SetKinematicsPose.idl
[1.132s] -- Up-to-date symlink: /home/ubuntu/robotis_ws/install/open_manipulator_msgs/share/open_manipulator_msgs/srv/SetDrawingTrajectory.idl
[1.132s] -- Up-to-date symlink: /home/ubuntu/robotis_ws/install/open_manipulator_msgs/share/open_manipulator_msgs/srv/SetActuatorState.idl
[1.132s] -- Up-to-date symlink: /home/ubuntu/robotis_ws/install/open_manipulator_msgs/share/open_manipulator_msgs/msg/JointPosition.msg
[1.133s] -- Up-to-date symlink: /home/ubuntu/robotis_ws/install/open_manipulator_msgs/share/open_manipulator_msgs/msg/KinematicsPose.msg
[1.133s] -- Up-to-date symlink: /home/ubuntu/robotis_ws/install/open_manipulator_msgs/share/open_manipulator_msgs/msg/OpenManipulatorState.msg
[1.133s] -- Up-to-date symlink: /home/ubuntu/robotis_ws/install/open_manipulator_msgs/share/open_manipulator_msgs/srv/GetJointPosition.srv
[1.134s] -- Up-to-date symlink: /home/ubuntu/robotis_ws/install/open_manipulator_msgs/share/open_manipulator_msgs/srv/GetJointPosition_Request.msg
[1.134s] -- Up-to-date symlink: /home/ubuntu/robotis_ws/install/open_manipulator_msgs/share/open_manipulator_msgs/srv/GetJointPosition_Response.msg
[1.134s] -- Up-to-date symlink: /home/ubuntu/robotis_ws/install/open_manipulator_msgs/share/open_manipulator_msgs/srv/GetKinematicsPose.srv
[1.135s] -- Up-to-date symlink: /home/ubuntu/robotis_ws/install/open_manipulator_msgs/share/open_manipulator_msgs/srv/GetKinematicsPose_Request.msg
[1.135s] -- Up-to-date symlink: /home/ubuntu/robotis_ws/install/open_manipulator_msgs/share/open_manipulator_msgs/srv/GetKinematicsPose_Response.msg
[1.136s] -- Up-to-date symlink: /home/ubuntu/robotis_ws/install/open_manipulator_msgs/share/open_manipulator_msgs/srv/SetJointPosition.srv
[1.136s] -- Up-to-date symlink: /home/ubuntu/robotis_ws/install/open_manipulator_msgs/share/open_manipulator_msgs/srv/SetJointPosition_Request.msg
[1.136s] -- Up-to-date symlink: /home/ubuntu/robotis_ws/install/open_manipulator_msgs/share/open_manipulator_msgs/srv/SetJointPosition_Response.msg
[1.136s] -- Up-to-date symlink: /home/ubuntu/robotis_ws/install/open_manipulator_msgs/share/open_manipulator_msgs/srv/SetKinematicsPose.srv
[1.136s] -- Up-to-date symlink: /home/ubuntu/robotis_ws/install/open_manipulator_msgs/share/open_manipulator_msgs/srv/SetKinematicsPose_Request.msg
[1.137s] -- Up-to-date symlink: /home/ubuntu/robotis_ws/install/open_manipulator_msgs/share/open_manipulator_msgs/srv/SetKinematicsPose_Response.msg
[1.137s] -- Up-to-date symlink: /home/ubuntu/robotis_ws/install/open_manipulator_msgs/share/open_manipulator_msgs/srv/SetDrawingTrajectory.srv
[1.137s] -- Up-to-date symlink: /home/ubuntu/robotis_ws/install/open_manipulator_msgs/share/open_manipulator_msgs/srv/SetDrawingTrajectory_Request.msg
[1.137s] -- Up-to-date symlink: /home/ubuntu/robotis_ws/install/open_manipulator_msgs/share/open_manipulator_msgs/srv/SetDrawingTrajectory_Response.msg
[1.137s] -- Up-to-date symlink: /home/ubuntu/robotis_ws/install/open_manipulator_msgs/share/open_manipulator_msgs/srv/SetActuatorState.srv
[1.139s] -- Up-to-date symlink: /home/ubuntu/robotis_ws/install/open_manipulator_msgs/share/open_manipulator_msgs/srv/SetActuatorState_Request.msg
[1.139s] -- Up-to-date symlink: /home/ubuntu/robotis_ws/install/open_manipulator_msgs/share/open_manipulator_msgs/srv/SetActuatorState_Response.msg
[1.140s] -- Up-to-date symlink: /home/ubuntu/robotis_ws/install/open_manipulator_msgs/share/ament_index/resource_index/package_run_dependencies/open_manipulator_msgs
[1.140s] -- Up-to-date symlink: /home/ubuntu/robotis_ws/install/open_manipulator_msgs/share/ament_index/resource_index/parent_prefix_path/open_manipulator_msgs
[1.140s] -- Up-to-date symlink: /home/ubuntu/robotis_ws/install/open_manipulator_msgs/share/open_manipulator_msgs/environment/ament_prefix_path.sh
[1.140s] -- Up-to-date symlink: /home/ubuntu/robotis_ws/install/open_manipulator_msgs/share/open_manipulator_msgs/environment/ament_prefix_path.dsv
[1.141s] -- Up-to-date symlink: /home/ubuntu/robotis_ws/install/open_manipulator_msgs/share/open_manipulator_msgs/environment/path.sh
[1.141s] -- Up-to-date symlink: /home/ubuntu/robotis_ws/install/open_manipulator_msgs/share/open_manipulator_msgs/environment/path.dsv
[1.141s] -- Up-to-date symlink: /home/ubuntu/robotis_ws/install/open_manipulator_msgs/share/open_manipulator_msgs/local_setup.bash
[1.141s] -- Up-to-date symlink: /home/ubuntu/robotis_ws/install/open_manipulator_msgs/share/open_manipulator_msgs/local_setup.sh
[1.142s] -- Up-to-date symlink: /home/ubuntu/robotis_ws/install/open_manipulator_msgs/share/open_manipulator_msgs/local_setup.zsh
[1.142s] -- Up-to-date symlink: /home/ubuntu/robotis_ws/install/open_manipulator_msgs/share/open_manipulator_msgs/local_setup.dsv
[1.142s] -- Symlinking: /home/ubuntu/robotis_ws/install/open_manipulator_msgs/share/open_manipulator_msgs/package.dsv
[1.147s] -- Up-to-date symlink: /home/ubuntu/robotis_ws/install/open_manipulator_msgs/share/ament_index/resource_index/packages/open_manipulator_msgs
[1.147s] -- Up-to-date symlink: /home/ubuntu/robotis_ws/install/open_manipulator_msgs/share/open_manipulator_msgs/cmake/rosidl_cmake-extras.cmake
[1.147s] -- Up-to-date symlink: /home/ubuntu/robotis_ws/install/open_manipulator_msgs/share/open_manipulator_msgs/cmake/ament_cmake_export_dependencies-extras.cmake
[1.147s] -- Up-to-date symlink: /home/ubuntu/robotis_ws/install/open_manipulator_msgs/share/open_manipulator_msgs/cmake/ament_cmake_export_include_directories-extras.cmake
[1.147s] -- Up-to-date symlink: /home/ubuntu/robotis_ws/install/open_manipulator_msgs/share/open_manipulator_msgs/cmake/ament_cmake_export_libraries-extras.cmake
[1.148s] -- Up-to-date symlink: /home/ubuntu/robotis_ws/install/open_manipulator_msgs/share/open_manipulator_msgs/cmake/ament_cmake_export_targets-extras.cmake
[1.148s] -- Up-to-date symlink: /home/ubuntu/robotis_ws/install/open_manipulator_msgs/share/open_manipulator_msgs/cmake/rosidl_cmake_export_typesupport_targets-extras.cmake
[1.148s] -- Up-to-date symlink: /home/ubuntu/robotis_ws/install/open_manipulator_msgs/share/open_manipulator_msgs/cmake/rosidl_cmake_export_typesupport_libraries-extras.cmake
[1.148s] -- Up-to-date symlink: /home/ubuntu/robotis_ws/install/open_manipulator_msgs/share/open_manipulator_msgs/cmake/open_manipulator_msgsConfig.cmake
[1.148s] -- Up-to-date symlink: /home/ubuntu/robotis_ws/install/open_manipulator_msgs/share/open_manipulator_msgs/cmake/open_manipulator_msgsConfig-version.cmake
[1.149s] -- Up-to-date symlink: /home/ubuntu/robotis_ws/install/open_manipulator_msgs/share/open_manipulator_msgs/package.xml
[1.149s] -- Up-to-date: /home/ubuntu/robotis_ws/install/open_manipulator_msgs/lib/libopen_manipulator_msgs__rosidl_generator_c.so
[1.149s] -- Up-to-date: /home/ubuntu/robotis_ws/install/open_manipulator_msgs/lib/libopen_manipulator_msgs__rosidl_typesupport_fastrtps_c.so
[1.150s] -- Up-to-date: /home/ubuntu/robotis_ws/install/open_manipulator_msgs/lib/libopen_manipulator_msgs__rosidl_typesupport_fastrtps_cpp.so
[1.151s] -- Up-to-date: /home/ubuntu/robotis_ws/install/open_manipulator_msgs/lib/libopen_manipulator_msgs__rosidl_typesupport_introspection_c.so
[1.152s] -- Up-to-date: /home/ubuntu/robotis_ws/install/open_manipulator_msgs/lib/libopen_manipulator_msgs__rosidl_typesupport_c.so
[1.152s] -- Up-to-date: /home/ubuntu/robotis_ws/install/open_manipulator_msgs/lib/libopen_manipulator_msgs__rosidl_typesupport_introspection_cpp.so
[1.152s] -- Up-to-date: /home/ubuntu/robotis_ws/install/open_manipulator_msgs/lib/libopen_manipulator_msgs__rosidl_typesupport_cpp.so
[1.193s] Listing '/home/ubuntu/robotis_ws/install/open_manipulator_msgs/local/lib/python3.10/dist-packages/open_manipulator_msgs'...
[1.193s] Listing '/home/ubuntu/robotis_ws/install/open_manipulator_msgs/local/lib/python3.10/dist-packages/open_manipulator_msgs/msg'...
[1.193s] Listing '/home/ubuntu/robotis_ws/install/open_manipulator_msgs/local/lib/python3.10/dist-packages/open_manipulator_msgs/srv'...
[1.199s] -- Up-to-date: /home/ubuntu/robotis_ws/install/open_manipulator_msgs/lib/libopen_manipulator_msgs__rosidl_generator_py.so
[1.199s] -- Up-to-date: /home/ubuntu/robotis_ws/install/open_manipulator_msgs/share/open_manipulator_msgs/cmake/export_open_manipulator_msgs__rosidl_generator_cExport.cmake
[1.199s] -- Up-to-date: /home/ubuntu/robotis_ws/install/open_manipulator_msgs/share/open_manipulator_msgs/cmake/export_open_manipulator_msgs__rosidl_generator_cExport-noconfig.cmake
[1.200s] -- Up-to-date: /home/ubuntu/robotis_ws/install/open_manipulator_msgs/share/open_manipulator_msgs/cmake/export_open_manipulator_msgs__rosidl_typesupport_fastrtps_cExport.cmake
[1.200s] -- Up-to-date: /home/ubuntu/robotis_ws/install/open_manipulator_msgs/share/open_manipulator_msgs/cmake/export_open_manipulator_msgs__rosidl_typesupport_fastrtps_cExport-noconfig.cmake
[1.200s] -- Up-to-date: /home/ubuntu/robotis_ws/install/open_manipulator_msgs/share/open_manipulator_msgs/cmake/export_open_manipulator_msgs__rosidl_generator_cppExport.cmake
[1.200s] -- Up-to-date: /home/ubuntu/robotis_ws/install/open_manipulator_msgs/share/open_manipulator_msgs/cmake/export_open_manipulator_msgs__rosidl_typesupport_fastrtps_cppExport.cmake
[1.200s] -- Up-to-date: /home/ubuntu/robotis_ws/install/open_manipulator_msgs/share/open_manipulator_msgs/cmake/export_open_manipulator_msgs__rosidl_typesupport_fastrtps_cppExport-noconfig.cmake
[1.200s] -- Up-to-date: /home/ubuntu/robotis_ws/install/open_manipulator_msgs/share/open_manipulator_msgs/cmake/open_manipulator_msgs__rosidl_typesupport_introspection_cExport.cmake
[1.200s] -- Up-to-date: /home/ubuntu/robotis_ws/install/open_manipulator_msgs/share/open_manipulator_msgs/cmake/open_manipulator_msgs__rosidl_typesupport_introspection_cExport-noconfig.cmake
[1.201s] -- Up-to-date: /home/ubuntu/robotis_ws/install/open_manipulator_msgs/share/open_manipulator_msgs/cmake/open_manipulator_msgs__rosidl_typesupport_cExport.cmake
[1.201s] -- Up-to-date: /home/ubuntu/robotis_ws/install/open_manipulator_msgs/share/open_manipulator_msgs/cmake/open_manipulator_msgs__rosidl_typesupport_cExport-noconfig.cmake
[1.201s] -- Up-to-date: /home/ubuntu/robotis_ws/install/open_manipulator_msgs/share/open_manipulator_msgs/cmake/open_manipulator_msgs__rosidl_typesupport_introspection_cppExport.cmake
[1.201s] -- Up-to-date: /home/ubuntu/robotis_ws/install/open_manipulator_msgs/share/open_manipulator_msgs/cmake/open_manipulator_msgs__rosidl_typesupport_introspection_cppExport-noconfig.cmake
[1.201s] -- Up-to-date: /home/ubuntu/robotis_ws/install/open_manipulator_msgs/share/open_manipulator_msgs/cmake/open_manipulator_msgs__rosidl_typesupport_cppExport.cmake
[1.201s] -- Up-to-date: /home/ubuntu/robotis_ws/install/open_manipulator_msgs/share/open_manipulator_msgs/cmake/open_manipulator_msgs__rosidl_typesupport_cppExport-noconfig.cmake
[1.201s] -- Up-to-date: /home/ubuntu/robotis_ws/install/open_manipulator_msgs/share/open_manipulator_msgs/cmake/export_open_manipulator_msgs__rosidl_generator_pyExport.cmake
[1.201s] -- Up-to-date: /home/ubuntu/robotis_ws/install/open_manipulator_msgs/share/open_manipulator_msgs/cmake/export_open_manipulator_msgs__rosidl_generator_pyExport-noconfig.cmake
[1.205s] Invoked command in '/home/ubuntu/robotis_ws/build/open_manipulator_msgs' returned '0': CMAKE_PREFIX_PATH=/opt/ros/humble /usr/bin/cmake --install /home/ubuntu/robotis_ws/build/open_manipulator_msgs
