[0.037s] Invoking command in '/home/ubuntu/robotis_ws/build/dynamixel_sdk': CMAKE_PREFIX_PATH=/opt/ros/humble /usr/bin/cmake --build /home/ubuntu/robotis_ws/build/dynamixel_sdk -- -j8 -l8
[0.116s] [100%] Built target dynamixel_sdk
[0.156s] Invoked command in '/home/ubuntu/robotis_ws/build/dynamixel_sdk' returned '0': CMAKE_PREFIX_PATH=/opt/ros/humble /usr/bin/cmake --build /home/ubuntu/robotis_ws/build/dynamixel_sdk -- -j8 -l8
[0.331s] Invoking command in '/home/ubuntu/robotis_ws/build/dynamixel_sdk': CMAKE_PREFIX_PATH=/opt/ros/humble /usr/bin/cmake --install /home/ubuntu/robotis_ws/build/dynamixel_sdk
[0.350s] -- Install configuration: ""
[0.350s] -- Execute custom install script
[0.352s] -- Up-to-date symlink: /home/ubuntu/robotis_ws/install/dynamixel_sdk/include//dynamixel_sdk/dynamixel_sdk.h
[0.353s] -- Up-to-date symlink: /home/ubuntu/robotis_ws/install/dynamixel_sdk/include//dynamixel_sdk/group_bulk_read.h
[0.354s] -- Up-to-date symlink: /home/ubuntu/robotis_ws/install/dynamixel_sdk/include//dynamixel_sdk/group_bulk_write.h
[0.355s] -- Up-to-date symlink: /home/ubuntu/robotis_ws/install/dynamixel_sdk/include//dynamixel_sdk/group_sync_read.h
[0.356s] -- Up-to-date symlink: /home/ubuntu/robotis_ws/install/dynamixel_sdk/include//dynamixel_sdk/group_sync_write.h
[0.356s] -- Up-to-date symlink: /home/ubuntu/robotis_ws/install/dynamixel_sdk/include//dynamixel_sdk/packet_handler.h
[0.357s] -- Up-to-date symlink: /home/ubuntu/robotis_ws/install/dynamixel_sdk/include//dynamixel_sdk/port_handler.h
[0.357s] -- Up-to-date symlink: /home/ubuntu/robotis_ws/install/dynamixel_sdk/include//dynamixel_sdk/port_handler_arduino.h
[0.357s] -- Up-to-date symlink: /home/ubuntu/robotis_ws/install/dynamixel_sdk/include//dynamixel_sdk/port_handler_linux.h
[0.358s] -- Up-to-date symlink: /home/ubuntu/robotis_ws/install/dynamixel_sdk/include//dynamixel_sdk/port_handler_mac.h
[0.358s] -- Up-to-date symlink: /home/ubuntu/robotis_ws/install/dynamixel_sdk/include//dynamixel_sdk/port_handler_windows.h
[0.358s] -- Up-to-date symlink: /home/ubuntu/robotis_ws/install/dynamixel_sdk/include//dynamixel_sdk/protocol1_packet_handler.h
[0.359s] -- Up-to-date symlink: /home/ubuntu/robotis_ws/install/dynamixel_sdk/include//dynamixel_sdk/protocol2_packet_handler.h
[0.360s] -- Up-to-date symlink: /home/ubuntu/robotis_ws/install/dynamixel_sdk/lib/libdynamixel_sdk.so
[0.360s] -- Up-to-date symlink: /home/ubuntu/robotis_ws/install/dynamixel_sdk/share/dynamixel_sdk/environment/library_path.sh
[0.361s] -- Up-to-date symlink: /home/ubuntu/robotis_ws/install/dynamixel_sdk/share/dynamixel_sdk/environment/library_path.dsv
[0.361s] -- Up-to-date symlink: /home/ubuntu/robotis_ws/install/dynamixel_sdk/share/ament_index/resource_index/package_run_dependencies/dynamixel_sdk
[0.362s] -- Up-to-date symlink: /home/ubuntu/robotis_ws/install/dynamixel_sdk/share/ament_index/resource_index/parent_prefix_path/dynamixel_sdk
[0.362s] -- Up-to-date symlink: /home/ubuntu/robotis_ws/install/dynamixel_sdk/share/dynamixel_sdk/environment/ament_prefix_path.sh
[0.363s] -- Up-to-date symlink: /home/ubuntu/robotis_ws/install/dynamixel_sdk/share/dynamixel_sdk/environment/ament_prefix_path.dsv
[0.363s] -- Up-to-date symlink: /home/ubuntu/robotis_ws/install/dynamixel_sdk/share/dynamixel_sdk/environment/path.sh
[0.363s] -- Up-to-date symlink: /home/ubuntu/robotis_ws/install/dynamixel_sdk/share/dynamixel_sdk/environment/path.dsv
[0.364s] -- Up-to-date symlink: /home/ubuntu/robotis_ws/install/dynamixel_sdk/share/dynamixel_sdk/local_setup.bash
[0.364s] -- Up-to-date symlink: /home/ubuntu/robotis_ws/install/dynamixel_sdk/share/dynamixel_sdk/local_setup.sh
[0.364s] -- Up-to-date symlink: /home/ubuntu/robotis_ws/install/dynamixel_sdk/share/dynamixel_sdk/local_setup.zsh
[0.369s] -- Up-to-date symlink: /home/ubuntu/robotis_ws/install/dynamixel_sdk/share/dynamixel_sdk/local_setup.dsv
[0.369s] -- Symlinking: /home/ubuntu/robotis_ws/install/dynamixel_sdk/share/dynamixel_sdk/package.dsv
[0.383s] -- Up-to-date symlink: /home/ubuntu/robotis_ws/install/dynamixel_sdk/share/ament_index/resource_index/packages/dynamixel_sdk
[0.383s] -- Up-to-date symlink: /home/ubuntu/robotis_ws/install/dynamixel_sdk/share/dynamixel_sdk/cmake/ament_cmake_export_include_directories-extras.cmake
[0.385s] -- Up-to-date symlink: /home/ubuntu/robotis_ws/install/dynamixel_sdk/share/dynamixel_sdk/cmake/ament_cmake_export_libraries-extras.cmake
[0.385s] -- Up-to-date symlink: /home/ubuntu/robotis_ws/install/dynamixel_sdk/share/dynamixel_sdk/cmake/dynamixel_sdkConfig.cmake
[0.386s] -- Up-to-date symlink: /home/ubuntu/robotis_ws/install/dynamixel_sdk/share/dynamixel_sdk/cmake/dynamixel_sdkConfig-version.cmake
[0.386s] -- Up-to-date symlink: /home/ubuntu/robotis_ws/install/dynamixel_sdk/share/dynamixel_sdk/package.xml
[0.400s] Invoked command in '/home/ubuntu/robotis_ws/build/dynamixel_sdk' returned '0': CMAKE_PREFIX_PATH=/opt/ros/humble /usr/bin/cmake --install /home/ubuntu/robotis_ws/build/dynamixel_sdk
