[0.186s] DEBUG:colcon:Command line arguments: ['/usr/bin/colcon', 'build', '--packages-select', 'moveit2']
[0.186s] DEBUG:colcon:Parsed command line arguments: Namespace(log_base=None, log_level=None, verb_name='build', build_base='build', install_base='install', merge_install=False, symlink_install=False, test_result_base=None, continue_on_error=False, executor='parallel', parallel_workers=8, event_handlers=None, ignore_user_meta=False, metas=['./colcon.meta'], base_paths=['.'], packages_ignore=None, packages_ignore_regex=None, paths=None, packages_up_to=None, packages_up_to_regex=None, packages_above=None, packages_above_and_dependencies=None, packages_above_depth=None, packages_select_by_dep=None, packages_skip_by_dep=None, packages_skip_up_to=None, packages_select_build_failed=False, packages_skip_build_finished=False, packages_select_test_failures=False, packages_skip_test_passed=False, packages_select=['moveit2'], packages_skip=None, packages_select_regex=None, packages_skip_regex=None, packages_start=None, packages_end=None, allow_overriding=[], cmake_args=None, cmake_target=None, cmake_target_skip_unavailable=False, cmake_clean_cache=False, cmake_clean_first=False, cmake_force_configure=False, ament_cmake_args=None, catkin_cmake_args=None, catkin_skip_building_tests=False, mixin_files=None, mixin=None, verb_parser=<colcon_mixin.mixin.mixin_argument.MixinArgumentDecorator object at 0x7fccaf03ebc0>, verb_extension=<colcon_core.verb.build.BuildVerb object at 0x7fccaf03e200>, main=<bound method BuildVerb.main of <colcon_core.verb.build.BuildVerb object at 0x7fccaf03e200>>, mixin_verb=('build',))
[0.603s] Level 1:colcon.colcon_core.package_discovery:discover_packages(colcon_meta) check parameters
[0.603s] Level 1:colcon.colcon_core.package_discovery:discover_packages(recursive) check parameters
[0.603s] Level 1:colcon.colcon_core.package_discovery:discover_packages(ignore) check parameters
[0.603s] Level 1:colcon.colcon_core.package_discovery:discover_packages(path) check parameters
[0.603s] Level 1:colcon.colcon_core.package_discovery:discover_packages(colcon_meta) discover
[0.603s] Level 1:colcon.colcon_core.package_discovery:discover_packages(recursive) discover
[0.603s] INFO:colcon.colcon_core.package_discovery:Crawling recursively for packages in '/home/ubuntu/robotis_ws'
[0.603s] Level 1:colcon.colcon_core.package_identification:_identify(.) by extensions ['ignore', 'ignore_ament_install']
[0.603s] Level 1:colcon.colcon_core.package_identification:_identify(.) by extension 'ignore'
[0.603s] Level 1:colcon.colcon_core.package_identification:_identify(.) by extension 'ignore_ament_install'
[0.604s] Level 1:colcon.colcon_core.package_identification:_identify(.) by extensions ['colcon_pkg']
[0.604s] Level 1:colcon.colcon_core.package_identification:_identify(.) by extension 'colcon_pkg'
[0.604s] Level 1:colcon.colcon_core.package_identification:_identify(.) by extensions ['colcon_meta']
[0.604s] Level 1:colcon.colcon_core.package_identification:_identify(.) by extension 'colcon_meta'
[0.604s] Level 1:colcon.colcon_core.package_identification:_identify(.) by extensions ['ros']
[0.604s] Level 1:colcon.colcon_core.package_identification:_identify(.) by extension 'ros'
[0.621s] Level 1:colcon.colcon_core.package_identification:_identify(.) by extensions ['cmake', 'python']
[0.621s] Level 1:colcon.colcon_core.package_identification:_identify(.) by extension 'cmake'
[0.621s] Level 1:colcon.colcon_core.package_identification:_identify(.) by extension 'python'
[0.621s] Level 1:colcon.colcon_core.package_identification:_identify(.) by extensions ['python_setup_py']
[0.621s] Level 1:colcon.colcon_core.package_identification:_identify(.) by extension 'python_setup_py'
[0.621s] Level 1:colcon.colcon_core.package_identification:_identify(build) by extensions ['ignore', 'ignore_ament_install']
[0.621s] Level 1:colcon.colcon_core.package_identification:_identify(build) by extension 'ignore'
[0.621s] Level 1:colcon.colcon_core.package_identification:_identify(build) ignored
[0.622s] Level 1:colcon.colcon_core.package_identification:_identify(install) by extensions ['ignore', 'ignore_ament_install']
[0.622s] Level 1:colcon.colcon_core.package_identification:_identify(install) by extension 'ignore'
[0.622s] Level 1:colcon.colcon_core.package_identification:_identify(install) ignored
[0.622s] Level 1:colcon.colcon_core.package_identification:_identify(log) by extensions ['ignore', 'ignore_ament_install']
[0.622s] Level 1:colcon.colcon_core.package_identification:_identify(log) by extension 'ignore'
[0.622s] Level 1:colcon.colcon_core.package_identification:_identify(log) ignored
[0.622s] Level 1:colcon.colcon_core.package_identification:_identify(src) by extensions ['ignore', 'ignore_ament_install']
[0.622s] Level 1:colcon.colcon_core.package_identification:_identify(src) by extension 'ignore'
[0.622s] Level 1:colcon.colcon_core.package_identification:_identify(src) by extension 'ignore_ament_install'
[0.622s] Level 1:colcon.colcon_core.package_identification:_identify(src) by extensions ['colcon_pkg']
[0.622s] Level 1:colcon.colcon_core.package_identification:_identify(src) by extension 'colcon_pkg'
[0.622s] Level 1:colcon.colcon_core.package_identification:_identify(src) by extensions ['colcon_meta']
[0.622s] Level 1:colcon.colcon_core.package_identification:_identify(src) by extension 'colcon_meta'
[0.623s] Level 1:colcon.colcon_core.package_identification:_identify(src) by extensions ['ros']
[0.623s] Level 1:colcon.colcon_core.package_identification:_identify(src) by extension 'ros'
[0.623s] Level 1:colcon.colcon_core.package_identification:_identify(src) by extensions ['cmake', 'python']
[0.623s] Level 1:colcon.colcon_core.package_identification:_identify(src) by extension 'cmake'
[0.623s] Level 1:colcon.colcon_core.package_identification:_identify(src) by extension 'python'
[0.623s] Level 1:colcon.colcon_core.package_identification:_identify(src) by extensions ['python_setup_py']
[0.623s] Level 1:colcon.colcon_core.package_identification:_identify(src) by extension 'python_setup_py'
[0.623s] Level 1:colcon.colcon_core.package_identification:_identify(src/DynamixelSDK) by extensions ['ignore', 'ignore_ament_install']
[0.623s] Level 1:colcon.colcon_core.package_identification:_identify(src/DynamixelSDK) by extension 'ignore'
[0.623s] Level 1:colcon.colcon_core.package_identification:_identify(src/DynamixelSDK) by extension 'ignore_ament_install'
[0.623s] Level 1:colcon.colcon_core.package_identification:_identify(src/DynamixelSDK) by extensions ['colcon_pkg']
[0.623s] Level 1:colcon.colcon_core.package_identification:_identify(src/DynamixelSDK) by extension 'colcon_pkg'
[0.623s] Level 1:colcon.colcon_core.package_identification:_identify(src/DynamixelSDK) by extensions ['colcon_meta']
[0.623s] Level 1:colcon.colcon_core.package_identification:_identify(src/DynamixelSDK) by extension 'colcon_meta'
[0.624s] Level 1:colcon.colcon_core.package_identification:_identify(src/DynamixelSDK) by extensions ['ros']
[0.624s] Level 1:colcon.colcon_core.package_identification:_identify(src/DynamixelSDK) by extension 'ros'
[0.624s] Level 1:colcon.colcon_core.package_identification:_identify(src/DynamixelSDK) by extensions ['cmake', 'python']
[0.624s] Level 1:colcon.colcon_core.package_identification:_identify(src/DynamixelSDK) by extension 'cmake'
[0.624s] Level 1:colcon.colcon_core.package_identification:_identify(src/DynamixelSDK) by extension 'python'
[0.624s] Level 1:colcon.colcon_core.package_identification:_identify(src/DynamixelSDK) by extensions ['python_setup_py']
[0.624s] Level 1:colcon.colcon_core.package_identification:_identify(src/DynamixelSDK) by extension 'python_setup_py'
[0.624s] Level 1:colcon.colcon_core.package_identification:_identify(src/DynamixelSDK/dynamixel_sdk) by extensions ['ignore', 'ignore_ament_install']
[0.625s] Level 1:colcon.colcon_core.package_identification:_identify(src/DynamixelSDK/dynamixel_sdk) by extension 'ignore'
[0.625s] Level 1:colcon.colcon_core.package_identification:_identify(src/DynamixelSDK/dynamixel_sdk) by extension 'ignore_ament_install'
[0.625s] Level 1:colcon.colcon_core.package_identification:_identify(src/DynamixelSDK/dynamixel_sdk) by extensions ['colcon_pkg']
[0.625s] Level 1:colcon.colcon_core.package_identification:_identify(src/DynamixelSDK/dynamixel_sdk) by extension 'colcon_pkg'
[0.625s] Level 1:colcon.colcon_core.package_identification:_identify(src/DynamixelSDK/dynamixel_sdk) by extensions ['colcon_meta']
[0.625s] Level 1:colcon.colcon_core.package_identification:_identify(src/DynamixelSDK/dynamixel_sdk) by extension 'colcon_meta'
[0.625s] Level 1:colcon.colcon_core.package_identification:_identify(src/DynamixelSDK/dynamixel_sdk) by extensions ['ros']
[0.625s] Level 1:colcon.colcon_core.package_identification:_identify(src/DynamixelSDK/dynamixel_sdk) by extension 'ros'
[0.628s] DEBUG:colcon.colcon_core.package_identification:Package 'src/DynamixelSDK/dynamixel_sdk' with type 'ros.ament_cmake' and name 'dynamixel_sdk'
[0.629s] Level 1:colcon.colcon_core.package_identification:_identify(src/DynamixelSDK/dynamixel_sdk_custom_interfaces) by extensions ['ignore', 'ignore_ament_install']
[0.629s] Level 1:colcon.colcon_core.package_identification:_identify(src/DynamixelSDK/dynamixel_sdk_custom_interfaces) by extension 'ignore'
[0.629s] Level 1:colcon.colcon_core.package_identification:_identify(src/DynamixelSDK/dynamixel_sdk_custom_interfaces) by extension 'ignore_ament_install'
[0.629s] Level 1:colcon.colcon_core.package_identification:_identify(src/DynamixelSDK/dynamixel_sdk_custom_interfaces) by extensions ['colcon_pkg']
[0.629s] Level 1:colcon.colcon_core.package_identification:_identify(src/DynamixelSDK/dynamixel_sdk_custom_interfaces) by extension 'colcon_pkg'
[0.629s] Level 1:colcon.colcon_core.package_identification:_identify(src/DynamixelSDK/dynamixel_sdk_custom_interfaces) by extensions ['colcon_meta']
[0.629s] Level 1:colcon.colcon_core.package_identification:_identify(src/DynamixelSDK/dynamixel_sdk_custom_interfaces) by extension 'colcon_meta'
[0.629s] Level 1:colcon.colcon_core.package_identification:_identify(src/DynamixelSDK/dynamixel_sdk_custom_interfaces) by extensions ['ros']
[0.629s] Level 1:colcon.colcon_core.package_identification:_identify(src/DynamixelSDK/dynamixel_sdk_custom_interfaces) by extension 'ros'
[0.630s] DEBUG:colcon.colcon_core.package_identification:Package 'src/DynamixelSDK/dynamixel_sdk_custom_interfaces' with type 'ros.ament_cmake' and name 'dynamixel_sdk_custom_interfaces'
[0.630s] Level 1:colcon.colcon_core.package_identification:_identify(src/DynamixelSDK/dynamixel_sdk_examples) by extensions ['ignore', 'ignore_ament_install']
[0.630s] Level 1:colcon.colcon_core.package_identification:_identify(src/DynamixelSDK/dynamixel_sdk_examples) by extension 'ignore'
[0.630s] Level 1:colcon.colcon_core.package_identification:_identify(src/DynamixelSDK/dynamixel_sdk_examples) by extension 'ignore_ament_install'
[0.631s] Level 1:colcon.colcon_core.package_identification:_identify(src/DynamixelSDK/dynamixel_sdk_examples) by extensions ['colcon_pkg']
[0.631s] Level 1:colcon.colcon_core.package_identification:_identify(src/DynamixelSDK/dynamixel_sdk_examples) by extension 'colcon_pkg'
[0.631s] Level 1:colcon.colcon_core.package_identification:_identify(src/DynamixelSDK/dynamixel_sdk_examples) by extensions ['colcon_meta']
[0.631s] Level 1:colcon.colcon_core.package_identification:_identify(src/DynamixelSDK/dynamixel_sdk_examples) by extension 'colcon_meta'
[0.631s] Level 1:colcon.colcon_core.package_identification:_identify(src/DynamixelSDK/dynamixel_sdk_examples) by extensions ['ros']
[0.631s] Level 1:colcon.colcon_core.package_identification:_identify(src/DynamixelSDK/dynamixel_sdk_examples) by extension 'ros'
[0.632s] DEBUG:colcon.colcon_core.package_identification:Package 'src/DynamixelSDK/dynamixel_sdk_examples' with type 'ros.ament_cmake' and name 'dynamixel_sdk_examples'
[0.632s] Level 1:colcon.colcon_core.package_identification:_identify(src/dynamixel-workbench) by extensions ['ignore', 'ignore_ament_install']
[0.632s] Level 1:colcon.colcon_core.package_identification:_identify(src/dynamixel-workbench) by extension 'ignore'
[0.632s] Level 1:colcon.colcon_core.package_identification:_identify(src/dynamixel-workbench) by extension 'ignore_ament_install'
[0.632s] Level 1:colcon.colcon_core.package_identification:_identify(src/dynamixel-workbench) by extensions ['colcon_pkg']
[0.633s] Level 1:colcon.colcon_core.package_identification:_identify(src/dynamixel-workbench) by extension 'colcon_pkg'
[0.633s] Level 1:colcon.colcon_core.package_identification:_identify(src/dynamixel-workbench) by extensions ['colcon_meta']
[0.633s] Level 1:colcon.colcon_core.package_identification:_identify(src/dynamixel-workbench) by extension 'colcon_meta'
[0.633s] Level 1:colcon.colcon_core.package_identification:_identify(src/dynamixel-workbench) by extensions ['ros']
[0.633s] Level 1:colcon.colcon_core.package_identification:_identify(src/dynamixel-workbench) by extension 'ros'
[0.633s] Level 1:colcon.colcon_core.package_identification:_identify(src/dynamixel-workbench) by extensions ['cmake', 'python']
[0.633s] Level 1:colcon.colcon_core.package_identification:_identify(src/dynamixel-workbench) by extension 'cmake'
[0.633s] Level 1:colcon.colcon_core.package_identification:_identify(src/dynamixel-workbench) by extension 'python'
[0.633s] Level 1:colcon.colcon_core.package_identification:_identify(src/dynamixel-workbench) by extensions ['python_setup_py']
[0.633s] Level 1:colcon.colcon_core.package_identification:_identify(src/dynamixel-workbench) by extension 'python_setup_py'
[0.633s] Level 1:colcon.colcon_core.package_identification:_identify(src/dynamixel-workbench/dynamixel_workbench) by extensions ['ignore', 'ignore_ament_install']
[0.633s] Level 1:colcon.colcon_core.package_identification:_identify(src/dynamixel-workbench/dynamixel_workbench) by extension 'ignore'
[0.633s] Level 1:colcon.colcon_core.package_identification:_identify(src/dynamixel-workbench/dynamixel_workbench) by extension 'ignore_ament_install'
[0.634s] Level 1:colcon.colcon_core.package_identification:_identify(src/dynamixel-workbench/dynamixel_workbench) by extensions ['colcon_pkg']
[0.634s] Level 1:colcon.colcon_core.package_identification:_identify(src/dynamixel-workbench/dynamixel_workbench) by extension 'colcon_pkg'
[0.634s] Level 1:colcon.colcon_core.package_identification:_identify(src/dynamixel-workbench/dynamixel_workbench) by extensions ['colcon_meta']
[0.634s] Level 1:colcon.colcon_core.package_identification:_identify(src/dynamixel-workbench/dynamixel_workbench) by extension 'colcon_meta'
[0.634s] Level 1:colcon.colcon_core.package_identification:_identify(src/dynamixel-workbench/dynamixel_workbench) by extensions ['ros']
[0.634s] Level 1:colcon.colcon_core.package_identification:_identify(src/dynamixel-workbench/dynamixel_workbench) by extension 'ros'
[0.634s] DEBUG:colcon.colcon_core.package_identification:Package 'src/dynamixel-workbench/dynamixel_workbench' with type 'ros.ament_cmake' and name 'dynamixel_workbench'
[0.635s] Level 1:colcon.colcon_core.package_identification:_identify(src/dynamixel-workbench/dynamixel_workbench_toolbox) by extensions ['ignore', 'ignore_ament_install']
[0.635s] Level 1:colcon.colcon_core.package_identification:_identify(src/dynamixel-workbench/dynamixel_workbench_toolbox) by extension 'ignore'
[0.635s] Level 1:colcon.colcon_core.package_identification:_identify(src/dynamixel-workbench/dynamixel_workbench_toolbox) by extension 'ignore_ament_install'
[0.635s] Level 1:colcon.colcon_core.package_identification:_identify(src/dynamixel-workbench/dynamixel_workbench_toolbox) by extensions ['colcon_pkg']
[0.635s] Level 1:colcon.colcon_core.package_identification:_identify(src/dynamixel-workbench/dynamixel_workbench_toolbox) by extension 'colcon_pkg'
[0.635s] Level 1:colcon.colcon_core.package_identification:_identify(src/dynamixel-workbench/dynamixel_workbench_toolbox) by extensions ['colcon_meta']
[0.635s] Level 1:colcon.colcon_core.package_identification:_identify(src/dynamixel-workbench/dynamixel_workbench_toolbox) by extension 'colcon_meta'
[0.635s] Level 1:colcon.colcon_core.package_identification:_identify(src/dynamixel-workbench/dynamixel_workbench_toolbox) by extensions ['ros']
[0.635s] Level 1:colcon.colcon_core.package_identification:_identify(src/dynamixel-workbench/dynamixel_workbench_toolbox) by extension 'ros'
[0.636s] DEBUG:colcon.colcon_core.package_identification:Package 'src/dynamixel-workbench/dynamixel_workbench_toolbox' with type 'ros.ament_cmake' and name 'dynamixel_workbench_toolbox'
[0.636s] Level 1:colcon.colcon_core.package_identification:_identify(src/moveit2) by extensions ['ignore', 'ignore_ament_install']
[0.637s] Level 1:colcon.colcon_core.package_identification:_identify(src/moveit2) by extension 'ignore'
[0.637s] Level 1:colcon.colcon_core.package_identification:_identify(src/moveit2) by extension 'ignore_ament_install'
[0.637s] Level 1:colcon.colcon_core.package_identification:_identify(src/moveit2) by extensions ['colcon_pkg']
[0.637s] Level 1:colcon.colcon_core.package_identification:_identify(src/moveit2) by extension 'colcon_pkg'
[0.637s] Level 1:colcon.colcon_core.package_identification:_identify(src/moveit2) by extensions ['colcon_meta']
[0.637s] Level 1:colcon.colcon_core.package_identification:_identify(src/moveit2) by extension 'colcon_meta'
[0.637s] Level 1:colcon.colcon_core.package_identification:_identify(src/moveit2) by extensions ['ros']
[0.637s] Level 1:colcon.colcon_core.package_identification:_identify(src/moveit2) by extension 'ros'
[0.638s] DEBUG:colcon.colcon_core.package_identification:Package 'src/moveit2' with type 'ros.ament_cmake' and name 'moveit2'
[0.638s] Level 1:colcon.colcon_core.package_identification:_identify(src/open_manipulator) by extensions ['ignore', 'ignore_ament_install']
[0.638s] Level 1:colcon.colcon_core.package_identification:_identify(src/open_manipulator) by extension 'ignore'
[0.638s] Level 1:colcon.colcon_core.package_identification:_identify(src/open_manipulator) by extension 'ignore_ament_install'
[0.639s] Level 1:colcon.colcon_core.package_identification:_identify(src/open_manipulator) by extensions ['colcon_pkg']
[0.639s] Level 1:colcon.colcon_core.package_identification:_identify(src/open_manipulator) by extension 'colcon_pkg'
[0.639s] Level 1:colcon.colcon_core.package_identification:_identify(src/open_manipulator) by extensions ['colcon_meta']
[0.639s] Level 1:colcon.colcon_core.package_identification:_identify(src/open_manipulator) by extension 'colcon_meta'
[0.639s] Level 1:colcon.colcon_core.package_identification:_identify(src/open_manipulator) by extensions ['ros']
[0.639s] Level 1:colcon.colcon_core.package_identification:_identify(src/open_manipulator) by extension 'ros'
[0.639s] Level 1:colcon.colcon_core.package_identification:_identify(src/open_manipulator) by extensions ['cmake', 'python']
[0.639s] Level 1:colcon.colcon_core.package_identification:_identify(src/open_manipulator) by extension 'cmake'
[0.639s] Level 1:colcon.colcon_core.package_identification:_identify(src/open_manipulator) by extension 'python'
[0.639s] Level 1:colcon.colcon_core.package_identification:_identify(src/open_manipulator) by extensions ['python_setup_py']
[0.639s] Level 1:colcon.colcon_core.package_identification:_identify(src/open_manipulator) by extension 'python_setup_py'
[0.639s] Level 1:colcon.colcon_core.package_identification:_identify(src/open_manipulator/open_manipulator) by extensions ['ignore', 'ignore_ament_install']
[0.639s] Level 1:colcon.colcon_core.package_identification:_identify(src/open_manipulator/open_manipulator) by extension 'ignore'
[0.640s] Level 1:colcon.colcon_core.package_identification:_identify(src/open_manipulator/open_manipulator) by extension 'ignore_ament_install'
[0.640s] Level 1:colcon.colcon_core.package_identification:_identify(src/open_manipulator/open_manipulator) by extensions ['colcon_pkg']
[0.640s] Level 1:colcon.colcon_core.package_identification:_identify(src/open_manipulator/open_manipulator) by extension 'colcon_pkg'
[0.640s] Level 1:colcon.colcon_core.package_identification:_identify(src/open_manipulator/open_manipulator) by extensions ['colcon_meta']
[0.640s] Level 1:colcon.colcon_core.package_identification:_identify(src/open_manipulator/open_manipulator) by extension 'colcon_meta'
[0.640s] Level 1:colcon.colcon_core.package_identification:_identify(src/open_manipulator/open_manipulator) by extensions ['ros']
[0.640s] Level 1:colcon.colcon_core.package_identification:_identify(src/open_manipulator/open_manipulator) by extension 'ros'
[0.641s] DEBUG:colcon.colcon_core.package_identification:Package 'src/open_manipulator/open_manipulator' with type 'ros.ament_cmake' and name 'open_manipulator'
[0.641s] Level 1:colcon.colcon_core.package_identification:_identify(src/open_manipulator/open_manipulator_x_controller) by extensions ['ignore', 'ignore_ament_install']
[0.641s] Level 1:colcon.colcon_core.package_identification:_identify(src/open_manipulator/open_manipulator_x_controller) by extension 'ignore'
[0.641s] Level 1:colcon.colcon_core.package_identification:_identify(src/open_manipulator/open_manipulator_x_controller) by extension 'ignore_ament_install'
[0.641s] Level 1:colcon.colcon_core.package_identification:_identify(src/open_manipulator/open_manipulator_x_controller) by extensions ['colcon_pkg']
[0.641s] Level 1:colcon.colcon_core.package_identification:_identify(src/open_manipulator/open_manipulator_x_controller) by extension 'colcon_pkg'
[0.641s] Level 1:colcon.colcon_core.package_identification:_identify(src/open_manipulator/open_manipulator_x_controller) by extensions ['colcon_meta']
[0.641s] Level 1:colcon.colcon_core.package_identification:_identify(src/open_manipulator/open_manipulator_x_controller) by extension 'colcon_meta'
[0.641s] Level 1:colcon.colcon_core.package_identification:_identify(src/open_manipulator/open_manipulator_x_controller) by extensions ['ros']
[0.641s] Level 1:colcon.colcon_core.package_identification:_identify(src/open_manipulator/open_manipulator_x_controller) by extension 'ros'
[0.643s] DEBUG:colcon.colcon_core.package_identification:Package 'src/open_manipulator/open_manipulator_x_controller' with type 'ros.ament_cmake' and name 'open_manipulator_x_controller'
[0.643s] Level 1:colcon.colcon_core.package_identification:_identify(src/open_manipulator/open_manipulator_x_description) by extensions ['ignore', 'ignore_ament_install']
[0.643s] Level 1:colcon.colcon_core.package_identification:_identify(src/open_manipulator/open_manipulator_x_description) by extension 'ignore'
[0.643s] Level 1:colcon.colcon_core.package_identification:_identify(src/open_manipulator/open_manipulator_x_description) by extension 'ignore_ament_install'
[0.643s] Level 1:colcon.colcon_core.package_identification:_identify(src/open_manipulator/open_manipulator_x_description) by extensions ['colcon_pkg']
[0.643s] Level 1:colcon.colcon_core.package_identification:_identify(src/open_manipulator/open_manipulator_x_description) by extension 'colcon_pkg'
[0.643s] Level 1:colcon.colcon_core.package_identification:_identify(src/open_manipulator/open_manipulator_x_description) by extensions ['colcon_meta']
[0.643s] Level 1:colcon.colcon_core.package_identification:_identify(src/open_manipulator/open_manipulator_x_description) by extension 'colcon_meta'
[0.643s] Level 1:colcon.colcon_core.package_identification:_identify(src/open_manipulator/open_manipulator_x_description) by extensions ['ros']
[0.643s] Level 1:colcon.colcon_core.package_identification:_identify(src/open_manipulator/open_manipulator_x_description) by extension 'ros'
[0.644s] DEBUG:colcon.colcon_core.package_identification:Package 'src/open_manipulator/open_manipulator_x_description' with type 'ros.ament_cmake' and name 'open_manipulator_x_description'
[0.645s] Level 1:colcon.colcon_core.package_identification:_identify(src/open_manipulator/open_manipulator_x_libs) by extensions ['ignore', 'ignore_ament_install']
[0.645s] Level 1:colcon.colcon_core.package_identification:_identify(src/open_manipulator/open_manipulator_x_libs) by extension 'ignore'
[0.645s] Level 1:colcon.colcon_core.package_identification:_identify(src/open_manipulator/open_manipulator_x_libs) by extension 'ignore_ament_install'
[0.645s] Level 1:colcon.colcon_core.package_identification:_identify(src/open_manipulator/open_manipulator_x_libs) by extensions ['colcon_pkg']
[0.645s] Level 1:colcon.colcon_core.package_identification:_identify(src/open_manipulator/open_manipulator_x_libs) by extension 'colcon_pkg'
[0.645s] Level 1:colcon.colcon_core.package_identification:_identify(src/open_manipulator/open_manipulator_x_libs) by extensions ['colcon_meta']
[0.645s] Level 1:colcon.colcon_core.package_identification:_identify(src/open_manipulator/open_manipulator_x_libs) by extension 'colcon_meta'
[0.645s] Level 1:colcon.colcon_core.package_identification:_identify(src/open_manipulator/open_manipulator_x_libs) by extensions ['ros']
[0.645s] Level 1:colcon.colcon_core.package_identification:_identify(src/open_manipulator/open_manipulator_x_libs) by extension 'ros'
[0.646s] DEBUG:colcon.colcon_core.package_identification:Package 'src/open_manipulator/open_manipulator_x_libs' with type 'ros.ament_cmake' and name 'open_manipulator_x_libs'
[0.647s] Level 1:colcon.colcon_core.package_identification:_identify(src/open_manipulator/open_manipulator_x_teleop) by extensions ['ignore', 'ignore_ament_install']
[0.647s] Level 1:colcon.colcon_core.package_identification:_identify(src/open_manipulator/open_manipulator_x_teleop) by extension 'ignore'
[0.647s] Level 1:colcon.colcon_core.package_identification:_identify(src/open_manipulator/open_manipulator_x_teleop) by extension 'ignore_ament_install'
[0.647s] Level 1:colcon.colcon_core.package_identification:_identify(src/open_manipulator/open_manipulator_x_teleop) by extensions ['colcon_pkg']
[0.647s] Level 1:colcon.colcon_core.package_identification:_identify(src/open_manipulator/open_manipulator_x_teleop) by extension 'colcon_pkg'
[0.647s] Level 1:colcon.colcon_core.package_identification:_identify(src/open_manipulator/open_manipulator_x_teleop) by extensions ['colcon_meta']
[0.647s] Level 1:colcon.colcon_core.package_identification:_identify(src/open_manipulator/open_manipulator_x_teleop) by extension 'colcon_meta'
[0.647s] Level 1:colcon.colcon_core.package_identification:_identify(src/open_manipulator/open_manipulator_x_teleop) by extensions ['ros']
[0.647s] Level 1:colcon.colcon_core.package_identification:_identify(src/open_manipulator/open_manipulator_x_teleop) by extension 'ros'
[0.648s] DEBUG:colcon.colcon_core.package_identification:Package 'src/open_manipulator/open_manipulator_x_teleop' with type 'ros.ament_python' and name 'open_manipulator_x_teleop'
[0.648s] Level 1:colcon.colcon_core.package_identification:_identify(src/open_manipulator_dependencies) by extensions ['ignore', 'ignore_ament_install']
[0.649s] Level 1:colcon.colcon_core.package_identification:_identify(src/open_manipulator_dependencies) by extension 'ignore'
[0.649s] Level 1:colcon.colcon_core.package_identification:_identify(src/open_manipulator_dependencies) by extension 'ignore_ament_install'
[0.649s] Level 1:colcon.colcon_core.package_identification:_identify(src/open_manipulator_dependencies) by extensions ['colcon_pkg']
[0.649s] Level 1:colcon.colcon_core.package_identification:_identify(src/open_manipulator_dependencies) by extension 'colcon_pkg'
[0.649s] Level 1:colcon.colcon_core.package_identification:_identify(src/open_manipulator_dependencies) by extensions ['colcon_meta']
[0.649s] Level 1:colcon.colcon_core.package_identification:_identify(src/open_manipulator_dependencies) by extension 'colcon_meta'
[0.649s] Level 1:colcon.colcon_core.package_identification:_identify(src/open_manipulator_dependencies) by extensions ['ros']
[0.649s] Level 1:colcon.colcon_core.package_identification:_identify(src/open_manipulator_dependencies) by extension 'ros'
[0.649s] Level 1:colcon.colcon_core.package_identification:_identify(src/open_manipulator_dependencies) by extensions ['cmake', 'python']
[0.649s] Level 1:colcon.colcon_core.package_identification:_identify(src/open_manipulator_dependencies) by extension 'cmake'
[0.649s] Level 1:colcon.colcon_core.package_identification:_identify(src/open_manipulator_dependencies) by extension 'python'
[0.649s] Level 1:colcon.colcon_core.package_identification:_identify(src/open_manipulator_dependencies) by extensions ['python_setup_py']
[0.649s] Level 1:colcon.colcon_core.package_identification:_identify(src/open_manipulator_dependencies) by extension 'python_setup_py'
[0.649s] Level 1:colcon.colcon_core.package_identification:_identify(src/open_manipulator_dependencies/cmake_modules) by extensions ['ignore', 'ignore_ament_install']
[0.650s] Level 1:colcon.colcon_core.package_identification:_identify(src/open_manipulator_dependencies/cmake_modules) by extension 'ignore'
[0.650s] Level 1:colcon.colcon_core.package_identification:_identify(src/open_manipulator_dependencies/cmake_modules) by extension 'ignore_ament_install'
[0.650s] Level 1:colcon.colcon_core.package_identification:_identify(src/open_manipulator_dependencies/cmake_modules) by extensions ['colcon_pkg']
[0.650s] Level 1:colcon.colcon_core.package_identification:_identify(src/open_manipulator_dependencies/cmake_modules) by extension 'colcon_pkg'
[0.650s] Level 1:colcon.colcon_core.package_identification:_identify(src/open_manipulator_dependencies/cmake_modules) by extensions ['colcon_meta']
[0.650s] Level 1:colcon.colcon_core.package_identification:_identify(src/open_manipulator_dependencies/cmake_modules) by extension 'colcon_meta'
[0.650s] Level 1:colcon.colcon_core.package_identification:_identify(src/open_manipulator_dependencies/cmake_modules) by extensions ['ros']
[0.650s] Level 1:colcon.colcon_core.package_identification:_identify(src/open_manipulator_dependencies/cmake_modules) by extension 'ros'
[0.651s] DEBUG:colcon.colcon_core.package_identification:Package 'src/open_manipulator_dependencies/cmake_modules' with type 'ros.ament_cmake' and name 'cmake_modules'
[0.651s] Level 1:colcon.colcon_core.package_identification:_identify(src/open_manipulator_msgs) by extensions ['ignore', 'ignore_ament_install']
[0.651s] Level 1:colcon.colcon_core.package_identification:_identify(src/open_manipulator_msgs) by extension 'ignore'
[0.651s] Level 1:colcon.colcon_core.package_identification:_identify(src/open_manipulator_msgs) by extension 'ignore_ament_install'
[0.651s] Level 1:colcon.colcon_core.package_identification:_identify(src/open_manipulator_msgs) by extensions ['colcon_pkg']
[0.651s] Level 1:colcon.colcon_core.package_identification:_identify(src/open_manipulator_msgs) by extension 'colcon_pkg'
[0.651s] Level 1:colcon.colcon_core.package_identification:_identify(src/open_manipulator_msgs) by extensions ['colcon_meta']
[0.651s] Level 1:colcon.colcon_core.package_identification:_identify(src/open_manipulator_msgs) by extension 'colcon_meta'
[0.651s] Level 1:colcon.colcon_core.package_identification:_identify(src/open_manipulator_msgs) by extensions ['ros']
[0.651s] Level 1:colcon.colcon_core.package_identification:_identify(src/open_manipulator_msgs) by extension 'ros'
[0.652s] DEBUG:colcon.colcon_core.package_identification:Package 'src/open_manipulator_msgs' with type 'ros.ament_cmake' and name 'open_manipulator_msgs'
[0.653s] Level 1:colcon.colcon_core.package_identification:_identify(src/robotis_manipulator) by extensions ['ignore', 'ignore_ament_install']
[0.653s] Level 1:colcon.colcon_core.package_identification:_identify(src/robotis_manipulator) by extension 'ignore'
[0.653s] Level 1:colcon.colcon_core.package_identification:_identify(src/robotis_manipulator) by extension 'ignore_ament_install'
[0.653s] Level 1:colcon.colcon_core.package_identification:_identify(src/robotis_manipulator) by extensions ['colcon_pkg']
[0.653s] Level 1:colcon.colcon_core.package_identification:_identify(src/robotis_manipulator) by extension 'colcon_pkg'
[0.653s] Level 1:colcon.colcon_core.package_identification:_identify(src/robotis_manipulator) by extensions ['colcon_meta']
[0.653s] Level 1:colcon.colcon_core.package_identification:_identify(src/robotis_manipulator) by extension 'colcon_meta'
[0.653s] Level 1:colcon.colcon_core.package_identification:_identify(src/robotis_manipulator) by extensions ['ros']
[0.653s] Level 1:colcon.colcon_core.package_identification:_identify(src/robotis_manipulator) by extension 'ros'
[0.654s] DEBUG:colcon.colcon_core.package_identification:Package 'src/robotis_manipulator' with type 'ros.ament_cmake' and name 'robotis_manipulator'
[0.654s] Level 1:colcon.colcon_core.package_discovery:discover_packages(recursive) using defaults
[0.654s] Level 1:colcon.colcon_core.package_discovery:discover_packages(ignore) discover
[0.654s] Level 1:colcon.colcon_core.package_discovery:discover_packages(ignore) using defaults
[0.654s] Level 1:colcon.colcon_core.package_discovery:discover_packages(path) discover
[0.654s] Level 1:colcon.colcon_core.package_discovery:discover_packages(path) using defaults
[0.729s] INFO:colcon.colcon_core.package_selection:Skipping not selected package 'cmake_modules' in 'src/open_manipulator_dependencies/cmake_modules'
[0.729s] INFO:colcon.colcon_core.package_selection:Skipping not selected package 'dynamixel_sdk' in 'src/DynamixelSDK/dynamixel_sdk'
[0.729s] INFO:colcon.colcon_core.package_selection:Skipping not selected package 'dynamixel_sdk_custom_interfaces' in 'src/DynamixelSDK/dynamixel_sdk_custom_interfaces'
[0.729s] INFO:colcon.colcon_core.package_selection:Skipping not selected package 'open_manipulator_msgs' in 'src/open_manipulator_msgs'
[0.729s] INFO:colcon.colcon_core.package_selection:Skipping not selected package 'open_manipulator_x_description' in 'src/open_manipulator/open_manipulator_x_description'
[0.729s] INFO:colcon.colcon_core.package_selection:Skipping not selected package 'dynamixel_sdk_examples' in 'src/DynamixelSDK/dynamixel_sdk_examples'
[0.729s] INFO:colcon.colcon_core.package_selection:Skipping not selected package 'dynamixel_workbench_toolbox' in 'src/dynamixel-workbench/dynamixel_workbench_toolbox'
[0.730s] INFO:colcon.colcon_core.package_selection:Skipping not selected package 'open_manipulator_x_teleop' in 'src/open_manipulator/open_manipulator_x_teleop'
[0.730s] INFO:colcon.colcon_core.package_selection:Skipping not selected package 'robotis_manipulator' in 'src/robotis_manipulator'
[0.730s] INFO:colcon.colcon_core.package_selection:Skipping not selected package 'dynamixel_workbench' in 'src/dynamixel-workbench/dynamixel_workbench'
[0.730s] INFO:colcon.colcon_core.package_selection:Skipping not selected package 'open_manipulator_x_libs' in 'src/open_manipulator/open_manipulator_x_libs'
[0.730s] INFO:colcon.colcon_core.package_selection:Skipping not selected package 'open_manipulator_x_controller' in 'src/open_manipulator/open_manipulator_x_controller'
[0.730s] INFO:colcon.colcon_core.package_selection:Skipping not selected package 'open_manipulator' in 'src/open_manipulator/open_manipulator'
[0.730s] Level 1:colcon.colcon_core.package_discovery:discover_packages(prefix_path) check parameters
[0.731s] Level 1:colcon.colcon_core.package_discovery:discover_packages(prefix_path) discover
[0.736s] DEBUG:colcon.colcon_installed_package_information.package_discovery:Found 16 installed packages in /home/ubuntu/robotis_ws/install
[0.739s] DEBUG:colcon.colcon_installed_package_information.package_discovery:Found 438 installed packages in /opt/ros/humble
[0.742s] Level 1:colcon.colcon_core.package_discovery:discover_packages(prefix_path) using defaults
[0.821s] Level 5:colcon.colcon_core.verb:set package 'moveit2' build argument 'cmake_args' from command line to 'None'
[0.821s] Level 5:colcon.colcon_core.verb:set package 'moveit2' build argument 'cmake_target' from command line to 'None'
[0.821s] Level 5:colcon.colcon_core.verb:set package 'moveit2' build argument 'cmake_target_skip_unavailable' from command line to 'False'
[0.821s] Level 5:colcon.colcon_core.verb:set package 'moveit2' build argument 'cmake_clean_cache' from command line to 'False'
[0.821s] Level 5:colcon.colcon_core.verb:set package 'moveit2' build argument 'cmake_clean_first' from command line to 'False'
[0.821s] Level 5:colcon.colcon_core.verb:set package 'moveit2' build argument 'cmake_force_configure' from command line to 'False'
[0.821s] Level 5:colcon.colcon_core.verb:set package 'moveit2' build argument 'ament_cmake_args' from command line to 'None'
[0.822s] Level 5:colcon.colcon_core.verb:set package 'moveit2' build argument 'catkin_cmake_args' from command line to 'None'
[0.822s] Level 5:colcon.colcon_core.verb:set package 'moveit2' build argument 'catkin_skip_building_tests' from command line to 'False'
[0.822s] DEBUG:colcon.colcon_core.verb:Building package 'moveit2' with the following arguments: {'ament_cmake_args': None, 'build_base': '/home/ubuntu/robotis_ws/build/moveit2', 'catkin_cmake_args': None, 'catkin_skip_building_tests': False, 'cmake_args': None, 'cmake_clean_cache': False, 'cmake_clean_first': False, 'cmake_force_configure': False, 'cmake_target': None, 'cmake_target_skip_unavailable': False, 'install_base': '/home/ubuntu/robotis_ws/install/moveit2', 'merge_install': False, 'path': '/home/ubuntu/robotis_ws/src/moveit2', 'symlink_install': False, 'test_result_base': None}
[0.822s] INFO:colcon.colcon_core.executor:Executing jobs using 'parallel' executor
[0.823s] DEBUG:colcon.colcon_parallel_executor.executor.parallel:run_until_complete
[0.823s] INFO:colcon.colcon_ros.task.ament_cmake.build:Building ROS package in '/home/ubuntu/robotis_ws/src/moveit2' with build type 'ament_cmake'
[0.824s] INFO:colcon.colcon_cmake.task.cmake.build:Building CMake package in '/home/ubuntu/robotis_ws/src/moveit2'
[0.831s] INFO:colcon.colcon_core.plugin_system:Skipping extension 'colcon_core.shell.bat': Not used on non-Windows systems
[0.831s] INFO:colcon.colcon_core.shell:Skip shell extension 'powershell' for command environment: Not usable outside of PowerShell
[0.831s] DEBUG:colcon.colcon_core.shell:Skip shell extension 'dsv' for command environment
[0.849s] DEBUG:colcon.colcon_core.event_handler.log_command:Invoking command in '/home/ubuntu/robotis_ws/build/moveit2': CMAKE_PREFIX_PATH=/home/ubuntu/robotis_ws/install/open_manipulator_x_description:/home/ubuntu/robotis_ws/install/open_manipulator:/home/ubuntu/robotis_ws/install/open_manipulator_x_controller:/home/ubuntu/robotis_ws/install/open_manipulator_x_libs:/home/ubuntu/robotis_ws/install/robotis_manipulator:/home/ubuntu/robotis_ws/install/moveit2:/home/ubuntu/robotis_ws/install/open_manipulator_msgs:/home/ubuntu/robotis_ws/install/dynamixel_workbench:/home/ubuntu/robotis_ws/install/dynamixel_workbench_toolbox:/home/ubuntu/robotis_ws/install/dynamixel_sdk_examples:/home/ubuntu/robotis_ws/install/dynamixel_sdk_custom_interfaces:/home/ubuntu/robotis_ws/install/dynamixel_sdk:/home/ubuntu/robotis_ws/install/cmake_modules:/home/ubuntu/robotis_ws/install/open_manipulator_x_teleop:/opt/ros/humble /usr/bin/cmake --build /home/ubuntu/robotis_ws/build/moveit2 -- -j8 -l8
[1.005s] DEBUG:colcon.colcon_core.event_handler.log_command:Invoked command in '/home/ubuntu/robotis_ws/build/moveit2' returned '0': CMAKE_PREFIX_PATH=/home/ubuntu/robotis_ws/install/open_manipulator_x_description:/home/ubuntu/robotis_ws/install/open_manipulator:/home/ubuntu/robotis_ws/install/open_manipulator_x_controller:/home/ubuntu/robotis_ws/install/open_manipulator_x_libs:/home/ubuntu/robotis_ws/install/robotis_manipulator:/home/ubuntu/robotis_ws/install/moveit2:/home/ubuntu/robotis_ws/install/open_manipulator_msgs:/home/ubuntu/robotis_ws/install/dynamixel_workbench:/home/ubuntu/robotis_ws/install/dynamixel_workbench_toolbox:/home/ubuntu/robotis_ws/install/dynamixel_sdk_examples:/home/ubuntu/robotis_ws/install/dynamixel_sdk_custom_interfaces:/home/ubuntu/robotis_ws/install/dynamixel_sdk:/home/ubuntu/robotis_ws/install/cmake_modules:/home/ubuntu/robotis_ws/install/open_manipulator_x_teleop:/opt/ros/humble /usr/bin/cmake --build /home/ubuntu/robotis_ws/build/moveit2 -- -j8 -l8
[1.065s] DEBUG:colcon.colcon_core.event_handler.log_command:Invoking command in '/home/ubuntu/robotis_ws/build/moveit2': CMAKE_PREFIX_PATH=/home/ubuntu/robotis_ws/install/open_manipulator_x_description:/home/ubuntu/robotis_ws/install/open_manipulator:/home/ubuntu/robotis_ws/install/open_manipulator_x_controller:/home/ubuntu/robotis_ws/install/open_manipulator_x_libs:/home/ubuntu/robotis_ws/install/robotis_manipulator:/home/ubuntu/robotis_ws/install/moveit2:/home/ubuntu/robotis_ws/install/open_manipulator_msgs:/home/ubuntu/robotis_ws/install/dynamixel_workbench:/home/ubuntu/robotis_ws/install/dynamixel_workbench_toolbox:/home/ubuntu/robotis_ws/install/dynamixel_sdk_examples:/home/ubuntu/robotis_ws/install/dynamixel_sdk_custom_interfaces:/home/ubuntu/robotis_ws/install/dynamixel_sdk:/home/ubuntu/robotis_ws/install/cmake_modules:/home/ubuntu/robotis_ws/install/open_manipulator_x_teleop:/opt/ros/humble /usr/bin/cmake --install /home/ubuntu/robotis_ws/build/moveit2
[1.101s] Level 1:colcon.colcon_core.environment:create_environment_scripts_only(moveit2)
[1.109s] DEBUG:colcon.colcon_core.event_handler.log_command:Invoked command in '/home/ubuntu/robotis_ws/build/moveit2' returned '0': CMAKE_PREFIX_PATH=/home/ubuntu/robotis_ws/install/open_manipulator_x_description:/home/ubuntu/robotis_ws/install/open_manipulator:/home/ubuntu/robotis_ws/install/open_manipulator_x_controller:/home/ubuntu/robotis_ws/install/open_manipulator_x_libs:/home/ubuntu/robotis_ws/install/robotis_manipulator:/home/ubuntu/robotis_ws/install/moveit2:/home/ubuntu/robotis_ws/install/open_manipulator_msgs:/home/ubuntu/robotis_ws/install/dynamixel_workbench:/home/ubuntu/robotis_ws/install/dynamixel_workbench_toolbox:/home/ubuntu/robotis_ws/install/dynamixel_sdk_examples:/home/ubuntu/robotis_ws/install/dynamixel_sdk_custom_interfaces:/home/ubuntu/robotis_ws/install/dynamixel_sdk:/home/ubuntu/robotis_ws/install/cmake_modules:/home/ubuntu/robotis_ws/install/open_manipulator_x_teleop:/opt/ros/humble /usr/bin/cmake --install /home/ubuntu/robotis_ws/build/moveit2
[1.118s] Level 1:colcon.colcon_core.environment:checking '/home/ubuntu/robotis_ws/install/moveit2' for CMake module files
[1.119s] Level 1:colcon.colcon_core.environment:checking '/home/ubuntu/robotis_ws/install/moveit2' for CMake config files
[1.120s] Level 1:colcon.colcon_core.shell:create_environment_hook('moveit2', 'cmake_prefix_path')
[1.121s] INFO:colcon.colcon_core.shell:Creating environment hook '/home/ubuntu/robotis_ws/install/moveit2/share/moveit2/hook/cmake_prefix_path.ps1'
[1.125s] INFO:colcon.colcon_core.shell:Creating environment descriptor '/home/ubuntu/robotis_ws/install/moveit2/share/moveit2/hook/cmake_prefix_path.dsv'
[1.126s] INFO:colcon.colcon_core.shell:Creating environment hook '/home/ubuntu/robotis_ws/install/moveit2/share/moveit2/hook/cmake_prefix_path.sh'
[1.128s] Level 1:colcon.colcon_core.environment:checking '/home/ubuntu/robotis_ws/install/moveit2/bin'
[1.128s] Level 1:colcon.colcon_core.environment:checking '/home/ubuntu/robotis_ws/install/moveit2/lib/pkgconfig/moveit2.pc'
[1.129s] Level 1:colcon.colcon_core.environment:checking '/home/ubuntu/robotis_ws/install/moveit2/lib/python3.10/site-packages'
[1.129s] Level 1:colcon.colcon_core.environment:checking '/home/ubuntu/robotis_ws/install/moveit2/bin'
[1.130s] INFO:colcon.colcon_core.shell:Creating package script '/home/ubuntu/robotis_ws/install/moveit2/share/moveit2/package.ps1'
[1.132s] INFO:colcon.colcon_core.shell:Creating package descriptor '/home/ubuntu/robotis_ws/install/moveit2/share/moveit2/package.dsv'
[1.133s] INFO:colcon.colcon_core.shell:Creating package script '/home/ubuntu/robotis_ws/install/moveit2/share/moveit2/package.sh'
[1.135s] INFO:colcon.colcon_core.shell:Creating package script '/home/ubuntu/robotis_ws/install/moveit2/share/moveit2/package.bash'
[1.137s] INFO:colcon.colcon_core.shell:Creating package script '/home/ubuntu/robotis_ws/install/moveit2/share/moveit2/package.zsh'
[1.139s] Level 1:colcon.colcon_core.environment:create_file_with_runtime_dependencies(/home/ubuntu/robotis_ws/install/moveit2/share/colcon-core/packages/moveit2)
[1.215s] Level 1:colcon.colcon_core.environment:create_environment_scripts_only(moveit2)
[1.216s] Level 1:colcon.colcon_core.environment:checking '/home/ubuntu/robotis_ws/install/moveit2' for CMake module files
[1.217s] Level 1:colcon.colcon_core.environment:checking '/home/ubuntu/robotis_ws/install/moveit2' for CMake config files
[1.218s] Level 1:colcon.colcon_core.shell:create_environment_hook('moveit2', 'cmake_prefix_path')
[1.219s] INFO:colcon.colcon_core.shell:Creating environment hook '/home/ubuntu/robotis_ws/install/moveit2/share/moveit2/hook/cmake_prefix_path.ps1'
[1.220s] INFO:colcon.colcon_core.shell:Creating environment descriptor '/home/ubuntu/robotis_ws/install/moveit2/share/moveit2/hook/cmake_prefix_path.dsv'
[1.220s] INFO:colcon.colcon_core.shell:Creating environment hook '/home/ubuntu/robotis_ws/install/moveit2/share/moveit2/hook/cmake_prefix_path.sh'
[1.222s] Level 1:colcon.colcon_core.environment:checking '/home/ubuntu/robotis_ws/install/moveit2/bin'
[1.222s] Level 1:colcon.colcon_core.environment:checking '/home/ubuntu/robotis_ws/install/moveit2/lib/pkgconfig/moveit2.pc'
[1.223s] Level 1:colcon.colcon_core.environment:checking '/home/ubuntu/robotis_ws/install/moveit2/lib/python3.10/site-packages'
[1.223s] Level 1:colcon.colcon_core.environment:checking '/home/ubuntu/robotis_ws/install/moveit2/bin'
[1.224s] INFO:colcon.colcon_core.shell:Creating package script '/home/ubuntu/robotis_ws/install/moveit2/share/moveit2/package.ps1'
[1.226s] INFO:colcon.colcon_core.shell:Creating package descriptor '/home/ubuntu/robotis_ws/install/moveit2/share/moveit2/package.dsv'
[1.227s] INFO:colcon.colcon_core.shell:Creating package script '/home/ubuntu/robotis_ws/install/moveit2/share/moveit2/package.sh'
[1.228s] INFO:colcon.colcon_core.shell:Creating package script '/home/ubuntu/robotis_ws/install/moveit2/share/moveit2/package.bash'
[1.229s] INFO:colcon.colcon_core.shell:Creating package script '/home/ubuntu/robotis_ws/install/moveit2/share/moveit2/package.zsh'
[1.230s] Level 1:colcon.colcon_core.environment:create_file_with_runtime_dependencies(/home/ubuntu/robotis_ws/install/moveit2/share/colcon-core/packages/moveit2)
[1.230s] DEBUG:colcon.colcon_parallel_executor.executor.parallel:closing loop
[1.231s] DEBUG:colcon.colcon_parallel_executor.executor.parallel:loop closed
[1.232s] DEBUG:colcon.colcon_parallel_executor.executor.parallel:run_until_complete finished with '0'
[1.232s] DEBUG:colcon.colcon_core.event_reactor:joining thread
[1.251s] INFO:colcon.colcon_core.plugin_system:Skipping extension 'colcon_notification.desktop_notification.terminal_notifier': Not used on non-Darwin systems
[1.251s] INFO:colcon.colcon_core.plugin_system:Skipping extension 'colcon_notification.desktop_notification.win32': Not used on non-Windows systems
[1.251s] INFO:colcon.colcon_notification.desktop_notification:Sending desktop notification using 'notify2'
[1.252s] DEBUG:colcon.colcon_notification.desktop_notification.notify2:Failed to initialize notify2: org.freedesktop.DBus.Error.NoReply: Did not receive a reply. Possible causes include: the remote application did not send a reply, the message bus security policy blocked the reply, the reply timeout expired, or the network connection was broken.
[1.252s] DEBUG:colcon.colcon_core.event_reactor:joined thread
[1.252s] INFO:colcon.colcon_core.shell:Creating prefix script '/home/ubuntu/robotis_ws/install/local_setup.ps1'
[1.254s] INFO:colcon.colcon_core.shell:Creating prefix util module '/home/ubuntu/robotis_ws/install/_local_setup_util_ps1.py'
[1.256s] INFO:colcon.colcon_core.shell:Creating prefix chain script '/home/ubuntu/robotis_ws/install/setup.ps1'
[1.259s] INFO:colcon.colcon_core.shell:Creating prefix script '/home/ubuntu/robotis_ws/install/local_setup.sh'
[1.260s] INFO:colcon.colcon_core.shell:Creating prefix util module '/home/ubuntu/robotis_ws/install/_local_setup_util_sh.py'
[1.261s] INFO:colcon.colcon_core.shell:Creating prefix chain script '/home/ubuntu/robotis_ws/install/setup.sh'
[1.263s] INFO:colcon.colcon_core.shell:Creating prefix script '/home/ubuntu/robotis_ws/install/local_setup.bash'
[1.264s] INFO:colcon.colcon_core.shell:Creating prefix chain script '/home/ubuntu/robotis_ws/install/setup.bash'
[1.266s] INFO:colcon.colcon_core.shell:Creating prefix script '/home/ubuntu/robotis_ws/install/local_setup.zsh'
[1.267s] INFO:colcon.colcon_core.shell:Creating prefix chain script '/home/ubuntu/robotis_ws/install/setup.zsh'
