[0.044s] Invoking command in '/home/ubuntu/robotis_ws/build/dynamixel_sdk_custom_interfaces': CMAKE_PREFIX_PATH=${CMAKE_PREFIX_PATH}:/home/ubuntu/robotis_ws/install/open_manipulator_x_teleop:/opt/ros/humble /usr/bin/cmake --build /home/ubuntu/robotis_ws/build/dynamixel_sdk_custom_interfaces -- -j8 -l8
[0.183s] [  2%] Built target dynamixel_sdk_custom_interfaces__cpp
[0.196s] [ 12%] Built target dynamixel_sdk_custom_interfaces__rosidl_generator_c
[0.216s] [ 12%] Built target ament_cmake_python_symlink_dynamixel_sdk_custom_interfaces
[0.276s] [ 23%] Built target dynamixel_sdk_custom_interfaces__rosidl_typesupport_cpp
[0.283s] [ 33%] Built target dynamixel_sdk_custom_interfaces__rosidl_typesupport_fastrtps_cpp
[0.285s] [ 43%] Built target dynamixel_sdk_custom_interfaces__rosidl_typesupport_introspection_cpp
[0.290s] [ 53%] Built target dynamixel_sdk_custom_interfaces__rosidl_typesupport_c
[0.293s] [ 74%] Built target dynamixel_sdk_custom_interfaces__rosidl_typesupport_introspection_c
[0.294s] [ 74%] Built target dynamixel_sdk_custom_interfaces__rosidl_typesupport_fastrtps_c
[0.327s] [ 74%] Built target dynamixel_sdk_custom_interfaces
[0.357s] [ 76%] Built target dynamixel_sdk_custom_interfaces__py
[0.393s] [ 84%] Built target dynamixel_sdk_custom_interfaces__rosidl_generator_py
[0.435s] [ 94%] Built target dynamixel_sdk_custom_interfaces__rosidl_typesupport_c__pyext
[0.435s] [100%] Built target dynamixel_sdk_custom_interfaces__rosidl_typesupport_fastrtps_c__pyext
[0.435s] [ 94%] Built target dynamixel_sdk_custom_interfaces__rosidl_typesupport_introspection_c__pyext
[0.604s] running egg_info
[0.605s] writing dynamixel_sdk_custom_interfaces.egg-info/PKG-INFO
[0.605s] writing dependency_links to dynamixel_sdk_custom_interfaces.egg-info/dependency_links.txt
[0.606s] writing top-level names to dynamixel_sdk_custom_interfaces.egg-info/top_level.txt
[0.608s] reading manifest file 'dynamixel_sdk_custom_interfaces.egg-info/SOURCES.txt'
[0.609s] writing manifest file 'dynamixel_sdk_custom_interfaces.egg-info/SOURCES.txt'
[0.647s] [100%] Built target ament_cmake_python_build_dynamixel_sdk_custom_interfaces_egg
