[0.086s] Invoking command in '/home/ubuntu/robotis_ws/build/moveit2': CMAKE_PREFIX_PATH=/home/ubuntu/robotis_ws/install/open_manipulator_x_description:/home/ubuntu/robotis_ws/install/open_manipulator:/home/ubuntu/robotis_ws/install/open_manipulator_x_controller:/home/ubuntu/robotis_ws/install/open_manipulator_x_libs:/home/ubuntu/robotis_ws/install/robotis_manipulator:/home/ubuntu/robotis_ws/install/moveit2:/home/ubuntu/robotis_ws/install/open_manipulator_msgs:/home/ubuntu/robotis_ws/install/dynamixel_workbench:/home/ubuntu/robotis_ws/install/dynamixel_workbench_toolbox:/home/ubuntu/robotis_ws/install/dynamixel_sdk_examples:/home/ubuntu/robotis_ws/install/dynamixel_sdk_custom_interfaces:/home/ubuntu/robotis_ws/install/dynamixel_sdk:/home/ubuntu/robotis_ws/install/cmake_modules:/home/ubuntu/robotis_ws/install/open_manipulator_x_teleop:/opt/ros/humble /usr/bin/cmake --build /home/ubuntu/robotis_ws/build/moveit2 -- -j8 -l8
[0.283s] Invoked command in '/home/ubuntu/robotis_ws/build/moveit2' returned '0': CMAKE_PREFIX_PATH=/home/ubuntu/robotis_ws/install/open_manipulator_x_description:/home/ubuntu/robotis_ws/install/open_manipulator:/home/ubuntu/robotis_ws/install/open_manipulator_x_controller:/home/ubuntu/robotis_ws/install/open_manipulator_x_libs:/home/ubuntu/robotis_ws/install/robotis_manipulator:/home/ubuntu/robotis_ws/install/moveit2:/home/ubuntu/robotis_ws/install/open_manipulator_msgs:/home/ubuntu/robotis_ws/install/dynamixel_workbench:/home/ubuntu/robotis_ws/install/dynamixel_workbench_toolbox:/home/ubuntu/robotis_ws/install/dynamixel_sdk_examples:/home/ubuntu/robotis_ws/install/dynamixel_sdk_custom_interfaces:/home/ubuntu/robotis_ws/install/dynamixel_sdk:/home/ubuntu/robotis_ws/install/cmake_modules:/home/ubuntu/robotis_ws/install/open_manipulator_x_teleop:/opt/ros/humble /usr/bin/cmake --build /home/ubuntu/robotis_ws/build/moveit2 -- -j8 -l8
[0.418s] Invoking command in '/home/ubuntu/robotis_ws/build/moveit2': CMAKE_PREFIX_PATH=/home/ubuntu/robotis_ws/install/open_manipulator_x_description:/home/ubuntu/robotis_ws/install/open_manipulator:/home/ubuntu/robotis_ws/install/open_manipulator_x_controller:/home/ubuntu/robotis_ws/install/open_manipulator_x_libs:/home/ubuntu/robotis_ws/install/robotis_manipulator:/home/ubuntu/robotis_ws/install/moveit2:/home/ubuntu/robotis_ws/install/open_manipulator_msgs:/home/ubuntu/robotis_ws/install/dynamixel_workbench:/home/ubuntu/robotis_ws/install/dynamixel_workbench_toolbox:/home/ubuntu/robotis_ws/install/dynamixel_sdk_examples:/home/ubuntu/robotis_ws/install/dynamixel_sdk_custom_interfaces:/home/ubuntu/robotis_ws/install/dynamixel_sdk:/home/ubuntu/robotis_ws/install/cmake_modules:/home/ubuntu/robotis_ws/install/open_manipulator_x_teleop:/opt/ros/humble /usr/bin/cmake --install /home/ubuntu/robotis_ws/build/moveit2
[0.459s] -- Install configuration: ""
[0.460s] -- Up-to-date: /home/ubuntu/robotis_ws/install/moveit2/share/ament_index/resource_index/package_run_dependencies/moveit2
[0.461s] -- Up-to-date: /home/ubuntu/robotis_ws/install/moveit2/share/ament_index/resource_index/parent_prefix_path/moveit2
[0.461s] -- Up-to-date: /home/ubuntu/robotis_ws/install/moveit2/share/moveit2/environment/ament_prefix_path.sh
[0.462s] -- Up-to-date: /home/ubuntu/robotis_ws/install/moveit2/share/moveit2/environment/ament_prefix_path.dsv
[0.463s] -- Up-to-date: /home/ubuntu/robotis_ws/install/moveit2/share/moveit2/environment/path.sh
[0.464s] -- Up-to-date: /home/ubuntu/robotis_ws/install/moveit2/share/moveit2/environment/path.dsv
[0.465s] -- Up-to-date: /home/ubuntu/robotis_ws/install/moveit2/share/moveit2/local_setup.bash
[0.466s] -- Up-to-date: /home/ubuntu/robotis_ws/install/moveit2/share/moveit2/local_setup.sh
[0.467s] -- Up-to-date: /home/ubuntu/robotis_ws/install/moveit2/share/moveit2/local_setup.zsh
[0.468s] -- Up-to-date: /home/ubuntu/robotis_ws/install/moveit2/share/moveit2/local_setup.dsv
[0.468s] -- Up-to-date: /home/ubuntu/robotis_ws/install/moveit2/share/moveit2/package.dsv
[0.469s] -- Up-to-date: /home/ubuntu/robotis_ws/install/moveit2/share/ament_index/resource_index/packages/moveit2
[0.469s] -- Up-to-date: /home/ubuntu/robotis_ws/install/moveit2/share/moveit2/cmake/moveit2Config.cmake
[0.470s] -- Up-to-date: /home/ubuntu/robotis_ws/install/moveit2/share/moveit2/cmake/moveit2Config-version.cmake
[0.470s] -- Up-to-date: /home/ubuntu/robotis_ws/install/moveit2/share/moveit2/package.xml
[0.472s] -- Up-to-date: /home/ubuntu/robotis_ws/install/moveit2/share/moveit2/launch
[0.472s] -- Up-to-date: /home/ubuntu/robotis_ws/install/moveit2/share/moveit2/launch/spawn_controllers.launch.py
[0.474s] -- Up-to-date: /home/ubuntu/robotis_ws/install/moveit2/share/moveit2/launch/move_group.launch.py
[0.475s] -- Up-to-date: /home/ubuntu/robotis_ws/install/moveit2/share/moveit2/launch/moveit_rviz.launch.py
[0.481s] -- Up-to-date: /home/ubuntu/robotis_ws/install/moveit2/share/moveit2/launch/rsp.launch.py
[0.482s] -- Up-to-date: /home/ubuntu/robotis_ws/install/moveit2/share/moveit2/launch/static_virtual_joint_tfs.launch.py
[0.483s] -- Up-to-date: /home/ubuntu/robotis_ws/install/moveit2/share/moveit2/launch/warehouse_db.launch.py
[0.484s] -- Up-to-date: /home/ubuntu/robotis_ws/install/moveit2/share/moveit2/launch/setup_assistant.launch.py
[0.485s] -- Up-to-date: /home/ubuntu/robotis_ws/install/moveit2/share/moveit2/launch/demo.launch.py
[0.486s] -- Up-to-date: /home/ubuntu/robotis_ws/install/moveit2/share/moveit2/config
[0.487s] -- Up-to-date: /home/ubuntu/robotis_ws/install/moveit2/share/moveit2/config/pilz_cartesian_limits.yaml
[0.488s] -- Up-to-date: /home/ubuntu/robotis_ws/install/moveit2/share/moveit2/config/open_manipulator_x.srdf
[0.489s] -- Up-to-date: /home/ubuntu/robotis_ws/install/moveit2/share/moveit2/config/kinematics.yaml
[0.490s] -- Up-to-date: /home/ubuntu/robotis_ws/install/moveit2/share/moveit2/config/joint_limits.yaml
[0.490s] -- Up-to-date: /home/ubuntu/robotis_ws/install/moveit2/share/moveit2/config/open_manipulator_x.urdf.xacro
[0.492s] -- Up-to-date: /home/ubuntu/robotis_ws/install/moveit2/share/moveit2/config/ros2_controllers.yaml
[0.492s] -- Up-to-date: /home/ubuntu/robotis_ws/install/moveit2/share/moveit2/config/initial_positions.yaml
[0.493s] -- Up-to-date: /home/ubuntu/robotis_ws/install/moveit2/share/moveit2/config/moveit_controllers.yaml
[0.494s] -- Up-to-date: /home/ubuntu/robotis_ws/install/moveit2/share/moveit2/config/moveit.rviz
[0.494s] -- Up-to-date: /home/ubuntu/robotis_ws/install/moveit2/share/moveit2/config/open_manipulator_x.ros2_control.xacro
[0.495s] -- Up-to-date: /home/ubuntu/robotis_ws/install/moveit2/share/moveit2/.setup_assistant
[0.496s] Invoked command in '/home/ubuntu/robotis_ws/build/moveit2' returned '0': CMAKE_PREFIX_PATH=/home/ubuntu/robotis_ws/install/open_manipulator_x_description:/home/ubuntu/robotis_ws/install/open_manipulator:/home/ubuntu/robotis_ws/install/open_manipulator_x_controller:/home/ubuntu/robotis_ws/install/open_manipulator_x_libs:/home/ubuntu/robotis_ws/install/robotis_manipulator:/home/ubuntu/robotis_ws/install/moveit2:/home/ubuntu/robotis_ws/install/open_manipulator_msgs:/home/ubuntu/robotis_ws/install/dynamixel_workbench:/home/ubuntu/robotis_ws/install/dynamixel_workbench_toolbox:/home/ubuntu/robotis_ws/install/dynamixel_sdk_examples:/home/ubuntu/robotis_ws/install/dynamixel_sdk_custom_interfaces:/home/ubuntu/robotis_ws/install/dynamixel_sdk:/home/ubuntu/robotis_ws/install/cmake_modules:/home/ubuntu/robotis_ws/install/open_manipulator_x_teleop:/opt/ros/humble /usr/bin/cmake --install /home/ubuntu/robotis_ws/build/moveit2
