[0.046s] Invoking command in '/home/ubuntu/robotis_ws/build/open_manipulator_moveit_config': CMAKE_PREFIX_PATH=/home/ubuntu/robotis_ws/install/open_manipulator_x_description:/home/ubuntu/robotis_ws/install/open_manipulator:/home/ubuntu/robotis_ws/install/open_manipulator_x_controller:/home/ubuntu/robotis_ws/install/open_manipulator_x_libs:/home/ubuntu/robotis_ws/install/robotis_manipulator:/home/ubuntu/robotis_ws/install/moveit2:/home/ubuntu/robotis_ws/install/open_manipulator_msgs:/home/ubuntu/robotis_ws/install/dynamixel_workbench:/home/ubuntu/robotis_ws/install/dynamixel_workbench_toolbox:/home/ubuntu/robotis_ws/install/dynamixel_sdk_examples:/home/ubuntu/robotis_ws/install/dynamixel_sdk_custom_interfaces:/home/ubuntu/robotis_ws/install/dynamixel_sdk:/home/ubuntu/robotis_ws/install/cmake_modules:/home/ubuntu/robotis_ws/install/open_manipulator_x_teleop:/opt/ros/humble /usr/bin/cmake /home/ubuntu/robotis_ws/src/open_manipulator_moveit_config -DCMAKE_INSTALL_PREFIX=/home/ubuntu/robotis_ws/install/open_manipulator_moveit_config
[0.347s] -- The C compiler identification is GNU 11.4.0
[0.797s] -- The CXX compiler identification is GNU 11.4.0
[0.821s] -- Detecting C compiler ABI info
[0.957s] -- Detecting C compiler ABI info - done
[0.978s] -- Check for working C compiler: /usr/bin/cc - skipped
[0.978s] -- Detecting C compile features
[0.978s] -- Detecting C compile features - done
[0.988s] -- Detecting CXX compiler ABI info
[1.137s] -- Detecting CXX compiler ABI info - done
[1.150s] -- Check for working CXX compiler: /usr/bin/c++ - skipped
[1.151s] -- Detecting CXX compile features
[1.151s] -- Detecting CXX compile features - done
[1.159s] -- Found ament_cmake: 1.3.9 (/opt/ros/humble/share/ament_cmake/cmake)
[1.433s] -- Found Python3: /usr/bin/python3 (found version "3.10.12") found components: Interpreter 
[1.731s] -- Configuring done
[1.737s] -- Generating done
[1.738s] -- Build files have been written to: /home/ubuntu/robotis_ws/build/open_manipulator_moveit_config
[1.981s] Invoked command in '/home/ubuntu/robotis_ws/build/open_manipulator_moveit_config' returned '0': CMAKE_PREFIX_PATH=/home/ubuntu/robotis_ws/install/open_manipulator_x_description:/home/ubuntu/robotis_ws/install/open_manipulator:/home/ubuntu/robotis_ws/install/open_manipulator_x_controller:/home/ubuntu/robotis_ws/install/open_manipulator_x_libs:/home/ubuntu/robotis_ws/install/robotis_manipulator:/home/ubuntu/robotis_ws/install/moveit2:/home/ubuntu/robotis_ws/install/open_manipulator_msgs:/home/ubuntu/robotis_ws/install/dynamixel_workbench:/home/ubuntu/robotis_ws/install/dynamixel_workbench_toolbox:/home/ubuntu/robotis_ws/install/dynamixel_sdk_examples:/home/ubuntu/robotis_ws/install/dynamixel_sdk_custom_interfaces:/home/ubuntu/robotis_ws/install/dynamixel_sdk:/home/ubuntu/robotis_ws/install/cmake_modules:/home/ubuntu/robotis_ws/install/open_manipulator_x_teleop:/opt/ros/humble /usr/bin/cmake /home/ubuntu/robotis_ws/src/open_manipulator_moveit_config -DCMAKE_INSTALL_PREFIX=/home/ubuntu/robotis_ws/install/open_manipulator_moveit_config
[1.983s] Invoking command in '/home/ubuntu/robotis_ws/build/open_manipulator_moveit_config': CMAKE_PREFIX_PATH=/home/ubuntu/robotis_ws/install/open_manipulator_x_description:/home/ubuntu/robotis_ws/install/open_manipulator:/home/ubuntu/robotis_ws/install/open_manipulator_x_controller:/home/ubuntu/robotis_ws/install/open_manipulator_x_libs:/home/ubuntu/robotis_ws/install/robotis_manipulator:/home/ubuntu/robotis_ws/install/moveit2:/home/ubuntu/robotis_ws/install/open_manipulator_msgs:/home/ubuntu/robotis_ws/install/dynamixel_workbench:/home/ubuntu/robotis_ws/install/dynamixel_workbench_toolbox:/home/ubuntu/robotis_ws/install/dynamixel_sdk_examples:/home/ubuntu/robotis_ws/install/dynamixel_sdk_custom_interfaces:/home/ubuntu/robotis_ws/install/dynamixel_sdk:/home/ubuntu/robotis_ws/install/cmake_modules:/home/ubuntu/robotis_ws/install/open_manipulator_x_teleop:/opt/ros/humble /usr/bin/cmake --build /home/ubuntu/robotis_ws/build/open_manipulator_moveit_config -- -j8 -l8
[2.036s] Invoked command in '/home/ubuntu/robotis_ws/build/open_manipulator_moveit_config' returned '0': CMAKE_PREFIX_PATH=/home/ubuntu/robotis_ws/install/open_manipulator_x_description:/home/ubuntu/robotis_ws/install/open_manipulator:/home/ubuntu/robotis_ws/install/open_manipulator_x_controller:/home/ubuntu/robotis_ws/install/open_manipulator_x_libs:/home/ubuntu/robotis_ws/install/robotis_manipulator:/home/ubuntu/robotis_ws/install/moveit2:/home/ubuntu/robotis_ws/install/open_manipulator_msgs:/home/ubuntu/robotis_ws/install/dynamixel_workbench:/home/ubuntu/robotis_ws/install/dynamixel_workbench_toolbox:/home/ubuntu/robotis_ws/install/dynamixel_sdk_examples:/home/ubuntu/robotis_ws/install/dynamixel_sdk_custom_interfaces:/home/ubuntu/robotis_ws/install/dynamixel_sdk:/home/ubuntu/robotis_ws/install/cmake_modules:/home/ubuntu/robotis_ws/install/open_manipulator_x_teleop:/opt/ros/humble /usr/bin/cmake --build /home/ubuntu/robotis_ws/build/open_manipulator_moveit_config -- -j8 -l8
[2.071s] Invoking command in '/home/ubuntu/robotis_ws/build/open_manipulator_moveit_config': CMAKE_PREFIX_PATH=/home/ubuntu/robotis_ws/install/open_manipulator_x_description:/home/ubuntu/robotis_ws/install/open_manipulator:/home/ubuntu/robotis_ws/install/open_manipulator_x_controller:/home/ubuntu/robotis_ws/install/open_manipulator_x_libs:/home/ubuntu/robotis_ws/install/robotis_manipulator:/home/ubuntu/robotis_ws/install/moveit2:/home/ubuntu/robotis_ws/install/open_manipulator_msgs:/home/ubuntu/robotis_ws/install/dynamixel_workbench:/home/ubuntu/robotis_ws/install/dynamixel_workbench_toolbox:/home/ubuntu/robotis_ws/install/dynamixel_sdk_examples:/home/ubuntu/robotis_ws/install/dynamixel_sdk_custom_interfaces:/home/ubuntu/robotis_ws/install/dynamixel_sdk:/home/ubuntu/robotis_ws/install/cmake_modules:/home/ubuntu/robotis_ws/install/open_manipulator_x_teleop:/opt/ros/humble /usr/bin/cmake --install /home/ubuntu/robotis_ws/build/open_manipulator_moveit_config
[2.081s] -- Install configuration: ""
[2.081s] -- Installing: /home/ubuntu/robotis_ws/install/open_manipulator_moveit_config/share/ament_index/resource_index/package_run_dependencies/open_manipulator_moveit_config
[2.081s] -- Installing: /home/ubuntu/robotis_ws/install/open_manipulator_moveit_config/share/ament_index/resource_index/parent_prefix_path/open_manipulator_moveit_config
[2.082s] -- Installing: /home/ubuntu/robotis_ws/install/open_manipulator_moveit_config/share/open_manipulator_moveit_config/environment/ament_prefix_path.sh
[2.082s] -- Installing: /home/ubuntu/robotis_ws/install/open_manipulator_moveit_config/share/open_manipulator_moveit_config/environment/ament_prefix_path.dsv
[2.082s] -- Installing: /home/ubuntu/robotis_ws/install/open_manipulator_moveit_config/share/open_manipulator_moveit_config/environment/path.sh
[2.082s] -- Installing: /home/ubuntu/robotis_ws/install/open_manipulator_moveit_config/share/open_manipulator_moveit_config/environment/path.dsv
[2.083s] -- Installing: /home/ubuntu/robotis_ws/install/open_manipulator_moveit_config/share/open_manipulator_moveit_config/local_setup.bash
[2.083s] -- Installing: /home/ubuntu/robotis_ws/install/open_manipulator_moveit_config/share/open_manipulator_moveit_config/local_setup.sh
[2.083s] -- Installing: /home/ubuntu/robotis_ws/install/open_manipulator_moveit_config/share/open_manipulator_moveit_config/local_setup.zsh
[2.083s] -- Installing: /home/ubuntu/robotis_ws/install/open_manipulator_moveit_config/share/open_manipulator_moveit_config/local_setup.dsv
[2.084s] -- Installing: /home/ubuntu/robotis_ws/install/open_manipulator_moveit_config/share/open_manipulator_moveit_config/package.dsv
[2.084s] -- Installing: /home/ubuntu/robotis_ws/install/open_manipulator_moveit_config/share/ament_index/resource_index/packages/open_manipulator_moveit_config
[2.084s] -- Installing: /home/ubuntu/robotis_ws/install/open_manipulator_moveit_config/share/open_manipulator_moveit_config/cmake/open_manipulator_moveit_configConfig.cmake
[2.085s] -- Installing: /home/ubuntu/robotis_ws/install/open_manipulator_moveit_config/share/open_manipulator_moveit_config/cmake/open_manipulator_moveit_configConfig-version.cmake
[2.085s] -- Installing: /home/ubuntu/robotis_ws/install/open_manipulator_moveit_config/share/open_manipulator_moveit_config/package.xml
[2.085s] -- Installing: /home/ubuntu/robotis_ws/install/open_manipulator_moveit_config/share/open_manipulator_moveit_config/launch
[2.085s] -- Installing: /home/ubuntu/robotis_ws/install/open_manipulator_moveit_config/share/open_manipulator_moveit_config/launch/spawn_controllers.launch.py
[2.085s] -- Installing: /home/ubuntu/robotis_ws/install/open_manipulator_moveit_config/share/open_manipulator_moveit_config/launch/move_group.launch.py
[2.086s] -- Installing: /home/ubuntu/robotis_ws/install/open_manipulator_moveit_config/share/open_manipulator_moveit_config/launch/moveit_rviz.launch.py
[2.086s] -- Installing: /home/ubuntu/robotis_ws/install/open_manipulator_moveit_config/share/open_manipulator_moveit_config/launch/rsp.launch.py
[2.086s] -- Installing: /home/ubuntu/robotis_ws/install/open_manipulator_moveit_config/share/open_manipulator_moveit_config/launch/static_virtual_joint_tfs.launch.py
[2.086s] -- Installing: /home/ubuntu/robotis_ws/install/open_manipulator_moveit_config/share/open_manipulator_moveit_config/launch/warehouse_db.launch.py
[2.086s] -- Installing: /home/ubuntu/robotis_ws/install/open_manipulator_moveit_config/share/open_manipulator_moveit_config/launch/setup_assistant.launch.py
[2.087s] -- Installing: /home/ubuntu/robotis_ws/install/open_manipulator_moveit_config/share/open_manipulator_moveit_config/launch/demo.launch.py
[2.087s] -- Installing: /home/ubuntu/robotis_ws/install/open_manipulator_moveit_config/share/open_manipulator_moveit_config/config
[2.087s] -- Installing: /home/ubuntu/robotis_ws/install/open_manipulator_moveit_config/share/open_manipulator_moveit_config/config/pilz_cartesian_limits.yaml
[2.087s] -- Installing: /home/ubuntu/robotis_ws/install/open_manipulator_moveit_config/share/open_manipulator_moveit_config/config/open_manipulator_x.srdf
[2.087s] -- Installing: /home/ubuntu/robotis_ws/install/open_manipulator_moveit_config/share/open_manipulator_moveit_config/config/kinematics.yaml
[2.088s] -- Installing: /home/ubuntu/robotis_ws/install/open_manipulator_moveit_config/share/open_manipulator_moveit_config/config/joint_limits.yaml
[2.088s] -- Installing: /home/ubuntu/robotis_ws/install/open_manipulator_moveit_config/share/open_manipulator_moveit_config/config/open_manipulator_x.urdf.xacro
[2.088s] -- Installing: /home/ubuntu/robotis_ws/install/open_manipulator_moveit_config/share/open_manipulator_moveit_config/config/ros2_controllers.yaml
[2.088s] -- Installing: /home/ubuntu/robotis_ws/install/open_manipulator_moveit_config/share/open_manipulator_moveit_config/config/initial_positions.yaml
[2.088s] -- Installing: /home/ubuntu/robotis_ws/install/open_manipulator_moveit_config/share/open_manipulator_moveit_config/config/sensors_3d.yaml
[2.089s] -- Installing: /home/ubuntu/robotis_ws/install/open_manipulator_moveit_config/share/open_manipulator_moveit_config/config/moveit_controllers.yaml
[2.089s] -- Installing: /home/ubuntu/robotis_ws/install/open_manipulator_moveit_config/share/open_manipulator_moveit_config/config/moveit.rviz
[2.089s] -- Installing: /home/ubuntu/robotis_ws/install/open_manipulator_moveit_config/share/open_manipulator_moveit_config/config/open_manipulator_x.ros2_control.xacro
[2.089s] -- Installing: /home/ubuntu/robotis_ws/install/open_manipulator_moveit_config/share/open_manipulator_moveit_config/.setup_assistant
[2.092s] Invoked command in '/home/ubuntu/robotis_ws/build/open_manipulator_moveit_config' returned '0': CMAKE_PREFIX_PATH=/home/ubuntu/robotis_ws/install/open_manipulator_x_description:/home/ubuntu/robotis_ws/install/open_manipulator:/home/ubuntu/robotis_ws/install/open_manipulator_x_controller:/home/ubuntu/robotis_ws/install/open_manipulator_x_libs:/home/ubuntu/robotis_ws/install/robotis_manipulator:/home/ubuntu/robotis_ws/install/moveit2:/home/ubuntu/robotis_ws/install/open_manipulator_msgs:/home/ubuntu/robotis_ws/install/dynamixel_workbench:/home/ubuntu/robotis_ws/install/dynamixel_workbench_toolbox:/home/ubuntu/robotis_ws/install/dynamixel_sdk_examples:/home/ubuntu/robotis_ws/install/dynamixel_sdk_custom_interfaces:/home/ubuntu/robotis_ws/install/dynamixel_sdk:/home/ubuntu/robotis_ws/install/cmake_modules:/home/ubuntu/robotis_ws/install/open_manipulator_x_teleop:/opt/ros/humble /usr/bin/cmake --install /home/ubuntu/robotis_ws/build/open_manipulator_moveit_config
