[0.043s] Invoking command in '/home/ubuntu/robotis_ws/build/open_manipulator_msgs': CMAKE_PREFIX_PATH=${CMAKE_PREFIX_PATH}:/home/ubuntu/robotis_ws/install/open_manipulator_x_teleop:/opt/ros/humble /usr/bin/cmake --build /home/ubuntu/robotis_ws/build/open_manipulator_msgs -- -j8 -l8
[0.152s] [35m[1mConsolidate compiler generated dependencies of target open_manipulator_msgs__rosidl_generator_c[0m
[0.186s] [  1%] Built target open_manipulator_msgs__cpp
[0.201s] [ 12%] Built target open_manipulator_msgs__rosidl_generator_c
[0.212s] [ 12%] Built target ament_cmake_python_symlink_open_manipulator_msgs
[0.244s] [35m[1mConsolidate compiler generated dependencies of target open_manipulator_msgs__rosidl_typesupport_cpp[0m
[0.257s] [35m[1mConsolidate compiler generated dependencies of target open_manipulator_msgs__rosidl_typesupport_introspection_cpp[0m
[0.258s] [35m[1mConsolidate compiler generated dependencies of target open_manipulator_msgs__rosidl_typesupport_fastrtps_cpp[0m
[0.269s] [35m[1mConsolidate compiler generated dependencies of target open_manipulator_msgs__rosidl_typesupport_c[0m
[0.270s] [35m[1mConsolidate compiler generated dependencies of target open_manipulator_msgs__rosidl_typesupport_fastrtps_c[0m
[0.277s] [35m[1mConsolidate compiler generated dependencies of target open_manipulator_msgs__rosidl_typesupport_introspection_c[0m
[0.300s] [ 24%] Built target open_manipulator_msgs__rosidl_typesupport_cpp
[0.305s] [ 35%] Built target open_manipulator_msgs__rosidl_typesupport_c
[0.312s] [ 47%] Built target open_manipulator_msgs__rosidl_typesupport_introspection_cpp
[0.318s] [ 58%] Built target open_manipulator_msgs__rosidl_typesupport_fastrtps_cpp
[0.323s] [ 70%] Built target open_manipulator_msgs__rosidl_typesupport_introspection_c
[0.325s] [ 82%] Built target open_manipulator_msgs__rosidl_typesupport_fastrtps_c
[0.358s] [ 82%] Built target open_manipulator_msgs
[0.391s] [ 83%] Built target open_manipulator_msgs__py
[0.418s] [35m[1mConsolidate compiler generated dependencies of target open_manipulator_msgs__rosidl_generator_py[0m
[0.458s] [ 93%] Built target open_manipulator_msgs__rosidl_generator_py
[0.476s] [35m[1mConsolidate compiler generated dependencies of target open_manipulator_msgs__rosidl_typesupport_fastrtps_c__pyext[0m
[0.480s] [35m[1mConsolidate compiler generated dependencies of target open_manipulator_msgs__rosidl_typesupport_c__pyext[0m
[0.480s] [35m[1mConsolidate compiler generated dependencies of target open_manipulator_msgs__rosidl_typesupport_introspection_c__pyext[0m
[0.497s] [ 95%] Built target open_manipulator_msgs__rosidl_typesupport_fastrtps_c__pyext
[0.501s] [ 97%] Built target open_manipulator_msgs__rosidl_typesupport_introspection_c__pyext
[0.508s] [100%] Built target open_manipulator_msgs__rosidl_typesupport_c__pyext
[0.621s] running egg_info
[0.622s] writing open_manipulator_msgs.egg-info/PKG-INFO
[0.622s] writing dependency_links to open_manipulator_msgs.egg-info/dependency_links.txt
[0.623s] writing top-level names to open_manipulator_msgs.egg-info/top_level.txt
[0.626s] reading manifest file 'open_manipulator_msgs.egg-info/SOURCES.txt'
[0.628s] writing manifest file 'open_manipulator_msgs.egg-info/SOURCES.txt'
[0.667s] [100%] Built target ament_cmake_python_build_open_manipulator_msgs_egg
