[0.028s] Invoking command in '/home/ubuntu/robotis_ws/build/robotis_manipulator': CMAKE_PREFIX_PATH=/home/ubuntu/robotis_ws/install/cmake_modules:/home/ubuntu/robotis_ws/install/open_manipulator:/home/ubuntu/robotis_ws/install/open_manipulator_x_controller:/home/ubuntu/robotis_ws/install/open_manipulator_x_libs:/home/ubuntu/robotis_ws/install/robotis_manipulator:/home/ubuntu/robotis_ws/install/open_manipulator_x_description:/home/ubuntu/robotis_ws/install/open_manipulator_msgs:/home/ubuntu/robotis_ws/install/dynamixel_workbench:/home/ubuntu/robotis_ws/install/dynamixel_workbench_toolbox:/home/ubuntu/robotis_ws/install/dynamixel_sdk_examples:/home/ubuntu/robotis_ws/install/dynamixel_sdk_custom_interfaces:/home/ubuntu/robotis_ws/install/dynamixel_sdk:/home/ubuntu/robotis_ws/install/open_manipulator_x_teleop:/opt/ros/humble /usr/bin/cmake /home/ubuntu/robotis_ws/src/robotis_manipulator -DAMENT_CMAKE_SYMLINK_INSTALL=1 -DCMAKE_INSTALL_PREFIX=/home/ubuntu/robotis_ws/install/robotis_manipulator
[0.047s] -- Found ament_cmake: 1.3.9 (/opt/ros/humble/share/ament_cmake/cmake)
[0.255s] -- Override CMake install command with custom implementation using symlinks instead of copying resources
[0.269s] -- Found cmake_modules: 0.4.1 (/home/ubuntu/robotis_ws/install/cmake_modules/share/cmake_modules/cmake)
[0.271s] -- Found rclcpp: 16.0.9 (/opt/ros/humble/share/rclcpp/cmake)
[0.322s] -- Found rosidl_generator_c: 3.1.5 (/opt/ros/humble/share/rosidl_generator_c/cmake)
[0.328s] -- Found rosidl_adapter: 3.1.5 (/opt/ros/humble/share/rosidl_adapter/cmake)
[0.342s] -- Found rosidl_generator_cpp: 3.1.5 (/opt/ros/humble/share/rosidl_generator_cpp/cmake)
[0.367s] -- Using all available rosidl_typesupport_c: rosidl_typesupport_fastrtps_c;rosidl_typesupport_introspection_c
[0.401s] -- Using all available rosidl_typesupport_cpp: rosidl_typesupport_fastrtps_cpp;rosidl_typesupport_introspection_cpp
[0.514s] -- Found rmw_implementation_cmake: 6.1.2 (/opt/ros/humble/share/rmw_implementation_cmake/cmake)
[0.517s] -- Found rmw_fastrtps_cpp: 6.2.6 (/opt/ros/humble/share/rmw_fastrtps_cpp/cmake)
[0.622s] -- Using RMW implementation 'rmw_fastrtps_cpp' as default
[0.908s] -- Configuring done
[0.922s] -- Generating done
[0.924s] -- Build files have been written to: /home/ubuntu/robotis_ws/build/robotis_manipulator
[0.933s] Invoked command in '/home/ubuntu/robotis_ws/build/robotis_manipulator' returned '0': CMAKE_PREFIX_PATH=/home/ubuntu/robotis_ws/install/cmake_modules:/home/ubuntu/robotis_ws/install/open_manipulator:/home/ubuntu/robotis_ws/install/open_manipulator_x_controller:/home/ubuntu/robotis_ws/install/open_manipulator_x_libs:/home/ubuntu/robotis_ws/install/robotis_manipulator:/home/ubuntu/robotis_ws/install/open_manipulator_x_description:/home/ubuntu/robotis_ws/install/open_manipulator_msgs:/home/ubuntu/robotis_ws/install/dynamixel_workbench:/home/ubuntu/robotis_ws/install/dynamixel_workbench_toolbox:/home/ubuntu/robotis_ws/install/dynamixel_sdk_examples:/home/ubuntu/robotis_ws/install/dynamixel_sdk_custom_interfaces:/home/ubuntu/robotis_ws/install/dynamixel_sdk:/home/ubuntu/robotis_ws/install/open_manipulator_x_teleop:/opt/ros/humble /usr/bin/cmake /home/ubuntu/robotis_ws/src/robotis_manipulator -DAMENT_CMAKE_SYMLINK_INSTALL=1 -DCMAKE_INSTALL_PREFIX=/home/ubuntu/robotis_ws/install/robotis_manipulator
[0.935s] Invoking command in '/home/ubuntu/robotis_ws/build/robotis_manipulator': CMAKE_PREFIX_PATH=/home/ubuntu/robotis_ws/install/cmake_modules:/home/ubuntu/robotis_ws/install/open_manipulator:/home/ubuntu/robotis_ws/install/open_manipulator_x_controller:/home/ubuntu/robotis_ws/install/open_manipulator_x_libs:/home/ubuntu/robotis_ws/install/robotis_manipulator:/home/ubuntu/robotis_ws/install/open_manipulator_x_description:/home/ubuntu/robotis_ws/install/open_manipulator_msgs:/home/ubuntu/robotis_ws/install/dynamixel_workbench:/home/ubuntu/robotis_ws/install/dynamixel_workbench_toolbox:/home/ubuntu/robotis_ws/install/dynamixel_sdk_examples:/home/ubuntu/robotis_ws/install/dynamixel_sdk_custom_interfaces:/home/ubuntu/robotis_ws/install/dynamixel_sdk:/home/ubuntu/robotis_ws/install/open_manipulator_x_teleop:/opt/ros/humble /usr/bin/cmake --build /home/ubuntu/robotis_ws/build/robotis_manipulator -- -j8 -l8
[0.988s] [35m[1mConsolidate compiler generated dependencies of target robotis_manipulator[0m
[1.033s] [100%] Built target robotis_manipulator
[1.054s] Invoked command in '/home/ubuntu/robotis_ws/build/robotis_manipulator' returned '0': CMAKE_PREFIX_PATH=/home/ubuntu/robotis_ws/install/cmake_modules:/home/ubuntu/robotis_ws/install/open_manipulator:/home/ubuntu/robotis_ws/install/open_manipulator_x_controller:/home/ubuntu/robotis_ws/install/open_manipulator_x_libs:/home/ubuntu/robotis_ws/install/robotis_manipulator:/home/ubuntu/robotis_ws/install/open_manipulator_x_description:/home/ubuntu/robotis_ws/install/open_manipulator_msgs:/home/ubuntu/robotis_ws/install/dynamixel_workbench:/home/ubuntu/robotis_ws/install/dynamixel_workbench_toolbox:/home/ubuntu/robotis_ws/install/dynamixel_sdk_examples:/home/ubuntu/robotis_ws/install/dynamixel_sdk_custom_interfaces:/home/ubuntu/robotis_ws/install/dynamixel_sdk:/home/ubuntu/robotis_ws/install/open_manipulator_x_teleop:/opt/ros/humble /usr/bin/cmake --build /home/ubuntu/robotis_ws/build/robotis_manipulator -- -j8 -l8
[1.131s] Invoking command in '/home/ubuntu/robotis_ws/build/robotis_manipulator': CMAKE_PREFIX_PATH=/home/ubuntu/robotis_ws/install/cmake_modules:/home/ubuntu/robotis_ws/install/open_manipulator:/home/ubuntu/robotis_ws/install/open_manipulator_x_controller:/home/ubuntu/robotis_ws/install/open_manipulator_x_libs:/home/ubuntu/robotis_ws/install/robotis_manipulator:/home/ubuntu/robotis_ws/install/open_manipulator_x_description:/home/ubuntu/robotis_ws/install/open_manipulator_msgs:/home/ubuntu/robotis_ws/install/dynamixel_workbench:/home/ubuntu/robotis_ws/install/dynamixel_workbench_toolbox:/home/ubuntu/robotis_ws/install/dynamixel_sdk_examples:/home/ubuntu/robotis_ws/install/dynamixel_sdk_custom_interfaces:/home/ubuntu/robotis_ws/install/dynamixel_sdk:/home/ubuntu/robotis_ws/install/open_manipulator_x_teleop:/opt/ros/humble /usr/bin/cmake --install /home/ubuntu/robotis_ws/build/robotis_manipulator
[1.145s] -- Install configuration: ""
[1.146s] -- Execute custom install script
[1.146s] -- Up-to-date symlink: /home/ubuntu/robotis_ws/install/robotis_manipulator/lib/librobotis_manipulator.so
[1.147s] -- Up-to-date symlink: /home/ubuntu/robotis_ws/install/robotis_manipulator/include//robotis_manipulator/robotis_manipulator.h
[1.147s] -- Up-to-date symlink: /home/ubuntu/robotis_ws/install/robotis_manipulator/include//robotis_manipulator/robotis_manipulator_common.h
[1.147s] -- Up-to-date symlink: /home/ubuntu/robotis_ws/install/robotis_manipulator/include//robotis_manipulator/robotis_manipulator_log.h
[1.147s] -- Up-to-date symlink: /home/ubuntu/robotis_ws/install/robotis_manipulator/include//robotis_manipulator/robotis_manipulator_manager.h
[1.148s] -- Up-to-date symlink: /home/ubuntu/robotis_ws/install/robotis_manipulator/include//robotis_manipulator/robotis_manipulator_math.h
[1.148s] -- Up-to-date symlink: /home/ubuntu/robotis_ws/install/robotis_manipulator/include//robotis_manipulator/robotis_manipulator_trajectory_generator.h
[1.148s] -- Up-to-date symlink: /home/ubuntu/robotis_ws/install/robotis_manipulator/share/robotis_manipulator/environment/library_path.sh
[1.148s] -- Up-to-date symlink: /home/ubuntu/robotis_ws/install/robotis_manipulator/share/robotis_manipulator/environment/library_path.dsv
[1.149s] -- Up-to-date symlink: /home/ubuntu/robotis_ws/install/robotis_manipulator/share/ament_index/resource_index/package_run_dependencies/robotis_manipulator
[1.149s] -- Up-to-date symlink: /home/ubuntu/robotis_ws/install/robotis_manipulator/share/ament_index/resource_index/parent_prefix_path/robotis_manipulator
[1.149s] -- Up-to-date symlink: /home/ubuntu/robotis_ws/install/robotis_manipulator/share/robotis_manipulator/environment/ament_prefix_path.sh
[1.150s] -- Up-to-date symlink: /home/ubuntu/robotis_ws/install/robotis_manipulator/share/robotis_manipulator/environment/ament_prefix_path.dsv
[1.150s] -- Up-to-date symlink: /home/ubuntu/robotis_ws/install/robotis_manipulator/share/robotis_manipulator/environment/path.sh
[1.150s] -- Up-to-date symlink: /home/ubuntu/robotis_ws/install/robotis_manipulator/share/robotis_manipulator/environment/path.dsv
[1.150s] -- Up-to-date symlink: /home/ubuntu/robotis_ws/install/robotis_manipulator/share/robotis_manipulator/local_setup.bash
[1.151s] -- Up-to-date symlink: /home/ubuntu/robotis_ws/install/robotis_manipulator/share/robotis_manipulator/local_setup.sh
[1.151s] -- Up-to-date symlink: /home/ubuntu/robotis_ws/install/robotis_manipulator/share/robotis_manipulator/local_setup.zsh
[1.151s] -- Up-to-date symlink: /home/ubuntu/robotis_ws/install/robotis_manipulator/share/robotis_manipulator/local_setup.dsv
[1.152s] -- Symlinking: /home/ubuntu/robotis_ws/install/robotis_manipulator/share/robotis_manipulator/package.dsv
[1.167s] -- Up-to-date symlink: /home/ubuntu/robotis_ws/install/robotis_manipulator/share/ament_index/resource_index/packages/robotis_manipulator
[1.167s] -- Up-to-date symlink: /home/ubuntu/robotis_ws/install/robotis_manipulator/share/robotis_manipulator/cmake/ament_cmake_export_include_directories-extras.cmake
[1.167s] -- Up-to-date symlink: /home/ubuntu/robotis_ws/install/robotis_manipulator/share/robotis_manipulator/cmake/ament_cmake_export_dependencies-extras.cmake
[1.168s] -- Up-to-date symlink: /home/ubuntu/robotis_ws/install/robotis_manipulator/share/robotis_manipulator/cmake/ament_cmake_export_libraries-extras.cmake
[1.168s] -- Up-to-date symlink: /home/ubuntu/robotis_ws/install/robotis_manipulator/share/robotis_manipulator/cmake/robotis_manipulatorConfig.cmake
[1.168s] -- Up-to-date symlink: /home/ubuntu/robotis_ws/install/robotis_manipulator/share/robotis_manipulator/cmake/robotis_manipulatorConfig-version.cmake
[1.169s] -- Up-to-date symlink: /home/ubuntu/robotis_ws/install/robotis_manipulator/share/robotis_manipulator/package.xml
[1.174s] Invoked command in '/home/ubuntu/robotis_ws/build/robotis_manipulator' returned '0': CMAKE_PREFIX_PATH=/home/ubuntu/robotis_ws/install/cmake_modules:/home/ubuntu/robotis_ws/install/open_manipulator:/home/ubuntu/robotis_ws/install/open_manipulator_x_controller:/home/ubuntu/robotis_ws/install/open_manipulator_x_libs:/home/ubuntu/robotis_ws/install/robotis_manipulator:/home/ubuntu/robotis_ws/install/open_manipulator_x_description:/home/ubuntu/robotis_ws/install/open_manipulator_msgs:/home/ubuntu/robotis_ws/install/dynamixel_workbench:/home/ubuntu/robotis_ws/install/dynamixel_workbench_toolbox:/home/ubuntu/robotis_ws/install/dynamixel_sdk_examples:/home/ubuntu/robotis_ws/install/dynamixel_sdk_custom_interfaces:/home/ubuntu/robotis_ws/install/dynamixel_sdk:/home/ubuntu/robotis_ws/install/open_manipulator_x_teleop:/opt/ros/humble /usr/bin/cmake --install /home/ubuntu/robotis_ws/build/robotis_manipulator
