[0.051s] Invoking command in '/home/ubuntu/robotis_ws/build/open_manipulator_msgs': CMAKE_PREFIX_PATH=${CMAKE_PREFIX_PATH}:/home/ubuntu/robotis_ws/install/open_manipulator_x_teleop:/opt/ros/humble /usr/bin/cmake --build /home/ubuntu/robotis_ws/build/open_manipulator_msgs -- -j8 -l8
[0.201s] [35m[1mConsolidate compiler generated dependencies of target open_manipulator_msgs__rosidl_generator_c[0m
[0.217s] [  1%] Built target open_manipulator_msgs__cpp
[0.220s] [  1%] Built target ament_cmake_python_symlink_open_manipulator_msgs
[0.247s] [ 12%] Built target open_manipulator_msgs__rosidl_generator_c
[0.265s] [35m[1mConsolidate compiler generated dependencies of target open_manipulator_msgs__rosidl_typesupport_cpp[0m
[0.274s] [35m[1mConsolidate compiler generated dependencies of target open_manipulator_msgs__rosidl_typesupport_introspection_cpp[0m
[0.276s] [35m[1mConsolidate compiler generated dependencies of target open_manipulator_msgs__rosidl_typesupport_fastrtps_cpp[0m
[0.289s] [35m[1mConsolidate compiler generated dependencies of target open_manipulator_msgs__rosidl_typesupport_fastrtps_c[0m
[0.310s] [35m[1mConsolidate compiler generated dependencies of target open_manipulator_msgs__rosidl_typesupport_introspection_c[0m
[0.320s] [35m[1mConsolidate compiler generated dependencies of target open_manipulator_msgs__rosidl_typesupport_c[0m
[0.320s] [ 24%] Built target open_manipulator_msgs__rosidl_typesupport_cpp
[0.323s] [ 35%] Built target open_manipulator_msgs__rosidl_typesupport_introspection_cpp
[0.340s] [ 47%] Built target open_manipulator_msgs__rosidl_typesupport_fastrtps_cpp
[0.349s] [ 58%] Built target open_manipulator_msgs__rosidl_typesupport_c
[0.354s] [ 70%] Built target open_manipulator_msgs__rosidl_typesupport_fastrtps_c
[0.356s] [ 82%] Built target open_manipulator_msgs__rosidl_typesupport_introspection_c
[0.385s] [ 82%] Built target open_manipulator_msgs
[0.415s] [ 83%] Built target open_manipulator_msgs__py
[0.437s] [35m[1mConsolidate compiler generated dependencies of target open_manipulator_msgs__rosidl_generator_py[0m
[0.472s] [ 93%] Built target open_manipulator_msgs__rosidl_generator_py
[0.492s] [35m[1mConsolidate compiler generated dependencies of target open_manipulator_msgs__rosidl_typesupport_introspection_c__pyext[0m
[0.492s] [35m[1mConsolidate compiler generated dependencies of target open_manipulator_msgs__rosidl_typesupport_c__pyext[0m
[0.492s] [35m[1mConsolidate compiler generated dependencies of target open_manipulator_msgs__rosidl_typesupport_fastrtps_c__pyext[0m
[0.513s] [ 95%] Built target open_manipulator_msgs__rosidl_typesupport_c__pyext
[0.515s] [ 97%] Built target open_manipulator_msgs__rosidl_typesupport_introspection_c__pyext
[0.517s] [100%] Built target open_manipulator_msgs__rosidl_typesupport_fastrtps_c__pyext
[0.636s] running egg_info
[0.637s] writing open_manipulator_msgs.egg-info/PKG-INFO
[0.637s] writing dependency_links to open_manipulator_msgs.egg-info/dependency_links.txt
[0.637s] writing top-level names to open_manipulator_msgs.egg-info/top_level.txt
[0.641s] reading manifest file 'open_manipulator_msgs.egg-info/SOURCES.txt'
[0.642s] writing manifest file 'open_manipulator_msgs.egg-info/SOURCES.txt'
[0.679s] [100%] Built target ament_cmake_python_build_open_manipulator_msgs_egg
