[0.029s] Invoking command in '/home/ubuntu/robotis_ws/build/cmake_modules': CMAKE_PREFIX_PATH=/opt/ros/humble /usr/bin/cmake /home/ubuntu/robotis_ws/src/open_manipulator_dependencies/cmake_modules -DCMAKE_CXX_FLAGS=-Wno-unused-variable -DCMAKE_INSTALL_PREFIX=/home/ubuntu/robotis_ws/install/cmake_modules
[0.053s] -- Found ament_cmake: 1.3.9 (/opt/ros/humble/share/ament_cmake/cmake)
[0.300s] -- Override CMake install command with custom implementation using symlinks instead of copying resources
[0.454s] -- Configuring done
[0.457s] -- Generating done
[0.458s] -- Build files have been written to: /home/ubuntu/robotis_ws/build/cmake_modules
[0.462s] Invoked command in '/home/ubuntu/robotis_ws/build/cmake_modules' returned '0': CMAKE_PREFIX_PATH=/opt/ros/humble /usr/bin/cmake /home/ubuntu/robotis_ws/src/open_manipulator_dependencies/cmake_modules -DCMAKE_CXX_FLAGS=-Wno-unused-variable -DCMAKE_INSTALL_PREFIX=/home/ubuntu/robotis_ws/install/cmake_modules
[0.465s] Invoking command in '/home/ubuntu/robotis_ws/build/cmake_modules': CMAKE_PREFIX_PATH=/opt/ros/humble /usr/bin/cmake --build /home/ubuntu/robotis_ws/build/cmake_modules -- -j8 -l8
[0.591s] Invoked command in '/home/ubuntu/robotis_ws/build/cmake_modules' returned '0': CMAKE_PREFIX_PATH=/opt/ros/humble /usr/bin/cmake --build /home/ubuntu/robotis_ws/build/cmake_modules -- -j8 -l8
[0.688s] Invoking command in '/home/ubuntu/robotis_ws/build/cmake_modules': CMAKE_PREFIX_PATH=/opt/ros/humble /usr/bin/cmake --install /home/ubuntu/robotis_ws/build/cmake_modules
[0.707s] -- Install configuration: ""
[0.708s] -- Execute custom install script
[0.708s] -- Up-to-date symlink: /home/ubuntu/robotis_ws/install/cmake_modules/share/cmake_modules/cmake/Modules/FindGSL.cmake
[0.709s] -- Up-to-date symlink: /home/ubuntu/robotis_ws/install/cmake_modules/share/cmake_modules/cmake/Modules/FindGflags.cmake
[0.709s] -- Up-to-date symlink: /home/ubuntu/robotis_ws/install/cmake_modules/share/cmake_modules/cmake/Modules/FindNUMPY.cmake
[0.709s] -- Up-to-date symlink: /home/ubuntu/robotis_ws/install/cmake_modules/share/cmake_modules/cmake/Modules/FindPoco.cmake
[0.709s] -- Up-to-date symlink: /home/ubuntu/robotis_ws/install/cmake_modules/share/cmake_modules/cmake/Modules/FindTBB.cmake
[0.710s] -- Up-to-date symlink: /home/ubuntu/robotis_ws/install/cmake_modules/share/cmake_modules/cmake/Modules/FindTinyXML.cmake
[0.710s] -- Up-to-date symlink: /home/ubuntu/robotis_ws/install/cmake_modules/share/cmake_modules/cmake/Modules/FindTinyXML2.cmake
[0.710s] -- Up-to-date symlink: /home/ubuntu/robotis_ws/install/cmake_modules/share/cmake_modules/cmake/Modules/FindUUID.cmake
[0.711s] -- Up-to-date symlink: /home/ubuntu/robotis_ws/install/cmake_modules/share/cmake_modules/cmake/Modules/FindXenomai.cmake
[0.711s] -- Up-to-date symlink: /home/ubuntu/robotis_ws/install/cmake_modules/share/ament_index/resource_index/package_run_dependencies/cmake_modules
[0.711s] -- Up-to-date symlink: /home/ubuntu/robotis_ws/install/cmake_modules/share/ament_index/resource_index/parent_prefix_path/cmake_modules
[0.716s] -- Up-to-date symlink: /home/ubuntu/robotis_ws/install/cmake_modules/share/cmake_modules/environment/ament_prefix_path.sh
[0.717s] -- Up-to-date symlink: /home/ubuntu/robotis_ws/install/cmake_modules/share/cmake_modules/environment/ament_prefix_path.dsv
[0.717s] -- Up-to-date symlink: /home/ubuntu/robotis_ws/install/cmake_modules/share/cmake_modules/environment/path.sh
[0.717s] -- Up-to-date symlink: /home/ubuntu/robotis_ws/install/cmake_modules/share/cmake_modules/environment/path.dsv
[0.718s] -- Up-to-date symlink: /home/ubuntu/robotis_ws/install/cmake_modules/share/cmake_modules/local_setup.bash
[0.718s] -- Up-to-date symlink: /home/ubuntu/robotis_ws/install/cmake_modules/share/cmake_modules/local_setup.sh
[0.718s] -- Up-to-date symlink: /home/ubuntu/robotis_ws/install/cmake_modules/share/cmake_modules/local_setup.zsh
[0.719s] -- Up-to-date symlink: /home/ubuntu/robotis_ws/install/cmake_modules/share/cmake_modules/local_setup.dsv
[0.719s] -- Symlinking: /home/ubuntu/robotis_ws/install/cmake_modules/share/cmake_modules/package.dsv
[0.743s] -- Up-to-date symlink: /home/ubuntu/robotis_ws/install/cmake_modules/share/ament_index/resource_index/packages/cmake_modules
[0.743s] -- Up-to-date symlink: /home/ubuntu/robotis_ws/install/cmake_modules/share/cmake_modules/cmake/cmake_modules-extras.cmake
[0.744s] -- Up-to-date symlink: /home/ubuntu/robotis_ws/install/cmake_modules/share/cmake_modules/cmake/ament_cmake_export_dependencies-extras.cmake
[0.744s] -- Up-to-date symlink: /home/ubuntu/robotis_ws/install/cmake_modules/share/cmake_modules/cmake/cmake_modulesConfig.cmake
[0.744s] -- Up-to-date symlink: /home/ubuntu/robotis_ws/install/cmake_modules/share/cmake_modules/cmake/cmake_modulesConfig-version.cmake
[0.745s] -- Up-to-date symlink: /home/ubuntu/robotis_ws/install/cmake_modules/share/cmake_modules/package.xml
[0.751s] Invoked command in '/home/ubuntu/robotis_ws/build/cmake_modules' returned '0': CMAKE_PREFIX_PATH=/opt/ros/humble /usr/bin/cmake --install /home/ubuntu/robotis_ws/build/cmake_modules
