[0.034s] Invoking command in '/home/ubuntu/robotis_ws/build/dynamixel_sdk': CMAKE_PREFIX_PATH=/opt/ros/humble /usr/bin/cmake /home/ubuntu/robotis_ws/src/DynamixelSDK/dynamixel_sdk -DCMAKE_CXX_FLAGS=-Wno-unused-variable -DCMAKE_INSTALL_PREFIX=/home/ubuntu/robotis_ws/install/dynamixel_sdk
[0.057s] -- Found ament_cmake: 1.3.9 (/opt/ros/humble/share/ament_cmake/cmake)
[0.275s] -- Override CMake install command with custom implementation using symlinks instead of copying resources
[0.391s] -- Configuring done
[0.400s] -- Generating done
[0.402s] -- Build files have been written to: /home/ubuntu/robotis_ws/build/dynamixel_sdk
[0.406s] Invoked command in '/home/ubuntu/robotis_ws/build/dynamixel_sdk' returned '0': CMAKE_PREFIX_PATH=/opt/ros/humble /usr/bin/cmake /home/ubuntu/robotis_ws/src/DynamixelSDK/dynamixel_sdk -DCMAKE_CXX_FLAGS=-Wno-unused-variable -DCMAKE_INSTALL_PREFIX=/home/ubuntu/robotis_ws/install/dynamixel_sdk
[0.409s] Invoking command in '/home/ubuntu/robotis_ws/build/dynamixel_sdk': CMAKE_PREFIX_PATH=/opt/ros/humble /usr/bin/cmake --build /home/ubuntu/robotis_ws/build/dynamixel_sdk -- -j8 -l8
[0.474s] [35m[1mConsolidate compiler generated dependencies of target dynamixel_sdk[0m
[0.500s] [ 20%] [32mBuilding CXX object CMakeFiles/dynamixel_sdk.dir/src/dynamixel_sdk/protocol1_packet_handler.cpp.o[0m
[0.501s] [ 20%] [32mBuilding CXX object CMakeFiles/dynamixel_sdk.dir/src/dynamixel_sdk/packet_handler.cpp.o[0m
[0.502s] [ 30%] [32mBuilding CXX object CMakeFiles/dynamixel_sdk.dir/src/dynamixel_sdk/protocol2_packet_handler.cpp.o[0m
[0.507s] [ 50%] [32mBuilding CXX object CMakeFiles/dynamixel_sdk.dir/src/dynamixel_sdk/group_sync_read.cpp.o[0m
[0.507s] [ 50%] [32mBuilding CXX object CMakeFiles/dynamixel_sdk.dir/src/dynamixel_sdk/group_sync_write.cpp.o[0m
[0.516s] [ 60%] [32mBuilding CXX object CMakeFiles/dynamixel_sdk.dir/src/dynamixel_sdk/group_bulk_read.cpp.o[0m
[0.520s] [ 70%] [32mBuilding CXX object CMakeFiles/dynamixel_sdk.dir/src/dynamixel_sdk/group_bulk_write.cpp.o[0m
[0.524s] [ 80%] [32mBuilding CXX object CMakeFiles/dynamixel_sdk.dir/src/dynamixel_sdk/port_handler.cpp.o[0m
[0.676s] [ 90%] [32mBuilding CXX object CMakeFiles/dynamixel_sdk.dir/src/dynamixel_sdk/port_handler_linux.cpp.o[0m
[1.633s] [100%] [32m[1mLinking CXX shared library libdynamixel_sdk.so[0m
[1.776s] [100%] Built target dynamixel_sdk
[1.792s] Invoked command in '/home/ubuntu/robotis_ws/build/dynamixel_sdk' returned '0': CMAKE_PREFIX_PATH=/opt/ros/humble /usr/bin/cmake --build /home/ubuntu/robotis_ws/build/dynamixel_sdk -- -j8 -l8
[1.859s] Invoking command in '/home/ubuntu/robotis_ws/build/dynamixel_sdk': CMAKE_PREFIX_PATH=/opt/ros/humble /usr/bin/cmake --install /home/ubuntu/robotis_ws/build/dynamixel_sdk
[1.871s] -- Install configuration: ""
[1.872s] -- Execute custom install script
[1.873s] -- Up-to-date symlink: /home/ubuntu/robotis_ws/install/dynamixel_sdk/include//dynamixel_sdk/dynamixel_sdk.h
[1.873s] -- Up-to-date symlink: /home/ubuntu/robotis_ws/install/dynamixel_sdk/include//dynamixel_sdk/group_bulk_read.h
[1.873s] -- Up-to-date symlink: /home/ubuntu/robotis_ws/install/dynamixel_sdk/include//dynamixel_sdk/group_bulk_write.h
[1.874s] -- Up-to-date symlink: /home/ubuntu/robotis_ws/install/dynamixel_sdk/include//dynamixel_sdk/group_sync_read.h
[1.874s] -- Up-to-date symlink: /home/ubuntu/robotis_ws/install/dynamixel_sdk/include//dynamixel_sdk/group_sync_write.h
[1.874s] -- Up-to-date symlink: /home/ubuntu/robotis_ws/install/dynamixel_sdk/include//dynamixel_sdk/packet_handler.h
[1.874s] -- Up-to-date symlink: /home/ubuntu/robotis_ws/install/dynamixel_sdk/include//dynamixel_sdk/port_handler.h
[1.874s] -- Up-to-date symlink: /home/ubuntu/robotis_ws/install/dynamixel_sdk/include//dynamixel_sdk/port_handler_arduino.h
[1.875s] -- Up-to-date symlink: /home/ubuntu/robotis_ws/install/dynamixel_sdk/include//dynamixel_sdk/port_handler_linux.h
[1.875s] -- Up-to-date symlink: /home/ubuntu/robotis_ws/install/dynamixel_sdk/include//dynamixel_sdk/port_handler_mac.h
[1.875s] -- Up-to-date symlink: /home/ubuntu/robotis_ws/install/dynamixel_sdk/include//dynamixel_sdk/port_handler_windows.h
[1.875s] -- Up-to-date symlink: /home/ubuntu/robotis_ws/install/dynamixel_sdk/include//dynamixel_sdk/protocol1_packet_handler.h
[1.875s] -- Up-to-date symlink: /home/ubuntu/robotis_ws/install/dynamixel_sdk/include//dynamixel_sdk/protocol2_packet_handler.h
[1.876s] -- Up-to-date symlink: /home/ubuntu/robotis_ws/install/dynamixel_sdk/lib/libdynamixel_sdk.so
[1.876s] -- Up-to-date symlink: /home/ubuntu/robotis_ws/install/dynamixel_sdk/share/dynamixel_sdk/environment/library_path.sh
[1.876s] -- Up-to-date symlink: /home/ubuntu/robotis_ws/install/dynamixel_sdk/share/dynamixel_sdk/environment/library_path.dsv
[1.876s] -- Up-to-date symlink: /home/ubuntu/robotis_ws/install/dynamixel_sdk/share/ament_index/resource_index/package_run_dependencies/dynamixel_sdk
[1.877s] -- Up-to-date symlink: /home/ubuntu/robotis_ws/install/dynamixel_sdk/share/ament_index/resource_index/parent_prefix_path/dynamixel_sdk
[1.877s] -- Up-to-date symlink: /home/ubuntu/robotis_ws/install/dynamixel_sdk/share/dynamixel_sdk/environment/ament_prefix_path.sh
[1.877s] -- Up-to-date symlink: /home/ubuntu/robotis_ws/install/dynamixel_sdk/share/dynamixel_sdk/environment/ament_prefix_path.dsv
[1.877s] -- Up-to-date symlink: /home/ubuntu/robotis_ws/install/dynamixel_sdk/share/dynamixel_sdk/environment/path.sh
[1.878s] -- Up-to-date symlink: /home/ubuntu/robotis_ws/install/dynamixel_sdk/share/dynamixel_sdk/environment/path.dsv
[1.878s] -- Up-to-date symlink: /home/ubuntu/robotis_ws/install/dynamixel_sdk/share/dynamixel_sdk/local_setup.bash
[1.878s] -- Up-to-date symlink: /home/ubuntu/robotis_ws/install/dynamixel_sdk/share/dynamixel_sdk/local_setup.sh
[1.879s] -- Up-to-date symlink: /home/ubuntu/robotis_ws/install/dynamixel_sdk/share/dynamixel_sdk/local_setup.zsh
[1.879s] -- Up-to-date symlink: /home/ubuntu/robotis_ws/install/dynamixel_sdk/share/dynamixel_sdk/local_setup.dsv
[1.879s] -- Symlinking: /home/ubuntu/robotis_ws/install/dynamixel_sdk/share/dynamixel_sdk/package.dsv
[1.891s] -- Up-to-date symlink: /home/ubuntu/robotis_ws/install/dynamixel_sdk/share/ament_index/resource_index/packages/dynamixel_sdk
[1.892s] -- Up-to-date symlink: /home/ubuntu/robotis_ws/install/dynamixel_sdk/share/dynamixel_sdk/cmake/ament_cmake_export_include_directories-extras.cmake
[1.892s] -- Up-to-date symlink: /home/ubuntu/robotis_ws/install/dynamixel_sdk/share/dynamixel_sdk/cmake/ament_cmake_export_libraries-extras.cmake
[1.892s] -- Up-to-date symlink: /home/ubuntu/robotis_ws/install/dynamixel_sdk/share/dynamixel_sdk/cmake/dynamixel_sdkConfig.cmake
[1.892s] -- Up-to-date symlink: /home/ubuntu/robotis_ws/install/dynamixel_sdk/share/dynamixel_sdk/cmake/dynamixel_sdkConfig-version.cmake
[1.893s] -- Up-to-date symlink: /home/ubuntu/robotis_ws/install/dynamixel_sdk/share/dynamixel_sdk/package.xml
[1.896s] Invoked command in '/home/ubuntu/robotis_ws/build/dynamixel_sdk' returned '0': CMAKE_PREFIX_PATH=/opt/ros/humble /usr/bin/cmake --install /home/ubuntu/robotis_ws/build/dynamixel_sdk
