[0.908s] Invoking command in '/home/ubuntu/robotis_ws/src/open_manipulator/open_manipulator_x_teleop': CMAKE_PREFIX_PATH=/home/ubuntu/robotis_ws/install/open_manipulator_msgs:/home/ubuntu/robotis_ws/install/open_manipulator:/home/ubuntu/robotis_ws/install/open_manipulator_x_controller:/home/ubuntu/robotis_ws/install/open_manipulator_x_libs:/home/ubuntu/robotis_ws/install/robotis_manipulator:/home/ubuntu/robotis_ws/install/open_manipulator_x_description:/home/ubuntu/robotis_ws/install/dynamixel_workbench:/home/ubuntu/robotis_ws/install/dynamixel_workbench_toolbox:/home/ubuntu/robotis_ws/install/dynamixel_sdk_examples:/home/ubuntu/robotis_ws/install/dynamixel_sdk_custom_interfaces:/home/ubuntu/robotis_ws/install/dynamixel_sdk:/home/ubuntu/robotis_ws/install/cmake_modules LD_LIBRARY_PATH=/home/ubuntu/robotis_ws/install/open_manipulator_msgs/lib:/home/ubuntu/robotis_ws/install/open_manipulator_x_libs/lib:/home/ubuntu/robotis_ws/install/robotis_manipulator/lib:/home/ubuntu/robotis_ws/install/dynamixel_workbench_toolbox/lib:/home/ubuntu/robotis_ws/install/dynamixel_sdk_custom_interfaces/lib:/home/ubuntu/robotis_ws/install/dynamixel_sdk/lib:/usr/lib/x86_64-linux-gnu/gazebo-11/plugins:/opt/ros/humble/opt/rviz_ogre_vendor/lib:/opt/ros/humble/lib/x86_64-linux-gnu:/opt/ros/humble/lib PYTHONPATH=/home/ubuntu/robotis_ws/build/open_manipulator_x_teleop/prefix_override:/usr/lib/python3/dist-packages/colcon_core/task/python/colcon_distutils_commands:/home/ubuntu/robotis_ws/install/open_manipulator_x_teleop/lib/python3.10/site-packages:${PYTHONPATH} /usr/bin/python3 -W ignore:setup.py install is deprecated setup.py egg_info --egg-base ../../../build/open_manipulator_x_teleop build --build-base /home/ubuntu/robotis_ws/build/open_manipulator_x_teleop/build install --record /home/ubuntu/robotis_ws/build/open_manipulator_x_teleop/install.log --single-version-externally-managed install_data
[1.199s] running egg_info
[1.199s] writing ../../../build/open_manipulator_x_teleop/open_manipulator_x_teleop.egg-info/PKG-INFO
[1.201s] writing dependency_links to ../../../build/open_manipulator_x_teleop/open_manipulator_x_teleop.egg-info/dependency_links.txt
[1.202s] writing entry points to ../../../build/open_manipulator_x_teleop/open_manipulator_x_teleop.egg-info/entry_points.txt
[1.202s] writing requirements to ../../../build/open_manipulator_x_teleop/open_manipulator_x_teleop.egg-info/requires.txt
[1.202s] writing top-level names to ../../../build/open_manipulator_x_teleop/open_manipulator_x_teleop.egg-info/top_level.txt
[1.207s] reading manifest file '../../../build/open_manipulator_x_teleop/open_manipulator_x_teleop.egg-info/SOURCES.txt'
[1.209s] writing manifest file '../../../build/open_manipulator_x_teleop/open_manipulator_x_teleop.egg-info/SOURCES.txt'
[1.209s] running build
[1.209s] running build_py
[1.210s] running install
[1.211s] running install_lib
[1.214s] running install_data
[1.214s] running install_egg_info
[1.217s] removing '/home/ubuntu/robotis_ws/install/open_manipulator_x_teleop/lib/python3.10/site-packages/open_manipulator_x_teleop-2.3.0-py3.10.egg-info' (and everything under it)
[1.217s] Copying ../../../build/open_manipulator_x_teleop/open_manipulator_x_teleop.egg-info to /home/ubuntu/robotis_ws/install/open_manipulator_x_teleop/lib/python3.10/site-packages/open_manipulator_x_teleop-2.3.0-py3.10.egg-info
[1.218s] running install_scripts
[1.243s] Installing teleop_keyboard script to /home/ubuntu/robotis_ws/install/open_manipulator_x_teleop/lib/open_manipulator_x_teleop
[1.243s] writing list of installed files to '/home/ubuntu/robotis_ws/build/open_manipulator_x_teleop/install.log'
[1.270s] Invoked command in '/home/ubuntu/robotis_ws/src/open_manipulator/open_manipulator_x_teleop' returned '0': CMAKE_PREFIX_PATH=/home/ubuntu/robotis_ws/install/open_manipulator_msgs:/home/ubuntu/robotis_ws/install/open_manipulator:/home/ubuntu/robotis_ws/install/open_manipulator_x_controller:/home/ubuntu/robotis_ws/install/open_manipulator_x_libs:/home/ubuntu/robotis_ws/install/robotis_manipulator:/home/ubuntu/robotis_ws/install/open_manipulator_x_description:/home/ubuntu/robotis_ws/install/dynamixel_workbench:/home/ubuntu/robotis_ws/install/dynamixel_workbench_toolbox:/home/ubuntu/robotis_ws/install/dynamixel_sdk_examples:/home/ubuntu/robotis_ws/install/dynamixel_sdk_custom_interfaces:/home/ubuntu/robotis_ws/install/dynamixel_sdk:/home/ubuntu/robotis_ws/install/cmake_modules LD_LIBRARY_PATH=/home/ubuntu/robotis_ws/install/open_manipulator_msgs/lib:/home/ubuntu/robotis_ws/install/open_manipulator_x_libs/lib:/home/ubuntu/robotis_ws/install/robotis_manipulator/lib:/home/ubuntu/robotis_ws/install/dynamixel_workbench_toolbox/lib:/home/ubuntu/robotis_ws/install/dynamixel_sdk_custom_interfaces/lib:/home/ubuntu/robotis_ws/install/dynamixel_sdk/lib:/usr/lib/x86_64-linux-gnu/gazebo-11/plugins:/opt/ros/humble/opt/rviz_ogre_vendor/lib:/opt/ros/humble/lib/x86_64-linux-gnu:/opt/ros/humble/lib PYTHONPATH=/home/ubuntu/robotis_ws/build/open_manipulator_x_teleop/prefix_override:/usr/lib/python3/dist-packages/colcon_core/task/python/colcon_distutils_commands:/home/ubuntu/robotis_ws/install/open_manipulator_x_teleop/lib/python3.10/site-packages:${PYTHONPATH} /usr/bin/python3 -W ignore:setup.py install is deprecated setup.py egg_info --egg-base ../../../build/open_manipulator_x_teleop build --build-base /home/ubuntu/robotis_ws/build/open_manipulator_x_teleop/build install --record /home/ubuntu/robotis_ws/build/open_manipulator_x_teleop/install.log --single-version-externally-managed install_data
