[0.062s] Invoking command in '/home/ubuntu/robotis_ws/build/robotis_manipulator': CMAKE_PREFIX_PATH=/home/ubuntu/robotis_ws/install/cmake_modules:/home/ubuntu/robotis_ws/install/open_manipulator:/home/ubuntu/robotis_ws/install/open_manipulator_x_controller:/home/ubuntu/robotis_ws/install/open_manipulator_x_libs:/home/ubuntu/robotis_ws/install/robotis_manipulator:/home/ubuntu/robotis_ws/install/moveit2:/home/ubuntu/robotis_ws/install/open_manipulator_x_description:/home/ubuntu/robotis_ws/install/open_manipulator_msgs:/home/ubuntu/robotis_ws/install/dynamixel_workbench:/home/ubuntu/robotis_ws/install/dynamixel_workbench_toolbox:/home/ubuntu/robotis_ws/install/dynamixel_sdk_examples:/home/ubuntu/robotis_ws/install/dynamixel_sdk_custom_interfaces:/home/ubuntu/robotis_ws/install/dynamixel_sdk:/home/ubuntu/robotis_ws/install/open_manipulator_x_teleop:/opt/ros/humble /usr/bin/cmake /home/ubuntu/robotis_ws/src/robotis_manipulator -DCMAKE_INSTALL_PREFIX=/home/ubuntu/robotis_ws/install/robotis_manipulator
[0.155s] -- Found ament_cmake: 1.3.9 (/opt/ros/humble/share/ament_cmake/cmake)
[0.711s] -- Override CMake install command with custom implementation using symlinks instead of copying resources
[0.753s] -- Found cmake_modules: 0.4.1 (/home/ubuntu/robotis_ws/install/cmake_modules/share/cmake_modules/cmake)
[0.758s] -- Found rclcpp: 16.0.9 (/opt/ros/humble/share/rclcpp/cmake)
[0.894s] -- Found rosidl_generator_c: 3.1.5 (/opt/ros/humble/share/rosidl_generator_c/cmake)
[0.908s] -- Found rosidl_adapter: 3.1.5 (/opt/ros/humble/share/rosidl_adapter/cmake)
[0.953s] -- Found rosidl_generator_cpp: 3.1.5 (/opt/ros/humble/share/rosidl_generator_cpp/cmake)
[1.012s] -- Using all available rosidl_typesupport_c: rosidl_typesupport_fastrtps_c;rosidl_typesupport_introspection_c
[1.082s] -- Using all available rosidl_typesupport_cpp: rosidl_typesupport_fastrtps_cpp;rosidl_typesupport_introspection_cpp
[1.381s] -- Found rmw_implementation_cmake: 6.1.2 (/opt/ros/humble/share/rmw_implementation_cmake/cmake)
[1.392s] -- Found rmw_fastrtps_cpp: 6.2.6 (/opt/ros/humble/share/rmw_fastrtps_cpp/cmake)
[1.757s] -- Using RMW implementation 'rmw_fastrtps_cpp' as default
[2.765s] -- Configuring done
[2.809s] -- Generating done
[2.815s] -- Build files have been written to: /home/ubuntu/robotis_ws/build/robotis_manipulator
[2.842s] Invoked command in '/home/ubuntu/robotis_ws/build/robotis_manipulator' returned '0': CMAKE_PREFIX_PATH=/home/ubuntu/robotis_ws/install/cmake_modules:/home/ubuntu/robotis_ws/install/open_manipulator:/home/ubuntu/robotis_ws/install/open_manipulator_x_controller:/home/ubuntu/robotis_ws/install/open_manipulator_x_libs:/home/ubuntu/robotis_ws/install/robotis_manipulator:/home/ubuntu/robotis_ws/install/moveit2:/home/ubuntu/robotis_ws/install/open_manipulator_x_description:/home/ubuntu/robotis_ws/install/open_manipulator_msgs:/home/ubuntu/robotis_ws/install/dynamixel_workbench:/home/ubuntu/robotis_ws/install/dynamixel_workbench_toolbox:/home/ubuntu/robotis_ws/install/dynamixel_sdk_examples:/home/ubuntu/robotis_ws/install/dynamixel_sdk_custom_interfaces:/home/ubuntu/robotis_ws/install/dynamixel_sdk:/home/ubuntu/robotis_ws/install/open_manipulator_x_teleop:/opt/ros/humble /usr/bin/cmake /home/ubuntu/robotis_ws/src/robotis_manipulator -DCMAKE_INSTALL_PREFIX=/home/ubuntu/robotis_ws/install/robotis_manipulator
[2.849s] Invoking command in '/home/ubuntu/robotis_ws/build/robotis_manipulator': CMAKE_PREFIX_PATH=/home/ubuntu/robotis_ws/install/cmake_modules:/home/ubuntu/robotis_ws/install/open_manipulator:/home/ubuntu/robotis_ws/install/open_manipulator_x_controller:/home/ubuntu/robotis_ws/install/open_manipulator_x_libs:/home/ubuntu/robotis_ws/install/robotis_manipulator:/home/ubuntu/robotis_ws/install/moveit2:/home/ubuntu/robotis_ws/install/open_manipulator_x_description:/home/ubuntu/robotis_ws/install/open_manipulator_msgs:/home/ubuntu/robotis_ws/install/dynamixel_workbench:/home/ubuntu/robotis_ws/install/dynamixel_workbench_toolbox:/home/ubuntu/robotis_ws/install/dynamixel_sdk_examples:/home/ubuntu/robotis_ws/install/dynamixel_sdk_custom_interfaces:/home/ubuntu/robotis_ws/install/dynamixel_sdk:/home/ubuntu/robotis_ws/install/open_manipulator_x_teleop:/opt/ros/humble /usr/bin/cmake --build /home/ubuntu/robotis_ws/build/robotis_manipulator -- -j8 -l8
[3.046s] [35m[1mConsolidate compiler generated dependencies of target robotis_manipulator[0m
[3.215s] [ 14%] [32m[1mLinking CXX shared library librobotis_manipulator.so[0m
[5.450s] [100%] Built target robotis_manipulator
[5.514s] Invoked command in '/home/ubuntu/robotis_ws/build/robotis_manipulator' returned '0': CMAKE_PREFIX_PATH=/home/ubuntu/robotis_ws/install/cmake_modules:/home/ubuntu/robotis_ws/install/open_manipulator:/home/ubuntu/robotis_ws/install/open_manipulator_x_controller:/home/ubuntu/robotis_ws/install/open_manipulator_x_libs:/home/ubuntu/robotis_ws/install/robotis_manipulator:/home/ubuntu/robotis_ws/install/moveit2:/home/ubuntu/robotis_ws/install/open_manipulator_x_description:/home/ubuntu/robotis_ws/install/open_manipulator_msgs:/home/ubuntu/robotis_ws/install/dynamixel_workbench:/home/ubuntu/robotis_ws/install/dynamixel_workbench_toolbox:/home/ubuntu/robotis_ws/install/dynamixel_sdk_examples:/home/ubuntu/robotis_ws/install/dynamixel_sdk_custom_interfaces:/home/ubuntu/robotis_ws/install/dynamixel_sdk:/home/ubuntu/robotis_ws/install/open_manipulator_x_teleop:/opt/ros/humble /usr/bin/cmake --build /home/ubuntu/robotis_ws/build/robotis_manipulator -- -j8 -l8
[5.949s] Invoking command in '/home/ubuntu/robotis_ws/build/robotis_manipulator': CMAKE_PREFIX_PATH=/home/ubuntu/robotis_ws/install/cmake_modules:/home/ubuntu/robotis_ws/install/open_manipulator:/home/ubuntu/robotis_ws/install/open_manipulator_x_controller:/home/ubuntu/robotis_ws/install/open_manipulator_x_libs:/home/ubuntu/robotis_ws/install/robotis_manipulator:/home/ubuntu/robotis_ws/install/moveit2:/home/ubuntu/robotis_ws/install/open_manipulator_x_description:/home/ubuntu/robotis_ws/install/open_manipulator_msgs:/home/ubuntu/robotis_ws/install/dynamixel_workbench:/home/ubuntu/robotis_ws/install/dynamixel_workbench_toolbox:/home/ubuntu/robotis_ws/install/dynamixel_sdk_examples:/home/ubuntu/robotis_ws/install/dynamixel_sdk_custom_interfaces:/home/ubuntu/robotis_ws/install/dynamixel_sdk:/home/ubuntu/robotis_ws/install/open_manipulator_x_teleop:/opt/ros/humble /usr/bin/cmake --install /home/ubuntu/robotis_ws/build/robotis_manipulator
[6.005s] -- Install configuration: ""
[6.009s] -- Execute custom install script
[6.013s] -- Up-to-date symlink: /home/ubuntu/robotis_ws/install/robotis_manipulator/lib/librobotis_manipulator.so
[6.017s] -- Up-to-date symlink: /home/ubuntu/robotis_ws/install/robotis_manipulator/include//robotis_manipulator/robotis_manipulator.h
[6.018s] -- Up-to-date symlink: /home/ubuntu/robotis_ws/install/robotis_manipulator/include//robotis_manipulator/robotis_manipulator_common.h
[6.020s] -- Up-to-date symlink: /home/ubuntu/robotis_ws/install/robotis_manipulator/include//robotis_manipulator/robotis_manipulator_log.h
[6.021s] -- Up-to-date symlink: /home/ubuntu/robotis_ws/install/robotis_manipulator/include//robotis_manipulator/robotis_manipulator_manager.h
[6.022s] -- Up-to-date symlink: /home/ubuntu/robotis_ws/install/robotis_manipulator/include//robotis_manipulator/robotis_manipulator_math.h
[6.023s] -- Up-to-date symlink: /home/ubuntu/robotis_ws/install/robotis_manipulator/include//robotis_manipulator/robotis_manipulator_trajectory_generator.h
[6.024s] -- Up-to-date symlink: /home/ubuntu/robotis_ws/install/robotis_manipulator/share/robotis_manipulator/environment/library_path.sh
[6.026s] -- Up-to-date symlink: /home/ubuntu/robotis_ws/install/robotis_manipulator/share/robotis_manipulator/environment/library_path.dsv
[6.027s] -- Up-to-date symlink: /home/ubuntu/robotis_ws/install/robotis_manipulator/share/ament_index/resource_index/package_run_dependencies/robotis_manipulator
[6.029s] -- Up-to-date symlink: /home/ubuntu/robotis_ws/install/robotis_manipulator/share/ament_index/resource_index/parent_prefix_path/robotis_manipulator
[6.031s] -- Up-to-date symlink: /home/ubuntu/robotis_ws/install/robotis_manipulator/share/robotis_manipulator/environment/ament_prefix_path.sh
[6.032s] -- Up-to-date symlink: /home/ubuntu/robotis_ws/install/robotis_manipulator/share/robotis_manipulator/environment/ament_prefix_path.dsv
[6.033s] -- Up-to-date symlink: /home/ubuntu/robotis_ws/install/robotis_manipulator/share/robotis_manipulator/environment/path.sh
[6.035s] -- Up-to-date symlink: /home/ubuntu/robotis_ws/install/robotis_manipulator/share/robotis_manipulator/environment/path.dsv
[6.036s] -- Up-to-date symlink: /home/ubuntu/robotis_ws/install/robotis_manipulator/share/robotis_manipulator/local_setup.bash
[6.038s] -- Up-to-date symlink: /home/ubuntu/robotis_ws/install/robotis_manipulator/share/robotis_manipulator/local_setup.sh
[6.039s] -- Up-to-date symlink: /home/ubuntu/robotis_ws/install/robotis_manipulator/share/robotis_manipulator/local_setup.zsh
[6.040s] -- Up-to-date symlink: /home/ubuntu/robotis_ws/install/robotis_manipulator/share/robotis_manipulator/local_setup.dsv
[6.041s] -- Symlinking: /home/ubuntu/robotis_ws/install/robotis_manipulator/share/robotis_manipulator/package.dsv
[6.087s] -- Up-to-date symlink: /home/ubuntu/robotis_ws/install/robotis_manipulator/share/ament_index/resource_index/packages/robotis_manipulator
[6.089s] -- Up-to-date symlink: /home/ubuntu/robotis_ws/install/robotis_manipulator/share/robotis_manipulator/cmake/ament_cmake_export_include_directories-extras.cmake
[6.092s] -- Up-to-date symlink: /home/ubuntu/robotis_ws/install/robotis_manipulator/share/robotis_manipulator/cmake/ament_cmake_export_dependencies-extras.cmake
[6.095s] -- Up-to-date symlink: /home/ubuntu/robotis_ws/install/robotis_manipulator/share/robotis_manipulator/cmake/ament_cmake_export_libraries-extras.cmake
[6.096s] -- Up-to-date symlink: /home/ubuntu/robotis_ws/install/robotis_manipulator/share/robotis_manipulator/cmake/robotis_manipulatorConfig.cmake
[6.097s] -- Up-to-date symlink: /home/ubuntu/robotis_ws/install/robotis_manipulator/share/robotis_manipulator/cmake/robotis_manipulatorConfig-version.cmake
[6.098s] -- Up-to-date symlink: /home/ubuntu/robotis_ws/install/robotis_manipulator/share/robotis_manipulator/package.xml
[6.109s] Invoked command in '/home/ubuntu/robotis_ws/build/robotis_manipulator' returned '0': CMAKE_PREFIX_PATH=/home/ubuntu/robotis_ws/install/cmake_modules:/home/ubuntu/robotis_ws/install/open_manipulator:/home/ubuntu/robotis_ws/install/open_manipulator_x_controller:/home/ubuntu/robotis_ws/install/open_manipulator_x_libs:/home/ubuntu/robotis_ws/install/robotis_manipulator:/home/ubuntu/robotis_ws/install/moveit2:/home/ubuntu/robotis_ws/install/open_manipulator_x_description:/home/ubuntu/robotis_ws/install/open_manipulator_msgs:/home/ubuntu/robotis_ws/install/dynamixel_workbench:/home/ubuntu/robotis_ws/install/dynamixel_workbench_toolbox:/home/ubuntu/robotis_ws/install/dynamixel_sdk_examples:/home/ubuntu/robotis_ws/install/dynamixel_sdk_custom_interfaces:/home/ubuntu/robotis_ws/install/dynamixel_sdk:/home/ubuntu/robotis_ws/install/open_manipulator_x_teleop:/opt/ros/humble /usr/bin/cmake --install /home/ubuntu/robotis_ws/build/robotis_manipulator
