[0.167s] Invoking command in '/home/ubuntu/robotis_ws/build/dynamixel_sdk_examples': AMENT_PREFIX_PATH=/home/ubuntu/robotis_ws/install/dynamixel_sdk_custom_interfaces:/home/ubuntu/robotis_ws/install/dynamixel_sdk:${AMENT_PREFIX_PATH} CMAKE_PREFIX_PATH=/home/ubuntu/robotis_ws/install/dynamixel_sdk_custom_interfaces:/home/ubuntu/robotis_ws/install/dynamixel_sdk:/opt/ros/humble LD_LIBRARY_PATH=/home/ubuntu/robotis_ws/install/dynamixel_sdk_custom_interfaces/lib:/home/ubuntu/robotis_ws/install/dynamixel_sdk/lib:${LD_LIBRARY_PATH} PYTHONPATH=/home/ubuntu/robotis_ws/install/dynamixel_sdk_custom_interfaces/local/lib/python3.10/dist-packages:${PYTHONPATH} /usr/bin/cmake /home/ubuntu/robotis_ws/src/DynamixelSDK/dynamixel_sdk_examples -DCMAKE_CXX_FLAGS=-Wno-unused-variable -DCMAKE_INSTALL_PREFIX=/home/ubuntu/robotis_ws/install/dynamixel_sdk_examples
[0.262s] -- Found ament_cmake: 1.3.9 (/opt/ros/humble/share/ament_cmake/cmake)
[0.768s] -- Override CMake install command with custom implementation using symlinks instead of copying resources
[0.789s] -- Found dynamixel_sdk: 3.7.60 (/home/ubuntu/robotis_ws/install/dynamixel_sdk/share/dynamixel_sdk/cmake)
[0.793s] -- Found dynamixel_sdk_custom_interfaces: 3.7.60 (/home/ubuntu/robotis_ws/install/dynamixel_sdk_custom_interfaces/share/dynamixel_sdk_custom_interfaces/cmake)
[0.862s] -- Found rosidl_generator_c: 3.1.5 (/opt/ros/humble/share/rosidl_generator_c/cmake)
[0.871s] -- Found rosidl_adapter: 3.1.5 (/opt/ros/humble/share/rosidl_adapter/cmake)
[0.889s] -- Found rosidl_generator_cpp: 3.1.5 (/opt/ros/humble/share/rosidl_generator_cpp/cmake)
[0.936s] -- Using all available rosidl_typesupport_c: rosidl_typesupport_fastrtps_c;rosidl_typesupport_introspection_c
[1.001s] -- Using all available rosidl_typesupport_cpp: rosidl_typesupport_fastrtps_cpp;rosidl_typesupport_introspection_cpp
[1.178s] -- Found rclcpp: 16.0.9 (/opt/ros/humble/share/rclcpp/cmake)
[1.331s] -- Found rmw_implementation_cmake: 6.1.2 (/opt/ros/humble/share/rmw_implementation_cmake/cmake)
[1.337s] -- Found rmw_fastrtps_cpp: 6.2.6 (/opt/ros/humble/share/rmw_fastrtps_cpp/cmake)
[1.849s] -- Using RMW implementation 'rmw_fastrtps_cpp' as default
[2.255s] -- Found ament_lint_auto: 0.12.11 (/opt/ros/humble/share/ament_lint_auto/cmake)
[2.370s] -- Added test 'copyright' to check source files copyright and LICENSE
[2.372s] -- Added test 'cppcheck' to perform static code analysis on C / C++ code
[2.372s] -- Configured cppcheck include dirs: /home/ubuntu/robotis_ws/src/DynamixelSDK/dynamixel_sdk_examples/include
[2.373s] -- Configured cppcheck exclude dirs and/or files: 
[2.374s] -- Added test 'cpplint' to check C / C++ code against the Google style
[2.374s] -- Configured cpplint exclude dirs and/or files: 
[2.375s] -- Added test 'lint_cmake' to check CMake code style
[2.376s] -- Added test 'uncrustify' to check C / C++ code style
[2.377s] -- Configured uncrustify additional arguments: 
[2.377s] -- Added test 'xmllint' to check XML markup files
[2.379s] -- Configuring done
[2.396s] -- Generating done
[2.399s] -- Build files have been written to: /home/ubuntu/robotis_ws/build/dynamixel_sdk_examples
[2.421s] Invoked command in '/home/ubuntu/robotis_ws/build/dynamixel_sdk_examples' returned '0': AMENT_PREFIX_PATH=/home/ubuntu/robotis_ws/install/dynamixel_sdk_custom_interfaces:/home/ubuntu/robotis_ws/install/dynamixel_sdk:${AMENT_PREFIX_PATH} CMAKE_PREFIX_PATH=/home/ubuntu/robotis_ws/install/dynamixel_sdk_custom_interfaces:/home/ubuntu/robotis_ws/install/dynamixel_sdk:/opt/ros/humble LD_LIBRARY_PATH=/home/ubuntu/robotis_ws/install/dynamixel_sdk_custom_interfaces/lib:/home/ubuntu/robotis_ws/install/dynamixel_sdk/lib:${LD_LIBRARY_PATH} PYTHONPATH=/home/ubuntu/robotis_ws/install/dynamixel_sdk_custom_interfaces/local/lib/python3.10/dist-packages:${PYTHONPATH} /usr/bin/cmake /home/ubuntu/robotis_ws/src/DynamixelSDK/dynamixel_sdk_examples -DCMAKE_CXX_FLAGS=-Wno-unused-variable -DCMAKE_INSTALL_PREFIX=/home/ubuntu/robotis_ws/install/dynamixel_sdk_examples
[2.424s] Invoking command in '/home/ubuntu/robotis_ws/build/dynamixel_sdk_examples': AMENT_PREFIX_PATH=/home/ubuntu/robotis_ws/install/dynamixel_sdk_custom_interfaces:/home/ubuntu/robotis_ws/install/dynamixel_sdk:${AMENT_PREFIX_PATH} CMAKE_PREFIX_PATH=/home/ubuntu/robotis_ws/install/dynamixel_sdk_custom_interfaces:/home/ubuntu/robotis_ws/install/dynamixel_sdk:/opt/ros/humble LD_LIBRARY_PATH=/home/ubuntu/robotis_ws/install/dynamixel_sdk_custom_interfaces/lib:/home/ubuntu/robotis_ws/install/dynamixel_sdk/lib:${LD_LIBRARY_PATH} PYTHONPATH=/home/ubuntu/robotis_ws/install/dynamixel_sdk_custom_interfaces/local/lib/python3.10/dist-packages:${PYTHONPATH} /usr/bin/cmake --build /home/ubuntu/robotis_ws/build/dynamixel_sdk_examples -- -j8 -l8
[2.498s] [35m[1mConsolidate compiler generated dependencies of target read_write_node[0m
[2.527s] [ 50%] [32mBuilding CXX object CMakeFiles/read_write_node.dir/src/read_write_node.cpp.o[0m
[13.977s] [100%] [32m[1mLinking CXX executable read_write_node[0m
[14.571s] [100%] Built target read_write_node
[14.587s] Invoked command in '/home/ubuntu/robotis_ws/build/dynamixel_sdk_examples' returned '0': AMENT_PREFIX_PATH=/home/ubuntu/robotis_ws/install/dynamixel_sdk_custom_interfaces:/home/ubuntu/robotis_ws/install/dynamixel_sdk:${AMENT_PREFIX_PATH} CMAKE_PREFIX_PATH=/home/ubuntu/robotis_ws/install/dynamixel_sdk_custom_interfaces:/home/ubuntu/robotis_ws/install/dynamixel_sdk:/opt/ros/humble LD_LIBRARY_PATH=/home/ubuntu/robotis_ws/install/dynamixel_sdk_custom_interfaces/lib:/home/ubuntu/robotis_ws/install/dynamixel_sdk/lib:${LD_LIBRARY_PATH} PYTHONPATH=/home/ubuntu/robotis_ws/install/dynamixel_sdk_custom_interfaces/local/lib/python3.10/dist-packages:${PYTHONPATH} /usr/bin/cmake --build /home/ubuntu/robotis_ws/build/dynamixel_sdk_examples -- -j8 -l8
[14.624s] Invoking command in '/home/ubuntu/robotis_ws/build/dynamixel_sdk_examples': AMENT_PREFIX_PATH=/home/ubuntu/robotis_ws/install/dynamixel_sdk_custom_interfaces:/home/ubuntu/robotis_ws/install/dynamixel_sdk:${AMENT_PREFIX_PATH} CMAKE_PREFIX_PATH=/home/ubuntu/robotis_ws/install/dynamixel_sdk_custom_interfaces:/home/ubuntu/robotis_ws/install/dynamixel_sdk:/opt/ros/humble LD_LIBRARY_PATH=/home/ubuntu/robotis_ws/install/dynamixel_sdk_custom_interfaces/lib:/home/ubuntu/robotis_ws/install/dynamixel_sdk/lib:${LD_LIBRARY_PATH} PYTHONPATH=/home/ubuntu/robotis_ws/install/dynamixel_sdk_custom_interfaces/local/lib/python3.10/dist-packages:${PYTHONPATH} /usr/bin/cmake --install /home/ubuntu/robotis_ws/build/dynamixel_sdk_examples
[14.634s] -- Install configuration: ""
[14.635s] -- Execute custom install script
[14.635s] -- Up-to-date symlink: /home/ubuntu/robotis_ws/install/dynamixel_sdk_examples/lib/dynamixel_sdk_examples/read_write_node
[14.635s] -- Up-to-date symlink: /home/ubuntu/robotis_ws/install/dynamixel_sdk_examples/share/ament_index/resource_index/package_run_dependencies/dynamixel_sdk_examples
[14.636s] -- Up-to-date symlink: /home/ubuntu/robotis_ws/install/dynamixel_sdk_examples/share/ament_index/resource_index/parent_prefix_path/dynamixel_sdk_examples
[14.636s] -- Up-to-date symlink: /home/ubuntu/robotis_ws/install/dynamixel_sdk_examples/share/dynamixel_sdk_examples/environment/ament_prefix_path.sh
[14.636s] -- Up-to-date symlink: /home/ubuntu/robotis_ws/install/dynamixel_sdk_examples/share/dynamixel_sdk_examples/environment/ament_prefix_path.dsv
[14.636s] -- Up-to-date symlink: /home/ubuntu/robotis_ws/install/dynamixel_sdk_examples/share/dynamixel_sdk_examples/environment/path.sh
[14.637s] -- Up-to-date symlink: /home/ubuntu/robotis_ws/install/dynamixel_sdk_examples/share/dynamixel_sdk_examples/environment/path.dsv
[14.637s] -- Up-to-date symlink: /home/ubuntu/robotis_ws/install/dynamixel_sdk_examples/share/dynamixel_sdk_examples/local_setup.bash
[14.637s] -- Up-to-date symlink: /home/ubuntu/robotis_ws/install/dynamixel_sdk_examples/share/dynamixel_sdk_examples/local_setup.sh
[14.637s] -- Up-to-date symlink: /home/ubuntu/robotis_ws/install/dynamixel_sdk_examples/share/dynamixel_sdk_examples/local_setup.zsh
[14.638s] -- Up-to-date symlink: /home/ubuntu/robotis_ws/install/dynamixel_sdk_examples/share/dynamixel_sdk_examples/local_setup.dsv
[14.638s] -- Symlinking: /home/ubuntu/robotis_ws/install/dynamixel_sdk_examples/share/dynamixel_sdk_examples/package.dsv
[14.654s] -- Up-to-date symlink: /home/ubuntu/robotis_ws/install/dynamixel_sdk_examples/share/ament_index/resource_index/packages/dynamixel_sdk_examples
[14.654s] -- Up-to-date symlink: /home/ubuntu/robotis_ws/install/dynamixel_sdk_examples/share/dynamixel_sdk_examples/cmake/dynamixel_sdk_examplesConfig.cmake
[14.655s] -- Up-to-date symlink: /home/ubuntu/robotis_ws/install/dynamixel_sdk_examples/share/dynamixel_sdk_examples/cmake/dynamixel_sdk_examplesConfig-version.cmake
[14.655s] -- Up-to-date symlink: /home/ubuntu/robotis_ws/install/dynamixel_sdk_examples/share/dynamixel_sdk_examples/package.xml
[14.658s] Invoked command in '/home/ubuntu/robotis_ws/build/dynamixel_sdk_examples' returned '0': AMENT_PREFIX_PATH=/home/ubuntu/robotis_ws/install/dynamixel_sdk_custom_interfaces:/home/ubuntu/robotis_ws/install/dynamixel_sdk:${AMENT_PREFIX_PATH} CMAKE_PREFIX_PATH=/home/ubuntu/robotis_ws/install/dynamixel_sdk_custom_interfaces:/home/ubuntu/robotis_ws/install/dynamixel_sdk:/opt/ros/humble LD_LIBRARY_PATH=/home/ubuntu/robotis_ws/install/dynamixel_sdk_custom_interfaces/lib:/home/ubuntu/robotis_ws/install/dynamixel_sdk/lib:${LD_LIBRARY_PATH} PYTHONPATH=/home/ubuntu/robotis_ws/install/dynamixel_sdk_custom_interfaces/local/lib/python3.10/dist-packages:${PYTHONPATH} /usr/bin/cmake --install /home/ubuntu/robotis_ws/build/dynamixel_sdk_examples
