[0.053s] Invoking command in '/home/ubuntu/robotis_ws/build/cmake_modules': CMAKE_PREFIX_PATH=${CMAKE_PREFIX_PATH}:/home/ubuntu/robotis_ws/install/open_manipulator_x_teleop:/opt/ros/humble /usr/bin/cmake /home/ubuntu/robotis_ws/src/open_manipulator_dependencies/cmake_modules -DCMAKE_INSTALL_PREFIX=/home/ubuntu/robotis_ws/install/cmake_modules
[0.144s] -- Found ament_cmake: 1.3.9 (/opt/ros/humble/share/ament_cmake/cmake)
[0.451s] -- Override CMake install command with custom implementation using symlinks instead of copying resources
[0.647s] -- Configuring done
[0.654s] -- Generating done
[0.656s] -- Build files have been written to: /home/ubuntu/robotis_ws/build/cmake_modules
[0.666s] Invoked command in '/home/ubuntu/robotis_ws/build/cmake_modules' returned '0': CMAKE_PREFIX_PATH=${CMAKE_PREFIX_PATH}:/home/ubuntu/robotis_ws/install/open_manipulator_x_teleop:/opt/ros/humble /usr/bin/cmake /home/ubuntu/robotis_ws/src/open_manipulator_dependencies/cmake_modules -DCMAKE_INSTALL_PREFIX=/home/ubuntu/robotis_ws/install/cmake_modules
[0.668s] Invoking command in '/home/ubuntu/robotis_ws/build/cmake_modules': CMAKE_PREFIX_PATH=${CMAKE_PREFIX_PATH}:/home/ubuntu/robotis_ws/install/open_manipulator_x_teleop:/opt/ros/humble /usr/bin/cmake --build /home/ubuntu/robotis_ws/build/cmake_modules -- -j8 -l8
[0.753s] Invoked command in '/home/ubuntu/robotis_ws/build/cmake_modules' returned '0': CMAKE_PREFIX_PATH=${CMAKE_PREFIX_PATH}:/home/ubuntu/robotis_ws/install/open_manipulator_x_teleop:/opt/ros/humble /usr/bin/cmake --build /home/ubuntu/robotis_ws/build/cmake_modules -- -j8 -l8
[0.825s] Invoking command in '/home/ubuntu/robotis_ws/build/cmake_modules': CMAKE_PREFIX_PATH=${CMAKE_PREFIX_PATH}:/home/ubuntu/robotis_ws/install/open_manipulator_x_teleop:/opt/ros/humble /usr/bin/cmake --install /home/ubuntu/robotis_ws/build/cmake_modules
[0.845s] -- Install configuration: ""
[0.846s] -- Execute custom install script
[0.848s] -- Up-to-date symlink: /home/ubuntu/robotis_ws/install/cmake_modules/share/cmake_modules/cmake/Modules/FindGSL.cmake
[0.848s] -- Up-to-date symlink: /home/ubuntu/robotis_ws/install/cmake_modules/share/cmake_modules/cmake/Modules/FindGflags.cmake
[0.849s] -- Up-to-date symlink: /home/ubuntu/robotis_ws/install/cmake_modules/share/cmake_modules/cmake/Modules/FindNUMPY.cmake
[0.850s] -- Up-to-date symlink: /home/ubuntu/robotis_ws/install/cmake_modules/share/cmake_modules/cmake/Modules/FindPoco.cmake
[0.851s] -- Up-to-date symlink: /home/ubuntu/robotis_ws/install/cmake_modules/share/cmake_modules/cmake/Modules/FindTBB.cmake
[0.851s] -- Up-to-date symlink: /home/ubuntu/robotis_ws/install/cmake_modules/share/cmake_modules/cmake/Modules/FindTinyXML.cmake
[0.852s] -- Up-to-date symlink: /home/ubuntu/robotis_ws/install/cmake_modules/share/cmake_modules/cmake/Modules/FindTinyXML2.cmake
[0.852s] -- Up-to-date symlink: /home/ubuntu/robotis_ws/install/cmake_modules/share/cmake_modules/cmake/Modules/FindUUID.cmake
[0.852s] -- Up-to-date symlink: /home/ubuntu/robotis_ws/install/cmake_modules/share/cmake_modules/cmake/Modules/FindXenomai.cmake
[0.853s] -- Up-to-date symlink: /home/ubuntu/robotis_ws/install/cmake_modules/share/ament_index/resource_index/package_run_dependencies/cmake_modules
[0.853s] -- Up-to-date symlink: /home/ubuntu/robotis_ws/install/cmake_modules/share/ament_index/resource_index/parent_prefix_path/cmake_modules
[0.854s] -- Up-to-date symlink: /home/ubuntu/robotis_ws/install/cmake_modules/share/cmake_modules/environment/ament_prefix_path.sh
[0.854s] -- Up-to-date symlink: /home/ubuntu/robotis_ws/install/cmake_modules/share/cmake_modules/environment/ament_prefix_path.dsv
[0.855s] -- Up-to-date symlink: /home/ubuntu/robotis_ws/install/cmake_modules/share/cmake_modules/environment/path.sh
[0.856s] -- Up-to-date symlink: /home/ubuntu/robotis_ws/install/cmake_modules/share/cmake_modules/environment/path.dsv
[0.856s] -- Up-to-date symlink: /home/ubuntu/robotis_ws/install/cmake_modules/share/cmake_modules/local_setup.bash
[0.857s] -- Up-to-date symlink: /home/ubuntu/robotis_ws/install/cmake_modules/share/cmake_modules/local_setup.sh
[0.858s] -- Up-to-date symlink: /home/ubuntu/robotis_ws/install/cmake_modules/share/cmake_modules/local_setup.zsh
[0.859s] -- Up-to-date symlink: /home/ubuntu/robotis_ws/install/cmake_modules/share/cmake_modules/local_setup.dsv
[0.859s] -- Symlinking: /home/ubuntu/robotis_ws/install/cmake_modules/share/cmake_modules/package.dsv
[0.880s] -- Up-to-date symlink: /home/ubuntu/robotis_ws/install/cmake_modules/share/ament_index/resource_index/packages/cmake_modules
[0.880s] -- Up-to-date symlink: /home/ubuntu/robotis_ws/install/cmake_modules/share/cmake_modules/cmake/cmake_modules-extras.cmake
[0.881s] -- Up-to-date symlink: /home/ubuntu/robotis_ws/install/cmake_modules/share/cmake_modules/cmake/ament_cmake_export_dependencies-extras.cmake
[0.881s] -- Up-to-date symlink: /home/ubuntu/robotis_ws/install/cmake_modules/share/cmake_modules/cmake/cmake_modulesConfig.cmake
[0.882s] -- Up-to-date symlink: /home/ubuntu/robotis_ws/install/cmake_modules/share/cmake_modules/cmake/cmake_modulesConfig-version.cmake
[0.882s] -- Up-to-date symlink: /home/ubuntu/robotis_ws/install/cmake_modules/share/cmake_modules/package.xml
[0.887s] Invoked command in '/home/ubuntu/robotis_ws/build/cmake_modules' returned '0': CMAKE_PREFIX_PATH=${CMAKE_PREFIX_PATH}:/home/ubuntu/robotis_ws/install/open_manipulator_x_teleop:/opt/ros/humble /usr/bin/cmake --install /home/ubuntu/robotis_ws/build/cmake_modules
