[0.046s] Invoking command in '/home/ubuntu/robotis_ws/build/dynamixel_sdk_custom_interfaces': CMAKE_PREFIX_PATH=${CMAKE_PREFIX_PATH}:/home/ubuntu/robotis_ws/install/open_manipulator_x_teleop:/opt/ros/humble /usr/bin/cmake --build /home/ubuntu/robotis_ws/build/dynamixel_sdk_custom_interfaces -- -j8 -l8
[0.157s] [ 10%] Built target dynamixel_sdk_custom_interfaces__rosidl_generator_c
[0.176s] [ 12%] Built target dynamixel_sdk_custom_interfaces__cpp
[0.190s] [ 12%] Built target ament_cmake_python_symlink_dynamixel_sdk_custom_interfaces
[0.240s] [ 23%] Built target dynamixel_sdk_custom_interfaces__rosidl_typesupport_fastrtps_c
[0.263s] [ 33%] Built target dynamixel_sdk_custom_interfaces__rosidl_typesupport_introspection_c
[0.271s] [ 43%] Built target dynamixel_sdk_custom_interfaces__rosidl_typesupport_cpp
[0.275s] [ 53%] Built target dynamixel_sdk_custom_interfaces__rosidl_typesupport_c
[0.282s] [ 64%] Built target dynamixel_sdk_custom_interfaces__rosidl_typesupport_fastrtps_cpp
[0.288s] [ 74%] Built target dynamixel_sdk_custom_interfaces__rosidl_typesupport_introspection_cpp
[0.330s] [ 74%] Built target dynamixel_sdk_custom_interfaces
[0.368s] [ 76%] Built target dynamixel_sdk_custom_interfaces__py
[0.406s] [ 84%] Built target dynamixel_sdk_custom_interfaces__rosidl_generator_py
[0.448s] [ 89%] Built target dynamixel_sdk_custom_interfaces__rosidl_typesupport_fastrtps_c__pyext
[0.457s] [ 94%] Built target dynamixel_sdk_custom_interfaces__rosidl_typesupport_introspection_c__pyext
[0.468s] [100%] Built target dynamixel_sdk_custom_interfaces__rosidl_typesupport_c__pyext
[0.617s] running egg_info
[0.618s] writing dynamixel_sdk_custom_interfaces.egg-info/PKG-INFO
[0.618s] writing dependency_links to dynamixel_sdk_custom_interfaces.egg-info/dependency_links.txt
[0.618s] writing top-level names to dynamixel_sdk_custom_interfaces.egg-info/top_level.txt
[0.622s] reading manifest file 'dynamixel_sdk_custom_interfaces.egg-info/SOURCES.txt'
[0.623s] writing manifest file 'dynamixel_sdk_custom_interfaces.egg-info/SOURCES.txt'
[0.659s] [100%] Built target ament_cmake_python_build_dynamixel_sdk_custom_interfaces_egg
