[0.038s] Invoking command in '/home/ubuntu/robotis_ws/build/robotis_manipulator': AMENT_PREFIX_PATH=/home/ubuntu/robotis_ws/install/cmake_modules:${AMENT_PREFIX_PATH} CMAKE_PREFIX_PATH=/home/ubuntu/robotis_ws/install/cmake_modules:/opt/ros/humble /usr/bin/cmake /home/ubuntu/robotis_ws/src/robotis_manipulator -DCMAKE_CXX_FLAGS=-Wno-unused-variable -DCMAKE_INSTALL_PREFIX=/home/ubuntu/robotis_ws/install/robotis_manipulator
[0.078s] -- Found ament_cmake: 1.3.9 (/opt/ros/humble/share/ament_cmake/cmake)
[0.322s] -- Override CMake install command with custom implementation using symlinks instead of copying resources
[0.333s] -- Found cmake_modules: 0.4.1 (/home/ubuntu/robotis_ws/install/cmake_modules/share/cmake_modules/cmake)
[0.334s] -- Found rclcpp: 16.0.9 (/opt/ros/humble/share/rclcpp/cmake)
[0.395s] -- Found rosidl_generator_c: 3.1.5 (/opt/ros/humble/share/rosidl_generator_c/cmake)
[0.401s] -- Found rosidl_adapter: 3.1.5 (/opt/ros/humble/share/rosidl_adapter/cmake)
[0.419s] -- Found rosidl_generator_cpp: 3.1.5 (/opt/ros/humble/share/rosidl_generator_cpp/cmake)
[0.448s] -- Using all available rosidl_typesupport_c: rosidl_typesupport_fastrtps_c;rosidl_typesupport_introspection_c
[0.491s] -- Using all available rosidl_typesupport_cpp: rosidl_typesupport_fastrtps_cpp;rosidl_typesupport_introspection_cpp
[0.603s] -- Found rmw_implementation_cmake: 6.1.2 (/opt/ros/humble/share/rmw_implementation_cmake/cmake)
[0.605s] -- Found rmw_fastrtps_cpp: 6.2.6 (/opt/ros/humble/share/rmw_fastrtps_cpp/cmake)
[0.721s] -- Using RMW implementation 'rmw_fastrtps_cpp' as default
[1.083s] -- Configuring done
[1.098s] -- Generating done
[1.100s] -- Build files have been written to: /home/ubuntu/robotis_ws/build/robotis_manipulator
[1.110s] Invoked command in '/home/ubuntu/robotis_ws/build/robotis_manipulator' returned '0': AMENT_PREFIX_PATH=/home/ubuntu/robotis_ws/install/cmake_modules:${AMENT_PREFIX_PATH} CMAKE_PREFIX_PATH=/home/ubuntu/robotis_ws/install/cmake_modules:/opt/ros/humble /usr/bin/cmake /home/ubuntu/robotis_ws/src/robotis_manipulator -DCMAKE_CXX_FLAGS=-Wno-unused-variable -DCMAKE_INSTALL_PREFIX=/home/ubuntu/robotis_ws/install/robotis_manipulator
[1.113s] Invoking command in '/home/ubuntu/robotis_ws/build/robotis_manipulator': AMENT_PREFIX_PATH=/home/ubuntu/robotis_ws/install/cmake_modules:${AMENT_PREFIX_PATH} CMAKE_PREFIX_PATH=/home/ubuntu/robotis_ws/install/cmake_modules:/opt/ros/humble /usr/bin/cmake --build /home/ubuntu/robotis_ws/build/robotis_manipulator -- -j8 -l8
[1.193s] [35m[1mConsolidate compiler generated dependencies of target robotis_manipulator[0m
[1.299s] [ 14%] [32mBuilding CXX object CMakeFiles/robotis_manipulator.dir/src/robotis_manipulator/robotis_manipulator.cpp.o[0m
[1.308s] [ 28%] [32mBuilding CXX object CMakeFiles/robotis_manipulator.dir/src/robotis_manipulator/robotis_manipulator_common.cpp.o[0m
[1.316s] [ 57%] [32mBuilding CXX object CMakeFiles/robotis_manipulator.dir/src/robotis_manipulator/robotis_manipulator_trajectory_generator.cpp.o[0m
[1.319s] [ 42%] [32mBuilding CXX object CMakeFiles/robotis_manipulator.dir/src/robotis_manipulator/robotis_manipulator_log.cpp.o[0m
[1.337s] [ 71%] [32mBuilding CXX object CMakeFiles/robotis_manipulator.dir/src/robotis_manipulator/robotis_manipulator_manager.cpp.o[0m
[1.340s] [ 85%] [32mBuilding CXX object CMakeFiles/robotis_manipulator.dir/src/robotis_manipulator/robotis_manipulator_math.cpp.o[0m
[16.254s] [100%] [32m[1mLinking CXX shared library librobotis_manipulator.so[0m
[16.775s] [100%] Built target robotis_manipulator
[16.792s] Invoked command in '/home/ubuntu/robotis_ws/build/robotis_manipulator' returned '0': AMENT_PREFIX_PATH=/home/ubuntu/robotis_ws/install/cmake_modules:${AMENT_PREFIX_PATH} CMAKE_PREFIX_PATH=/home/ubuntu/robotis_ws/install/cmake_modules:/opt/ros/humble /usr/bin/cmake --build /home/ubuntu/robotis_ws/build/robotis_manipulator -- -j8 -l8
[16.847s] Invoking command in '/home/ubuntu/robotis_ws/build/robotis_manipulator': AMENT_PREFIX_PATH=/home/ubuntu/robotis_ws/install/cmake_modules:${AMENT_PREFIX_PATH} CMAKE_PREFIX_PATH=/home/ubuntu/robotis_ws/install/cmake_modules:/opt/ros/humble /usr/bin/cmake --install /home/ubuntu/robotis_ws/build/robotis_manipulator
[16.857s] -- Install configuration: ""
[16.858s] -- Execute custom install script
[16.858s] -- Up-to-date symlink: /home/ubuntu/robotis_ws/install/robotis_manipulator/lib/librobotis_manipulator.so
[16.859s] -- Up-to-date symlink: /home/ubuntu/robotis_ws/install/robotis_manipulator/include//robotis_manipulator/robotis_manipulator.h
[16.859s] -- Up-to-date symlink: /home/ubuntu/robotis_ws/install/robotis_manipulator/include//robotis_manipulator/robotis_manipulator_common.h
[16.859s] -- Up-to-date symlink: /home/ubuntu/robotis_ws/install/robotis_manipulator/include//robotis_manipulator/robotis_manipulator_log.h
[16.859s] -- Up-to-date symlink: /home/ubuntu/robotis_ws/install/robotis_manipulator/include//robotis_manipulator/robotis_manipulator_manager.h
[16.859s] -- Up-to-date symlink: /home/ubuntu/robotis_ws/install/robotis_manipulator/include//robotis_manipulator/robotis_manipulator_math.h
[16.860s] -- Up-to-date symlink: /home/ubuntu/robotis_ws/install/robotis_manipulator/include//robotis_manipulator/robotis_manipulator_trajectory_generator.h
[16.860s] -- Up-to-date symlink: /home/ubuntu/robotis_ws/install/robotis_manipulator/share/robotis_manipulator/environment/library_path.sh
[16.860s] -- Up-to-date symlink: /home/ubuntu/robotis_ws/install/robotis_manipulator/share/robotis_manipulator/environment/library_path.dsv
[16.860s] -- Up-to-date symlink: /home/ubuntu/robotis_ws/install/robotis_manipulator/share/ament_index/resource_index/package_run_dependencies/robotis_manipulator
[16.861s] -- Up-to-date symlink: /home/ubuntu/robotis_ws/install/robotis_manipulator/share/ament_index/resource_index/parent_prefix_path/robotis_manipulator
[16.861s] -- Up-to-date symlink: /home/ubuntu/robotis_ws/install/robotis_manipulator/share/robotis_manipulator/environment/ament_prefix_path.sh
[16.861s] -- Up-to-date symlink: /home/ubuntu/robotis_ws/install/robotis_manipulator/share/robotis_manipulator/environment/ament_prefix_path.dsv
[16.861s] -- Up-to-date symlink: /home/ubuntu/robotis_ws/install/robotis_manipulator/share/robotis_manipulator/environment/path.sh
[16.862s] -- Up-to-date symlink: /home/ubuntu/robotis_ws/install/robotis_manipulator/share/robotis_manipulator/environment/path.dsv
[16.862s] -- Up-to-date symlink: /home/ubuntu/robotis_ws/install/robotis_manipulator/share/robotis_manipulator/local_setup.bash
[16.862s] -- Up-to-date symlink: /home/ubuntu/robotis_ws/install/robotis_manipulator/share/robotis_manipulator/local_setup.sh
[16.863s] -- Up-to-date symlink: /home/ubuntu/robotis_ws/install/robotis_manipulator/share/robotis_manipulator/local_setup.zsh
[16.863s] -- Up-to-date symlink: /home/ubuntu/robotis_ws/install/robotis_manipulator/share/robotis_manipulator/local_setup.dsv
[16.863s] -- Symlinking: /home/ubuntu/robotis_ws/install/robotis_manipulator/share/robotis_manipulator/package.dsv
[16.877s] -- Up-to-date symlink: /home/ubuntu/robotis_ws/install/robotis_manipulator/share/ament_index/resource_index/packages/robotis_manipulator
[16.878s] -- Up-to-date symlink: /home/ubuntu/robotis_ws/install/robotis_manipulator/share/robotis_manipulator/cmake/ament_cmake_export_include_directories-extras.cmake
[16.878s] -- Up-to-date symlink: /home/ubuntu/robotis_ws/install/robotis_manipulator/share/robotis_manipulator/cmake/ament_cmake_export_dependencies-extras.cmake
[16.878s] -- Up-to-date symlink: /home/ubuntu/robotis_ws/install/robotis_manipulator/share/robotis_manipulator/cmake/ament_cmake_export_libraries-extras.cmake
[16.878s] -- Up-to-date symlink: /home/ubuntu/robotis_ws/install/robotis_manipulator/share/robotis_manipulator/cmake/robotis_manipulatorConfig.cmake
[16.879s] -- Up-to-date symlink: /home/ubuntu/robotis_ws/install/robotis_manipulator/share/robotis_manipulator/cmake/robotis_manipulatorConfig-version.cmake
[16.879s] -- Up-to-date symlink: /home/ubuntu/robotis_ws/install/robotis_manipulator/share/robotis_manipulator/package.xml
[16.882s] Invoked command in '/home/ubuntu/robotis_ws/build/robotis_manipulator' returned '0': AMENT_PREFIX_PATH=/home/ubuntu/robotis_ws/install/cmake_modules:${AMENT_PREFIX_PATH} CMAKE_PREFIX_PATH=/home/ubuntu/robotis_ws/install/cmake_modules:/opt/ros/humble /usr/bin/cmake --install /home/ubuntu/robotis_ws/build/robotis_manipulator
