[35m[1mConsolidate compiler generated dependencies of target open_manipulator_x_controller[0m
[ 50%] [32mBuilding CXX object CMakeFiles/open_manipulator_x_controller.dir/src/open_manipulator_x_controller.cpp.o[0m
[01m[K/home/ubuntu/robotis_ws/src/open_manipulator/open_manipulator_x_controller/src/open_manipulator_x_controller.cpp:[m[K In member function ‘[01m[Kvoid open_manipulator_x_controller::OpenManipulatorXController::init_publisher()[m[K’:
[01m[K/home/ubuntu/robotis_ws/src/open_manipulator/open_manipulator_x_controller/src/open_manipulator_x_controller.cpp:103:21:[m[K [01;35m[Kwarning: [m[Kunused variable ‘[01m[Kname[m[K’ [[01;35m[K]8;;https://gcc.gnu.org/onlinedocs/gcc/Warning-Options.html#index-Wunused-variable-Wunused-variable]8;;[m[K]
  103 |   for (auto const & [01;35m[Kname[m[K:tools_name)
      |                     [01;35m[K^~~~[m[K
[100%] [32m[1mLinking CXX executable open_manipulator_x_controller[0m
[100%] Built target open_manipulator_x_controller
-- Install configuration: ""
-- Execute custom install script
-- Symlinking: /home/ubuntu/robotis_ws/install/open_manipulator_x_controller/lib/open_manipulator_x_controller/open_manipulator_x_controller
-- Symlinking: /home/ubuntu/robotis_ws/install/open_manipulator_x_controller/share/open_manipulator_x_controller/99-open-manipulator-cdc.rules
-- Symlinking: /home/ubuntu/robotis_ws/install/open_manipulator_x_controller/share/open_manipulator_x_controller/launch/open_manipulator_x_controller.launch.py
-- Symlinking: /home/ubuntu/robotis_ws/install/open_manipulator_x_controller/share/open_manipulator_x_controller/param/open_manipulator_x_controller_params.yaml
-- Symlinking: /home/ubuntu/robotis_ws/install/open_manipulator_x_controller/lib/open_manipulator_x_controller/create_udev_rules
-- Symlinking: /home/ubuntu/robotis_ws/install/open_manipulator_x_controller/share/ament_index/resource_index/package_run_dependencies/open_manipulator_x_controller
-- Symlinking: /home/ubuntu/robotis_ws/install/open_manipulator_x_controller/share/ament_index/resource_index/parent_prefix_path/open_manipulator_x_controller
-- Symlinking: /home/ubuntu/robotis_ws/install/open_manipulator_x_controller/share/open_manipulator_x_controller/environment/ament_prefix_path.sh
-- Symlinking: /home/ubuntu/robotis_ws/install/open_manipulator_x_controller/share/open_manipulator_x_controller/environment/ament_prefix_path.dsv
-- Symlinking: /home/ubuntu/robotis_ws/install/open_manipulator_x_controller/share/open_manipulator_x_controller/environment/path.sh
-- Symlinking: /home/ubuntu/robotis_ws/install/open_manipulator_x_controller/share/open_manipulator_x_controller/environment/path.dsv
-- Symlinking: /home/ubuntu/robotis_ws/install/open_manipulator_x_controller/share/open_manipulator_x_controller/local_setup.bash
-- Symlinking: /home/ubuntu/robotis_ws/install/open_manipulator_x_controller/share/open_manipulator_x_controller/local_setup.sh
-- Symlinking: /home/ubuntu/robotis_ws/install/open_manipulator_x_controller/share/open_manipulator_x_controller/local_setup.zsh
-- Symlinking: /home/ubuntu/robotis_ws/install/open_manipulator_x_controller/share/open_manipulator_x_controller/local_setup.dsv
-- Symlinking: /home/ubuntu/robotis_ws/install/open_manipulator_x_controller/share/open_manipulator_x_controller/package.dsv
-- Symlinking: /home/ubuntu/robotis_ws/install/open_manipulator_x_controller/share/ament_index/resource_index/packages/open_manipulator_x_controller
-- Symlinking: /home/ubuntu/robotis_ws/install/open_manipulator_x_controller/share/open_manipulator_x_controller/cmake/ament_cmake_export_include_directories-extras.cmake
-- Symlinking: /home/ubuntu/robotis_ws/install/open_manipulator_x_controller/share/open_manipulator_x_controller/cmake/ament_cmake_export_dependencies-extras.cmake
-- Symlinking: /home/ubuntu/robotis_ws/install/open_manipulator_x_controller/share/open_manipulator_x_controller/cmake/open_manipulator_x_controllerConfig.cmake
-- Symlinking: /home/ubuntu/robotis_ws/install/open_manipulator_x_controller/share/open_manipulator_x_controller/cmake/open_manipulator_x_controllerConfig-version.cmake
-- Symlinking: /home/ubuntu/robotis_ws/install/open_manipulator_x_controller/share/open_manipulator_x_controller/package.xml
