[0.023s] Invoking command in '/home/ubuntu/robotis_ws/build/open_manipulator_x_description': CMAKE_PREFIX_PATH=/opt/ros/humble /usr/bin/cmake /home/ubuntu/robotis_ws/src/open_manipulator/open_manipulator_x_description -DAMENT_CMAKE_SYMLINK_INSTALL=1 -DCMAKE_INSTALL_PREFIX=/home/ubuntu/robotis_ws/install/open_manipulator_x_description
[0.286s] -- The C compiler identification is GNU 11.4.0
[0.548s] -- The CXX compiler identification is GNU 11.4.0
[0.560s] -- Detecting C compiler ABI info
[0.684s] -- Detecting C compiler ABI info - done
[0.702s] -- Check for working C compiler: /usr/bin/cc - skipped
[0.703s] -- Detecting C compile features
[0.704s] -- Detecting C compile features - done
[0.712s] -- Detecting CXX compiler ABI info
[0.856s] -- Detecting CXX compiler ABI info - done
[0.865s] -- Check for working CXX compiler: /usr/bin/c++ - skipped
[0.866s] -- Detecting CXX compile features
[0.866s] -- Detecting CXX compile features - done
[0.870s] -- Found ament_cmake: 1.3.9 (/opt/ros/humble/share/ament_cmake/cmake)
[1.086s] -- Found Python3: /usr/bin/python3 (found version "3.10.12") found components: Interpreter 
[1.191s] -- Override CMake install command with custom implementation using symlinks instead of copying resources
[1.350s] -- Configuring done
[1.354s] -- Generating done
[1.355s] -- Build files have been written to: /home/ubuntu/robotis_ws/build/open_manipulator_x_description
[1.361s] Invoked command in '/home/ubuntu/robotis_ws/build/open_manipulator_x_description' returned '0': CMAKE_PREFIX_PATH=/opt/ros/humble /usr/bin/cmake /home/ubuntu/robotis_ws/src/open_manipulator/open_manipulator_x_description -DAMENT_CMAKE_SYMLINK_INSTALL=1 -DCMAKE_INSTALL_PREFIX=/home/ubuntu/robotis_ws/install/open_manipulator_x_description
[1.364s] Invoking command in '/home/ubuntu/robotis_ws/build/open_manipulator_x_description': CMAKE_PREFIX_PATH=/opt/ros/humble /usr/bin/cmake --build /home/ubuntu/robotis_ws/build/open_manipulator_x_description -- -j8 -l8
[1.423s] Invoked command in '/home/ubuntu/robotis_ws/build/open_manipulator_x_description' returned '0': CMAKE_PREFIX_PATH=/opt/ros/humble /usr/bin/cmake --build /home/ubuntu/robotis_ws/build/open_manipulator_x_description -- -j8 -l8
[1.478s] Invoking command in '/home/ubuntu/robotis_ws/build/open_manipulator_x_description': CMAKE_PREFIX_PATH=/opt/ros/humble /usr/bin/cmake --install /home/ubuntu/robotis_ws/build/open_manipulator_x_description
[1.493s] -- Install configuration: ""
[1.494s] -- Execute custom install script
[1.495s] -- Symlinking: /home/ubuntu/robotis_ws/install/open_manipulator_x_description/share/open_manipulator_x_description/launch/.DS_Store
[1.516s] -- Symlinking: /home/ubuntu/robotis_ws/install/open_manipulator_x_description/share/open_manipulator_x_description/launch/open_manipulator_x_rviz.launch.py
[1.554s] -- Symlinking: /home/ubuntu/robotis_ws/install/open_manipulator_x_description/share/open_manipulator_x_description/meshes/chain_link1.stl
[1.571s] -- Symlinking: /home/ubuntu/robotis_ws/install/open_manipulator_x_description/share/open_manipulator_x_description/meshes/chain_link2.stl
[1.589s] -- Symlinking: /home/ubuntu/robotis_ws/install/open_manipulator_x_description/share/open_manipulator_x_description/meshes/chain_link3.stl
[1.606s] -- Symlinking: /home/ubuntu/robotis_ws/install/open_manipulator_x_description/share/open_manipulator_x_description/meshes/chain_link4.stl
[1.625s] -- Symlinking: /home/ubuntu/robotis_ws/install/open_manipulator_x_description/share/open_manipulator_x_description/meshes/chain_link5.stl
[1.645s] -- Symlinking: /home/ubuntu/robotis_ws/install/open_manipulator_x_description/share/open_manipulator_x_description/meshes/chain_link_grip_l.stl
[1.673s] -- Symlinking: /home/ubuntu/robotis_ws/install/open_manipulator_x_description/share/open_manipulator_x_description/meshes/chain_link_grip_r.stl
[1.717s] -- Symlinking: /home/ubuntu/robotis_ws/install/open_manipulator_x_description/share/open_manipulator_x_description/rviz/open_manipulator_x.rviz
[1.742s] -- Symlinking: /home/ubuntu/robotis_ws/install/open_manipulator_x_description/share/open_manipulator_x_description/urdf/materials.xacro
[1.761s] -- Symlinking: /home/ubuntu/robotis_ws/install/open_manipulator_x_description/share/open_manipulator_x_description/urdf/open_manipulator_x.gazebo.xacro
[1.779s] -- Symlinking: /home/ubuntu/robotis_ws/install/open_manipulator_x_description/share/open_manipulator_x_description/urdf/open_manipulator_x.transmission.xacro
[1.798s] -- Symlinking: /home/ubuntu/robotis_ws/install/open_manipulator_x_description/share/open_manipulator_x_description/urdf/open_manipulator_x.urdf.xacro
[1.825s] -- Symlinking: /home/ubuntu/robotis_ws/install/open_manipulator_x_description/share/open_manipulator_x_description/urdf/open_manipulator_x_robot.urdf.xacro
[1.858s] -- Symlinking: /home/ubuntu/robotis_ws/install/open_manipulator_x_description/share/ament_index/resource_index/package_run_dependencies/open_manipulator_x_description
[1.881s] -- Symlinking: /home/ubuntu/robotis_ws/install/open_manipulator_x_description/share/ament_index/resource_index/parent_prefix_path/open_manipulator_x_description
[1.913s] -- Symlinking: /home/ubuntu/robotis_ws/install/open_manipulator_x_description/share/open_manipulator_x_description/environment/ament_prefix_path.sh
[1.934s] -- Symlinking: /home/ubuntu/robotis_ws/install/open_manipulator_x_description/share/open_manipulator_x_description/environment/ament_prefix_path.dsv
[1.956s] -- Symlinking: /home/ubuntu/robotis_ws/install/open_manipulator_x_description/share/open_manipulator_x_description/environment/path.sh
[1.991s] -- Symlinking: /home/ubuntu/robotis_ws/install/open_manipulator_x_description/share/open_manipulator_x_description/environment/path.dsv
[2.030s] -- Symlinking: /home/ubuntu/robotis_ws/install/open_manipulator_x_description/share/open_manipulator_x_description/local_setup.bash
[2.051s] -- Symlinking: /home/ubuntu/robotis_ws/install/open_manipulator_x_description/share/open_manipulator_x_description/local_setup.sh
[2.070s] -- Symlinking: /home/ubuntu/robotis_ws/install/open_manipulator_x_description/share/open_manipulator_x_description/local_setup.zsh
[2.089s] -- Symlinking: /home/ubuntu/robotis_ws/install/open_manipulator_x_description/share/open_manipulator_x_description/local_setup.dsv
[2.112s] -- Symlinking: /home/ubuntu/robotis_ws/install/open_manipulator_x_description/share/open_manipulator_x_description/package.dsv
[2.132s] -- Symlinking: /home/ubuntu/robotis_ws/install/open_manipulator_x_description/share/ament_index/resource_index/packages/open_manipulator_x_description
[2.152s] -- Symlinking: /home/ubuntu/robotis_ws/install/open_manipulator_x_description/share/open_manipulator_x_description/cmake/open_manipulator_x_descriptionConfig.cmake
[2.171s] -- Symlinking: /home/ubuntu/robotis_ws/install/open_manipulator_x_description/share/open_manipulator_x_description/cmake/open_manipulator_x_descriptionConfig-version.cmake
[2.190s] -- Symlinking: /home/ubuntu/robotis_ws/install/open_manipulator_x_description/share/open_manipulator_x_description/package.xml
[2.215s] Invoked command in '/home/ubuntu/robotis_ws/build/open_manipulator_x_description' returned '0': CMAKE_PREFIX_PATH=/opt/ros/humble /usr/bin/cmake --install /home/ubuntu/robotis_ws/build/open_manipulator_x_description
