[0.141s] Invoking command in '/home/ubuntu/robotis_ws/build/dynamixel_sdk': CMAKE_PREFIX_PATH=${CMAKE_PREFIX_PATH}:/home/ubuntu/robotis_ws/install/open_manipulator_x_teleop:/opt/ros/humble /usr/bin/cmake /home/ubuntu/robotis_ws/src/DynamixelSDK/dynamixel_sdk -DCMAKE_INSTALL_PREFIX=/home/ubuntu/robotis_ws/install/dynamixel_sdk
[0.270s] -- Found ament_cmake: 1.3.9 (/opt/ros/humble/share/ament_cmake/cmake)
[0.944s] -- Override CMake install command with custom implementation using symlinks instead of copying resources
[1.316s] -- Configuring done
[1.347s] -- Generating done
[1.352s] -- Build files have been written to: /home/ubuntu/robotis_ws/build/dynamixel_sdk
[1.361s] Invoked command in '/home/ubuntu/robotis_ws/build/dynamixel_sdk' returned '0': CMAKE_PREFIX_PATH=${CMAKE_PREFIX_PATH}:/home/ubuntu/robotis_ws/install/open_manipulator_x_teleop:/opt/ros/humble /usr/bin/cmake /home/ubuntu/robotis_ws/src/DynamixelSDK/dynamixel_sdk -DCMAKE_INSTALL_PREFIX=/home/ubuntu/robotis_ws/install/dynamixel_sdk
[1.370s] Invoking command in '/home/ubuntu/robotis_ws/build/dynamixel_sdk': CMAKE_PREFIX_PATH=${CMAKE_PREFIX_PATH}:/home/ubuntu/robotis_ws/install/open_manipulator_x_teleop:/opt/ros/humble /usr/bin/cmake --build /home/ubuntu/robotis_ws/build/dynamixel_sdk -- -j8 -l8
[1.558s] [35m[1mConsolidate compiler generated dependencies of target dynamixel_sdk[0m
[1.635s] [100%] Built target dynamixel_sdk
[1.699s] Invoked command in '/home/ubuntu/robotis_ws/build/dynamixel_sdk' returned '0': CMAKE_PREFIX_PATH=${CMAKE_PREFIX_PATH}:/home/ubuntu/robotis_ws/install/open_manipulator_x_teleop:/opt/ros/humble /usr/bin/cmake --build /home/ubuntu/robotis_ws/build/dynamixel_sdk -- -j8 -l8
[2.018s] Invoking command in '/home/ubuntu/robotis_ws/build/dynamixel_sdk': CMAKE_PREFIX_PATH=${CMAKE_PREFIX_PATH}:/home/ubuntu/robotis_ws/install/open_manipulator_x_teleop:/opt/ros/humble /usr/bin/cmake --install /home/ubuntu/robotis_ws/build/dynamixel_sdk
[2.056s] -- Install configuration: ""
[2.059s] -- Execute custom install script
[2.060s] -- Up-to-date symlink: /home/ubuntu/robotis_ws/install/dynamixel_sdk/include//dynamixel_sdk/dynamixel_sdk.h
[2.062s] -- Up-to-date symlink: /home/ubuntu/robotis_ws/install/dynamixel_sdk/include//dynamixel_sdk/group_bulk_read.h
[2.063s] -- Up-to-date symlink: /home/ubuntu/robotis_ws/install/dynamixel_sdk/include//dynamixel_sdk/group_bulk_write.h
[2.064s] -- Up-to-date symlink: /home/ubuntu/robotis_ws/install/dynamixel_sdk/include//dynamixel_sdk/group_sync_read.h
[2.065s] -- Up-to-date symlink: /home/ubuntu/robotis_ws/install/dynamixel_sdk/include//dynamixel_sdk/group_sync_write.h
[2.068s] -- Up-to-date symlink: /home/ubuntu/robotis_ws/install/dynamixel_sdk/include//dynamixel_sdk/packet_handler.h
[2.077s] -- Up-to-date symlink: /home/ubuntu/robotis_ws/install/dynamixel_sdk/include//dynamixel_sdk/port_handler.h
[2.077s] -- Up-to-date symlink: /home/ubuntu/robotis_ws/install/dynamixel_sdk/include//dynamixel_sdk/port_handler_arduino.h
[2.077s] -- Up-to-date symlink: /home/ubuntu/robotis_ws/install/dynamixel_sdk/include//dynamixel_sdk/port_handler_linux.h
[2.078s] -- Up-to-date symlink: /home/ubuntu/robotis_ws/install/dynamixel_sdk/include//dynamixel_sdk/port_handler_mac.h
[2.078s] -- Up-to-date symlink: /home/ubuntu/robotis_ws/install/dynamixel_sdk/include//dynamixel_sdk/port_handler_windows.h
[2.078s] -- Up-to-date symlink: /home/ubuntu/robotis_ws/install/dynamixel_sdk/include//dynamixel_sdk/protocol1_packet_handler.h
[2.079s] -- Up-to-date symlink: /home/ubuntu/robotis_ws/install/dynamixel_sdk/include//dynamixel_sdk/protocol2_packet_handler.h
[2.079s] -- Up-to-date symlink: /home/ubuntu/robotis_ws/install/dynamixel_sdk/lib/libdynamixel_sdk.so
[2.079s] -- Up-to-date symlink: /home/ubuntu/robotis_ws/install/dynamixel_sdk/share/dynamixel_sdk/environment/library_path.sh
[2.080s] -- Up-to-date symlink: /home/ubuntu/robotis_ws/install/dynamixel_sdk/share/dynamixel_sdk/environment/library_path.dsv
[2.081s] -- Up-to-date symlink: /home/ubuntu/robotis_ws/install/dynamixel_sdk/share/ament_index/resource_index/package_run_dependencies/dynamixel_sdk
[2.083s] -- Up-to-date symlink: /home/ubuntu/robotis_ws/install/dynamixel_sdk/share/ament_index/resource_index/parent_prefix_path/dynamixel_sdk
[2.085s] -- Up-to-date symlink: /home/ubuntu/robotis_ws/install/dynamixel_sdk/share/dynamixel_sdk/environment/ament_prefix_path.sh
[2.086s] -- Up-to-date symlink: /home/ubuntu/robotis_ws/install/dynamixel_sdk/share/dynamixel_sdk/environment/ament_prefix_path.dsv
[2.087s] -- Up-to-date symlink: /home/ubuntu/robotis_ws/install/dynamixel_sdk/share/dynamixel_sdk/environment/path.sh
[2.089s] -- Up-to-date symlink: /home/ubuntu/robotis_ws/install/dynamixel_sdk/share/dynamixel_sdk/environment/path.dsv
[2.090s] -- Up-to-date symlink: /home/ubuntu/robotis_ws/install/dynamixel_sdk/share/dynamixel_sdk/local_setup.bash
[2.091s] -- Up-to-date symlink: /home/ubuntu/robotis_ws/install/dynamixel_sdk/share/dynamixel_sdk/local_setup.sh
[2.093s] -- Up-to-date symlink: /home/ubuntu/robotis_ws/install/dynamixel_sdk/share/dynamixel_sdk/local_setup.zsh
[2.094s] -- Up-to-date symlink: /home/ubuntu/robotis_ws/install/dynamixel_sdk/share/dynamixel_sdk/local_setup.dsv
[2.095s] -- Symlinking: /home/ubuntu/robotis_ws/install/dynamixel_sdk/share/dynamixel_sdk/package.dsv
[2.134s] -- Up-to-date symlink: /home/ubuntu/robotis_ws/install/dynamixel_sdk/share/ament_index/resource_index/packages/dynamixel_sdk
[2.136s] -- Up-to-date symlink: /home/ubuntu/robotis_ws/install/dynamixel_sdk/share/dynamixel_sdk/cmake/ament_cmake_export_include_directories-extras.cmake
[2.138s] -- Up-to-date symlink: /home/ubuntu/robotis_ws/install/dynamixel_sdk/share/dynamixel_sdk/cmake/ament_cmake_export_libraries-extras.cmake
[2.138s] -- Up-to-date symlink: /home/ubuntu/robotis_ws/install/dynamixel_sdk/share/dynamixel_sdk/cmake/dynamixel_sdkConfig.cmake
[2.139s] -- Up-to-date symlink: /home/ubuntu/robotis_ws/install/dynamixel_sdk/share/dynamixel_sdk/cmake/dynamixel_sdkConfig-version.cmake
[2.141s] -- Up-to-date symlink: /home/ubuntu/robotis_ws/install/dynamixel_sdk/share/dynamixel_sdk/package.xml
[2.154s] Invoked command in '/home/ubuntu/robotis_ws/build/dynamixel_sdk' returned '0': CMAKE_PREFIX_PATH=${CMAKE_PREFIX_PATH}:/home/ubuntu/robotis_ws/install/open_manipulator_x_teleop:/opt/ros/humble /usr/bin/cmake --install /home/ubuntu/robotis_ws/build/dynamixel_sdk
