[0.026s] Invoking command in '/home/ubuntu/robotis_ws/build/dynamixel_sdk_examples': AMENT_PREFIX_PATH=/home/ubuntu/robotis_ws/install/dynamixel_sdk_custom_interfaces:/home/ubuntu/robotis_ws/install/dynamixel_sdk:${AMENT_PREFIX_PATH} CMAKE_PREFIX_PATH=/home/ubuntu/robotis_ws/install/dynamixel_sdk_custom_interfaces:/home/ubuntu/robotis_ws/install/dynamixel_sdk:/opt/ros/humble LD_LIBRARY_PATH=/home/ubuntu/robotis_ws/install/dynamixel_sdk_custom_interfaces/lib:/home/ubuntu/robotis_ws/install/dynamixel_sdk/lib:${LD_LIBRARY_PATH} PYTHONPATH=/home/ubuntu/robotis_ws/install/dynamixel_sdk_custom_interfaces/local/lib/python3.10/dist-packages:${PYTHONPATH} /usr/bin/cmake /home/ubuntu/robotis_ws/src/DynamixelSDK/dynamixel_sdk_examples -DAMENT_CMAKE_SYMLINK_INSTALL=1 -DCMAKE_INSTALL_PREFIX=/home/ubuntu/robotis_ws/install/dynamixel_sdk_examples
[0.143s] -- The C compiler identification is GNU 11.4.0
[0.229s] -- The CXX compiler identification is GNU 11.4.0
[0.240s] -- Detecting C compiler ABI info
[0.345s] -- Detecting C compiler ABI info - done
[0.356s] -- Check for working C compiler: /usr/bin/cc - skipped
[0.356s] -- Detecting C compile features
[0.357s] -- Detecting C compile features - done
[0.361s] -- Detecting CXX compiler ABI info
[0.473s] -- Detecting CXX compiler ABI info - done
[0.483s] -- Check for working CXX compiler: /usr/bin/c++ - skipped
[0.483s] -- Detecting CXX compile features
[0.483s] -- Detecting CXX compile features - done
[0.487s] -- Found ament_cmake: 1.3.9 (/opt/ros/humble/share/ament_cmake/cmake)
[0.684s] -- Found Python3: /usr/bin/python3 (found version "3.10.12") found components: Interpreter 
[0.768s] -- Override CMake install command with custom implementation using symlinks instead of copying resources
[0.815s] -- Found dynamixel_sdk: 3.7.60 (/home/ubuntu/robotis_ws/install/dynamixel_sdk/share/dynamixel_sdk/cmake)
[0.817s] -- Found dynamixel_sdk_custom_interfaces: 3.7.60 (/home/ubuntu/robotis_ws/install/dynamixel_sdk_custom_interfaces/share/dynamixel_sdk_custom_interfaces/cmake)
[0.874s] -- Found rosidl_generator_c: 3.1.5 (/opt/ros/humble/share/rosidl_generator_c/cmake)
[0.881s] -- Found rosidl_adapter: 3.1.5 (/opt/ros/humble/share/rosidl_adapter/cmake)
[0.893s] -- Found rosidl_generator_cpp: 3.1.5 (/opt/ros/humble/share/rosidl_generator_cpp/cmake)
[0.913s] -- Using all available rosidl_typesupport_c: rosidl_typesupport_fastrtps_c;rosidl_typesupport_introspection_c
[0.939s] -- Using all available rosidl_typesupport_cpp: rosidl_typesupport_fastrtps_cpp;rosidl_typesupport_introspection_cpp
[1.014s] -- Found rclcpp: 16.0.9 (/opt/ros/humble/share/rclcpp/cmake)
[1.102s] -- Found rmw_implementation_cmake: 6.1.2 (/opt/ros/humble/share/rmw_implementation_cmake/cmake)
[1.108s] -- Found rmw_fastrtps_cpp: 6.2.6 (/opt/ros/humble/share/rmw_fastrtps_cpp/cmake)
[1.246s] -- Found OpenSSL: /usr/lib/x86_64-linux-gnu/libcrypto.so (found version "3.0.2")  
[1.280s] -- Found FastRTPS: /opt/ros/humble/include  
[1.341s] -- Using RMW implementation 'rmw_fastrtps_cpp' as default
[1.358s] -- Looking for pthread.h
[1.453s] -- Looking for pthread.h - found
[1.453s] -- Performing Test CMAKE_HAVE_LIBC_PTHREAD
[1.547s] -- Performing Test CMAKE_HAVE_LIBC_PTHREAD - Success
[1.549s] -- Found Threads: TRUE  
[1.772s] -- Found ament_lint_auto: 0.12.11 (/opt/ros/humble/share/ament_lint_auto/cmake)
[1.884s] -- Added test 'copyright' to check source files copyright and LICENSE
[1.886s] -- Added test 'cppcheck' to perform static code analysis on C / C++ code
[1.886s] -- Configured cppcheck include dirs: /home/ubuntu/robotis_ws/src/DynamixelSDK/dynamixel_sdk_examples/include
[1.886s] -- Configured cppcheck exclude dirs and/or files: 
[1.888s] -- Added test 'cpplint' to check C / C++ code against the Google style
[1.888s] -- Configured cpplint exclude dirs and/or files: 
[1.889s] -- Added test 'lint_cmake' to check CMake code style
[1.890s] -- Added test 'uncrustify' to check C / C++ code style
[1.890s] -- Configured uncrustify additional arguments: 
[1.891s] -- Added test 'xmllint' to check XML markup files
[1.893s] -- Configuring done
[1.906s] -- Generating done
[1.908s] -- Build files have been written to: /home/ubuntu/robotis_ws/build/dynamixel_sdk_examples
[1.920s] Invoked command in '/home/ubuntu/robotis_ws/build/dynamixel_sdk_examples' returned '0': AMENT_PREFIX_PATH=/home/ubuntu/robotis_ws/install/dynamixel_sdk_custom_interfaces:/home/ubuntu/robotis_ws/install/dynamixel_sdk:${AMENT_PREFIX_PATH} CMAKE_PREFIX_PATH=/home/ubuntu/robotis_ws/install/dynamixel_sdk_custom_interfaces:/home/ubuntu/robotis_ws/install/dynamixel_sdk:/opt/ros/humble LD_LIBRARY_PATH=/home/ubuntu/robotis_ws/install/dynamixel_sdk_custom_interfaces/lib:/home/ubuntu/robotis_ws/install/dynamixel_sdk/lib:${LD_LIBRARY_PATH} PYTHONPATH=/home/ubuntu/robotis_ws/install/dynamixel_sdk_custom_interfaces/local/lib/python3.10/dist-packages:${PYTHONPATH} /usr/bin/cmake /home/ubuntu/robotis_ws/src/DynamixelSDK/dynamixel_sdk_examples -DAMENT_CMAKE_SYMLINK_INSTALL=1 -DCMAKE_INSTALL_PREFIX=/home/ubuntu/robotis_ws/install/dynamixel_sdk_examples
[1.921s] Invoking command in '/home/ubuntu/robotis_ws/build/dynamixel_sdk_examples': AMENT_PREFIX_PATH=/home/ubuntu/robotis_ws/install/dynamixel_sdk_custom_interfaces:/home/ubuntu/robotis_ws/install/dynamixel_sdk:${AMENT_PREFIX_PATH} CMAKE_PREFIX_PATH=/home/ubuntu/robotis_ws/install/dynamixel_sdk_custom_interfaces:/home/ubuntu/robotis_ws/install/dynamixel_sdk:/opt/ros/humble LD_LIBRARY_PATH=/home/ubuntu/robotis_ws/install/dynamixel_sdk_custom_interfaces/lib:/home/ubuntu/robotis_ws/install/dynamixel_sdk/lib:${LD_LIBRARY_PATH} PYTHONPATH=/home/ubuntu/robotis_ws/install/dynamixel_sdk_custom_interfaces/local/lib/python3.10/dist-packages:${PYTHONPATH} /usr/bin/cmake --build /home/ubuntu/robotis_ws/build/dynamixel_sdk_examples -- -j8 -l8
[1.990s] [ 50%] [32mBuilding CXX object CMakeFiles/read_write_node.dir/src/read_write_node.cpp.o[0m
[14.609s] [100%] [32m[1mLinking CXX executable read_write_node[0m
[15.187s] [100%] Built target read_write_node
[15.202s] Invoked command in '/home/ubuntu/robotis_ws/build/dynamixel_sdk_examples' returned '0': AMENT_PREFIX_PATH=/home/ubuntu/robotis_ws/install/dynamixel_sdk_custom_interfaces:/home/ubuntu/robotis_ws/install/dynamixel_sdk:${AMENT_PREFIX_PATH} CMAKE_PREFIX_PATH=/home/ubuntu/robotis_ws/install/dynamixel_sdk_custom_interfaces:/home/ubuntu/robotis_ws/install/dynamixel_sdk:/opt/ros/humble LD_LIBRARY_PATH=/home/ubuntu/robotis_ws/install/dynamixel_sdk_custom_interfaces/lib:/home/ubuntu/robotis_ws/install/dynamixel_sdk/lib:${LD_LIBRARY_PATH} PYTHONPATH=/home/ubuntu/robotis_ws/install/dynamixel_sdk_custom_interfaces/local/lib/python3.10/dist-packages:${PYTHONPATH} /usr/bin/cmake --build /home/ubuntu/robotis_ws/build/dynamixel_sdk_examples -- -j8 -l8
[15.240s] Invoking command in '/home/ubuntu/robotis_ws/build/dynamixel_sdk_examples': AMENT_PREFIX_PATH=/home/ubuntu/robotis_ws/install/dynamixel_sdk_custom_interfaces:/home/ubuntu/robotis_ws/install/dynamixel_sdk:${AMENT_PREFIX_PATH} CMAKE_PREFIX_PATH=/home/ubuntu/robotis_ws/install/dynamixel_sdk_custom_interfaces:/home/ubuntu/robotis_ws/install/dynamixel_sdk:/opt/ros/humble LD_LIBRARY_PATH=/home/ubuntu/robotis_ws/install/dynamixel_sdk_custom_interfaces/lib:/home/ubuntu/robotis_ws/install/dynamixel_sdk/lib:${LD_LIBRARY_PATH} PYTHONPATH=/home/ubuntu/robotis_ws/install/dynamixel_sdk_custom_interfaces/local/lib/python3.10/dist-packages:${PYTHONPATH} /usr/bin/cmake --install /home/ubuntu/robotis_ws/build/dynamixel_sdk_examples
[15.251s] -- Install configuration: ""
[15.252s] -- Execute custom install script
[15.253s] -- Symlinking: /home/ubuntu/robotis_ws/install/dynamixel_sdk_examples/lib/dynamixel_sdk_examples/read_write_node
[15.266s] -- Symlinking: /home/ubuntu/robotis_ws/install/dynamixel_sdk_examples/share/ament_index/resource_index/package_run_dependencies/dynamixel_sdk_examples
[15.279s] -- Symlinking: /home/ubuntu/robotis_ws/install/dynamixel_sdk_examples/share/ament_index/resource_index/parent_prefix_path/dynamixel_sdk_examples
[15.291s] -- Symlinking: /home/ubuntu/robotis_ws/install/dynamixel_sdk_examples/share/dynamixel_sdk_examples/environment/ament_prefix_path.sh
[15.305s] -- Symlinking: /home/ubuntu/robotis_ws/install/dynamixel_sdk_examples/share/dynamixel_sdk_examples/environment/ament_prefix_path.dsv
[15.318s] -- Symlinking: /home/ubuntu/robotis_ws/install/dynamixel_sdk_examples/share/dynamixel_sdk_examples/environment/path.sh
[15.332s] -- Symlinking: /home/ubuntu/robotis_ws/install/dynamixel_sdk_examples/share/dynamixel_sdk_examples/environment/path.dsv
[15.345s] -- Symlinking: /home/ubuntu/robotis_ws/install/dynamixel_sdk_examples/share/dynamixel_sdk_examples/local_setup.bash
[15.358s] -- Symlinking: /home/ubuntu/robotis_ws/install/dynamixel_sdk_examples/share/dynamixel_sdk_examples/local_setup.sh
[15.370s] -- Symlinking: /home/ubuntu/robotis_ws/install/dynamixel_sdk_examples/share/dynamixel_sdk_examples/local_setup.zsh
[15.383s] -- Symlinking: /home/ubuntu/robotis_ws/install/dynamixel_sdk_examples/share/dynamixel_sdk_examples/local_setup.dsv
[15.395s] -- Symlinking: /home/ubuntu/robotis_ws/install/dynamixel_sdk_examples/share/dynamixel_sdk_examples/package.dsv
[15.407s] -- Symlinking: /home/ubuntu/robotis_ws/install/dynamixel_sdk_examples/share/ament_index/resource_index/packages/dynamixel_sdk_examples
[15.420s] -- Symlinking: /home/ubuntu/robotis_ws/install/dynamixel_sdk_examples/share/dynamixel_sdk_examples/cmake/dynamixel_sdk_examplesConfig.cmake
[15.433s] -- Symlinking: /home/ubuntu/robotis_ws/install/dynamixel_sdk_examples/share/dynamixel_sdk_examples/cmake/dynamixel_sdk_examplesConfig-version.cmake
[15.446s] -- Symlinking: /home/ubuntu/robotis_ws/install/dynamixel_sdk_examples/share/dynamixel_sdk_examples/package.xml
[15.461s] Invoked command in '/home/ubuntu/robotis_ws/build/dynamixel_sdk_examples' returned '0': AMENT_PREFIX_PATH=/home/ubuntu/robotis_ws/install/dynamixel_sdk_custom_interfaces:/home/ubuntu/robotis_ws/install/dynamixel_sdk:${AMENT_PREFIX_PATH} CMAKE_PREFIX_PATH=/home/ubuntu/robotis_ws/install/dynamixel_sdk_custom_interfaces:/home/ubuntu/robotis_ws/install/dynamixel_sdk:/opt/ros/humble LD_LIBRARY_PATH=/home/ubuntu/robotis_ws/install/dynamixel_sdk_custom_interfaces/lib:/home/ubuntu/robotis_ws/install/dynamixel_sdk/lib:${LD_LIBRARY_PATH} PYTHONPATH=/home/ubuntu/robotis_ws/install/dynamixel_sdk_custom_interfaces/local/lib/python3.10/dist-packages:${PYTHONPATH} /usr/bin/cmake --install /home/ubuntu/robotis_ws/build/dynamixel_sdk_examples
