[0.043s] Invoking command in '/home/ubuntu/robotis_ws/build/cmake_modules': CMAKE_PREFIX_PATH=${CMAKE_PREFIX_PATH}:/home/ubuntu/robotis_ws/install/open_manipulator_x_teleop:/opt/ros/humble /usr/bin/cmake --build /home/ubuntu/robotis_ws/build/cmake_modules -- -j8 -l8
[0.109s] Invoked command in '/home/ubuntu/robotis_ws/build/cmake_modules' returned '0': CMAKE_PREFIX_PATH=${CMAKE_PREFIX_PATH}:/home/ubuntu/robotis_ws/install/open_manipulator_x_teleop:/opt/ros/humble /usr/bin/cmake --build /home/ubuntu/robotis_ws/build/cmake_modules -- -j8 -l8
[0.191s] Invoking command in '/home/ubuntu/robotis_ws/build/cmake_modules': CMAKE_PREFIX_PATH=${CMAKE_PREFIX_PATH}:/home/ubuntu/robotis_ws/install/open_manipulator_x_teleop:/opt/ros/humble /usr/bin/cmake --install /home/ubuntu/robotis_ws/build/cmake_modules
[0.214s] -- Install configuration: ""
[0.215s] -- Execute custom install script
[0.215s] -- Up-to-date symlink: /home/ubuntu/robotis_ws/install/cmake_modules/share/cmake_modules/cmake/Modules/FindGSL.cmake
[0.215s] -- Up-to-date symlink: /home/ubuntu/robotis_ws/install/cmake_modules/share/cmake_modules/cmake/Modules/FindGflags.cmake
[0.215s] -- Up-to-date symlink: /home/ubuntu/robotis_ws/install/cmake_modules/share/cmake_modules/cmake/Modules/FindNUMPY.cmake
[0.216s] -- Up-to-date symlink: /home/ubuntu/robotis_ws/install/cmake_modules/share/cmake_modules/cmake/Modules/FindPoco.cmake
[0.216s] -- Up-to-date symlink: /home/ubuntu/robotis_ws/install/cmake_modules/share/cmake_modules/cmake/Modules/FindTBB.cmake
[0.216s] -- Up-to-date symlink: /home/ubuntu/robotis_ws/install/cmake_modules/share/cmake_modules/cmake/Modules/FindTinyXML.cmake
[0.216s] -- Up-to-date symlink: /home/ubuntu/robotis_ws/install/cmake_modules/share/cmake_modules/cmake/Modules/FindTinyXML2.cmake
[0.217s] -- Up-to-date symlink: /home/ubuntu/robotis_ws/install/cmake_modules/share/cmake_modules/cmake/Modules/FindUUID.cmake
[0.219s] -- Up-to-date symlink: /home/ubuntu/robotis_ws/install/cmake_modules/share/cmake_modules/cmake/Modules/FindXenomai.cmake
[0.229s] -- Up-to-date symlink: /home/ubuntu/robotis_ws/install/cmake_modules/share/ament_index/resource_index/package_run_dependencies/cmake_modules
[0.229s] -- Up-to-date symlink: /home/ubuntu/robotis_ws/install/cmake_modules/share/ament_index/resource_index/parent_prefix_path/cmake_modules
[0.229s] -- Up-to-date symlink: /home/ubuntu/robotis_ws/install/cmake_modules/share/cmake_modules/environment/ament_prefix_path.sh
[0.229s] -- Up-to-date symlink: /home/ubuntu/robotis_ws/install/cmake_modules/share/cmake_modules/environment/ament_prefix_path.dsv
[0.229s] -- Up-to-date symlink: /home/ubuntu/robotis_ws/install/cmake_modules/share/cmake_modules/environment/path.sh
[0.230s] -- Up-to-date symlink: /home/ubuntu/robotis_ws/install/cmake_modules/share/cmake_modules/environment/path.dsv
[0.230s] -- Up-to-date symlink: /home/ubuntu/robotis_ws/install/cmake_modules/share/cmake_modules/local_setup.bash
[0.230s] -- Up-to-date symlink: /home/ubuntu/robotis_ws/install/cmake_modules/share/cmake_modules/local_setup.sh
[0.230s] -- Up-to-date symlink: /home/ubuntu/robotis_ws/install/cmake_modules/share/cmake_modules/local_setup.zsh
[0.230s] -- Up-to-date symlink: /home/ubuntu/robotis_ws/install/cmake_modules/share/cmake_modules/local_setup.dsv
[0.230s] -- Symlinking: /home/ubuntu/robotis_ws/install/cmake_modules/share/cmake_modules/package.dsv
[0.251s] -- Up-to-date symlink: /home/ubuntu/robotis_ws/install/cmake_modules/share/ament_index/resource_index/packages/cmake_modules
[0.251s] -- Up-to-date symlink: /home/ubuntu/robotis_ws/install/cmake_modules/share/cmake_modules/cmake/cmake_modules-extras.cmake
[0.252s] -- Up-to-date symlink: /home/ubuntu/robotis_ws/install/cmake_modules/share/cmake_modules/cmake/ament_cmake_export_dependencies-extras.cmake
[0.252s] -- Up-to-date symlink: /home/ubuntu/robotis_ws/install/cmake_modules/share/cmake_modules/cmake/cmake_modulesConfig.cmake
[0.253s] -- Up-to-date symlink: /home/ubuntu/robotis_ws/install/cmake_modules/share/cmake_modules/cmake/cmake_modulesConfig-version.cmake
[0.254s] -- Up-to-date symlink: /home/ubuntu/robotis_ws/install/cmake_modules/share/cmake_modules/package.xml
[0.260s] Invoked command in '/home/ubuntu/robotis_ws/build/cmake_modules' returned '0': CMAKE_PREFIX_PATH=${CMAKE_PREFIX_PATH}:/home/ubuntu/robotis_ws/install/open_manipulator_x_teleop:/opt/ros/humble /usr/bin/cmake --install /home/ubuntu/robotis_ws/build/cmake_modules
