[35m[1mConsolidate compiler generated dependencies of target open_manipulator_msgs__rosidl_generator_c[0m
[  1%] Built target open_manipulator_msgs__cpp
[  1%] Built target ament_cmake_python_symlink_open_manipulator_msgs
[ 12%] Built target open_manipulator_msgs__rosidl_generator_c
[35m[1mConsolidate compiler generated dependencies of target open_manipulator_msgs__rosidl_typesupport_cpp[0m
[35m[1mConsolidate compiler generated dependencies of target open_manipulator_msgs__rosidl_typesupport_fastrtps_cpp[0m
[35m[1mConsolidate compiler generated dependencies of target open_manipulator_msgs__rosidl_typesupport_introspection_cpp[0m
[35m[1mConsolidate compiler generated dependencies of target open_manipulator_msgs__rosidl_typesupport_fastrtps_c[0m
[35m[1mConsolidate compiler generated dependencies of target open_manipulator_msgs__rosidl_typesupport_c[0m
[35m[1mConsolidate compiler generated dependencies of target open_manipulator_msgs__rosidl_typesupport_introspection_c[0m
[ 24%] Built target open_manipulator_msgs__rosidl_typesupport_cpp
[ 35%] Built target open_manipulator_msgs__rosidl_typesupport_fastrtps_cpp
[ 47%] Built target open_manipulator_msgs__rosidl_typesupport_introspection_cpp
[ 58%] Built target open_manipulator_msgs__rosidl_typesupport_c
[ 70%] Built target open_manipulator_msgs__rosidl_typesupport_introspection_c
[ 82%] Built target open_manipulator_msgs__rosidl_typesupport_fastrtps_c
[ 82%] Built target open_manipulator_msgs
[ 83%] Built target open_manipulator_msgs__py
[35m[1mConsolidate compiler generated dependencies of target open_manipulator_msgs__rosidl_generator_py[0m
[ 93%] Built target open_manipulator_msgs__rosidl_generator_py
[35m[1mConsolidate compiler generated dependencies of target open_manipulator_msgs__rosidl_typesupport_c__pyext[0m
[35m[1mConsolidate compiler generated dependencies of target open_manipulator_msgs__rosidl_typesupport_fastrtps_c__pyext[0m
[35m[1mConsolidate compiler generated dependencies of target open_manipulator_msgs__rosidl_typesupport_introspection_c__pyext[0m
[ 95%] Built target open_manipulator_msgs__rosidl_typesupport_c__pyext
[ 97%] Built target open_manipulator_msgs__rosidl_typesupport_fastrtps_c__pyext
[100%] Built target open_manipulator_msgs__rosidl_typesupport_introspection_c__pyext
running egg_info
writing open_manipulator_msgs.egg-info/PKG-INFO
writing dependency_links to open_manipulator_msgs.egg-info/dependency_links.txt
writing top-level names to open_manipulator_msgs.egg-info/top_level.txt
reading manifest file 'open_manipulator_msgs.egg-info/SOURCES.txt'
writing manifest file 'open_manipulator_msgs.egg-info/SOURCES.txt'
[100%] Built target ament_cmake_python_build_open_manipulator_msgs_egg
