[0.041s] Invoking command in '/home/ubuntu/robotis_ws/build/open_manipulator_msgs': CMAKE_PREFIX_PATH=${CMAKE_PREFIX_PATH}:/home/ubuntu/robotis_ws/install/open_manipulator_x_teleop:/opt/ros/humble /usr/bin/cmake --build /home/ubuntu/robotis_ws/build/open_manipulator_msgs -- -j8 -l8
[0.139s] [35m[1mConsolidate compiler generated dependencies of target open_manipulator_msgs__rosidl_generator_c[0m
[0.163s] [  1%] Built target open_manipulator_msgs__cpp
[0.177s] [  1%] Built target ament_cmake_python_symlink_open_manipulator_msgs
[0.179s] [ 12%] Built target open_manipulator_msgs__rosidl_generator_c
[0.198s] [35m[1mConsolidate compiler generated dependencies of target open_manipulator_msgs__rosidl_typesupport_cpp[0m
[0.201s] [35m[1mConsolidate compiler generated dependencies of target open_manipulator_msgs__rosidl_typesupport_fastrtps_cpp[0m
[0.209s] [35m[1mConsolidate compiler generated dependencies of target open_manipulator_msgs__rosidl_typesupport_introspection_cpp[0m
[0.223s] [35m[1mConsolidate compiler generated dependencies of target open_manipulator_msgs__rosidl_typesupport_fastrtps_c[0m
[0.234s] [35m[1mConsolidate compiler generated dependencies of target open_manipulator_msgs__rosidl_typesupport_c[0m
[0.236s] [35m[1mConsolidate compiler generated dependencies of target open_manipulator_msgs__rosidl_typesupport_introspection_c[0m
[0.261s] [ 24%] Built target open_manipulator_msgs__rosidl_typesupport_cpp
[0.281s] [ 35%] Built target open_manipulator_msgs__rosidl_typesupport_fastrtps_cpp
[0.283s] [ 47%] Built target open_manipulator_msgs__rosidl_typesupport_introspection_cpp
[0.288s] [ 58%] Built target open_manipulator_msgs__rosidl_typesupport_c
[0.291s] [ 70%] Built target open_manipulator_msgs__rosidl_typesupport_introspection_c
[0.300s] [ 82%] Built target open_manipulator_msgs__rosidl_typesupport_fastrtps_c
[0.332s] [ 82%] Built target open_manipulator_msgs
[0.364s] [ 83%] Built target open_manipulator_msgs__py
[0.380s] [35m[1mConsolidate compiler generated dependencies of target open_manipulator_msgs__rosidl_generator_py[0m
[0.424s] [ 93%] Built target open_manipulator_msgs__rosidl_generator_py
[0.443s] [35m[1mConsolidate compiler generated dependencies of target open_manipulator_msgs__rosidl_typesupport_c__pyext[0m
[0.445s] [35m[1mConsolidate compiler generated dependencies of target open_manipulator_msgs__rosidl_typesupport_fastrtps_c__pyext[0m
[0.445s] [35m[1mConsolidate compiler generated dependencies of target open_manipulator_msgs__rosidl_typesupport_introspection_c__pyext[0m
[0.464s] [ 95%] Built target open_manipulator_msgs__rosidl_typesupport_c__pyext
[0.465s] [ 97%] Built target open_manipulator_msgs__rosidl_typesupport_fastrtps_c__pyext
[0.465s] [100%] Built target open_manipulator_msgs__rosidl_typesupport_introspection_c__pyext
[0.652s] running egg_info
[0.652s] writing open_manipulator_msgs.egg-info/PKG-INFO
[0.653s] writing dependency_links to open_manipulator_msgs.egg-info/dependency_links.txt
[0.653s] writing top-level names to open_manipulator_msgs.egg-info/top_level.txt
[0.656s] reading manifest file 'open_manipulator_msgs.egg-info/SOURCES.txt'
[0.657s] writing manifest file 'open_manipulator_msgs.egg-info/SOURCES.txt'
[0.692s] [100%] Built target ament_cmake_python_build_open_manipulator_msgs_egg
