[0.045s] Invoking command in '/home/ubuntu/robotis_ws/build/dynamixel_sdk_custom_interfaces': CMAKE_PREFIX_PATH=${CMAKE_PREFIX_PATH}:/home/ubuntu/robotis_ws/install/open_manipulator_x_teleop:/opt/ros/humble /usr/bin/cmake --build /home/ubuntu/robotis_ws/build/dynamixel_sdk_custom_interfaces -- -j8 -l8
[0.186s] [  2%] Built target dynamixel_sdk_custom_interfaces__cpp
[0.214s] [  2%] Built target ament_cmake_python_symlink_dynamixel_sdk_custom_interfaces
[0.227s] [ 12%] Built target dynamixel_sdk_custom_interfaces__rosidl_generator_c
[0.278s] [ 23%] Built target dynamixel_sdk_custom_interfaces__rosidl_typesupport_cpp
[0.289s] [ 33%] Built target dynamixel_sdk_custom_interfaces__rosidl_typesupport_fastrtps_cpp
[0.316s] [ 43%] Built target dynamixel_sdk_custom_interfaces__rosidl_typesupport_fastrtps_c
[0.323s] [ 53%] Built target dynamixel_sdk_custom_interfaces__rosidl_typesupport_introspection_c
[0.337s] [ 64%] Built target dynamixel_sdk_custom_interfaces__rosidl_typesupport_introspection_cpp
[0.362s] [ 74%] Built target dynamixel_sdk_custom_interfaces__rosidl_typesupport_c
[0.396s] [ 74%] Built target dynamixel_sdk_custom_interfaces
[0.433s] [ 76%] Built target dynamixel_sdk_custom_interfaces__py
[0.477s] [ 84%] Built target dynamixel_sdk_custom_interfaces__rosidl_generator_py
[0.523s] [ 94%] Built target dynamixel_sdk_custom_interfaces__rosidl_typesupport_c__pyext
[0.523s] [ 94%] Built target dynamixel_sdk_custom_interfaces__rosidl_typesupport_fastrtps_c__pyext
[0.530s] [100%] Built target dynamixel_sdk_custom_interfaces__rosidl_typesupport_introspection_c__pyext
[0.699s] running egg_info
[0.700s] writing dynamixel_sdk_custom_interfaces.egg-info/PKG-INFO
[0.700s] writing dependency_links to dynamixel_sdk_custom_interfaces.egg-info/dependency_links.txt
[0.700s] writing top-level names to dynamixel_sdk_custom_interfaces.egg-info/top_level.txt
[0.704s] reading manifest file 'dynamixel_sdk_custom_interfaces.egg-info/SOURCES.txt'
[0.705s] writing manifest file 'dynamixel_sdk_custom_interfaces.egg-info/SOURCES.txt'
[0.742s] [100%] Built target ament_cmake_python_build_dynamixel_sdk_custom_interfaces_egg
