[0.019s] Invoking command in '/home/ubuntu/robotis_ws/build/moveit2': CMAKE_PREFIX_PATH=/home/ubuntu/robotis_ws/install/open_manipulator_x_description:/home/ubuntu/robotis_ws/install/open_manipulator:/home/ubuntu/robotis_ws/install/open_manipulator_x_controller:/home/ubuntu/robotis_ws/install/open_manipulator_x_libs:/home/ubuntu/robotis_ws/install/robotis_manipulator:/home/ubuntu/robotis_ws/install/open_manipulator_msgs:/home/ubuntu/robotis_ws/install/dynamixel_workbench:/home/ubuntu/robotis_ws/install/dynamixel_workbench_toolbox:/home/ubuntu/robotis_ws/install/dynamixel_sdk_examples:/home/ubuntu/robotis_ws/install/dynamixel_sdk_custom_interfaces:/home/ubuntu/robotis_ws/install/dynamixel_sdk:/home/ubuntu/robotis_ws/install/cmake_modules:/home/ubuntu/robotis_ws/install/open_manipulator_x_teleop:/opt/ros/humble /usr/bin/cmake /home/ubuntu/robotis_ws/src/moveit2 -DCMAKE_INSTALL_PREFIX=/home/ubuntu/robotis_ws/install/moveit2
[0.452s] -- The C compiler identification is GNU 11.4.0
[0.741s] -- The CXX compiler identification is GNU 11.4.0
[0.755s] -- Detecting C compiler ABI info
[0.919s] -- Detecting C compiler ABI info - done
[0.931s] -- Check for working C compiler: /usr/bin/cc - skipped
[0.937s] -- Detecting C compile features
[0.938s] -- Detecting C compile features - done
[0.944s] -- Detecting CXX compiler ABI info
[1.079s] -- Detecting CXX compiler ABI info - done
[1.089s] -- Check for working CXX compiler: /usr/bin/c++ - skipped
[1.090s] -- Detecting CXX compile features
[1.090s] -- Detecting CXX compile features - done
[1.103s] -- Found ament_cmake: 1.3.9 (/opt/ros/humble/share/ament_cmake/cmake)
[1.337s] -- Found Python3: /usr/bin/python3 (found version "3.10.12") found components: Interpreter 
[1.599s] -- Configuring done
[1.605s] -- Generating done
[1.607s] -- Build files have been written to: /home/ubuntu/robotis_ws/build/moveit2
[1.616s] Invoked command in '/home/ubuntu/robotis_ws/build/moveit2' returned '0': CMAKE_PREFIX_PATH=/home/ubuntu/robotis_ws/install/open_manipulator_x_description:/home/ubuntu/robotis_ws/install/open_manipulator:/home/ubuntu/robotis_ws/install/open_manipulator_x_controller:/home/ubuntu/robotis_ws/install/open_manipulator_x_libs:/home/ubuntu/robotis_ws/install/robotis_manipulator:/home/ubuntu/robotis_ws/install/open_manipulator_msgs:/home/ubuntu/robotis_ws/install/dynamixel_workbench:/home/ubuntu/robotis_ws/install/dynamixel_workbench_toolbox:/home/ubuntu/robotis_ws/install/dynamixel_sdk_examples:/home/ubuntu/robotis_ws/install/dynamixel_sdk_custom_interfaces:/home/ubuntu/robotis_ws/install/dynamixel_sdk:/home/ubuntu/robotis_ws/install/cmake_modules:/home/ubuntu/robotis_ws/install/open_manipulator_x_teleop:/opt/ros/humble /usr/bin/cmake /home/ubuntu/robotis_ws/src/moveit2 -DCMAKE_INSTALL_PREFIX=/home/ubuntu/robotis_ws/install/moveit2
[1.620s] Invoking command in '/home/ubuntu/robotis_ws/build/moveit2': CMAKE_PREFIX_PATH=/home/ubuntu/robotis_ws/install/open_manipulator_x_description:/home/ubuntu/robotis_ws/install/open_manipulator:/home/ubuntu/robotis_ws/install/open_manipulator_x_controller:/home/ubuntu/robotis_ws/install/open_manipulator_x_libs:/home/ubuntu/robotis_ws/install/robotis_manipulator:/home/ubuntu/robotis_ws/install/open_manipulator_msgs:/home/ubuntu/robotis_ws/install/dynamixel_workbench:/home/ubuntu/robotis_ws/install/dynamixel_workbench_toolbox:/home/ubuntu/robotis_ws/install/dynamixel_sdk_examples:/home/ubuntu/robotis_ws/install/dynamixel_sdk_custom_interfaces:/home/ubuntu/robotis_ws/install/dynamixel_sdk:/home/ubuntu/robotis_ws/install/cmake_modules:/home/ubuntu/robotis_ws/install/open_manipulator_x_teleop:/opt/ros/humble /usr/bin/cmake --build /home/ubuntu/robotis_ws/build/moveit2 -- -j8 -l8
[1.702s] Invoked command in '/home/ubuntu/robotis_ws/build/moveit2' returned '0': CMAKE_PREFIX_PATH=/home/ubuntu/robotis_ws/install/open_manipulator_x_description:/home/ubuntu/robotis_ws/install/open_manipulator:/home/ubuntu/robotis_ws/install/open_manipulator_x_controller:/home/ubuntu/robotis_ws/install/open_manipulator_x_libs:/home/ubuntu/robotis_ws/install/robotis_manipulator:/home/ubuntu/robotis_ws/install/open_manipulator_msgs:/home/ubuntu/robotis_ws/install/dynamixel_workbench:/home/ubuntu/robotis_ws/install/dynamixel_workbench_toolbox:/home/ubuntu/robotis_ws/install/dynamixel_sdk_examples:/home/ubuntu/robotis_ws/install/dynamixel_sdk_custom_interfaces:/home/ubuntu/robotis_ws/install/dynamixel_sdk:/home/ubuntu/robotis_ws/install/cmake_modules:/home/ubuntu/robotis_ws/install/open_manipulator_x_teleop:/opt/ros/humble /usr/bin/cmake --build /home/ubuntu/robotis_ws/build/moveit2 -- -j8 -l8
[1.760s] Invoking command in '/home/ubuntu/robotis_ws/build/moveit2': CMAKE_PREFIX_PATH=/home/ubuntu/robotis_ws/install/open_manipulator_x_description:/home/ubuntu/robotis_ws/install/open_manipulator:/home/ubuntu/robotis_ws/install/open_manipulator_x_controller:/home/ubuntu/robotis_ws/install/open_manipulator_x_libs:/home/ubuntu/robotis_ws/install/robotis_manipulator:/home/ubuntu/robotis_ws/install/open_manipulator_msgs:/home/ubuntu/robotis_ws/install/dynamixel_workbench:/home/ubuntu/robotis_ws/install/dynamixel_workbench_toolbox:/home/ubuntu/robotis_ws/install/dynamixel_sdk_examples:/home/ubuntu/robotis_ws/install/dynamixel_sdk_custom_interfaces:/home/ubuntu/robotis_ws/install/dynamixel_sdk:/home/ubuntu/robotis_ws/install/cmake_modules:/home/ubuntu/robotis_ws/install/open_manipulator_x_teleop:/opt/ros/humble /usr/bin/cmake --install /home/ubuntu/robotis_ws/build/moveit2
[1.772s] -- Install configuration: ""
[1.772s] -- Installing: /home/ubuntu/robotis_ws/install/moveit2/share/ament_index/resource_index/package_run_dependencies/moveit2
[1.773s] -- Installing: /home/ubuntu/robotis_ws/install/moveit2/share/ament_index/resource_index/parent_prefix_path/moveit2
[1.773s] -- Installing: /home/ubuntu/robotis_ws/install/moveit2/share/moveit2/environment/ament_prefix_path.sh
[1.773s] -- Installing: /home/ubuntu/robotis_ws/install/moveit2/share/moveit2/environment/ament_prefix_path.dsv
[1.773s] -- Installing: /home/ubuntu/robotis_ws/install/moveit2/share/moveit2/environment/path.sh
[1.774s] -- Installing: /home/ubuntu/robotis_ws/install/moveit2/share/moveit2/environment/path.dsv
[1.774s] -- Installing: /home/ubuntu/robotis_ws/install/moveit2/share/moveit2/local_setup.bash
[1.774s] -- Installing: /home/ubuntu/robotis_ws/install/moveit2/share/moveit2/local_setup.sh
[1.774s] -- Installing: /home/ubuntu/robotis_ws/install/moveit2/share/moveit2/local_setup.zsh
[1.774s] -- Installing: /home/ubuntu/robotis_ws/install/moveit2/share/moveit2/local_setup.dsv
[1.775s] -- Installing: /home/ubuntu/robotis_ws/install/moveit2/share/moveit2/package.dsv
[1.776s] -- Installing: /home/ubuntu/robotis_ws/install/moveit2/share/ament_index/resource_index/packages/moveit2
[1.776s] -- Installing: /home/ubuntu/robotis_ws/install/moveit2/share/moveit2/cmake/moveit2Config.cmake
[1.776s] -- Installing: /home/ubuntu/robotis_ws/install/moveit2/share/moveit2/cmake/moveit2Config-version.cmake
[1.776s] -- Installing: /home/ubuntu/robotis_ws/install/moveit2/share/moveit2/package.xml
[1.776s] -- Installing: /home/ubuntu/robotis_ws/install/moveit2/share/moveit2/launch
[1.777s] -- Installing: /home/ubuntu/robotis_ws/install/moveit2/share/moveit2/launch/spawn_controllers.launch.py
[1.777s] -- Installing: /home/ubuntu/robotis_ws/install/moveit2/share/moveit2/launch/move_group.launch.py
[1.777s] -- Installing: /home/ubuntu/robotis_ws/install/moveit2/share/moveit2/launch/moveit_rviz.launch.py
[1.777s] -- Installing: /home/ubuntu/robotis_ws/install/moveit2/share/moveit2/launch/rsp.launch.py
[1.777s] -- Installing: /home/ubuntu/robotis_ws/install/moveit2/share/moveit2/launch/static_virtual_joint_tfs.launch.py
[1.777s] -- Installing: /home/ubuntu/robotis_ws/install/moveit2/share/moveit2/launch/warehouse_db.launch.py
[1.777s] -- Installing: /home/ubuntu/robotis_ws/install/moveit2/share/moveit2/launch/setup_assistant.launch.py
[1.778s] -- Installing: /home/ubuntu/robotis_ws/install/moveit2/share/moveit2/launch/demo.launch.py
[1.778s] -- Installing: /home/ubuntu/robotis_ws/install/moveit2/share/moveit2/config
[1.778s] -- Installing: /home/ubuntu/robotis_ws/install/moveit2/share/moveit2/config/pilz_cartesian_limits.yaml
[1.778s] -- Installing: /home/ubuntu/robotis_ws/install/moveit2/share/moveit2/config/open_manipulator_x.srdf
[1.779s] -- Installing: /home/ubuntu/robotis_ws/install/moveit2/share/moveit2/config/kinematics.yaml
[1.779s] -- Installing: /home/ubuntu/robotis_ws/install/moveit2/share/moveit2/config/joint_limits.yaml
[1.779s] -- Installing: /home/ubuntu/robotis_ws/install/moveit2/share/moveit2/config/open_manipulator_x.urdf.xacro
[1.779s] -- Installing: /home/ubuntu/robotis_ws/install/moveit2/share/moveit2/config/ros2_controllers.yaml
[1.779s] -- Installing: /home/ubuntu/robotis_ws/install/moveit2/share/moveit2/config/initial_positions.yaml
[1.779s] -- Installing: /home/ubuntu/robotis_ws/install/moveit2/share/moveit2/config/moveit_controllers.yaml
[1.780s] -- Installing: /home/ubuntu/robotis_ws/install/moveit2/share/moveit2/config/moveit.rviz
[1.780s] -- Installing: /home/ubuntu/robotis_ws/install/moveit2/share/moveit2/config/open_manipulator_x.ros2_control.xacro
[1.780s] -- Installing: /home/ubuntu/robotis_ws/install/moveit2/share/moveit2/.setup_assistant
[1.783s] Invoked command in '/home/ubuntu/robotis_ws/build/moveit2' returned '0': CMAKE_PREFIX_PATH=/home/ubuntu/robotis_ws/install/open_manipulator_x_description:/home/ubuntu/robotis_ws/install/open_manipulator:/home/ubuntu/robotis_ws/install/open_manipulator_x_controller:/home/ubuntu/robotis_ws/install/open_manipulator_x_libs:/home/ubuntu/robotis_ws/install/robotis_manipulator:/home/ubuntu/robotis_ws/install/open_manipulator_msgs:/home/ubuntu/robotis_ws/install/dynamixel_workbench:/home/ubuntu/robotis_ws/install/dynamixel_workbench_toolbox:/home/ubuntu/robotis_ws/install/dynamixel_sdk_examples:/home/ubuntu/robotis_ws/install/dynamixel_sdk_custom_interfaces:/home/ubuntu/robotis_ws/install/dynamixel_sdk:/home/ubuntu/robotis_ws/install/cmake_modules:/home/ubuntu/robotis_ws/install/open_manipulator_x_teleop:/opt/ros/humble /usr/bin/cmake --install /home/ubuntu/robotis_ws/build/moveit2
