[01m[K/home/ubuntu/robotis_ws/src/open_manipulator/open_manipulator_x_controller/src/open_manipulator_x_controller.cpp:[m[K In member function ‘[01m[Kvoid open_manipulator_x_controller::OpenManipulatorXController::init_parameters()[m[K’:
[01m[K/home/ubuntu/robotis_ws/src/open_manipulator/open_manipulator_x_controller/src/open_manipulator_x_controller.cpp:66:32:[m[K [01;31m[Kerror: [m[Kno matching function for call to ‘[01m[Kopen_manipulator_x_controller::OpenManipulatorXController::declare_parameter<bool>(const char [4], bool&, bool)[m[K’
   66 |   [01;31m[Kthis->declare_parameter<bool>("sim",sim_,false)[m[K; //rujin
      |   [01;31m[K~~~~~~~~~~~~~~~~~~~~~~~~~~~~~^~~~~~~~~~~~~~~~~~[m[K
In file included from [01m[K/opt/ros/humble/include/rclcpp/rclcpp/node.hpp:1321[m[K,
                 from [01m[K/opt/ros/humble/include/rclcpp/rclcpp/executors/single_threaded_executor.hpp:28[m[K,
                 from [01m[K/opt/ros/humble/include/rclcpp/rclcpp/executors.hpp:22[m[K,
                 from [01m[K/opt/ros/humble/include/rclcpp/rclcpp/rclcpp.hpp:155[m[K,
                 from [01m[K/home/ubuntu/robotis_ws/src/open_manipulator/open_manipulator_x_controller/include/open_manipulator_x_controller/open_manipulator_x_controller.hpp:27[m[K,
                 from [01m[K/home/ubuntu/robotis_ws/src/open_manipulator/open_manipulator_x_controller/src/open_manipulator_x_controller.cpp:17[m[K:
[01m[K/opt/ros/humble/include/rclcpp/rclcpp/node_impl.hpp:195:1:[m[K [01;36m[Knote: [m[Kcandidate: ‘[01m[Kauto rclcpp::Node::declare_parameter(const string&, const ParameterT&, const ParameterDescriptor&, bool) [with ParameterT = bool; std::string = std::__cxx11::basic_string<char>; rcl_interfaces::msg::ParameterDescriptor = rcl_interfaces::msg::ParameterDescriptor_<std::allocator<void> >][m[K’
  195 | [01;36m[KNode[m[K::declare_parameter(
      | [01;36m[K^~~~[m[K
[01m[K/opt/ros/humble/include/rclcpp/rclcpp/node_impl.hpp:198:52:[m[K [01;36m[Knote: [m[K  no known conversion for argument 3 from ‘[01m[Kbool[m[K’ to ‘[01m[Kconst ParameterDescriptor&[m[K’ {aka ‘[01m[Kconst rcl_interfaces::msg::ParameterDescriptor_<std::allocator<void> >&[m[K’}
  198 |   [01;36m[Kconst rcl_interfaces::msg::ParameterDescriptor & parameter_descriptor[m[K,
      |   [01;36m[K~~~~~~~~~~~~~~~~~~~~~~~~~~~~~~~~~~~~~~~~~~~~~~~~~^~~~~~~~~~~~~~~~~~~~[m[K
[01m[K/opt/ros/humble/include/rclcpp/rclcpp/node_impl.hpp:215:1:[m[K [01;36m[Knote: [m[Kcandidate: ‘[01m[Kauto rclcpp::Node::declare_parameter(const string&, const ParameterDescriptor&, bool) [with ParameterT = bool; std::string = std::__cxx11::basic_string<char>; rcl_interfaces::msg::ParameterDescriptor = rcl_interfaces::msg::ParameterDescriptor_<std::allocator<void> >][m[K’
  215 | [01;36m[KNode[m[K::declare_parameter(
      | [01;36m[K^~~~[m[K
[01m[K/opt/ros/humble/include/rclcpp/rclcpp/node_impl.hpp:217:52:[m[K [01;36m[Knote: [m[K  no known conversion for argument 2 from ‘[01m[Kbool[m[K’ to ‘[01m[Kconst ParameterDescriptor&[m[K’ {aka ‘[01m[Kconst rcl_interfaces::msg::ParameterDescriptor_<std::allocator<void> >&[m[K’}
  217 |   [01;36m[Kconst rcl_interfaces::msg::ParameterDescriptor & parameter_descriptor[m[K,
      |   [01;36m[K~~~~~~~~~~~~~~~~~~~~~~~~~~~~~~~~~~~~~~~~~~~~~~~~~^~~~~~~~~~~~~~~~~~~~[m[K
[01m[K/home/ubuntu/robotis_ws/src/open_manipulator/open_manipulator_x_controller/src/open_manipulator_x_controller.cpp:67:34:[m[K [01;31m[Kerror: [m[Kno matching function for call to ‘[01m[Kopen_manipulator_x_controller::OpenManipulatorXController::declare_parameter<double>(const char [15], double&, double)[m[K’
   67 |   [01;31m[Kthis->declare_parameter<double>("control_period",control_period_,0.010)[m[K; //rujin
      |   [01;31m[K~~~~~~~~~~~~~~~~~~~~~~~~~~~~~~~^~~~~~~~~~~~~~~~~~~~~~~~~~~~~~~~~~~~~~~~[m[K
In file included from [01m[K/opt/ros/humble/include/rclcpp/rclcpp/node.hpp:1321[m[K,
                 from [01m[K/opt/ros/humble/include/rclcpp/rclcpp/executors/single_threaded_executor.hpp:28[m[K,
                 from [01m[K/opt/ros/humble/include/rclcpp/rclcpp/executors.hpp:22[m[K,
                 from [01m[K/opt/ros/humble/include/rclcpp/rclcpp/rclcpp.hpp:155[m[K,
                 from [01m[K/home/ubuntu/robotis_ws/src/open_manipulator/open_manipulator_x_controller/include/open_manipulator_x_controller/open_manipulator_x_controller.hpp:27[m[K,
                 from [01m[K/home/ubuntu/robotis_ws/src/open_manipulator/open_manipulator_x_controller/src/open_manipulator_x_controller.cpp:17[m[K:
[01m[K/opt/ros/humble/include/rclcpp/rclcpp/node_impl.hpp:195:1:[m[K [01;36m[Knote: [m[Kcandidate: ‘[01m[Kauto rclcpp::Node::declare_parameter(const string&, const ParameterT&, const ParameterDescriptor&, bool) [with ParameterT = double; std::string = std::__cxx11::basic_string<char>; rcl_interfaces::msg::ParameterDescriptor = rcl_interfaces::msg::ParameterDescriptor_<std::allocator<void> >][m[K’
  195 | [01;36m[KNode[m[K::declare_parameter(
      | [01;36m[K^~~~[m[K
[01m[K/opt/ros/humble/include/rclcpp/rclcpp/node_impl.hpp:198:52:[m[K [01;36m[Knote: [m[K  no known conversion for argument 3 from ‘[01m[Kdouble[m[K’ to ‘[01m[Kconst ParameterDescriptor&[m[K’ {aka ‘[01m[Kconst rcl_interfaces::msg::ParameterDescriptor_<std::allocator<void> >&[m[K’}
  198 |   [01;36m[Kconst rcl_interfaces::msg::ParameterDescriptor & parameter_descriptor[m[K,
      |   [01;36m[K~~~~~~~~~~~~~~~~~~~~~~~~~~~~~~~~~~~~~~~~~~~~~~~~~^~~~~~~~~~~~~~~~~~~~[m[K
[01m[K/opt/ros/humble/include/rclcpp/rclcpp/node_impl.hpp:215:1:[m[K [01;36m[Knote: [m[Kcandidate: ‘[01m[Kauto rclcpp::Node::declare_parameter(const string&, const ParameterDescriptor&, bool) [with ParameterT = double; std::string = std::__cxx11::basic_string<char>; rcl_interfaces::msg::ParameterDescriptor = rcl_interfaces::msg::ParameterDescriptor_<std::allocator<void> >][m[K’
  215 | [01;36m[KNode[m[K::declare_parameter(
      | [01;36m[K^~~~[m[K
[01m[K/opt/ros/humble/include/rclcpp/rclcpp/node_impl.hpp:217:52:[m[K [01;36m[Knote: [m[K  no known conversion for argument 2 from ‘[01m[Kdouble[m[K’ to ‘[01m[Kconst ParameterDescriptor&[m[K’ {aka ‘[01m[Kconst rcl_interfaces::msg::ParameterDescriptor_<std::allocator<void> >&[m[K’}
  217 |   [01;36m[Kconst rcl_interfaces::msg::ParameterDescriptor & parameter_descriptor[m[K,
      |   [01;36m[K~~~~~~~~~~~~~~~~~~~~~~~~~~~~~~~~~~~~~~~~~~~~~~~~~^~~~~~~~~~~~~~~~~~~~[m[K
gmake[2]: *** [CMakeFiles/open_manipulator_x_controller.dir/build.make:76: CMakeFiles/open_manipulator_x_controller.dir/src/open_manipulator_x_controller.cpp.o] Error 1
gmake[1]: *** [CMakeFiles/Makefile2:137: CMakeFiles/open_manipulator_x_controller.dir/all] Error 2
gmake: *** [Makefile:146: all] Error 2
