[0.044s] Invoking command in '/home/ubuntu/robotis_ws/build/open_manipulator_msgs': CMAKE_PREFIX_PATH=${CMAKE_PREFIX_PATH}:/home/ubuntu/robotis_ws/install/open_manipulator_x_teleop:/opt/ros/humble /usr/bin/cmake --build /home/ubuntu/robotis_ws/build/open_manipulator_msgs -- -j8 -l8
[0.174s] [  1%] Built target open_manipulator_msgs__cpp
[0.203s] [ 12%] Built target open_manipulator_msgs__rosidl_generator_c
[0.231s] [ 12%] Built target ament_cmake_python_symlink_open_manipulator_msgs
[0.269s] [ 24%] Built target open_manipulator_msgs__rosidl_typesupport_fastrtps_cpp
[0.279s] [ 35%] Built target open_manipulator_msgs__rosidl_typesupport_cpp
[0.284s] [ 47%] Built target open_manipulator_msgs__rosidl_typesupport_introspection_cpp
[0.287s] [ 64%] Built target open_manipulator_msgs__rosidl_typesupport_introspection_c
[0.287s] [ 70%] Built target open_manipulator_msgs__rosidl_typesupport_fastrtps_c
[0.288s] [ 82%] Built target open_manipulator_msgs__rosidl_typesupport_c
[0.323s] [ 82%] Built target open_manipulator_msgs
[0.357s] [ 83%] Built target open_manipulator_msgs__py
[0.399s] [ 93%] Built target open_manipulator_msgs__rosidl_generator_py
[0.449s] [ 95%] Built target open_manipulator_msgs__rosidl_typesupport_fastrtps_c__pyext
[0.451s] [ 97%] Built target open_manipulator_msgs__rosidl_typesupport_introspection_c__pyext
[0.455s] [100%] Built target open_manipulator_msgs__rosidl_typesupport_c__pyext
[0.748s] running egg_info
[0.749s] writing open_manipulator_msgs.egg-info/PKG-INFO
[0.749s] writing dependency_links to open_manipulator_msgs.egg-info/dependency_links.txt
[0.749s] writing top-level names to open_manipulator_msgs.egg-info/top_level.txt
[0.753s] reading manifest file 'open_manipulator_msgs.egg-info/SOURCES.txt'
[0.755s] writing manifest file 'open_manipulator_msgs.egg-info/SOURCES.txt'
[0.792s] [100%] Built target ament_cmake_python_build_open_manipulator_msgs_egg
