[0.011s] Invoking command in '/home/ubuntu/robotis_ws/build/open_manipulator_msgs': CMAKE_PREFIX_PATH=${CMAKE_PREFIX_PATH}:/home/ubuntu/robotis_ws/install/open_manipulator_x_teleop:/opt/ros/humble /usr/bin/cmake /home/ubuntu/robotis_ws/src/open_manipulator_msgs -DCMAKE_INSTALL_PREFIX=/home/ubuntu/robotis_ws/install/open_manipulator_msgs
[0.028s] -- Found ament_cmake: 1.3.9 (/opt/ros/humble/share/ament_cmake/cmake)
[0.169s] -- Override CMake install command with custom implementation using symlinks instead of copying resources
[0.179s] -- Found geometry_msgs: 4.2.4 (/opt/ros/humble/share/geometry_msgs/cmake)
[0.222s] -- Found rosidl_generator_c: 3.1.5 (/opt/ros/humble/share/rosidl_generator_c/cmake)
[0.226s] -- Found rosidl_adapter: 3.1.5 (/opt/ros/humble/share/rosidl_adapter/cmake)
[0.235s] -- Found rosidl_generator_cpp: 3.1.5 (/opt/ros/humble/share/rosidl_generator_cpp/cmake)
[0.253s] -- Using all available rosidl_typesupport_c: rosidl_typesupport_fastrtps_c;rosidl_typesupport_introspection_c
[0.273s] -- Using all available rosidl_typesupport_cpp: rosidl_typesupport_fastrtps_cpp;rosidl_typesupport_introspection_cpp
[0.407s] -- Found rosidl_default_generators: 1.2.0 (/opt/ros/humble/share/rosidl_default_generators/cmake)
[0.793s] -- Found ament_cmake_cppcheck: 0.12.11 (/opt/ros/humble/share/ament_cmake_cppcheck/cmake)
[0.794s] -- Found ament_cmake_cpplint: 0.12.11 (/opt/ros/humble/share/ament_cmake_cpplint/cmake)
[0.796s] -- Found ament_cmake_uncrustify: 0.12.11 (/opt/ros/humble/share/ament_cmake_uncrustify/cmake)
[0.798s] -- Found ament_cmake_ros: 0.10.0 (/opt/ros/humble/share/ament_cmake_ros/cmake)
[1.274s] -- Using all available rosidl_typesupport_c: rosidl_typesupport_fastrtps_c;rosidl_typesupport_introspection_c
[1.466s] -- Using all available rosidl_typesupport_cpp: rosidl_typesupport_fastrtps_cpp;rosidl_typesupport_introspection_cpp
[1.493s] -- Found python_cmake_module: 0.10.0 (/opt/ros/humble/share/python_cmake_module/cmake)
[1.519s] -- Using PYTHON_EXECUTABLE: /usr/bin/python3
[1.519s] -- Using PYTHON_INCLUDE_DIRS: /usr/include/python3.10
[1.519s] -- Using PYTHON_LIBRARIES: /usr/lib/x86_64-linux-gnu/libpython3.10.so
[1.573s] -- Found ament_cmake_flake8: 0.12.11 (/opt/ros/humble/share/ament_cmake_flake8/cmake)
[1.574s] -- Found ament_cmake_pep257: 0.12.11 (/opt/ros/humble/share/ament_cmake_pep257/cmake)
[1.590s] -- Configuring done
[1.661s] -- Generating done
[1.666s] -- Build files have been written to: /home/ubuntu/robotis_ws/build/open_manipulator_msgs
[1.675s] Invoked command in '/home/ubuntu/robotis_ws/build/open_manipulator_msgs' returned '0': CMAKE_PREFIX_PATH=${CMAKE_PREFIX_PATH}:/home/ubuntu/robotis_ws/install/open_manipulator_x_teleop:/opt/ros/humble /usr/bin/cmake /home/ubuntu/robotis_ws/src/open_manipulator_msgs -DCMAKE_INSTALL_PREFIX=/home/ubuntu/robotis_ws/install/open_manipulator_msgs
[1.677s] Invoking command in '/home/ubuntu/robotis_ws/build/open_manipulator_msgs': CMAKE_PREFIX_PATH=${CMAKE_PREFIX_PATH}:/home/ubuntu/robotis_ws/install/open_manipulator_x_teleop:/opt/ros/humble /usr/bin/cmake --build /home/ubuntu/robotis_ws/build/open_manipulator_msgs -- -j8 -l8
[1.733s] [35m[1mConsolidate compiler generated dependencies of target open_manipulator_msgs__rosidl_generator_c[0m
[1.744s] [  1%] Built target open_manipulator_msgs__cpp
[1.754s] [ 12%] Built target open_manipulator_msgs__rosidl_generator_c
[1.754s] [ 12%] Built target ament_cmake_python_symlink_open_manipulator_msgs
[1.767s] [35m[1mConsolidate compiler generated dependencies of target open_manipulator_msgs__rosidl_typesupport_fastrtps_cpp[0m
[1.767s] [35m[1mConsolidate compiler generated dependencies of target open_manipulator_msgs__rosidl_typesupport_introspection_cpp[0m
[1.769s] [35m[1mConsolidate compiler generated dependencies of target open_manipulator_msgs__rosidl_typesupport_cpp[0m
[1.777s] [35m[1mConsolidate compiler generated dependencies of target open_manipulator_msgs__rosidl_typesupport_c[0m
[1.778s] [35m[1mConsolidate compiler generated dependencies of target open_manipulator_msgs__rosidl_typesupport_introspection_c[0m
[1.782s] [35m[1mConsolidate compiler generated dependencies of target open_manipulator_msgs__rosidl_typesupport_fastrtps_c[0m
[1.799s] [ 24%] Built target open_manipulator_msgs__rosidl_typesupport_c
[1.803s] [ 36%] Built target open_manipulator_msgs__rosidl_typesupport_cpp
[1.803s] [ 47%] Built target open_manipulator_msgs__rosidl_typesupport_introspection_c
[1.805s] [ 58%] Built target open_manipulator_msgs__rosidl_typesupport_introspection_cpp
[1.809s] [ 70%] Built target open_manipulator_msgs__rosidl_typesupport_fastrtps_cpp
[1.818s] [ 82%] Built target open_manipulator_msgs__rosidl_typesupport_fastrtps_c
[1.845s] [ 82%] Built target open_manipulator_msgs
[1.873s] [ 83%] Built target open_manipulator_msgs__py
[1.890s] [35m[1mConsolidate compiler generated dependencies of target open_manipulator_msgs__rosidl_generator_py[0m
[1.916s] [ 93%] Built target open_manipulator_msgs__rosidl_generator_py
[1.929s] [35m[1mConsolidate compiler generated dependencies of target open_manipulator_msgs__rosidl_typesupport_fastrtps_c__pyext[0m
[1.930s] [35m[1mConsolidate compiler generated dependencies of target open_manipulator_msgs__rosidl_typesupport_introspection_c__pyext[0m
[1.930s] [35m[1mConsolidate compiler generated dependencies of target open_manipulator_msgs__rosidl_typesupport_c__pyext[0m
[1.947s] [ 98%] Built target open_manipulator_msgs__rosidl_typesupport_introspection_c__pyext
[1.947s] [ 98%] Built target open_manipulator_msgs__rosidl_typesupport_c__pyext
[1.948s] [100%] Built target open_manipulator_msgs__rosidl_typesupport_fastrtps_c__pyext
[2.063s] running egg_info
[2.064s] writing open_manipulator_msgs.egg-info/PKG-INFO
[2.065s] writing dependency_links to open_manipulator_msgs.egg-info/dependency_links.txt
[2.065s] writing top-level names to open_manipulator_msgs.egg-info/top_level.txt
[2.067s] reading manifest file 'open_manipulator_msgs.egg-info/SOURCES.txt'
[2.068s] writing manifest file 'open_manipulator_msgs.egg-info/SOURCES.txt'
[2.099s] [100%] Built target ament_cmake_python_build_open_manipulator_msgs_egg
[2.115s] Invoked command in '/home/ubuntu/robotis_ws/build/open_manipulator_msgs' returned '0': CMAKE_PREFIX_PATH=${CMAKE_PREFIX_PATH}:/home/ubuntu/robotis_ws/install/open_manipulator_x_teleop:/opt/ros/humble /usr/bin/cmake --build /home/ubuntu/robotis_ws/build/open_manipulator_msgs -- -j8 -l8
[2.773s] Invoking command in '/home/ubuntu/robotis_ws/build/open_manipulator_msgs': CMAKE_PREFIX_PATH=${CMAKE_PREFIX_PATH}:/home/ubuntu/robotis_ws/install/open_manipulator_x_teleop:/opt/ros/humble /usr/bin/cmake --install /home/ubuntu/robotis_ws/build/open_manipulator_msgs
[2.794s] -- Install configuration: ""
[2.796s] -- Execute custom install script
[2.798s] -- Up-to-date symlink: /home/ubuntu/robotis_ws/install/open_manipulator_msgs/share/ament_index/resource_index/rosidl_interfaces/open_manipulator_msgs
[2.801s] -- Up-to-date symlink: /home/ubuntu/robotis_ws/install/open_manipulator_msgs/include/open_manipulator_msgs/open_manipulator_msgs/msg/detail/joint_position__functions.h
[2.802s] -- Up-to-date symlink: /home/ubuntu/robotis_ws/install/open_manipulator_msgs/include/open_manipulator_msgs/open_manipulator_msgs/msg/detail/joint_position__struct.h
[2.802s] -- Up-to-date symlink: /home/ubuntu/robotis_ws/install/open_manipulator_msgs/include/open_manipulator_msgs/open_manipulator_msgs/msg/detail/joint_position__type_support.h
[2.803s] -- Up-to-date symlink: /home/ubuntu/robotis_ws/install/open_manipulator_msgs/include/open_manipulator_msgs/open_manipulator_msgs/msg/detail/kinematics_pose__functions.h
[2.803s] -- Up-to-date symlink: /home/ubuntu/robotis_ws/install/open_manipulator_msgs/include/open_manipulator_msgs/open_manipulator_msgs/msg/detail/kinematics_pose__struct.h
[2.804s] -- Up-to-date symlink: /home/ubuntu/robotis_ws/install/open_manipulator_msgs/include/open_manipulator_msgs/open_manipulator_msgs/msg/detail/kinematics_pose__type_support.h
[2.804s] -- Up-to-date symlink: /home/ubuntu/robotis_ws/install/open_manipulator_msgs/include/open_manipulator_msgs/open_manipulator_msgs/msg/detail/open_manipulator_state__functions.h
[2.805s] -- Up-to-date symlink: /home/ubuntu/robotis_ws/install/open_manipulator_msgs/include/open_manipulator_msgs/open_manipulator_msgs/msg/detail/open_manipulator_state__struct.h
[2.805s] -- Up-to-date symlink: /home/ubuntu/robotis_ws/install/open_manipulator_msgs/include/open_manipulator_msgs/open_manipulator_msgs/msg/detail/open_manipulator_state__type_support.h
[2.806s] -- Up-to-date symlink: /home/ubuntu/robotis_ws/install/open_manipulator_msgs/include/open_manipulator_msgs/open_manipulator_msgs/msg/joint_position.h
[2.806s] -- Up-to-date symlink: /home/ubuntu/robotis_ws/install/open_manipulator_msgs/include/open_manipulator_msgs/open_manipulator_msgs/msg/kinematics_pose.h
[2.807s] -- Up-to-date symlink: /home/ubuntu/robotis_ws/install/open_manipulator_msgs/include/open_manipulator_msgs/open_manipulator_msgs/msg/open_manipulator_state.h
[2.807s] -- Up-to-date symlink: /home/ubuntu/robotis_ws/install/open_manipulator_msgs/include/open_manipulator_msgs/open_manipulator_msgs/msg/rosidl_generator_c__visibility_control.h
[2.808s] -- Up-to-date symlink: /home/ubuntu/robotis_ws/install/open_manipulator_msgs/include/open_manipulator_msgs/open_manipulator_msgs/srv/detail/get_joint_position__functions.h
[2.808s] -- Up-to-date symlink: /home/ubuntu/robotis_ws/install/open_manipulator_msgs/include/open_manipulator_msgs/open_manipulator_msgs/srv/detail/get_joint_position__struct.h
[2.808s] -- Up-to-date symlink: /home/ubuntu/robotis_ws/install/open_manipulator_msgs/include/open_manipulator_msgs/open_manipulator_msgs/srv/detail/get_joint_position__type_support.h
[2.809s] -- Up-to-date symlink: /home/ubuntu/robotis_ws/install/open_manipulator_msgs/include/open_manipulator_msgs/open_manipulator_msgs/srv/detail/get_kinematics_pose__functions.h
[2.809s] -- Up-to-date symlink: /home/ubuntu/robotis_ws/install/open_manipulator_msgs/include/open_manipulator_msgs/open_manipulator_msgs/srv/detail/get_kinematics_pose__struct.h
[2.810s] -- Up-to-date symlink: /home/ubuntu/robotis_ws/install/open_manipulator_msgs/include/open_manipulator_msgs/open_manipulator_msgs/srv/detail/get_kinematics_pose__type_support.h
[2.810s] -- Up-to-date symlink: /home/ubuntu/robotis_ws/install/open_manipulator_msgs/include/open_manipulator_msgs/open_manipulator_msgs/srv/detail/set_actuator_state__functions.h
[2.810s] -- Up-to-date symlink: /home/ubuntu/robotis_ws/install/open_manipulator_msgs/include/open_manipulator_msgs/open_manipulator_msgs/srv/detail/set_actuator_state__struct.h
[2.811s] -- Up-to-date symlink: /home/ubuntu/robotis_ws/install/open_manipulator_msgs/include/open_manipulator_msgs/open_manipulator_msgs/srv/detail/set_actuator_state__type_support.h
[2.811s] -- Up-to-date symlink: /home/ubuntu/robotis_ws/install/open_manipulator_msgs/include/open_manipulator_msgs/open_manipulator_msgs/srv/detail/set_drawing_trajectory__functions.h
[2.811s] -- Up-to-date symlink: /home/ubuntu/robotis_ws/install/open_manipulator_msgs/include/open_manipulator_msgs/open_manipulator_msgs/srv/detail/set_drawing_trajectory__struct.h
[2.812s] -- Up-to-date symlink: /home/ubuntu/robotis_ws/install/open_manipulator_msgs/include/open_manipulator_msgs/open_manipulator_msgs/srv/detail/set_drawing_trajectory__type_support.h
[2.812s] -- Up-to-date symlink: /home/ubuntu/robotis_ws/install/open_manipulator_msgs/include/open_manipulator_msgs/open_manipulator_msgs/srv/detail/set_joint_position__functions.h
[2.812s] -- Up-to-date symlink: /home/ubuntu/robotis_ws/install/open_manipulator_msgs/include/open_manipulator_msgs/open_manipulator_msgs/srv/detail/set_joint_position__struct.h
[2.813s] -- Up-to-date symlink: /home/ubuntu/robotis_ws/install/open_manipulator_msgs/include/open_manipulator_msgs/open_manipulator_msgs/srv/detail/set_joint_position__type_support.h
[2.813s] -- Up-to-date symlink: /home/ubuntu/robotis_ws/install/open_manipulator_msgs/include/open_manipulator_msgs/open_manipulator_msgs/srv/detail/set_kinematics_pose__functions.h
[2.813s] -- Up-to-date symlink: /home/ubuntu/robotis_ws/install/open_manipulator_msgs/include/open_manipulator_msgs/open_manipulator_msgs/srv/detail/set_kinematics_pose__struct.h
[2.813s] -- Up-to-date symlink: /home/ubuntu/robotis_ws/install/open_manipulator_msgs/include/open_manipulator_msgs/open_manipulator_msgs/srv/detail/set_kinematics_pose__type_support.h
[2.814s] -- Up-to-date symlink: /home/ubuntu/robotis_ws/install/open_manipulator_msgs/include/open_manipulator_msgs/open_manipulator_msgs/srv/get_joint_position.h
[2.814s] -- Up-to-date symlink: /home/ubuntu/robotis_ws/install/open_manipulator_msgs/include/open_manipulator_msgs/open_manipulator_msgs/srv/get_kinematics_pose.h
[2.814s] -- Up-to-date symlink: /home/ubuntu/robotis_ws/install/open_manipulator_msgs/include/open_manipulator_msgs/open_manipulator_msgs/srv/set_actuator_state.h
[2.815s] -- Up-to-date symlink: /home/ubuntu/robotis_ws/install/open_manipulator_msgs/include/open_manipulator_msgs/open_manipulator_msgs/srv/set_drawing_trajectory.h
[2.815s] -- Up-to-date symlink: /home/ubuntu/robotis_ws/install/open_manipulator_msgs/include/open_manipulator_msgs/open_manipulator_msgs/srv/set_joint_position.h
[2.815s] -- Up-to-date symlink: /home/ubuntu/robotis_ws/install/open_manipulator_msgs/include/open_manipulator_msgs/open_manipulator_msgs/srv/set_kinematics_pose.h
[2.815s] -- Up-to-date symlink: /home/ubuntu/robotis_ws/install/open_manipulator_msgs/share/open_manipulator_msgs/environment/library_path.sh
[2.816s] -- Up-to-date symlink: /home/ubuntu/robotis_ws/install/open_manipulator_msgs/share/open_manipulator_msgs/environment/library_path.dsv
[2.817s] -- Up-to-date symlink: /home/ubuntu/robotis_ws/install/open_manipulator_msgs/include/open_manipulator_msgs/open_manipulator_msgs/msg/detail/joint_position__rosidl_typesupport_fastrtps_c.h
[2.817s] -- Up-to-date symlink: /home/ubuntu/robotis_ws/install/open_manipulator_msgs/include/open_manipulator_msgs/open_manipulator_msgs/msg/detail/kinematics_pose__rosidl_typesupport_fastrtps_c.h
[2.818s] -- Up-to-date symlink: /home/ubuntu/robotis_ws/install/open_manipulator_msgs/include/open_manipulator_msgs/open_manipulator_msgs/msg/detail/open_manipulator_state__rosidl_typesupport_fastrtps_c.h
[2.818s] -- Up-to-date symlink: /home/ubuntu/robotis_ws/install/open_manipulator_msgs/include/open_manipulator_msgs/open_manipulator_msgs/msg/rosidl_typesupport_fastrtps_c__visibility_control.h
[2.818s] -- Up-to-date symlink: /home/ubuntu/robotis_ws/install/open_manipulator_msgs/include/open_manipulator_msgs/open_manipulator_msgs/srv/detail/get_joint_position__rosidl_typesupport_fastrtps_c.h
[2.818s] -- Up-to-date symlink: /home/ubuntu/robotis_ws/install/open_manipulator_msgs/include/open_manipulator_msgs/open_manipulator_msgs/srv/detail/get_kinematics_pose__rosidl_typesupport_fastrtps_c.h
[2.819s] -- Up-to-date symlink: /home/ubuntu/robotis_ws/install/open_manipulator_msgs/include/open_manipulator_msgs/open_manipulator_msgs/srv/detail/set_actuator_state__rosidl_typesupport_fastrtps_c.h
[2.819s] -- Up-to-date symlink: /home/ubuntu/robotis_ws/install/open_manipulator_msgs/include/open_manipulator_msgs/open_manipulator_msgs/srv/detail/set_drawing_trajectory__rosidl_typesupport_fastrtps_c.h
[2.819s] -- Up-to-date symlink: /home/ubuntu/robotis_ws/install/open_manipulator_msgs/include/open_manipulator_msgs/open_manipulator_msgs/srv/detail/set_joint_position__rosidl_typesupport_fastrtps_c.h
[2.819s] -- Up-to-date symlink: /home/ubuntu/robotis_ws/install/open_manipulator_msgs/include/open_manipulator_msgs/open_manipulator_msgs/srv/detail/set_kinematics_pose__rosidl_typesupport_fastrtps_c.h
[2.820s] -- Up-to-date symlink: /home/ubuntu/robotis_ws/install/open_manipulator_msgs/include/open_manipulator_msgs/open_manipulator_msgs/msg/detail/joint_position__builder.hpp
[2.821s] -- Up-to-date symlink: /home/ubuntu/robotis_ws/install/open_manipulator_msgs/include/open_manipulator_msgs/open_manipulator_msgs/msg/detail/joint_position__struct.hpp
[2.821s] -- Up-to-date symlink: /home/ubuntu/robotis_ws/install/open_manipulator_msgs/include/open_manipulator_msgs/open_manipulator_msgs/msg/detail/joint_position__traits.hpp
[2.821s] -- Up-to-date symlink: /home/ubuntu/robotis_ws/install/open_manipulator_msgs/include/open_manipulator_msgs/open_manipulator_msgs/msg/detail/kinematics_pose__builder.hpp
[2.821s] -- Up-to-date symlink: /home/ubuntu/robotis_ws/install/open_manipulator_msgs/include/open_manipulator_msgs/open_manipulator_msgs/msg/detail/kinematics_pose__struct.hpp
[2.822s] -- Up-to-date symlink: /home/ubuntu/robotis_ws/install/open_manipulator_msgs/include/open_manipulator_msgs/open_manipulator_msgs/msg/detail/kinematics_pose__traits.hpp
[2.822s] -- Up-to-date symlink: /home/ubuntu/robotis_ws/install/open_manipulator_msgs/include/open_manipulator_msgs/open_manipulator_msgs/msg/detail/open_manipulator_state__builder.hpp
[2.822s] -- Up-to-date symlink: /home/ubuntu/robotis_ws/install/open_manipulator_msgs/include/open_manipulator_msgs/open_manipulator_msgs/msg/detail/open_manipulator_state__struct.hpp
[2.822s] -- Up-to-date symlink: /home/ubuntu/robotis_ws/install/open_manipulator_msgs/include/open_manipulator_msgs/open_manipulator_msgs/msg/detail/open_manipulator_state__traits.hpp
[2.823s] -- Up-to-date symlink: /home/ubuntu/robotis_ws/install/open_manipulator_msgs/include/open_manipulator_msgs/open_manipulator_msgs/msg/joint_position.hpp
[2.823s] -- Up-to-date symlink: /home/ubuntu/robotis_ws/install/open_manipulator_msgs/include/open_manipulator_msgs/open_manipulator_msgs/msg/kinematics_pose.hpp
[2.823s] -- Up-to-date symlink: /home/ubuntu/robotis_ws/install/open_manipulator_msgs/include/open_manipulator_msgs/open_manipulator_msgs/msg/open_manipulator_state.hpp
[2.823s] -- Up-to-date symlink: /home/ubuntu/robotis_ws/install/open_manipulator_msgs/include/open_manipulator_msgs/open_manipulator_msgs/srv/detail/get_joint_position__builder.hpp
[2.823s] -- Up-to-date symlink: /home/ubuntu/robotis_ws/install/open_manipulator_msgs/include/open_manipulator_msgs/open_manipulator_msgs/srv/detail/get_joint_position__struct.hpp
[2.824s] -- Up-to-date symlink: /home/ubuntu/robotis_ws/install/open_manipulator_msgs/include/open_manipulator_msgs/open_manipulator_msgs/srv/detail/get_joint_position__traits.hpp
[2.824s] -- Up-to-date symlink: /home/ubuntu/robotis_ws/install/open_manipulator_msgs/include/open_manipulator_msgs/open_manipulator_msgs/srv/detail/get_kinematics_pose__builder.hpp
[2.824s] -- Up-to-date symlink: /home/ubuntu/robotis_ws/install/open_manipulator_msgs/include/open_manipulator_msgs/open_manipulator_msgs/srv/detail/get_kinematics_pose__struct.hpp
[2.824s] -- Up-to-date symlink: /home/ubuntu/robotis_ws/install/open_manipulator_msgs/include/open_manipulator_msgs/open_manipulator_msgs/srv/detail/get_kinematics_pose__traits.hpp
[2.825s] -- Up-to-date symlink: /home/ubuntu/robotis_ws/install/open_manipulator_msgs/include/open_manipulator_msgs/open_manipulator_msgs/srv/detail/set_actuator_state__builder.hpp
[2.825s] -- Up-to-date symlink: /home/ubuntu/robotis_ws/install/open_manipulator_msgs/include/open_manipulator_msgs/open_manipulator_msgs/srv/detail/set_actuator_state__struct.hpp
[2.825s] -- Up-to-date symlink: /home/ubuntu/robotis_ws/install/open_manipulator_msgs/include/open_manipulator_msgs/open_manipulator_msgs/srv/detail/set_actuator_state__traits.hpp
[2.825s] -- Up-to-date symlink: /home/ubuntu/robotis_ws/install/open_manipulator_msgs/include/open_manipulator_msgs/open_manipulator_msgs/srv/detail/set_drawing_trajectory__builder.hpp
[2.825s] -- Up-to-date symlink: /home/ubuntu/robotis_ws/install/open_manipulator_msgs/include/open_manipulator_msgs/open_manipulator_msgs/srv/detail/set_drawing_trajectory__struct.hpp
[2.826s] -- Up-to-date symlink: /home/ubuntu/robotis_ws/install/open_manipulator_msgs/include/open_manipulator_msgs/open_manipulator_msgs/srv/detail/set_drawing_trajectory__traits.hpp
[2.826s] -- Up-to-date symlink: /home/ubuntu/robotis_ws/install/open_manipulator_msgs/include/open_manipulator_msgs/open_manipulator_msgs/srv/detail/set_joint_position__builder.hpp
[2.826s] -- Up-to-date symlink: /home/ubuntu/robotis_ws/install/open_manipulator_msgs/include/open_manipulator_msgs/open_manipulator_msgs/srv/detail/set_joint_position__struct.hpp
[2.826s] -- Up-to-date symlink: /home/ubuntu/robotis_ws/install/open_manipulator_msgs/include/open_manipulator_msgs/open_manipulator_msgs/srv/detail/set_joint_position__traits.hpp
[2.826s] -- Up-to-date symlink: /home/ubuntu/robotis_ws/install/open_manipulator_msgs/include/open_manipulator_msgs/open_manipulator_msgs/srv/detail/set_kinematics_pose__builder.hpp
[2.827s] -- Up-to-date symlink: /home/ubuntu/robotis_ws/install/open_manipulator_msgs/include/open_manipulator_msgs/open_manipulator_msgs/srv/detail/set_kinematics_pose__struct.hpp
[2.827s] -- Up-to-date symlink: /home/ubuntu/robotis_ws/install/open_manipulator_msgs/include/open_manipulator_msgs/open_manipulator_msgs/srv/detail/set_kinematics_pose__traits.hpp
[2.827s] -- Up-to-date symlink: /home/ubuntu/robotis_ws/install/open_manipulator_msgs/include/open_manipulator_msgs/open_manipulator_msgs/srv/get_joint_position.hpp
[2.827s] -- Up-to-date symlink: /home/ubuntu/robotis_ws/install/open_manipulator_msgs/include/open_manipulator_msgs/open_manipulator_msgs/srv/get_kinematics_pose.hpp
[2.827s] -- Up-to-date symlink: /home/ubuntu/robotis_ws/install/open_manipulator_msgs/include/open_manipulator_msgs/open_manipulator_msgs/srv/set_actuator_state.hpp
[2.828s] -- Up-to-date symlink: /home/ubuntu/robotis_ws/install/open_manipulator_msgs/include/open_manipulator_msgs/open_manipulator_msgs/srv/set_drawing_trajectory.hpp
[2.828s] -- Up-to-date symlink: /home/ubuntu/robotis_ws/install/open_manipulator_msgs/include/open_manipulator_msgs/open_manipulator_msgs/srv/set_joint_position.hpp
[2.828s] -- Up-to-date symlink: /home/ubuntu/robotis_ws/install/open_manipulator_msgs/include/open_manipulator_msgs/open_manipulator_msgs/srv/set_kinematics_pose.hpp
[2.829s] -- Up-to-date symlink: /home/ubuntu/robotis_ws/install/open_manipulator_msgs/include/open_manipulator_msgs/open_manipulator_msgs/msg/detail/joint_position__rosidl_typesupport_fastrtps_cpp.hpp
[2.829s] -- Up-to-date symlink: /home/ubuntu/robotis_ws/install/open_manipulator_msgs/include/open_manipulator_msgs/open_manipulator_msgs/msg/detail/kinematics_pose__rosidl_typesupport_fastrtps_cpp.hpp
[2.830s] -- Up-to-date symlink: /home/ubuntu/robotis_ws/install/open_manipulator_msgs/include/open_manipulator_msgs/open_manipulator_msgs/msg/detail/open_manipulator_state__rosidl_typesupport_fastrtps_cpp.hpp
[2.830s] -- Up-to-date symlink: /home/ubuntu/robotis_ws/install/open_manipulator_msgs/include/open_manipulator_msgs/open_manipulator_msgs/msg/rosidl_typesupport_fastrtps_cpp__visibility_control.h
[2.830s] -- Up-to-date symlink: /home/ubuntu/robotis_ws/install/open_manipulator_msgs/include/open_manipulator_msgs/open_manipulator_msgs/srv/detail/get_joint_position__rosidl_typesupport_fastrtps_cpp.hpp
[2.830s] -- Up-to-date symlink: /home/ubuntu/robotis_ws/install/open_manipulator_msgs/include/open_manipulator_msgs/open_manipulator_msgs/srv/detail/get_kinematics_pose__rosidl_typesupport_fastrtps_cpp.hpp
[2.831s] -- Up-to-date symlink: /home/ubuntu/robotis_ws/install/open_manipulator_msgs/include/open_manipulator_msgs/open_manipulator_msgs/srv/detail/set_actuator_state__rosidl_typesupport_fastrtps_cpp.hpp
[2.831s] -- Up-to-date symlink: /home/ubuntu/robotis_ws/install/open_manipulator_msgs/include/open_manipulator_msgs/open_manipulator_msgs/srv/detail/set_drawing_trajectory__rosidl_typesupport_fastrtps_cpp.hpp
[2.832s] -- Up-to-date symlink: /home/ubuntu/robotis_ws/install/open_manipulator_msgs/include/open_manipulator_msgs/open_manipulator_msgs/srv/detail/set_joint_position__rosidl_typesupport_fastrtps_cpp.hpp
[2.832s] -- Up-to-date symlink: /home/ubuntu/robotis_ws/install/open_manipulator_msgs/include/open_manipulator_msgs/open_manipulator_msgs/srv/detail/set_kinematics_pose__rosidl_typesupport_fastrtps_cpp.hpp
[2.833s] -- Up-to-date symlink: /home/ubuntu/robotis_ws/install/open_manipulator_msgs/include/open_manipulator_msgs/open_manipulator_msgs/msg/detail/joint_position__rosidl_typesupport_introspection_c.h
[2.833s] -- Up-to-date symlink: /home/ubuntu/robotis_ws/install/open_manipulator_msgs/include/open_manipulator_msgs/open_manipulator_msgs/msg/detail/kinematics_pose__rosidl_typesupport_introspection_c.h
[2.834s] -- Up-to-date symlink: /home/ubuntu/robotis_ws/install/open_manipulator_msgs/include/open_manipulator_msgs/open_manipulator_msgs/msg/detail/open_manipulator_state__rosidl_typesupport_introspection_c.h
[2.834s] -- Up-to-date symlink: /home/ubuntu/robotis_ws/install/open_manipulator_msgs/include/open_manipulator_msgs/open_manipulator_msgs/msg/rosidl_typesupport_introspection_c__visibility_control.h
[2.835s] -- Up-to-date symlink: /home/ubuntu/robotis_ws/install/open_manipulator_msgs/include/open_manipulator_msgs/open_manipulator_msgs/srv/detail/get_joint_position__rosidl_typesupport_introspection_c.h
[2.835s] -- Up-to-date symlink: /home/ubuntu/robotis_ws/install/open_manipulator_msgs/include/open_manipulator_msgs/open_manipulator_msgs/srv/detail/get_kinematics_pose__rosidl_typesupport_introspection_c.h
[2.835s] -- Up-to-date symlink: /home/ubuntu/robotis_ws/install/open_manipulator_msgs/include/open_manipulator_msgs/open_manipulator_msgs/srv/detail/set_actuator_state__rosidl_typesupport_introspection_c.h
[2.835s] -- Up-to-date symlink: /home/ubuntu/robotis_ws/install/open_manipulator_msgs/include/open_manipulator_msgs/open_manipulator_msgs/srv/detail/set_drawing_trajectory__rosidl_typesupport_introspection_c.h
[2.836s] -- Up-to-date symlink: /home/ubuntu/robotis_ws/install/open_manipulator_msgs/include/open_manipulator_msgs/open_manipulator_msgs/srv/detail/set_joint_position__rosidl_typesupport_introspection_c.h
[2.836s] -- Up-to-date symlink: /home/ubuntu/robotis_ws/install/open_manipulator_msgs/include/open_manipulator_msgs/open_manipulator_msgs/srv/detail/set_kinematics_pose__rosidl_typesupport_introspection_c.h
[2.837s] -- Up-to-date symlink: /home/ubuntu/robotis_ws/install/open_manipulator_msgs/include/open_manipulator_msgs/open_manipulator_msgs/msg/detail/joint_position__rosidl_typesupport_introspection_cpp.hpp
[2.837s] -- Up-to-date symlink: /home/ubuntu/robotis_ws/install/open_manipulator_msgs/include/open_manipulator_msgs/open_manipulator_msgs/msg/detail/kinematics_pose__rosidl_typesupport_introspection_cpp.hpp
[2.837s] -- Up-to-date symlink: /home/ubuntu/robotis_ws/install/open_manipulator_msgs/include/open_manipulator_msgs/open_manipulator_msgs/msg/detail/open_manipulator_state__rosidl_typesupport_introspection_cpp.hpp
[2.838s] -- Up-to-date symlink: /home/ubuntu/robotis_ws/install/open_manipulator_msgs/include/open_manipulator_msgs/open_manipulator_msgs/srv/detail/get_joint_position__rosidl_typesupport_introspection_cpp.hpp
[2.838s] -- Up-to-date symlink: /home/ubuntu/robotis_ws/install/open_manipulator_msgs/include/open_manipulator_msgs/open_manipulator_msgs/srv/detail/get_kinematics_pose__rosidl_typesupport_introspection_cpp.hpp
[2.838s] -- Up-to-date symlink: /home/ubuntu/robotis_ws/install/open_manipulator_msgs/include/open_manipulator_msgs/open_manipulator_msgs/srv/detail/set_actuator_state__rosidl_typesupport_introspection_cpp.hpp
[2.838s] -- Up-to-date symlink: /home/ubuntu/robotis_ws/install/open_manipulator_msgs/include/open_manipulator_msgs/open_manipulator_msgs/srv/detail/set_drawing_trajectory__rosidl_typesupport_introspection_cpp.hpp
[2.839s] -- Up-to-date symlink: /home/ubuntu/robotis_ws/install/open_manipulator_msgs/include/open_manipulator_msgs/open_manipulator_msgs/srv/detail/set_joint_position__rosidl_typesupport_introspection_cpp.hpp
[2.839s] -- Up-to-date symlink: /home/ubuntu/robotis_ws/install/open_manipulator_msgs/include/open_manipulator_msgs/open_manipulator_msgs/srv/detail/set_kinematics_pose__rosidl_typesupport_introspection_cpp.hpp
[2.839s] -- Up-to-date symlink: /home/ubuntu/robotis_ws/install/open_manipulator_msgs/share/open_manipulator_msgs/environment/pythonpath.sh
[2.839s] -- Up-to-date symlink: /home/ubuntu/robotis_ws/install/open_manipulator_msgs/share/open_manipulator_msgs/environment/pythonpath.dsv
[2.840s] -- Up-to-date symlink: /home/ubuntu/robotis_ws/install/open_manipulator_msgs/local/lib/python3.10/dist-packages/open_manipulator_msgs-2.2.0-py3.10.egg-info/PKG-INFO
[2.840s] -- Up-to-date symlink: /home/ubuntu/robotis_ws/install/open_manipulator_msgs/local/lib/python3.10/dist-packages/open_manipulator_msgs-2.2.0-py3.10.egg-info/SOURCES.txt
[2.841s] -- Up-to-date symlink: /home/ubuntu/robotis_ws/install/open_manipulator_msgs/local/lib/python3.10/dist-packages/open_manipulator_msgs-2.2.0-py3.10.egg-info/dependency_links.txt
[2.841s] -- Up-to-date symlink: /home/ubuntu/robotis_ws/install/open_manipulator_msgs/local/lib/python3.10/dist-packages/open_manipulator_msgs-2.2.0-py3.10.egg-info/top_level.txt
[2.843s] -- Up-to-date symlink: /home/ubuntu/robotis_ws/install/open_manipulator_msgs/local/lib/python3.10/dist-packages/open_manipulator_msgs/__init__.py
[2.843s] -- Up-to-date symlink: /home/ubuntu/robotis_ws/install/open_manipulator_msgs/local/lib/python3.10/dist-packages/open_manipulator_msgs/_open_manipulator_msgs_s.ep.rosidl_typesupport_c.c
[2.843s] -- Up-to-date symlink: /home/ubuntu/robotis_ws/install/open_manipulator_msgs/local/lib/python3.10/dist-packages/open_manipulator_msgs/_open_manipulator_msgs_s.ep.rosidl_typesupport_fastrtps_c.c
[2.843s] -- Up-to-date symlink: /home/ubuntu/robotis_ws/install/open_manipulator_msgs/local/lib/python3.10/dist-packages/open_manipulator_msgs/_open_manipulator_msgs_s.ep.rosidl_typesupport_introspection_c.c
[2.844s] -- Up-to-date symlink: /home/ubuntu/robotis_ws/install/open_manipulator_msgs/local/lib/python3.10/dist-packages/open_manipulator_msgs/libopen_manipulator_msgs__rosidl_generator_py.so
[2.844s] -- Up-to-date symlink: /home/ubuntu/robotis_ws/install/open_manipulator_msgs/local/lib/python3.10/dist-packages/open_manipulator_msgs/msg/__init__.py
[2.844s] -- Up-to-date symlink: /home/ubuntu/robotis_ws/install/open_manipulator_msgs/local/lib/python3.10/dist-packages/open_manipulator_msgs/msg/_joint_position.py
[2.844s] -- Up-to-date symlink: /home/ubuntu/robotis_ws/install/open_manipulator_msgs/local/lib/python3.10/dist-packages/open_manipulator_msgs/msg/_joint_position_s.c
[2.845s] -- Up-to-date symlink: /home/ubuntu/robotis_ws/install/open_manipulator_msgs/local/lib/python3.10/dist-packages/open_manipulator_msgs/msg/_kinematics_pose.py
[2.845s] -- Up-to-date symlink: /home/ubuntu/robotis_ws/install/open_manipulator_msgs/local/lib/python3.10/dist-packages/open_manipulator_msgs/msg/_kinematics_pose_s.c
[2.845s] -- Up-to-date symlink: /home/ubuntu/robotis_ws/install/open_manipulator_msgs/local/lib/python3.10/dist-packages/open_manipulator_msgs/msg/_open_manipulator_state.py
[2.845s] -- Up-to-date symlink: /home/ubuntu/robotis_ws/install/open_manipulator_msgs/local/lib/python3.10/dist-packages/open_manipulator_msgs/msg/_open_manipulator_state_s.c
[2.846s] -- Up-to-date symlink: /home/ubuntu/robotis_ws/install/open_manipulator_msgs/local/lib/python3.10/dist-packages/open_manipulator_msgs/open_manipulator_msgs_s__rosidl_typesupport_c.cpython-310-x86_64-linux-gnu.so
[2.846s] -- Up-to-date symlink: /home/ubuntu/robotis_ws/install/open_manipulator_msgs/local/lib/python3.10/dist-packages/open_manipulator_msgs/open_manipulator_msgs_s__rosidl_typesupport_fastrtps_c.cpython-310-x86_64-linux-gnu.so
[2.846s] -- Up-to-date symlink: /home/ubuntu/robotis_ws/install/open_manipulator_msgs/local/lib/python3.10/dist-packages/open_manipulator_msgs/open_manipulator_msgs_s__rosidl_typesupport_introspection_c.cpython-310-x86_64-linux-gnu.so
[2.847s] -- Up-to-date symlink: /home/ubuntu/robotis_ws/install/open_manipulator_msgs/local/lib/python3.10/dist-packages/open_manipulator_msgs/srv/__init__.py
[2.847s] -- Up-to-date symlink: /home/ubuntu/robotis_ws/install/open_manipulator_msgs/local/lib/python3.10/dist-packages/open_manipulator_msgs/srv/_get_joint_position.py
[2.847s] -- Up-to-date symlink: /home/ubuntu/robotis_ws/install/open_manipulator_msgs/local/lib/python3.10/dist-packages/open_manipulator_msgs/srv/_get_joint_position_s.c
[2.847s] -- Up-to-date symlink: /home/ubuntu/robotis_ws/install/open_manipulator_msgs/local/lib/python3.10/dist-packages/open_manipulator_msgs/srv/_get_kinematics_pose.py
[2.847s] -- Up-to-date symlink: /home/ubuntu/robotis_ws/install/open_manipulator_msgs/local/lib/python3.10/dist-packages/open_manipulator_msgs/srv/_get_kinematics_pose_s.c
[2.848s] -- Up-to-date symlink: /home/ubuntu/robotis_ws/install/open_manipulator_msgs/local/lib/python3.10/dist-packages/open_manipulator_msgs/srv/_set_actuator_state.py
[2.848s] -- Up-to-date symlink: /home/ubuntu/robotis_ws/install/open_manipulator_msgs/local/lib/python3.10/dist-packages/open_manipulator_msgs/srv/_set_actuator_state_s.c
[2.848s] -- Up-to-date symlink: /home/ubuntu/robotis_ws/install/open_manipulator_msgs/local/lib/python3.10/dist-packages/open_manipulator_msgs/srv/_set_drawing_trajectory.py
[2.848s] -- Up-to-date symlink: /home/ubuntu/robotis_ws/install/open_manipulator_msgs/local/lib/python3.10/dist-packages/open_manipulator_msgs/srv/_set_drawing_trajectory_s.c
[2.849s] -- Up-to-date symlink: /home/ubuntu/robotis_ws/install/open_manipulator_msgs/local/lib/python3.10/dist-packages/open_manipulator_msgs/srv/_set_joint_position.py
[2.849s] -- Up-to-date symlink: /home/ubuntu/robotis_ws/install/open_manipulator_msgs/local/lib/python3.10/dist-packages/open_manipulator_msgs/srv/_set_joint_position_s.c
[2.849s] -- Up-to-date symlink: /home/ubuntu/robotis_ws/install/open_manipulator_msgs/local/lib/python3.10/dist-packages/open_manipulator_msgs/srv/_set_kinematics_pose.py
[2.849s] -- Up-to-date symlink: /home/ubuntu/robotis_ws/install/open_manipulator_msgs/local/lib/python3.10/dist-packages/open_manipulator_msgs/srv/_set_kinematics_pose_s.c
[2.850s] -- Up-to-date symlink: /home/ubuntu/robotis_ws/install/open_manipulator_msgs/local/lib/python3.10/dist-packages/open_manipulator_msgs/open_manipulator_msgs_s__rosidl_typesupport_fastrtps_c.cpython-310-x86_64-linux-gnu.so
[2.850s] -- Up-to-date symlink: /home/ubuntu/robotis_ws/install/open_manipulator_msgs/local/lib/python3.10/dist-packages/open_manipulator_msgs/open_manipulator_msgs_s__rosidl_typesupport_introspection_c.cpython-310-x86_64-linux-gnu.so
[2.850s] -- Up-to-date symlink: /home/ubuntu/robotis_ws/install/open_manipulator_msgs/local/lib/python3.10/dist-packages/open_manipulator_msgs/open_manipulator_msgs_s__rosidl_typesupport_c.cpython-310-x86_64-linux-gnu.so
[2.851s] -- Up-to-date symlink: /home/ubuntu/robotis_ws/install/open_manipulator_msgs/share/open_manipulator_msgs/msg/JointPosition.idl
[2.851s] -- Up-to-date symlink: /home/ubuntu/robotis_ws/install/open_manipulator_msgs/share/open_manipulator_msgs/msg/KinematicsPose.idl
[2.851s] -- Up-to-date symlink: /home/ubuntu/robotis_ws/install/open_manipulator_msgs/share/open_manipulator_msgs/msg/OpenManipulatorState.idl
[2.852s] -- Up-to-date symlink: /home/ubuntu/robotis_ws/install/open_manipulator_msgs/share/open_manipulator_msgs/srv/GetJointPosition.idl
[2.852s] -- Up-to-date symlink: /home/ubuntu/robotis_ws/install/open_manipulator_msgs/share/open_manipulator_msgs/srv/GetKinematicsPose.idl
[2.852s] -- Up-to-date symlink: /home/ubuntu/robotis_ws/install/open_manipulator_msgs/share/open_manipulator_msgs/srv/SetJointPosition.idl
[2.853s] -- Up-to-date symlink: /home/ubuntu/robotis_ws/install/open_manipulator_msgs/share/open_manipulator_msgs/srv/SetKinematicsPose.idl
[2.853s] -- Up-to-date symlink: /home/ubuntu/robotis_ws/install/open_manipulator_msgs/share/open_manipulator_msgs/srv/SetDrawingTrajectory.idl
[2.853s] -- Up-to-date symlink: /home/ubuntu/robotis_ws/install/open_manipulator_msgs/share/open_manipulator_msgs/srv/SetActuatorState.idl
[2.854s] -- Up-to-date symlink: /home/ubuntu/robotis_ws/install/open_manipulator_msgs/share/open_manipulator_msgs/msg/JointPosition.msg
[2.854s] -- Up-to-date symlink: /home/ubuntu/robotis_ws/install/open_manipulator_msgs/share/open_manipulator_msgs/msg/KinematicsPose.msg
[2.854s] -- Up-to-date symlink: /home/ubuntu/robotis_ws/install/open_manipulator_msgs/share/open_manipulator_msgs/msg/OpenManipulatorState.msg
[2.854s] -- Up-to-date symlink: /home/ubuntu/robotis_ws/install/open_manipulator_msgs/share/open_manipulator_msgs/srv/GetJointPosition.srv
[2.855s] -- Up-to-date symlink: /home/ubuntu/robotis_ws/install/open_manipulator_msgs/share/open_manipulator_msgs/srv/GetJointPosition_Request.msg
[2.855s] -- Up-to-date symlink: /home/ubuntu/robotis_ws/install/open_manipulator_msgs/share/open_manipulator_msgs/srv/GetJointPosition_Response.msg
[2.855s] -- Up-to-date symlink: /home/ubuntu/robotis_ws/install/open_manipulator_msgs/share/open_manipulator_msgs/srv/GetKinematicsPose.srv
[2.855s] -- Up-to-date symlink: /home/ubuntu/robotis_ws/install/open_manipulator_msgs/share/open_manipulator_msgs/srv/GetKinematicsPose_Request.msg
[2.856s] -- Up-to-date symlink: /home/ubuntu/robotis_ws/install/open_manipulator_msgs/share/open_manipulator_msgs/srv/GetKinematicsPose_Response.msg
[2.856s] -- Up-to-date symlink: /home/ubuntu/robotis_ws/install/open_manipulator_msgs/share/open_manipulator_msgs/srv/SetJointPosition.srv
[2.856s] -- Up-to-date symlink: /home/ubuntu/robotis_ws/install/open_manipulator_msgs/share/open_manipulator_msgs/srv/SetJointPosition_Request.msg
[2.857s] -- Up-to-date symlink: /home/ubuntu/robotis_ws/install/open_manipulator_msgs/share/open_manipulator_msgs/srv/SetJointPosition_Response.msg
[2.857s] -- Up-to-date symlink: /home/ubuntu/robotis_ws/install/open_manipulator_msgs/share/open_manipulator_msgs/srv/SetKinematicsPose.srv
[2.857s] -- Up-to-date symlink: /home/ubuntu/robotis_ws/install/open_manipulator_msgs/share/open_manipulator_msgs/srv/SetKinematicsPose_Request.msg
[2.857s] -- Up-to-date symlink: /home/ubuntu/robotis_ws/install/open_manipulator_msgs/share/open_manipulator_msgs/srv/SetKinematicsPose_Response.msg
[2.858s] -- Up-to-date symlink: /home/ubuntu/robotis_ws/install/open_manipulator_msgs/share/open_manipulator_msgs/srv/SetDrawingTrajectory.srv
[2.858s] -- Up-to-date symlink: /home/ubuntu/robotis_ws/install/open_manipulator_msgs/share/open_manipulator_msgs/srv/SetDrawingTrajectory_Request.msg
[2.858s] -- Up-to-date symlink: /home/ubuntu/robotis_ws/install/open_manipulator_msgs/share/open_manipulator_msgs/srv/SetDrawingTrajectory_Response.msg
[2.858s] -- Up-to-date symlink: /home/ubuntu/robotis_ws/install/open_manipulator_msgs/share/open_manipulator_msgs/srv/SetActuatorState.srv
[2.859s] -- Up-to-date symlink: /home/ubuntu/robotis_ws/install/open_manipulator_msgs/share/open_manipulator_msgs/srv/SetActuatorState_Request.msg
[2.859s] -- Up-to-date symlink: /home/ubuntu/robotis_ws/install/open_manipulator_msgs/share/open_manipulator_msgs/srv/SetActuatorState_Response.msg
[2.859s] -- Up-to-date symlink: /home/ubuntu/robotis_ws/install/open_manipulator_msgs/share/ament_index/resource_index/package_run_dependencies/open_manipulator_msgs
[2.860s] -- Up-to-date symlink: /home/ubuntu/robotis_ws/install/open_manipulator_msgs/share/ament_index/resource_index/parent_prefix_path/open_manipulator_msgs
[2.860s] -- Up-to-date symlink: /home/ubuntu/robotis_ws/install/open_manipulator_msgs/share/open_manipulator_msgs/environment/ament_prefix_path.sh
[2.860s] -- Up-to-date symlink: /home/ubuntu/robotis_ws/install/open_manipulator_msgs/share/open_manipulator_msgs/environment/ament_prefix_path.dsv
[2.860s] -- Up-to-date symlink: /home/ubuntu/robotis_ws/install/open_manipulator_msgs/share/open_manipulator_msgs/environment/path.sh
[2.861s] -- Up-to-date symlink: /home/ubuntu/robotis_ws/install/open_manipulator_msgs/share/open_manipulator_msgs/environment/path.dsv
[2.861s] -- Up-to-date symlink: /home/ubuntu/robotis_ws/install/open_manipulator_msgs/share/open_manipulator_msgs/local_setup.bash
[2.861s] -- Up-to-date symlink: /home/ubuntu/robotis_ws/install/open_manipulator_msgs/share/open_manipulator_msgs/local_setup.sh
[2.861s] -- Up-to-date symlink: /home/ubuntu/robotis_ws/install/open_manipulator_msgs/share/open_manipulator_msgs/local_setup.zsh
[2.862s] -- Up-to-date symlink: /home/ubuntu/robotis_ws/install/open_manipulator_msgs/share/open_manipulator_msgs/local_setup.dsv
[2.862s] -- Symlinking: /home/ubuntu/robotis_ws/install/open_manipulator_msgs/share/open_manipulator_msgs/package.dsv
[2.873s] -- Up-to-date symlink: /home/ubuntu/robotis_ws/install/open_manipulator_msgs/share/ament_index/resource_index/packages/open_manipulator_msgs
[2.873s] -- Up-to-date symlink: /home/ubuntu/robotis_ws/install/open_manipulator_msgs/share/open_manipulator_msgs/cmake/rosidl_cmake-extras.cmake
[2.873s] -- Up-to-date symlink: /home/ubuntu/robotis_ws/install/open_manipulator_msgs/share/open_manipulator_msgs/cmake/ament_cmake_export_dependencies-extras.cmake
[2.873s] -- Up-to-date symlink: /home/ubuntu/robotis_ws/install/open_manipulator_msgs/share/open_manipulator_msgs/cmake/ament_cmake_export_include_directories-extras.cmake
[2.874s] -- Up-to-date symlink: /home/ubuntu/robotis_ws/install/open_manipulator_msgs/share/open_manipulator_msgs/cmake/ament_cmake_export_libraries-extras.cmake
[2.874s] -- Up-to-date symlink: /home/ubuntu/robotis_ws/install/open_manipulator_msgs/share/open_manipulator_msgs/cmake/ament_cmake_export_targets-extras.cmake
[2.874s] -- Up-to-date symlink: /home/ubuntu/robotis_ws/install/open_manipulator_msgs/share/open_manipulator_msgs/cmake/rosidl_cmake_export_typesupport_targets-extras.cmake
[2.874s] -- Up-to-date symlink: /home/ubuntu/robotis_ws/install/open_manipulator_msgs/share/open_manipulator_msgs/cmake/rosidl_cmake_export_typesupport_libraries-extras.cmake
[2.874s] -- Up-to-date symlink: /home/ubuntu/robotis_ws/install/open_manipulator_msgs/share/open_manipulator_msgs/cmake/open_manipulator_msgsConfig.cmake
[2.875s] -- Up-to-date symlink: /home/ubuntu/robotis_ws/install/open_manipulator_msgs/share/open_manipulator_msgs/cmake/open_manipulator_msgsConfig-version.cmake
[2.875s] -- Up-to-date symlink: /home/ubuntu/robotis_ws/install/open_manipulator_msgs/share/open_manipulator_msgs/package.xml
[2.876s] -- Up-to-date: /home/ubuntu/robotis_ws/install/open_manipulator_msgs/lib/libopen_manipulator_msgs__rosidl_generator_c.so
[2.877s] -- Up-to-date: /home/ubuntu/robotis_ws/install/open_manipulator_msgs/lib/libopen_manipulator_msgs__rosidl_typesupport_fastrtps_c.so
[2.878s] -- Up-to-date: /home/ubuntu/robotis_ws/install/open_manipulator_msgs/lib/libopen_manipulator_msgs__rosidl_typesupport_fastrtps_cpp.so
[2.879s] -- Up-to-date: /home/ubuntu/robotis_ws/install/open_manipulator_msgs/lib/libopen_manipulator_msgs__rosidl_typesupport_introspection_c.so
[2.880s] -- Up-to-date: /home/ubuntu/robotis_ws/install/open_manipulator_msgs/lib/libopen_manipulator_msgs__rosidl_typesupport_c.so
[2.882s] -- Up-to-date: /home/ubuntu/robotis_ws/install/open_manipulator_msgs/lib/libopen_manipulator_msgs__rosidl_typesupport_introspection_cpp.so
[2.882s] -- Up-to-date: /home/ubuntu/robotis_ws/install/open_manipulator_msgs/lib/libopen_manipulator_msgs__rosidl_typesupport_cpp.so
[2.922s] Listing '/home/ubuntu/robotis_ws/install/open_manipulator_msgs/local/lib/python3.10/dist-packages/open_manipulator_msgs'...
[2.923s] Compiling '/home/ubuntu/robotis_ws/install/open_manipulator_msgs/local/lib/python3.10/dist-packages/open_manipulator_msgs/__init__.py'...
[2.923s] Listing '/home/ubuntu/robotis_ws/install/open_manipulator_msgs/local/lib/python3.10/dist-packages/open_manipulator_msgs/msg'...
[2.923s] Listing '/home/ubuntu/robotis_ws/install/open_manipulator_msgs/local/lib/python3.10/dist-packages/open_manipulator_msgs/srv'...
[2.932s] -- Up-to-date: /home/ubuntu/robotis_ws/install/open_manipulator_msgs/lib/libopen_manipulator_msgs__rosidl_generator_py.so
[2.933s] -- Up-to-date: /home/ubuntu/robotis_ws/install/open_manipulator_msgs/share/open_manipulator_msgs/cmake/export_open_manipulator_msgs__rosidl_generator_cExport.cmake
[2.933s] -- Up-to-date: /home/ubuntu/robotis_ws/install/open_manipulator_msgs/share/open_manipulator_msgs/cmake/export_open_manipulator_msgs__rosidl_generator_cExport-noconfig.cmake
[2.933s] -- Up-to-date: /home/ubuntu/robotis_ws/install/open_manipulator_msgs/share/open_manipulator_msgs/cmake/export_open_manipulator_msgs__rosidl_typesupport_fastrtps_cExport.cmake
[2.934s] -- Up-to-date: /home/ubuntu/robotis_ws/install/open_manipulator_msgs/share/open_manipulator_msgs/cmake/export_open_manipulator_msgs__rosidl_typesupport_fastrtps_cExport-noconfig.cmake
[2.934s] -- Up-to-date: /home/ubuntu/robotis_ws/install/open_manipulator_msgs/share/open_manipulator_msgs/cmake/export_open_manipulator_msgs__rosidl_generator_cppExport.cmake
[2.934s] -- Up-to-date: /home/ubuntu/robotis_ws/install/open_manipulator_msgs/share/open_manipulator_msgs/cmake/export_open_manipulator_msgs__rosidl_typesupport_fastrtps_cppExport.cmake
[2.934s] -- Up-to-date: /home/ubuntu/robotis_ws/install/open_manipulator_msgs/share/open_manipulator_msgs/cmake/export_open_manipulator_msgs__rosidl_typesupport_fastrtps_cppExport-noconfig.cmake
[2.934s] -- Up-to-date: /home/ubuntu/robotis_ws/install/open_manipulator_msgs/share/open_manipulator_msgs/cmake/open_manipulator_msgs__rosidl_typesupport_introspection_cExport.cmake
[2.934s] -- Up-to-date: /home/ubuntu/robotis_ws/install/open_manipulator_msgs/share/open_manipulator_msgs/cmake/open_manipulator_msgs__rosidl_typesupport_introspection_cExport-noconfig.cmake
[2.934s] -- Up-to-date: /home/ubuntu/robotis_ws/install/open_manipulator_msgs/share/open_manipulator_msgs/cmake/open_manipulator_msgs__rosidl_typesupport_cExport.cmake
[2.934s] -- Up-to-date: /home/ubuntu/robotis_ws/install/open_manipulator_msgs/share/open_manipulator_msgs/cmake/open_manipulator_msgs__rosidl_typesupport_cExport-noconfig.cmake
[2.935s] -- Up-to-date: /home/ubuntu/robotis_ws/install/open_manipulator_msgs/share/open_manipulator_msgs/cmake/open_manipulator_msgs__rosidl_typesupport_introspection_cppExport.cmake
[2.935s] -- Up-to-date: /home/ubuntu/robotis_ws/install/open_manipulator_msgs/share/open_manipulator_msgs/cmake/open_manipulator_msgs__rosidl_typesupport_introspection_cppExport-noconfig.cmake
[2.935s] -- Up-to-date: /home/ubuntu/robotis_ws/install/open_manipulator_msgs/share/open_manipulator_msgs/cmake/open_manipulator_msgs__rosidl_typesupport_cppExport.cmake
[2.935s] -- Up-to-date: /home/ubuntu/robotis_ws/install/open_manipulator_msgs/share/open_manipulator_msgs/cmake/open_manipulator_msgs__rosidl_typesupport_cppExport-noconfig.cmake
[2.936s] -- Up-to-date: /home/ubuntu/robotis_ws/install/open_manipulator_msgs/share/open_manipulator_msgs/cmake/export_open_manipulator_msgs__rosidl_generator_pyExport.cmake
[2.936s] -- Up-to-date: /home/ubuntu/robotis_ws/install/open_manipulator_msgs/share/open_manipulator_msgs/cmake/export_open_manipulator_msgs__rosidl_generator_pyExport-noconfig.cmake
[2.939s] Invoked command in '/home/ubuntu/robotis_ws/build/open_manipulator_msgs' returned '0': CMAKE_PREFIX_PATH=${CMAKE_PREFIX_PATH}:/home/ubuntu/robotis_ws/install/open_manipulator_x_teleop:/opt/ros/humble /usr/bin/cmake --install /home/ubuntu/robotis_ws/build/open_manipulator_msgs
