[0.114s] Invoking command in '/home/ubuntu/robotis_ws/build/open_manipulator_msgs': CMAKE_PREFIX_PATH=${CMAKE_PREFIX_PATH}:/home/ubuntu/robotis_ws/install/open_manipulator_x_teleop:/opt/ros/humble /usr/bin/cmake /home/ubuntu/robotis_ws/src/open_manipulator_msgs -DCMAKE_INSTALL_PREFIX=/home/ubuntu/robotis_ws/install/open_manipulator_msgs
[0.211s] -- Found ament_cmake: 1.3.9 (/opt/ros/humble/share/ament_cmake/cmake)
[0.848s] -- Override CMake install command with custom implementation using symlinks instead of copying resources
[0.902s] -- Found geometry_msgs: 4.2.4 (/opt/ros/humble/share/geometry_msgs/cmake)
[1.040s] -- Found rosidl_generator_c: 3.1.5 (/opt/ros/humble/share/rosidl_generator_c/cmake)
[1.050s] -- Found rosidl_adapter: 3.1.5 (/opt/ros/humble/share/rosidl_adapter/cmake)
[1.075s] -- Found rosidl_generator_cpp: 3.1.5 (/opt/ros/humble/share/rosidl_generator_cpp/cmake)
[1.144s] -- Using all available rosidl_typesupport_c: rosidl_typesupport_fastrtps_c;rosidl_typesupport_introspection_c
[1.231s] -- Using all available rosidl_typesupport_cpp: rosidl_typesupport_fastrtps_cpp;rosidl_typesupport_introspection_cpp
[1.997s] -- Found rosidl_default_generators: 1.2.0 (/opt/ros/humble/share/rosidl_default_generators/cmake)
[3.601s] -- Found ament_cmake_cppcheck: 0.12.11 (/opt/ros/humble/share/ament_cmake_cppcheck/cmake)
[3.605s] -- Found ament_cmake_cpplint: 0.12.11 (/opt/ros/humble/share/ament_cmake_cpplint/cmake)
[3.609s] -- Found ament_cmake_uncrustify: 0.12.11 (/opt/ros/humble/share/ament_cmake_uncrustify/cmake)
[3.614s] -- Found ament_cmake_ros: 0.10.0 (/opt/ros/humble/share/ament_cmake_ros/cmake)
[5.512s] -- Using all available rosidl_typesupport_c: rosidl_typesupport_fastrtps_c;rosidl_typesupport_introspection_c
[6.423s] -- Using all available rosidl_typesupport_cpp: rosidl_typesupport_fastrtps_cpp;rosidl_typesupport_introspection_cpp
[6.537s] -- Found python_cmake_module: 0.10.0 (/opt/ros/humble/share/python_cmake_module/cmake)
[6.675s] -- Using PYTHON_EXECUTABLE: /usr/bin/python3
[6.675s] -- Using PYTHON_INCLUDE_DIRS: /usr/include/python3.10
[6.676s] -- Using PYTHON_LIBRARIES: /usr/lib/x86_64-linux-gnu/libpython3.10.so
[6.925s] -- Found ament_cmake_flake8: 0.12.11 (/opt/ros/humble/share/ament_cmake_flake8/cmake)
[6.931s] -- Found ament_cmake_pep257: 0.12.11 (/opt/ros/humble/share/ament_cmake_pep257/cmake)
[7.012s] -- Configuring done
[7.412s] -- Generating done
[7.429s] -- Build files have been written to: /home/ubuntu/robotis_ws/build/open_manipulator_msgs
[7.456s] Invoked command in '/home/ubuntu/robotis_ws/build/open_manipulator_msgs' returned '0': CMAKE_PREFIX_PATH=${CMAKE_PREFIX_PATH}:/home/ubuntu/robotis_ws/install/open_manipulator_x_teleop:/opt/ros/humble /usr/bin/cmake /home/ubuntu/robotis_ws/src/open_manipulator_msgs -DCMAKE_INSTALL_PREFIX=/home/ubuntu/robotis_ws/install/open_manipulator_msgs
[7.464s] Invoking command in '/home/ubuntu/robotis_ws/build/open_manipulator_msgs': CMAKE_PREFIX_PATH=${CMAKE_PREFIX_PATH}:/home/ubuntu/robotis_ws/install/open_manipulator_x_teleop:/opt/ros/humble /usr/bin/cmake --build /home/ubuntu/robotis_ws/build/open_manipulator_msgs -- -j8 -l8
[7.735s] [35m[1mConsolidate compiler generated dependencies of target open_manipulator_msgs__rosidl_generator_c[0m
[7.796s] [  1%] Built target open_manipulator_msgs__cpp
[7.840s] [  1%] Built target ament_cmake_python_symlink_open_manipulator_msgs
[7.855s] [ 12%] Built target open_manipulator_msgs__rosidl_generator_c
[7.920s] [35m[1mConsolidate compiler generated dependencies of target open_manipulator_msgs__rosidl_typesupport_cpp[0m
[7.940s] [35m[1mConsolidate compiler generated dependencies of target open_manipulator_msgs__rosidl_typesupport_introspection_cpp[0m
[7.979s] [35m[1mConsolidate compiler generated dependencies of target open_manipulator_msgs__rosidl_typesupport_fastrtps_cpp[0m
[8.018s] [35m[1mConsolidate compiler generated dependencies of target open_manipulator_msgs__rosidl_typesupport_fastrtps_c[0m
[8.027s] [35m[1mConsolidate compiler generated dependencies of target open_manipulator_msgs__rosidl_typesupport_c[0m
[8.047s] [35m[1mConsolidate compiler generated dependencies of target open_manipulator_msgs__rosidl_typesupport_introspection_c[0m
[8.099s] [ 24%] Built target open_manipulator_msgs__rosidl_typesupport_cpp
[8.113s] [ 35%] Built target open_manipulator_msgs__rosidl_typesupport_introspection_cpp
[8.174s] [ 47%] Built target open_manipulator_msgs__rosidl_typesupport_c
[8.195s] [ 58%] Built target open_manipulator_msgs__rosidl_typesupport_introspection_c
[8.206s] [ 70%] Built target open_manipulator_msgs__rosidl_typesupport_fastrtps_cpp
[8.218s] [ 82%] Built target open_manipulator_msgs__rosidl_typesupport_fastrtps_c
[8.327s] [ 82%] Built target open_manipulator_msgs
[8.441s] [ 83%] Built target open_manipulator_msgs__py
[8.505s] [35m[1mConsolidate compiler generated dependencies of target open_manipulator_msgs__rosidl_generator_py[0m
[8.633s] [ 84%] [32mBuilding C object CMakeFiles/open_manipulator_msgs__rosidl_generator_py.dir/rosidl_generator_py/open_manipulator_msgs/msg/_kinematics_pose_s.c.o[0m
[8.634s] [ 85%] [32mBuilding C object CMakeFiles/open_manipulator_msgs__rosidl_generator_py.dir/rosidl_generator_py/open_manipulator_msgs/msg/_open_manipulator_state_s.c.o[0m
[8.653s] [ 86%] [32mBuilding C object CMakeFiles/open_manipulator_msgs__rosidl_generator_py.dir/rosidl_generator_py/open_manipulator_msgs/msg/_joint_position_s.c.o[0m
[8.659s] [ 87%] [32mBuilding C object CMakeFiles/open_manipulator_msgs__rosidl_generator_py.dir/rosidl_generator_py/open_manipulator_msgs/srv/_get_joint_position_s.c.o[0m
[8.677s] [ 88%] [32mBuilding C object CMakeFiles/open_manipulator_msgs__rosidl_generator_py.dir/rosidl_generator_py/open_manipulator_msgs/srv/_set_joint_position_s.c.o[0m
[8.689s] [ 89%] [32mBuilding C object CMakeFiles/open_manipulator_msgs__rosidl_generator_py.dir/rosidl_generator_py/open_manipulator_msgs/srv/_set_kinematics_pose_s.c.o[0m
[8.695s] [ 90%] [32mBuilding C object CMakeFiles/open_manipulator_msgs__rosidl_generator_py.dir/rosidl_generator_py/open_manipulator_msgs/srv/_get_kinematics_pose_s.c.o[0m
[9.568s] [ 91%] [32mBuilding C object CMakeFiles/open_manipulator_msgs__rosidl_generator_py.dir/rosidl_generator_py/open_manipulator_msgs/srv/_set_drawing_trajectory_s.c.o[0m
[9.603s] [ 92%] [32mBuilding C object CMakeFiles/open_manipulator_msgs__rosidl_generator_py.dir/rosidl_generator_py/open_manipulator_msgs/srv/_set_actuator_state_s.c.o[0m
[9.833s] running egg_info
[9.838s] writing open_manipulator_msgs.egg-info/PKG-INFO
[9.839s] writing dependency_links to open_manipulator_msgs.egg-info/dependency_links.txt
[9.840s] writing top-level names to open_manipulator_msgs.egg-info/top_level.txt
[9.854s] reading manifest file 'open_manipulator_msgs.egg-info/SOURCES.txt'
[9.860s] writing manifest file 'open_manipulator_msgs.egg-info/SOURCES.txt'
[9.988s] [ 92%] Built target ament_cmake_python_build_open_manipulator_msgs_egg
[10.219s] [ 93%] [32m[1mLinking C shared library rosidl_generator_py/open_manipulator_msgs/libopen_manipulator_msgs__rosidl_generator_py.so[0m
[10.440s] [ 93%] Built target open_manipulator_msgs__rosidl_generator_py
[10.487s] [35m[1mConsolidate compiler generated dependencies of target open_manipulator_msgs__rosidl_typesupport_introspection_c__pyext[0m
[10.488s] [35m[1mConsolidate compiler generated dependencies of target open_manipulator_msgs__rosidl_typesupport_fastrtps_c__pyext[0m
[10.507s] [35m[1mConsolidate compiler generated dependencies of target open_manipulator_msgs__rosidl_typesupport_c__pyext[0m
[10.550s] [ 94%] [32mBuilding C object CMakeFiles/open_manipulator_msgs__rosidl_typesupport_introspection_c__pyext.dir/rosidl_generator_py/open_manipulator_msgs/_open_manipulator_msgs_s.ep.rosidl_typesupport_introspection_c.c.o[0m
[10.551s] [ 95%] [32mBuilding C object CMakeFiles/open_manipulator_msgs__rosidl_typesupport_fastrtps_c__pyext.dir/rosidl_generator_py/open_manipulator_msgs/_open_manipulator_msgs_s.ep.rosidl_typesupport_fastrtps_c.c.o[0m
[10.588s] [ 96%] [32mBuilding C object CMakeFiles/open_manipulator_msgs__rosidl_typesupport_c__pyext.dir/rosidl_generator_py/open_manipulator_msgs/_open_manipulator_msgs_s.ep.rosidl_typesupport_c.c.o[0m
[11.196s] [ 97%] [32m[1mLinking C shared library rosidl_generator_py/open_manipulator_msgs/open_manipulator_msgs_s__rosidl_typesupport_fastrtps_c.cpython-310-x86_64-linux-gnu.so[0m
[11.196s] [ 98%] [32m[1mLinking C shared library rosidl_generator_py/open_manipulator_msgs/open_manipulator_msgs_s__rosidl_typesupport_introspection_c.cpython-310-x86_64-linux-gnu.so[0m
[11.396s] [ 98%] Built target open_manipulator_msgs__rosidl_typesupport_fastrtps_c__pyext
[11.398s] [ 98%] Built target open_manipulator_msgs__rosidl_typesupport_introspection_c__pyext
[11.517s] [100%] [32m[1mLinking C shared library rosidl_generator_py/open_manipulator_msgs/open_manipulator_msgs_s__rosidl_typesupport_c.cpython-310-x86_64-linux-gnu.so[0m
[11.701s] [100%] Built target open_manipulator_msgs__rosidl_typesupport_c__pyext
[11.753s] Invoked command in '/home/ubuntu/robotis_ws/build/open_manipulator_msgs' returned '0': CMAKE_PREFIX_PATH=${CMAKE_PREFIX_PATH}:/home/ubuntu/robotis_ws/install/open_manipulator_x_teleop:/opt/ros/humble /usr/bin/cmake --build /home/ubuntu/robotis_ws/build/open_manipulator_msgs -- -j8 -l8
[12.972s] Invoking command in '/home/ubuntu/robotis_ws/build/open_manipulator_msgs': CMAKE_PREFIX_PATH=${CMAKE_PREFIX_PATH}:/home/ubuntu/robotis_ws/install/open_manipulator_x_teleop:/opt/ros/humble /usr/bin/cmake --install /home/ubuntu/robotis_ws/build/open_manipulator_msgs
[13.008s] -- Install configuration: ""
[13.010s] -- Execute custom install script
[13.018s] -- Up-to-date symlink: /home/ubuntu/robotis_ws/install/open_manipulator_msgs/share/ament_index/resource_index/rosidl_interfaces/open_manipulator_msgs
[13.022s] -- Up-to-date symlink: /home/ubuntu/robotis_ws/install/open_manipulator_msgs/include/open_manipulator_msgs/open_manipulator_msgs/msg/detail/joint_position__functions.h
[13.023s] -- Up-to-date symlink: /home/ubuntu/robotis_ws/install/open_manipulator_msgs/include/open_manipulator_msgs/open_manipulator_msgs/msg/detail/joint_position__struct.h
[13.024s] -- Up-to-date symlink: /home/ubuntu/robotis_ws/install/open_manipulator_msgs/include/open_manipulator_msgs/open_manipulator_msgs/msg/detail/joint_position__type_support.h
[13.025s] -- Up-to-date symlink: /home/ubuntu/robotis_ws/install/open_manipulator_msgs/include/open_manipulator_msgs/open_manipulator_msgs/msg/detail/kinematics_pose__functions.h
[13.025s] -- Up-to-date symlink: /home/ubuntu/robotis_ws/install/open_manipulator_msgs/include/open_manipulator_msgs/open_manipulator_msgs/msg/detail/kinematics_pose__struct.h
[13.026s] -- Up-to-date symlink: /home/ubuntu/robotis_ws/install/open_manipulator_msgs/include/open_manipulator_msgs/open_manipulator_msgs/msg/detail/kinematics_pose__type_support.h
[13.027s] -- Up-to-date symlink: /home/ubuntu/robotis_ws/install/open_manipulator_msgs/include/open_manipulator_msgs/open_manipulator_msgs/msg/detail/open_manipulator_state__functions.h
[13.028s] -- Up-to-date symlink: /home/ubuntu/robotis_ws/install/open_manipulator_msgs/include/open_manipulator_msgs/open_manipulator_msgs/msg/detail/open_manipulator_state__struct.h
[13.028s] -- Up-to-date symlink: /home/ubuntu/robotis_ws/install/open_manipulator_msgs/include/open_manipulator_msgs/open_manipulator_msgs/msg/detail/open_manipulator_state__type_support.h
[13.029s] -- Up-to-date symlink: /home/ubuntu/robotis_ws/install/open_manipulator_msgs/include/open_manipulator_msgs/open_manipulator_msgs/msg/joint_position.h
[13.030s] -- Up-to-date symlink: /home/ubuntu/robotis_ws/install/open_manipulator_msgs/include/open_manipulator_msgs/open_manipulator_msgs/msg/kinematics_pose.h
[13.030s] -- Up-to-date symlink: /home/ubuntu/robotis_ws/install/open_manipulator_msgs/include/open_manipulator_msgs/open_manipulator_msgs/msg/open_manipulator_state.h
[13.031s] -- Up-to-date symlink: /home/ubuntu/robotis_ws/install/open_manipulator_msgs/include/open_manipulator_msgs/open_manipulator_msgs/msg/rosidl_generator_c__visibility_control.h
[13.032s] -- Up-to-date symlink: /home/ubuntu/robotis_ws/install/open_manipulator_msgs/include/open_manipulator_msgs/open_manipulator_msgs/srv/detail/get_joint_position__functions.h
[13.033s] -- Up-to-date symlink: /home/ubuntu/robotis_ws/install/open_manipulator_msgs/include/open_manipulator_msgs/open_manipulator_msgs/srv/detail/get_joint_position__struct.h
[13.033s] -- Up-to-date symlink: /home/ubuntu/robotis_ws/install/open_manipulator_msgs/include/open_manipulator_msgs/open_manipulator_msgs/srv/detail/get_joint_position__type_support.h
[13.034s] -- Up-to-date symlink: /home/ubuntu/robotis_ws/install/open_manipulator_msgs/include/open_manipulator_msgs/open_manipulator_msgs/srv/detail/get_kinematics_pose__functions.h
[13.035s] -- Up-to-date symlink: /home/ubuntu/robotis_ws/install/open_manipulator_msgs/include/open_manipulator_msgs/open_manipulator_msgs/srv/detail/get_kinematics_pose__struct.h
[13.036s] -- Up-to-date symlink: /home/ubuntu/robotis_ws/install/open_manipulator_msgs/include/open_manipulator_msgs/open_manipulator_msgs/srv/detail/get_kinematics_pose__type_support.h
[13.037s] -- Up-to-date symlink: /home/ubuntu/robotis_ws/install/open_manipulator_msgs/include/open_manipulator_msgs/open_manipulator_msgs/srv/detail/set_actuator_state__functions.h
[13.038s] -- Up-to-date symlink: /home/ubuntu/robotis_ws/install/open_manipulator_msgs/include/open_manipulator_msgs/open_manipulator_msgs/srv/detail/set_actuator_state__struct.h
[13.039s] -- Up-to-date symlink: /home/ubuntu/robotis_ws/install/open_manipulator_msgs/include/open_manipulator_msgs/open_manipulator_msgs/srv/detail/set_actuator_state__type_support.h
[13.040s] -- Up-to-date symlink: /home/ubuntu/robotis_ws/install/open_manipulator_msgs/include/open_manipulator_msgs/open_manipulator_msgs/srv/detail/set_drawing_trajectory__functions.h
[13.041s] -- Up-to-date symlink: /home/ubuntu/robotis_ws/install/open_manipulator_msgs/include/open_manipulator_msgs/open_manipulator_msgs/srv/detail/set_drawing_trajectory__struct.h
[13.042s] -- Up-to-date symlink: /home/ubuntu/robotis_ws/install/open_manipulator_msgs/include/open_manipulator_msgs/open_manipulator_msgs/srv/detail/set_drawing_trajectory__type_support.h
[13.043s] -- Up-to-date symlink: /home/ubuntu/robotis_ws/install/open_manipulator_msgs/include/open_manipulator_msgs/open_manipulator_msgs/srv/detail/set_joint_position__functions.h
[13.043s] -- Up-to-date symlink: /home/ubuntu/robotis_ws/install/open_manipulator_msgs/include/open_manipulator_msgs/open_manipulator_msgs/srv/detail/set_joint_position__struct.h
[13.044s] -- Up-to-date symlink: /home/ubuntu/robotis_ws/install/open_manipulator_msgs/include/open_manipulator_msgs/open_manipulator_msgs/srv/detail/set_joint_position__type_support.h
[13.045s] -- Up-to-date symlink: /home/ubuntu/robotis_ws/install/open_manipulator_msgs/include/open_manipulator_msgs/open_manipulator_msgs/srv/detail/set_kinematics_pose__functions.h
[13.046s] -- Up-to-date symlink: /home/ubuntu/robotis_ws/install/open_manipulator_msgs/include/open_manipulator_msgs/open_manipulator_msgs/srv/detail/set_kinematics_pose__struct.h
[13.047s] -- Up-to-date symlink: /home/ubuntu/robotis_ws/install/open_manipulator_msgs/include/open_manipulator_msgs/open_manipulator_msgs/srv/detail/set_kinematics_pose__type_support.h
[13.047s] -- Up-to-date symlink: /home/ubuntu/robotis_ws/install/open_manipulator_msgs/include/open_manipulator_msgs/open_manipulator_msgs/srv/get_joint_position.h
[13.048s] -- Up-to-date symlink: /home/ubuntu/robotis_ws/install/open_manipulator_msgs/include/open_manipulator_msgs/open_manipulator_msgs/srv/get_kinematics_pose.h
[13.049s] -- Up-to-date symlink: /home/ubuntu/robotis_ws/install/open_manipulator_msgs/include/open_manipulator_msgs/open_manipulator_msgs/srv/set_actuator_state.h
[13.050s] -- Up-to-date symlink: /home/ubuntu/robotis_ws/install/open_manipulator_msgs/include/open_manipulator_msgs/open_manipulator_msgs/srv/set_drawing_trajectory.h
[13.051s] -- Up-to-date symlink: /home/ubuntu/robotis_ws/install/open_manipulator_msgs/include/open_manipulator_msgs/open_manipulator_msgs/srv/set_joint_position.h
[13.052s] -- Up-to-date symlink: /home/ubuntu/robotis_ws/install/open_manipulator_msgs/include/open_manipulator_msgs/open_manipulator_msgs/srv/set_kinematics_pose.h
[13.053s] -- Up-to-date symlink: /home/ubuntu/robotis_ws/install/open_manipulator_msgs/share/open_manipulator_msgs/environment/library_path.sh
[13.054s] -- Up-to-date symlink: /home/ubuntu/robotis_ws/install/open_manipulator_msgs/share/open_manipulator_msgs/environment/library_path.dsv
[13.058s] -- Up-to-date symlink: /home/ubuntu/robotis_ws/install/open_manipulator_msgs/include/open_manipulator_msgs/open_manipulator_msgs/msg/detail/joint_position__rosidl_typesupport_fastrtps_c.h
[13.059s] -- Up-to-date symlink: /home/ubuntu/robotis_ws/install/open_manipulator_msgs/include/open_manipulator_msgs/open_manipulator_msgs/msg/detail/kinematics_pose__rosidl_typesupport_fastrtps_c.h
[13.059s] -- Up-to-date symlink: /home/ubuntu/robotis_ws/install/open_manipulator_msgs/include/open_manipulator_msgs/open_manipulator_msgs/msg/detail/open_manipulator_state__rosidl_typesupport_fastrtps_c.h
[13.060s] -- Up-to-date symlink: /home/ubuntu/robotis_ws/install/open_manipulator_msgs/include/open_manipulator_msgs/open_manipulator_msgs/msg/rosidl_typesupport_fastrtps_c__visibility_control.h
[13.061s] -- Up-to-date symlink: /home/ubuntu/robotis_ws/install/open_manipulator_msgs/include/open_manipulator_msgs/open_manipulator_msgs/srv/detail/get_joint_position__rosidl_typesupport_fastrtps_c.h
[13.062s] -- Up-to-date symlink: /home/ubuntu/robotis_ws/install/open_manipulator_msgs/include/open_manipulator_msgs/open_manipulator_msgs/srv/detail/get_kinematics_pose__rosidl_typesupport_fastrtps_c.h
[13.063s] -- Up-to-date symlink: /home/ubuntu/robotis_ws/install/open_manipulator_msgs/include/open_manipulator_msgs/open_manipulator_msgs/srv/detail/set_actuator_state__rosidl_typesupport_fastrtps_c.h
[13.063s] -- Up-to-date symlink: /home/ubuntu/robotis_ws/install/open_manipulator_msgs/include/open_manipulator_msgs/open_manipulator_msgs/srv/detail/set_drawing_trajectory__rosidl_typesupport_fastrtps_c.h
[13.064s] -- Up-to-date symlink: /home/ubuntu/robotis_ws/install/open_manipulator_msgs/include/open_manipulator_msgs/open_manipulator_msgs/srv/detail/set_joint_position__rosidl_typesupport_fastrtps_c.h
[13.065s] -- Up-to-date symlink: /home/ubuntu/robotis_ws/install/open_manipulator_msgs/include/open_manipulator_msgs/open_manipulator_msgs/srv/detail/set_kinematics_pose__rosidl_typesupport_fastrtps_c.h
[13.069s] -- Up-to-date symlink: /home/ubuntu/robotis_ws/install/open_manipulator_msgs/include/open_manipulator_msgs/open_manipulator_msgs/msg/detail/joint_position__builder.hpp
[13.069s] -- Up-to-date symlink: /home/ubuntu/robotis_ws/install/open_manipulator_msgs/include/open_manipulator_msgs/open_manipulator_msgs/msg/detail/joint_position__struct.hpp
[13.070s] -- Up-to-date symlink: /home/ubuntu/robotis_ws/install/open_manipulator_msgs/include/open_manipulator_msgs/open_manipulator_msgs/msg/detail/joint_position__traits.hpp
[13.071s] -- Up-to-date symlink: /home/ubuntu/robotis_ws/install/open_manipulator_msgs/include/open_manipulator_msgs/open_manipulator_msgs/msg/detail/kinematics_pose__builder.hpp
[13.072s] -- Up-to-date symlink: /home/ubuntu/robotis_ws/install/open_manipulator_msgs/include/open_manipulator_msgs/open_manipulator_msgs/msg/detail/kinematics_pose__struct.hpp
[13.073s] -- Up-to-date symlink: /home/ubuntu/robotis_ws/install/open_manipulator_msgs/include/open_manipulator_msgs/open_manipulator_msgs/msg/detail/kinematics_pose__traits.hpp
[13.074s] -- Up-to-date symlink: /home/ubuntu/robotis_ws/install/open_manipulator_msgs/include/open_manipulator_msgs/open_manipulator_msgs/msg/detail/open_manipulator_state__builder.hpp
[13.075s] -- Up-to-date symlink: /home/ubuntu/robotis_ws/install/open_manipulator_msgs/include/open_manipulator_msgs/open_manipulator_msgs/msg/detail/open_manipulator_state__struct.hpp
[13.076s] -- Up-to-date symlink: /home/ubuntu/robotis_ws/install/open_manipulator_msgs/include/open_manipulator_msgs/open_manipulator_msgs/msg/detail/open_manipulator_state__traits.hpp
[13.077s] -- Up-to-date symlink: /home/ubuntu/robotis_ws/install/open_manipulator_msgs/include/open_manipulator_msgs/open_manipulator_msgs/msg/joint_position.hpp
[13.077s] -- Up-to-date symlink: /home/ubuntu/robotis_ws/install/open_manipulator_msgs/include/open_manipulator_msgs/open_manipulator_msgs/msg/kinematics_pose.hpp
[13.078s] -- Up-to-date symlink: /home/ubuntu/robotis_ws/install/open_manipulator_msgs/include/open_manipulator_msgs/open_manipulator_msgs/msg/open_manipulator_state.hpp
[13.079s] -- Up-to-date symlink: /home/ubuntu/robotis_ws/install/open_manipulator_msgs/include/open_manipulator_msgs/open_manipulator_msgs/srv/detail/get_joint_position__builder.hpp
[13.080s] -- Up-to-date symlink: /home/ubuntu/robotis_ws/install/open_manipulator_msgs/include/open_manipulator_msgs/open_manipulator_msgs/srv/detail/get_joint_position__struct.hpp
[13.081s] -- Up-to-date symlink: /home/ubuntu/robotis_ws/install/open_manipulator_msgs/include/open_manipulator_msgs/open_manipulator_msgs/srv/detail/get_joint_position__traits.hpp
[13.081s] -- Up-to-date symlink: /home/ubuntu/robotis_ws/install/open_manipulator_msgs/include/open_manipulator_msgs/open_manipulator_msgs/srv/detail/get_kinematics_pose__builder.hpp
[13.082s] -- Up-to-date symlink: /home/ubuntu/robotis_ws/install/open_manipulator_msgs/include/open_manipulator_msgs/open_manipulator_msgs/srv/detail/get_kinematics_pose__struct.hpp
[13.083s] -- Up-to-date symlink: /home/ubuntu/robotis_ws/install/open_manipulator_msgs/include/open_manipulator_msgs/open_manipulator_msgs/srv/detail/get_kinematics_pose__traits.hpp
[13.084s] -- Up-to-date symlink: /home/ubuntu/robotis_ws/install/open_manipulator_msgs/include/open_manipulator_msgs/open_manipulator_msgs/srv/detail/set_actuator_state__builder.hpp
[13.084s] -- Up-to-date symlink: /home/ubuntu/robotis_ws/install/open_manipulator_msgs/include/open_manipulator_msgs/open_manipulator_msgs/srv/detail/set_actuator_state__struct.hpp
[13.085s] -- Up-to-date symlink: /home/ubuntu/robotis_ws/install/open_manipulator_msgs/include/open_manipulator_msgs/open_manipulator_msgs/srv/detail/set_actuator_state__traits.hpp
[13.086s] -- Up-to-date symlink: /home/ubuntu/robotis_ws/install/open_manipulator_msgs/include/open_manipulator_msgs/open_manipulator_msgs/srv/detail/set_drawing_trajectory__builder.hpp
[13.087s] -- Up-to-date symlink: /home/ubuntu/robotis_ws/install/open_manipulator_msgs/include/open_manipulator_msgs/open_manipulator_msgs/srv/detail/set_drawing_trajectory__struct.hpp
[13.088s] -- Up-to-date symlink: /home/ubuntu/robotis_ws/install/open_manipulator_msgs/include/open_manipulator_msgs/open_manipulator_msgs/srv/detail/set_drawing_trajectory__traits.hpp
[13.088s] -- Up-to-date symlink: /home/ubuntu/robotis_ws/install/open_manipulator_msgs/include/open_manipulator_msgs/open_manipulator_msgs/srv/detail/set_joint_position__builder.hpp
[13.089s] -- Up-to-date symlink: /home/ubuntu/robotis_ws/install/open_manipulator_msgs/include/open_manipulator_msgs/open_manipulator_msgs/srv/detail/set_joint_position__struct.hpp
[13.090s] -- Up-to-date symlink: /home/ubuntu/robotis_ws/install/open_manipulator_msgs/include/open_manipulator_msgs/open_manipulator_msgs/srv/detail/set_joint_position__traits.hpp
[13.091s] -- Up-to-date symlink: /home/ubuntu/robotis_ws/install/open_manipulator_msgs/include/open_manipulator_msgs/open_manipulator_msgs/srv/detail/set_kinematics_pose__builder.hpp
[13.092s] -- Up-to-date symlink: /home/ubuntu/robotis_ws/install/open_manipulator_msgs/include/open_manipulator_msgs/open_manipulator_msgs/srv/detail/set_kinematics_pose__struct.hpp
[13.092s] -- Up-to-date symlink: /home/ubuntu/robotis_ws/install/open_manipulator_msgs/include/open_manipulator_msgs/open_manipulator_msgs/srv/detail/set_kinematics_pose__traits.hpp
[13.093s] -- Up-to-date symlink: /home/ubuntu/robotis_ws/install/open_manipulator_msgs/include/open_manipulator_msgs/open_manipulator_msgs/srv/get_joint_position.hpp
[13.094s] -- Up-to-date symlink: /home/ubuntu/robotis_ws/install/open_manipulator_msgs/include/open_manipulator_msgs/open_manipulator_msgs/srv/get_kinematics_pose.hpp
[13.095s] -- Up-to-date symlink: /home/ubuntu/robotis_ws/install/open_manipulator_msgs/include/open_manipulator_msgs/open_manipulator_msgs/srv/set_actuator_state.hpp
[13.095s] -- Up-to-date symlink: /home/ubuntu/robotis_ws/install/open_manipulator_msgs/include/open_manipulator_msgs/open_manipulator_msgs/srv/set_drawing_trajectory.hpp
[13.096s] -- Up-to-date symlink: /home/ubuntu/robotis_ws/install/open_manipulator_msgs/include/open_manipulator_msgs/open_manipulator_msgs/srv/set_joint_position.hpp
[13.097s] -- Up-to-date symlink: /home/ubuntu/robotis_ws/install/open_manipulator_msgs/include/open_manipulator_msgs/open_manipulator_msgs/srv/set_kinematics_pose.hpp
[13.101s] -- Up-to-date symlink: /home/ubuntu/robotis_ws/install/open_manipulator_msgs/include/open_manipulator_msgs/open_manipulator_msgs/msg/detail/joint_position__rosidl_typesupport_fastrtps_cpp.hpp
[13.101s] -- Up-to-date symlink: /home/ubuntu/robotis_ws/install/open_manipulator_msgs/include/open_manipulator_msgs/open_manipulator_msgs/msg/detail/kinematics_pose__rosidl_typesupport_fastrtps_cpp.hpp
[13.102s] -- Up-to-date symlink: /home/ubuntu/robotis_ws/install/open_manipulator_msgs/include/open_manipulator_msgs/open_manipulator_msgs/msg/detail/open_manipulator_state__rosidl_typesupport_fastrtps_cpp.hpp
[13.103s] -- Up-to-date symlink: /home/ubuntu/robotis_ws/install/open_manipulator_msgs/include/open_manipulator_msgs/open_manipulator_msgs/msg/rosidl_typesupport_fastrtps_cpp__visibility_control.h
[13.103s] -- Up-to-date symlink: /home/ubuntu/robotis_ws/install/open_manipulator_msgs/include/open_manipulator_msgs/open_manipulator_msgs/srv/detail/get_joint_position__rosidl_typesupport_fastrtps_cpp.hpp
[13.104s] -- Up-to-date symlink: /home/ubuntu/robotis_ws/install/open_manipulator_msgs/include/open_manipulator_msgs/open_manipulator_msgs/srv/detail/get_kinematics_pose__rosidl_typesupport_fastrtps_cpp.hpp
[13.105s] -- Up-to-date symlink: /home/ubuntu/robotis_ws/install/open_manipulator_msgs/include/open_manipulator_msgs/open_manipulator_msgs/srv/detail/set_actuator_state__rosidl_typesupport_fastrtps_cpp.hpp
[13.106s] -- Up-to-date symlink: /home/ubuntu/robotis_ws/install/open_manipulator_msgs/include/open_manipulator_msgs/open_manipulator_msgs/srv/detail/set_drawing_trajectory__rosidl_typesupport_fastrtps_cpp.hpp
[13.107s] -- Up-to-date symlink: /home/ubuntu/robotis_ws/install/open_manipulator_msgs/include/open_manipulator_msgs/open_manipulator_msgs/srv/detail/set_joint_position__rosidl_typesupport_fastrtps_cpp.hpp
[13.108s] -- Up-to-date symlink: /home/ubuntu/robotis_ws/install/open_manipulator_msgs/include/open_manipulator_msgs/open_manipulator_msgs/srv/detail/set_kinematics_pose__rosidl_typesupport_fastrtps_cpp.hpp
[13.110s] -- Up-to-date symlink: /home/ubuntu/robotis_ws/install/open_manipulator_msgs/include/open_manipulator_msgs/open_manipulator_msgs/msg/detail/joint_position__rosidl_typesupport_introspection_c.h
[13.111s] -- Up-to-date symlink: /home/ubuntu/robotis_ws/install/open_manipulator_msgs/include/open_manipulator_msgs/open_manipulator_msgs/msg/detail/kinematics_pose__rosidl_typesupport_introspection_c.h
[13.112s] -- Up-to-date symlink: /home/ubuntu/robotis_ws/install/open_manipulator_msgs/include/open_manipulator_msgs/open_manipulator_msgs/msg/detail/open_manipulator_state__rosidl_typesupport_introspection_c.h
[13.112s] -- Up-to-date symlink: /home/ubuntu/robotis_ws/install/open_manipulator_msgs/include/open_manipulator_msgs/open_manipulator_msgs/msg/rosidl_typesupport_introspection_c__visibility_control.h
[13.113s] -- Up-to-date symlink: /home/ubuntu/robotis_ws/install/open_manipulator_msgs/include/open_manipulator_msgs/open_manipulator_msgs/srv/detail/get_joint_position__rosidl_typesupport_introspection_c.h
[13.114s] -- Up-to-date symlink: /home/ubuntu/robotis_ws/install/open_manipulator_msgs/include/open_manipulator_msgs/open_manipulator_msgs/srv/detail/get_kinematics_pose__rosidl_typesupport_introspection_c.h
[13.115s] -- Up-to-date symlink: /home/ubuntu/robotis_ws/install/open_manipulator_msgs/include/open_manipulator_msgs/open_manipulator_msgs/srv/detail/set_actuator_state__rosidl_typesupport_introspection_c.h
[13.115s] -- Up-to-date symlink: /home/ubuntu/robotis_ws/install/open_manipulator_msgs/include/open_manipulator_msgs/open_manipulator_msgs/srv/detail/set_drawing_trajectory__rosidl_typesupport_introspection_c.h
[13.116s] -- Up-to-date symlink: /home/ubuntu/robotis_ws/install/open_manipulator_msgs/include/open_manipulator_msgs/open_manipulator_msgs/srv/detail/set_joint_position__rosidl_typesupport_introspection_c.h
[13.117s] -- Up-to-date symlink: /home/ubuntu/robotis_ws/install/open_manipulator_msgs/include/open_manipulator_msgs/open_manipulator_msgs/srv/detail/set_kinematics_pose__rosidl_typesupport_introspection_c.h
[13.119s] -- Up-to-date symlink: /home/ubuntu/robotis_ws/install/open_manipulator_msgs/include/open_manipulator_msgs/open_manipulator_msgs/msg/detail/joint_position__rosidl_typesupport_introspection_cpp.hpp
[13.120s] -- Up-to-date symlink: /home/ubuntu/robotis_ws/install/open_manipulator_msgs/include/open_manipulator_msgs/open_manipulator_msgs/msg/detail/kinematics_pose__rosidl_typesupport_introspection_cpp.hpp
[13.121s] -- Up-to-date symlink: /home/ubuntu/robotis_ws/install/open_manipulator_msgs/include/open_manipulator_msgs/open_manipulator_msgs/msg/detail/open_manipulator_state__rosidl_typesupport_introspection_cpp.hpp
[13.122s] -- Up-to-date symlink: /home/ubuntu/robotis_ws/install/open_manipulator_msgs/include/open_manipulator_msgs/open_manipulator_msgs/srv/detail/get_joint_position__rosidl_typesupport_introspection_cpp.hpp
[13.122s] -- Up-to-date symlink: /home/ubuntu/robotis_ws/install/open_manipulator_msgs/include/open_manipulator_msgs/open_manipulator_msgs/srv/detail/get_kinematics_pose__rosidl_typesupport_introspection_cpp.hpp
[13.123s] -- Up-to-date symlink: /home/ubuntu/robotis_ws/install/open_manipulator_msgs/include/open_manipulator_msgs/open_manipulator_msgs/srv/detail/set_actuator_state__rosidl_typesupport_introspection_cpp.hpp
[13.124s] -- Up-to-date symlink: /home/ubuntu/robotis_ws/install/open_manipulator_msgs/include/open_manipulator_msgs/open_manipulator_msgs/srv/detail/set_drawing_trajectory__rosidl_typesupport_introspection_cpp.hpp
[13.125s] -- Up-to-date symlink: /home/ubuntu/robotis_ws/install/open_manipulator_msgs/include/open_manipulator_msgs/open_manipulator_msgs/srv/detail/set_joint_position__rosidl_typesupport_introspection_cpp.hpp
[13.125s] -- Up-to-date symlink: /home/ubuntu/robotis_ws/install/open_manipulator_msgs/include/open_manipulator_msgs/open_manipulator_msgs/srv/detail/set_kinematics_pose__rosidl_typesupport_introspection_cpp.hpp
[13.126s] -- Up-to-date symlink: /home/ubuntu/robotis_ws/install/open_manipulator_msgs/share/open_manipulator_msgs/environment/pythonpath.sh
[13.127s] -- Up-to-date symlink: /home/ubuntu/robotis_ws/install/open_manipulator_msgs/share/open_manipulator_msgs/environment/pythonpath.dsv
[13.128s] -- Up-to-date symlink: /home/ubuntu/robotis_ws/install/open_manipulator_msgs/local/lib/python3.10/dist-packages/open_manipulator_msgs-2.2.0-py3.10.egg-info/PKG-INFO
[13.129s] -- Up-to-date symlink: /home/ubuntu/robotis_ws/install/open_manipulator_msgs/local/lib/python3.10/dist-packages/open_manipulator_msgs-2.2.0-py3.10.egg-info/SOURCES.txt
[13.130s] -- Up-to-date symlink: /home/ubuntu/robotis_ws/install/open_manipulator_msgs/local/lib/python3.10/dist-packages/open_manipulator_msgs-2.2.0-py3.10.egg-info/dependency_links.txt
[13.131s] -- Up-to-date symlink: /home/ubuntu/robotis_ws/install/open_manipulator_msgs/local/lib/python3.10/dist-packages/open_manipulator_msgs-2.2.0-py3.10.egg-info/top_level.txt
[13.136s] -- Up-to-date symlink: /home/ubuntu/robotis_ws/install/open_manipulator_msgs/local/lib/python3.10/dist-packages/open_manipulator_msgs/__init__.py
[13.137s] -- Up-to-date symlink: /home/ubuntu/robotis_ws/install/open_manipulator_msgs/local/lib/python3.10/dist-packages/open_manipulator_msgs/_open_manipulator_msgs_s.ep.rosidl_typesupport_c.c
[13.138s] -- Up-to-date symlink: /home/ubuntu/robotis_ws/install/open_manipulator_msgs/local/lib/python3.10/dist-packages/open_manipulator_msgs/_open_manipulator_msgs_s.ep.rosidl_typesupport_fastrtps_c.c
[13.139s] -- Up-to-date symlink: /home/ubuntu/robotis_ws/install/open_manipulator_msgs/local/lib/python3.10/dist-packages/open_manipulator_msgs/_open_manipulator_msgs_s.ep.rosidl_typesupport_introspection_c.c
[13.140s] -- Up-to-date symlink: /home/ubuntu/robotis_ws/install/open_manipulator_msgs/local/lib/python3.10/dist-packages/open_manipulator_msgs/libopen_manipulator_msgs__rosidl_generator_py.so
[13.141s] -- Up-to-date symlink: /home/ubuntu/robotis_ws/install/open_manipulator_msgs/local/lib/python3.10/dist-packages/open_manipulator_msgs/msg/__init__.py
[13.142s] -- Up-to-date symlink: /home/ubuntu/robotis_ws/install/open_manipulator_msgs/local/lib/python3.10/dist-packages/open_manipulator_msgs/msg/_joint_position.py
[13.143s] -- Up-to-date symlink: /home/ubuntu/robotis_ws/install/open_manipulator_msgs/local/lib/python3.10/dist-packages/open_manipulator_msgs/msg/_joint_position_s.c
[13.144s] -- Up-to-date symlink: /home/ubuntu/robotis_ws/install/open_manipulator_msgs/local/lib/python3.10/dist-packages/open_manipulator_msgs/msg/_kinematics_pose.py
[13.145s] -- Up-to-date symlink: /home/ubuntu/robotis_ws/install/open_manipulator_msgs/local/lib/python3.10/dist-packages/open_manipulator_msgs/msg/_kinematics_pose_s.c
[13.146s] -- Up-to-date symlink: /home/ubuntu/robotis_ws/install/open_manipulator_msgs/local/lib/python3.10/dist-packages/open_manipulator_msgs/msg/_open_manipulator_state.py
[13.147s] -- Up-to-date symlink: /home/ubuntu/robotis_ws/install/open_manipulator_msgs/local/lib/python3.10/dist-packages/open_manipulator_msgs/msg/_open_manipulator_state_s.c
[13.148s] -- Up-to-date symlink: /home/ubuntu/robotis_ws/install/open_manipulator_msgs/local/lib/python3.10/dist-packages/open_manipulator_msgs/open_manipulator_msgs_s__rosidl_typesupport_c.cpython-310-x86_64-linux-gnu.so
[13.149s] -- Up-to-date symlink: /home/ubuntu/robotis_ws/install/open_manipulator_msgs/local/lib/python3.10/dist-packages/open_manipulator_msgs/open_manipulator_msgs_s__rosidl_typesupport_fastrtps_c.cpython-310-x86_64-linux-gnu.so
[13.150s] -- Up-to-date symlink: /home/ubuntu/robotis_ws/install/open_manipulator_msgs/local/lib/python3.10/dist-packages/open_manipulator_msgs/open_manipulator_msgs_s__rosidl_typesupport_introspection_c.cpython-310-x86_64-linux-gnu.so
[13.151s] -- Up-to-date symlink: /home/ubuntu/robotis_ws/install/open_manipulator_msgs/local/lib/python3.10/dist-packages/open_manipulator_msgs/srv/__init__.py
[13.152s] -- Up-to-date symlink: /home/ubuntu/robotis_ws/install/open_manipulator_msgs/local/lib/python3.10/dist-packages/open_manipulator_msgs/srv/_get_joint_position.py
[13.153s] -- Up-to-date symlink: /home/ubuntu/robotis_ws/install/open_manipulator_msgs/local/lib/python3.10/dist-packages/open_manipulator_msgs/srv/_get_joint_position_s.c
[13.154s] -- Up-to-date symlink: /home/ubuntu/robotis_ws/install/open_manipulator_msgs/local/lib/python3.10/dist-packages/open_manipulator_msgs/srv/_get_kinematics_pose.py
[13.154s] -- Up-to-date symlink: /home/ubuntu/robotis_ws/install/open_manipulator_msgs/local/lib/python3.10/dist-packages/open_manipulator_msgs/srv/_get_kinematics_pose_s.c
[13.155s] -- Up-to-date symlink: /home/ubuntu/robotis_ws/install/open_manipulator_msgs/local/lib/python3.10/dist-packages/open_manipulator_msgs/srv/_set_actuator_state.py
[13.156s] -- Up-to-date symlink: /home/ubuntu/robotis_ws/install/open_manipulator_msgs/local/lib/python3.10/dist-packages/open_manipulator_msgs/srv/_set_actuator_state_s.c
[13.157s] -- Up-to-date symlink: /home/ubuntu/robotis_ws/install/open_manipulator_msgs/local/lib/python3.10/dist-packages/open_manipulator_msgs/srv/_set_drawing_trajectory.py
[13.158s] -- Up-to-date symlink: /home/ubuntu/robotis_ws/install/open_manipulator_msgs/local/lib/python3.10/dist-packages/open_manipulator_msgs/srv/_set_drawing_trajectory_s.c
[13.159s] -- Up-to-date symlink: /home/ubuntu/robotis_ws/install/open_manipulator_msgs/local/lib/python3.10/dist-packages/open_manipulator_msgs/srv/_set_joint_position.py
[13.160s] -- Up-to-date symlink: /home/ubuntu/robotis_ws/install/open_manipulator_msgs/local/lib/python3.10/dist-packages/open_manipulator_msgs/srv/_set_joint_position_s.c
[13.161s] -- Up-to-date symlink: /home/ubuntu/robotis_ws/install/open_manipulator_msgs/local/lib/python3.10/dist-packages/open_manipulator_msgs/srv/_set_kinematics_pose.py
[13.162s] -- Up-to-date symlink: /home/ubuntu/robotis_ws/install/open_manipulator_msgs/local/lib/python3.10/dist-packages/open_manipulator_msgs/srv/_set_kinematics_pose_s.c
[13.163s] -- Up-to-date symlink: /home/ubuntu/robotis_ws/install/open_manipulator_msgs/local/lib/python3.10/dist-packages/open_manipulator_msgs/open_manipulator_msgs_s__rosidl_typesupport_fastrtps_c.cpython-310-x86_64-linux-gnu.so
[13.165s] -- Up-to-date symlink: /home/ubuntu/robotis_ws/install/open_manipulator_msgs/local/lib/python3.10/dist-packages/open_manipulator_msgs/open_manipulator_msgs_s__rosidl_typesupport_introspection_c.cpython-310-x86_64-linux-gnu.so
[13.166s] -- Up-to-date symlink: /home/ubuntu/robotis_ws/install/open_manipulator_msgs/local/lib/python3.10/dist-packages/open_manipulator_msgs/open_manipulator_msgs_s__rosidl_typesupport_c.cpython-310-x86_64-linux-gnu.so
[13.167s] -- Up-to-date symlink: /home/ubuntu/robotis_ws/install/open_manipulator_msgs/share/open_manipulator_msgs/msg/JointPosition.idl
[13.168s] -- Up-to-date symlink: /home/ubuntu/robotis_ws/install/open_manipulator_msgs/share/open_manipulator_msgs/msg/KinematicsPose.idl
[13.169s] -- Up-to-date symlink: /home/ubuntu/robotis_ws/install/open_manipulator_msgs/share/open_manipulator_msgs/msg/OpenManipulatorState.idl
[13.171s] -- Up-to-date symlink: /home/ubuntu/robotis_ws/install/open_manipulator_msgs/share/open_manipulator_msgs/srv/GetJointPosition.idl
[13.172s] -- Up-to-date symlink: /home/ubuntu/robotis_ws/install/open_manipulator_msgs/share/open_manipulator_msgs/srv/GetKinematicsPose.idl
[13.173s] -- Up-to-date symlink: /home/ubuntu/robotis_ws/install/open_manipulator_msgs/share/open_manipulator_msgs/srv/SetJointPosition.idl
[13.174s] -- Up-to-date symlink: /home/ubuntu/robotis_ws/install/open_manipulator_msgs/share/open_manipulator_msgs/srv/SetKinematicsPose.idl
[13.175s] -- Up-to-date symlink: /home/ubuntu/robotis_ws/install/open_manipulator_msgs/share/open_manipulator_msgs/srv/SetDrawingTrajectory.idl
[13.176s] -- Up-to-date symlink: /home/ubuntu/robotis_ws/install/open_manipulator_msgs/share/open_manipulator_msgs/srv/SetActuatorState.idl
[13.177s] -- Up-to-date symlink: /home/ubuntu/robotis_ws/install/open_manipulator_msgs/share/open_manipulator_msgs/msg/JointPosition.msg
[13.178s] -- Up-to-date symlink: /home/ubuntu/robotis_ws/install/open_manipulator_msgs/share/open_manipulator_msgs/msg/KinematicsPose.msg
[13.179s] -- Up-to-date symlink: /home/ubuntu/robotis_ws/install/open_manipulator_msgs/share/open_manipulator_msgs/msg/OpenManipulatorState.msg
[13.180s] -- Up-to-date symlink: /home/ubuntu/robotis_ws/install/open_manipulator_msgs/share/open_manipulator_msgs/srv/GetJointPosition.srv
[13.181s] -- Up-to-date symlink: /home/ubuntu/robotis_ws/install/open_manipulator_msgs/share/open_manipulator_msgs/srv/GetJointPosition_Request.msg
[13.182s] -- Up-to-date symlink: /home/ubuntu/robotis_ws/install/open_manipulator_msgs/share/open_manipulator_msgs/srv/GetJointPosition_Response.msg
[13.183s] -- Up-to-date symlink: /home/ubuntu/robotis_ws/install/open_manipulator_msgs/share/open_manipulator_msgs/srv/GetKinematicsPose.srv
[13.184s] -- Up-to-date symlink: /home/ubuntu/robotis_ws/install/open_manipulator_msgs/share/open_manipulator_msgs/srv/GetKinematicsPose_Request.msg
[13.185s] -- Up-to-date symlink: /home/ubuntu/robotis_ws/install/open_manipulator_msgs/share/open_manipulator_msgs/srv/GetKinematicsPose_Response.msg
[13.186s] -- Up-to-date symlink: /home/ubuntu/robotis_ws/install/open_manipulator_msgs/share/open_manipulator_msgs/srv/SetJointPosition.srv
[13.187s] -- Up-to-date symlink: /home/ubuntu/robotis_ws/install/open_manipulator_msgs/share/open_manipulator_msgs/srv/SetJointPosition_Request.msg
[13.188s] -- Up-to-date symlink: /home/ubuntu/robotis_ws/install/open_manipulator_msgs/share/open_manipulator_msgs/srv/SetJointPosition_Response.msg
[13.189s] -- Up-to-date symlink: /home/ubuntu/robotis_ws/install/open_manipulator_msgs/share/open_manipulator_msgs/srv/SetKinematicsPose.srv
[13.190s] -- Up-to-date symlink: /home/ubuntu/robotis_ws/install/open_manipulator_msgs/share/open_manipulator_msgs/srv/SetKinematicsPose_Request.msg
[13.191s] -- Up-to-date symlink: /home/ubuntu/robotis_ws/install/open_manipulator_msgs/share/open_manipulator_msgs/srv/SetKinematicsPose_Response.msg
[13.192s] -- Up-to-date symlink: /home/ubuntu/robotis_ws/install/open_manipulator_msgs/share/open_manipulator_msgs/srv/SetDrawingTrajectory.srv
[13.193s] -- Up-to-date symlink: /home/ubuntu/robotis_ws/install/open_manipulator_msgs/share/open_manipulator_msgs/srv/SetDrawingTrajectory_Request.msg
[13.194s] -- Up-to-date symlink: /home/ubuntu/robotis_ws/install/open_manipulator_msgs/share/open_manipulator_msgs/srv/SetDrawingTrajectory_Response.msg
[13.195s] -- Up-to-date symlink: /home/ubuntu/robotis_ws/install/open_manipulator_msgs/share/open_manipulator_msgs/srv/SetActuatorState.srv
[13.196s] -- Up-to-date symlink: /home/ubuntu/robotis_ws/install/open_manipulator_msgs/share/open_manipulator_msgs/srv/SetActuatorState_Request.msg
[13.198s] -- Up-to-date symlink: /home/ubuntu/robotis_ws/install/open_manipulator_msgs/share/open_manipulator_msgs/srv/SetActuatorState_Response.msg
[13.198s] -- Up-to-date symlink: /home/ubuntu/robotis_ws/install/open_manipulator_msgs/share/ament_index/resource_index/package_run_dependencies/open_manipulator_msgs
[13.200s] -- Up-to-date symlink: /home/ubuntu/robotis_ws/install/open_manipulator_msgs/share/ament_index/resource_index/parent_prefix_path/open_manipulator_msgs
[13.201s] -- Up-to-date symlink: /home/ubuntu/robotis_ws/install/open_manipulator_msgs/share/open_manipulator_msgs/environment/ament_prefix_path.sh
[13.202s] -- Up-to-date symlink: /home/ubuntu/robotis_ws/install/open_manipulator_msgs/share/open_manipulator_msgs/environment/ament_prefix_path.dsv
[13.203s] -- Up-to-date symlink: /home/ubuntu/robotis_ws/install/open_manipulator_msgs/share/open_manipulator_msgs/environment/path.sh
[13.203s] -- Up-to-date symlink: /home/ubuntu/robotis_ws/install/open_manipulator_msgs/share/open_manipulator_msgs/environment/path.dsv
[13.205s] -- Up-to-date symlink: /home/ubuntu/robotis_ws/install/open_manipulator_msgs/share/open_manipulator_msgs/local_setup.bash
[13.206s] -- Up-to-date symlink: /home/ubuntu/robotis_ws/install/open_manipulator_msgs/share/open_manipulator_msgs/local_setup.sh
[13.207s] -- Up-to-date symlink: /home/ubuntu/robotis_ws/install/open_manipulator_msgs/share/open_manipulator_msgs/local_setup.zsh
[13.207s] -- Up-to-date symlink: /home/ubuntu/robotis_ws/install/open_manipulator_msgs/share/open_manipulator_msgs/local_setup.dsv
[13.208s] -- Symlinking: /home/ubuntu/robotis_ws/install/open_manipulator_msgs/share/open_manipulator_msgs/package.dsv
[13.253s] -- Up-to-date symlink: /home/ubuntu/robotis_ws/install/open_manipulator_msgs/share/ament_index/resource_index/packages/open_manipulator_msgs
[13.255s] -- Up-to-date symlink: /home/ubuntu/robotis_ws/install/open_manipulator_msgs/share/open_manipulator_msgs/cmake/rosidl_cmake-extras.cmake
[13.256s] -- Up-to-date symlink: /home/ubuntu/robotis_ws/install/open_manipulator_msgs/share/open_manipulator_msgs/cmake/ament_cmake_export_dependencies-extras.cmake
[13.257s] -- Up-to-date symlink: /home/ubuntu/robotis_ws/install/open_manipulator_msgs/share/open_manipulator_msgs/cmake/ament_cmake_export_include_directories-extras.cmake
[13.258s] -- Up-to-date symlink: /home/ubuntu/robotis_ws/install/open_manipulator_msgs/share/open_manipulator_msgs/cmake/ament_cmake_export_libraries-extras.cmake
[13.259s] -- Up-to-date symlink: /home/ubuntu/robotis_ws/install/open_manipulator_msgs/share/open_manipulator_msgs/cmake/ament_cmake_export_targets-extras.cmake
[13.260s] -- Up-to-date symlink: /home/ubuntu/robotis_ws/install/open_manipulator_msgs/share/open_manipulator_msgs/cmake/rosidl_cmake_export_typesupport_targets-extras.cmake
[13.261s] -- Up-to-date symlink: /home/ubuntu/robotis_ws/install/open_manipulator_msgs/share/open_manipulator_msgs/cmake/rosidl_cmake_export_typesupport_libraries-extras.cmake
[13.262s] -- Up-to-date symlink: /home/ubuntu/robotis_ws/install/open_manipulator_msgs/share/open_manipulator_msgs/cmake/open_manipulator_msgsConfig.cmake
[13.263s] -- Up-to-date symlink: /home/ubuntu/robotis_ws/install/open_manipulator_msgs/share/open_manipulator_msgs/cmake/open_manipulator_msgsConfig-version.cmake
[13.265s] -- Up-to-date symlink: /home/ubuntu/robotis_ws/install/open_manipulator_msgs/share/open_manipulator_msgs/package.xml
[13.267s] -- Up-to-date: /home/ubuntu/robotis_ws/install/open_manipulator_msgs/lib/libopen_manipulator_msgs__rosidl_generator_c.so
[13.270s] -- Up-to-date: /home/ubuntu/robotis_ws/install/open_manipulator_msgs/lib/libopen_manipulator_msgs__rosidl_typesupport_fastrtps_c.so
[13.273s] -- Up-to-date: /home/ubuntu/robotis_ws/install/open_manipulator_msgs/lib/libopen_manipulator_msgs__rosidl_typesupport_fastrtps_cpp.so
[13.276s] -- Up-to-date: /home/ubuntu/robotis_ws/install/open_manipulator_msgs/lib/libopen_manipulator_msgs__rosidl_typesupport_introspection_c.so
[13.279s] -- Up-to-date: /home/ubuntu/robotis_ws/install/open_manipulator_msgs/lib/libopen_manipulator_msgs__rosidl_typesupport_c.so
[13.281s] -- Up-to-date: /home/ubuntu/robotis_ws/install/open_manipulator_msgs/lib/libopen_manipulator_msgs__rosidl_typesupport_introspection_cpp.so
[13.284s] -- Up-to-date: /home/ubuntu/robotis_ws/install/open_manipulator_msgs/lib/libopen_manipulator_msgs__rosidl_typesupport_cpp.so
[13.438s] Listing '/home/ubuntu/robotis_ws/install/open_manipulator_msgs/local/lib/python3.10/dist-packages/open_manipulator_msgs'...
[13.438s] Compiling '/home/ubuntu/robotis_ws/install/open_manipulator_msgs/local/lib/python3.10/dist-packages/open_manipulator_msgs/__init__.py'...
[13.439s] Listing '/home/ubuntu/robotis_ws/install/open_manipulator_msgs/local/lib/python3.10/dist-packages/open_manipulator_msgs/msg'...
[13.439s] Listing '/home/ubuntu/robotis_ws/install/open_manipulator_msgs/local/lib/python3.10/dist-packages/open_manipulator_msgs/srv'...
[13.458s] -- Installing: /home/ubuntu/robotis_ws/install/open_manipulator_msgs/lib/libopen_manipulator_msgs__rosidl_generator_py.so
[13.461s] -- Set runtime path of "/home/ubuntu/robotis_ws/install/open_manipulator_msgs/lib/libopen_manipulator_msgs__rosidl_generator_py.so" to ""
[13.462s] -- Up-to-date: /home/ubuntu/robotis_ws/install/open_manipulator_msgs/share/open_manipulator_msgs/cmake/export_open_manipulator_msgs__rosidl_generator_cExport.cmake
[13.463s] -- Up-to-date: /home/ubuntu/robotis_ws/install/open_manipulator_msgs/share/open_manipulator_msgs/cmake/export_open_manipulator_msgs__rosidl_generator_cExport-noconfig.cmake
[13.463s] -- Up-to-date: /home/ubuntu/robotis_ws/install/open_manipulator_msgs/share/open_manipulator_msgs/cmake/export_open_manipulator_msgs__rosidl_typesupport_fastrtps_cExport.cmake
[13.464s] -- Up-to-date: /home/ubuntu/robotis_ws/install/open_manipulator_msgs/share/open_manipulator_msgs/cmake/export_open_manipulator_msgs__rosidl_typesupport_fastrtps_cExport-noconfig.cmake
[13.465s] -- Up-to-date: /home/ubuntu/robotis_ws/install/open_manipulator_msgs/share/open_manipulator_msgs/cmake/export_open_manipulator_msgs__rosidl_generator_cppExport.cmake
[13.466s] -- Up-to-date: /home/ubuntu/robotis_ws/install/open_manipulator_msgs/share/open_manipulator_msgs/cmake/export_open_manipulator_msgs__rosidl_typesupport_fastrtps_cppExport.cmake
[13.467s] -- Up-to-date: /home/ubuntu/robotis_ws/install/open_manipulator_msgs/share/open_manipulator_msgs/cmake/export_open_manipulator_msgs__rosidl_typesupport_fastrtps_cppExport-noconfig.cmake
[13.467s] -- Up-to-date: /home/ubuntu/robotis_ws/install/open_manipulator_msgs/share/open_manipulator_msgs/cmake/open_manipulator_msgs__rosidl_typesupport_introspection_cExport.cmake
[13.468s] -- Up-to-date: /home/ubuntu/robotis_ws/install/open_manipulator_msgs/share/open_manipulator_msgs/cmake/open_manipulator_msgs__rosidl_typesupport_introspection_cExport-noconfig.cmake
[13.469s] -- Up-to-date: /home/ubuntu/robotis_ws/install/open_manipulator_msgs/share/open_manipulator_msgs/cmake/open_manipulator_msgs__rosidl_typesupport_cExport.cmake
[13.469s] -- Up-to-date: /home/ubuntu/robotis_ws/install/open_manipulator_msgs/share/open_manipulator_msgs/cmake/open_manipulator_msgs__rosidl_typesupport_cExport-noconfig.cmake
[13.470s] -- Up-to-date: /home/ubuntu/robotis_ws/install/open_manipulator_msgs/share/open_manipulator_msgs/cmake/open_manipulator_msgs__rosidl_typesupport_introspection_cppExport.cmake
[13.471s] -- Up-to-date: /home/ubuntu/robotis_ws/install/open_manipulator_msgs/share/open_manipulator_msgs/cmake/open_manipulator_msgs__rosidl_typesupport_introspection_cppExport-noconfig.cmake
[13.472s] -- Up-to-date: /home/ubuntu/robotis_ws/install/open_manipulator_msgs/share/open_manipulator_msgs/cmake/open_manipulator_msgs__rosidl_typesupport_cppExport.cmake
[13.472s] -- Up-to-date: /home/ubuntu/robotis_ws/install/open_manipulator_msgs/share/open_manipulator_msgs/cmake/open_manipulator_msgs__rosidl_typesupport_cppExport-noconfig.cmake
[13.473s] -- Up-to-date: /home/ubuntu/robotis_ws/install/open_manipulator_msgs/share/open_manipulator_msgs/cmake/export_open_manipulator_msgs__rosidl_generator_pyExport.cmake
[13.474s] -- Up-to-date: /home/ubuntu/robotis_ws/install/open_manipulator_msgs/share/open_manipulator_msgs/cmake/export_open_manipulator_msgs__rosidl_generator_pyExport-noconfig.cmake
[13.483s] Invoked command in '/home/ubuntu/robotis_ws/build/open_manipulator_msgs' returned '0': CMAKE_PREFIX_PATH=${CMAKE_PREFIX_PATH}:/home/ubuntu/robotis_ws/install/open_manipulator_x_teleop:/opt/ros/humble /usr/bin/cmake --install /home/ubuntu/robotis_ws/build/open_manipulator_msgs
