[0.033s] Invoking command in '/home/ubuntu/robotis_ws/build/moveit2': CMAKE_PREFIX_PATH=/home/ubuntu/robotis_ws/install/open_manipulator_x_description:/home/ubuntu/robotis_ws/install/open_manipulator:/home/ubuntu/robotis_ws/install/open_manipulator_x_controller:/home/ubuntu/robotis_ws/install/open_manipulator_x_libs:/home/ubuntu/robotis_ws/install/robotis_manipulator:/home/ubuntu/robotis_ws/install/moveit2:/home/ubuntu/robotis_ws/install/open_manipulator_msgs:/home/ubuntu/robotis_ws/install/dynamixel_workbench:/home/ubuntu/robotis_ws/install/dynamixel_workbench_toolbox:/home/ubuntu/robotis_ws/install/dynamixel_sdk_examples:/home/ubuntu/robotis_ws/install/dynamixel_sdk_custom_interfaces:/home/ubuntu/robotis_ws/install/dynamixel_sdk:/home/ubuntu/robotis_ws/install/cmake_modules:/home/ubuntu/robotis_ws/install/open_manipulator_x_teleop:/opt/ros/humble /usr/bin/cmake --build /home/ubuntu/robotis_ws/build/moveit2 -- -j8 -l8
[0.135s] Invoked command in '/home/ubuntu/robotis_ws/build/moveit2' returned '0': CMAKE_PREFIX_PATH=/home/ubuntu/robotis_ws/install/open_manipulator_x_description:/home/ubuntu/robotis_ws/install/open_manipulator:/home/ubuntu/robotis_ws/install/open_manipulator_x_controller:/home/ubuntu/robotis_ws/install/open_manipulator_x_libs:/home/ubuntu/robotis_ws/install/robotis_manipulator:/home/ubuntu/robotis_ws/install/moveit2:/home/ubuntu/robotis_ws/install/open_manipulator_msgs:/home/ubuntu/robotis_ws/install/dynamixel_workbench:/home/ubuntu/robotis_ws/install/dynamixel_workbench_toolbox:/home/ubuntu/robotis_ws/install/dynamixel_sdk_examples:/home/ubuntu/robotis_ws/install/dynamixel_sdk_custom_interfaces:/home/ubuntu/robotis_ws/install/dynamixel_sdk:/home/ubuntu/robotis_ws/install/cmake_modules:/home/ubuntu/robotis_ws/install/open_manipulator_x_teleop:/opt/ros/humble /usr/bin/cmake --build /home/ubuntu/robotis_ws/build/moveit2 -- -j8 -l8
[0.199s] Invoking command in '/home/ubuntu/robotis_ws/build/moveit2': CMAKE_PREFIX_PATH=/home/ubuntu/robotis_ws/install/open_manipulator_x_description:/home/ubuntu/robotis_ws/install/open_manipulator:/home/ubuntu/robotis_ws/install/open_manipulator_x_controller:/home/ubuntu/robotis_ws/install/open_manipulator_x_libs:/home/ubuntu/robotis_ws/install/robotis_manipulator:/home/ubuntu/robotis_ws/install/moveit2:/home/ubuntu/robotis_ws/install/open_manipulator_msgs:/home/ubuntu/robotis_ws/install/dynamixel_workbench:/home/ubuntu/robotis_ws/install/dynamixel_workbench_toolbox:/home/ubuntu/robotis_ws/install/dynamixel_sdk_examples:/home/ubuntu/robotis_ws/install/dynamixel_sdk_custom_interfaces:/home/ubuntu/robotis_ws/install/dynamixel_sdk:/home/ubuntu/robotis_ws/install/cmake_modules:/home/ubuntu/robotis_ws/install/open_manipulator_x_teleop:/opt/ros/humble /usr/bin/cmake --install /home/ubuntu/robotis_ws/build/moveit2
[0.219s] -- Install configuration: ""
[0.219s] -- Up-to-date: /home/ubuntu/robotis_ws/install/moveit2/share/ament_index/resource_index/package_run_dependencies/moveit2
[0.219s] -- Up-to-date: /home/ubuntu/robotis_ws/install/moveit2/share/ament_index/resource_index/parent_prefix_path/moveit2
[0.220s] -- Up-to-date: /home/ubuntu/robotis_ws/install/moveit2/share/moveit2/environment/ament_prefix_path.sh
[0.220s] -- Up-to-date: /home/ubuntu/robotis_ws/install/moveit2/share/moveit2/environment/ament_prefix_path.dsv
[0.220s] -- Up-to-date: /home/ubuntu/robotis_ws/install/moveit2/share/moveit2/environment/path.sh
[0.220s] -- Up-to-date: /home/ubuntu/robotis_ws/install/moveit2/share/moveit2/environment/path.dsv
[0.220s] -- Up-to-date: /home/ubuntu/robotis_ws/install/moveit2/share/moveit2/local_setup.bash
[0.221s] -- Up-to-date: /home/ubuntu/robotis_ws/install/moveit2/share/moveit2/local_setup.sh
[0.221s] -- Up-to-date: /home/ubuntu/robotis_ws/install/moveit2/share/moveit2/local_setup.zsh
[0.221s] -- Up-to-date: /home/ubuntu/robotis_ws/install/moveit2/share/moveit2/local_setup.dsv
[0.221s] -- Installing: /home/ubuntu/robotis_ws/install/moveit2/share/moveit2/package.dsv
[0.223s] -- Up-to-date: /home/ubuntu/robotis_ws/install/moveit2/share/ament_index/resource_index/packages/moveit2
[0.224s] -- Up-to-date: /home/ubuntu/robotis_ws/install/moveit2/share/moveit2/cmake/moveit2Config.cmake
[0.224s] -- Up-to-date: /home/ubuntu/robotis_ws/install/moveit2/share/moveit2/cmake/moveit2Config-version.cmake
[0.225s] -- Up-to-date: /home/ubuntu/robotis_ws/install/moveit2/share/moveit2/package.xml
[0.226s] -- Up-to-date: /home/ubuntu/robotis_ws/install/moveit2/share/moveit2/launch
[0.227s] -- Up-to-date: /home/ubuntu/robotis_ws/install/moveit2/share/moveit2/launch/spawn_controllers.launch.py
[0.228s] -- Up-to-date: /home/ubuntu/robotis_ws/install/moveit2/share/moveit2/launch/move_group.launch.py
[0.228s] -- Up-to-date: /home/ubuntu/robotis_ws/install/moveit2/share/moveit2/launch/moveit_rviz.launch.py
[0.229s] -- Up-to-date: /home/ubuntu/robotis_ws/install/moveit2/share/moveit2/launch/rsp.launch.py
[0.230s] -- Up-to-date: /home/ubuntu/robotis_ws/install/moveit2/share/moveit2/launch/static_virtual_joint_tfs.launch.py
[0.230s] -- Up-to-date: /home/ubuntu/robotis_ws/install/moveit2/share/moveit2/launch/warehouse_db.launch.py
[0.231s] -- Up-to-date: /home/ubuntu/robotis_ws/install/moveit2/share/moveit2/launch/setup_assistant.launch.py
[0.231s] -- Up-to-date: /home/ubuntu/robotis_ws/install/moveit2/share/moveit2/launch/demo.launch.py
[0.231s] -- Up-to-date: /home/ubuntu/robotis_ws/install/moveit2/share/moveit2/config
[0.232s] -- Up-to-date: /home/ubuntu/robotis_ws/install/moveit2/share/moveit2/config/pilz_cartesian_limits.yaml
[0.232s] -- Up-to-date: /home/ubuntu/robotis_ws/install/moveit2/share/moveit2/config/open_manipulator_x.srdf
[0.232s] -- Up-to-date: /home/ubuntu/robotis_ws/install/moveit2/share/moveit2/config/kinematics.yaml
[0.232s] -- Up-to-date: /home/ubuntu/robotis_ws/install/moveit2/share/moveit2/config/joint_limits.yaml
[0.232s] -- Up-to-date: /home/ubuntu/robotis_ws/install/moveit2/share/moveit2/config/open_manipulator_x.urdf.xacro
[0.233s] -- Up-to-date: /home/ubuntu/robotis_ws/install/moveit2/share/moveit2/config/ros2_controllers.yaml
[0.233s] -- Up-to-date: /home/ubuntu/robotis_ws/install/moveit2/share/moveit2/config/initial_positions.yaml
[0.233s] -- Up-to-date: /home/ubuntu/robotis_ws/install/moveit2/share/moveit2/config/moveit_controllers.yaml
[0.233s] -- Up-to-date: /home/ubuntu/robotis_ws/install/moveit2/share/moveit2/config/moveit.rviz
[0.234s] -- Up-to-date: /home/ubuntu/robotis_ws/install/moveit2/share/moveit2/config/open_manipulator_x.ros2_control.xacro
[0.234s] -- Up-to-date: /home/ubuntu/robotis_ws/install/moveit2/share/moveit2/.setup_assistant
[0.235s] Invoked command in '/home/ubuntu/robotis_ws/build/moveit2' returned '0': CMAKE_PREFIX_PATH=/home/ubuntu/robotis_ws/install/open_manipulator_x_description:/home/ubuntu/robotis_ws/install/open_manipulator:/home/ubuntu/robotis_ws/install/open_manipulator_x_controller:/home/ubuntu/robotis_ws/install/open_manipulator_x_libs:/home/ubuntu/robotis_ws/install/robotis_manipulator:/home/ubuntu/robotis_ws/install/moveit2:/home/ubuntu/robotis_ws/install/open_manipulator_msgs:/home/ubuntu/robotis_ws/install/dynamixel_workbench:/home/ubuntu/robotis_ws/install/dynamixel_workbench_toolbox:/home/ubuntu/robotis_ws/install/dynamixel_sdk_examples:/home/ubuntu/robotis_ws/install/dynamixel_sdk_custom_interfaces:/home/ubuntu/robotis_ws/install/dynamixel_sdk:/home/ubuntu/robotis_ws/install/cmake_modules:/home/ubuntu/robotis_ws/install/open_manipulator_x_teleop:/opt/ros/humble /usr/bin/cmake --install /home/ubuntu/robotis_ws/build/moveit2
