[0.035s] Invoking command in '/home/ubuntu/robotis_ws/build/cmake_modules': CMAKE_PREFIX_PATH=${CMAKE_PREFIX_PATH}:/home/ubuntu/robotis_ws/install/open_manipulator_x_teleop:/opt/ros/humble /usr/bin/cmake /home/ubuntu/robotis_ws/src/open_manipulator_dependencies/cmake_modules -DAMENT_CMAKE_SYMLINK_INSTALL=1 -DCMAKE_INSTALL_PREFIX=/home/ubuntu/robotis_ws/install/cmake_modules
[0.056s] -- Found ament_cmake: 1.3.9 (/opt/ros/humble/share/ament_cmake/cmake)
[0.263s] -- Override CMake install command with custom implementation using symlinks instead of copying resources
[0.381s] -- Configuring done
[0.384s] -- Generating done
[0.386s] -- Build files have been written to: /home/ubuntu/robotis_ws/build/cmake_modules
[0.389s] Invoked command in '/home/ubuntu/robotis_ws/build/cmake_modules' returned '0': CMAKE_PREFIX_PATH=${CMAKE_PREFIX_PATH}:/home/ubuntu/robotis_ws/install/open_manipulator_x_teleop:/opt/ros/humble /usr/bin/cmake /home/ubuntu/robotis_ws/src/open_manipulator_dependencies/cmake_modules -DAMENT_CMAKE_SYMLINK_INSTALL=1 -DCMAKE_INSTALL_PREFIX=/home/ubuntu/robotis_ws/install/cmake_modules
[0.392s] Invoking command in '/home/ubuntu/robotis_ws/build/cmake_modules': CMAKE_PREFIX_PATH=${CMAKE_PREFIX_PATH}:/home/ubuntu/robotis_ws/install/open_manipulator_x_teleop:/opt/ros/humble /usr/bin/cmake --build /home/ubuntu/robotis_ws/build/cmake_modules -- -j8 -l8
[0.449s] Invoked command in '/home/ubuntu/robotis_ws/build/cmake_modules' returned '0': CMAKE_PREFIX_PATH=${CMAKE_PREFIX_PATH}:/home/ubuntu/robotis_ws/install/open_manipulator_x_teleop:/opt/ros/humble /usr/bin/cmake --build /home/ubuntu/robotis_ws/build/cmake_modules -- -j8 -l8
[0.497s] Invoking command in '/home/ubuntu/robotis_ws/build/cmake_modules': CMAKE_PREFIX_PATH=${CMAKE_PREFIX_PATH}:/home/ubuntu/robotis_ws/install/open_manipulator_x_teleop:/opt/ros/humble /usr/bin/cmake --install /home/ubuntu/robotis_ws/build/cmake_modules
[0.511s] -- Install configuration: ""
[0.512s] -- Execute custom install script
[0.513s] -- Up-to-date symlink: /home/ubuntu/robotis_ws/install/cmake_modules/share/cmake_modules/cmake/Modules/FindGSL.cmake
[0.513s] -- Up-to-date symlink: /home/ubuntu/robotis_ws/install/cmake_modules/share/cmake_modules/cmake/Modules/FindGflags.cmake
[0.513s] -- Up-to-date symlink: /home/ubuntu/robotis_ws/install/cmake_modules/share/cmake_modules/cmake/Modules/FindNUMPY.cmake
[0.513s] -- Up-to-date symlink: /home/ubuntu/robotis_ws/install/cmake_modules/share/cmake_modules/cmake/Modules/FindPoco.cmake
[0.514s] -- Up-to-date symlink: /home/ubuntu/robotis_ws/install/cmake_modules/share/cmake_modules/cmake/Modules/FindTBB.cmake
[0.514s] -- Up-to-date symlink: /home/ubuntu/robotis_ws/install/cmake_modules/share/cmake_modules/cmake/Modules/FindTinyXML.cmake
[0.514s] -- Up-to-date symlink: /home/ubuntu/robotis_ws/install/cmake_modules/share/cmake_modules/cmake/Modules/FindTinyXML2.cmake
[0.515s] -- Up-to-date symlink: /home/ubuntu/robotis_ws/install/cmake_modules/share/cmake_modules/cmake/Modules/FindUUID.cmake
[0.515s] -- Up-to-date symlink: /home/ubuntu/robotis_ws/install/cmake_modules/share/cmake_modules/cmake/Modules/FindXenomai.cmake
[0.515s] -- Up-to-date symlink: /home/ubuntu/robotis_ws/install/cmake_modules/share/ament_index/resource_index/package_run_dependencies/cmake_modules
[0.516s] -- Up-to-date symlink: /home/ubuntu/robotis_ws/install/cmake_modules/share/ament_index/resource_index/parent_prefix_path/cmake_modules
[0.516s] -- Up-to-date symlink: /home/ubuntu/robotis_ws/install/cmake_modules/share/cmake_modules/environment/ament_prefix_path.sh
[0.517s] -- Up-to-date symlink: /home/ubuntu/robotis_ws/install/cmake_modules/share/cmake_modules/environment/ament_prefix_path.dsv
[0.517s] -- Up-to-date symlink: /home/ubuntu/robotis_ws/install/cmake_modules/share/cmake_modules/environment/path.sh
[0.518s] -- Up-to-date symlink: /home/ubuntu/robotis_ws/install/cmake_modules/share/cmake_modules/environment/path.dsv
[0.518s] -- Up-to-date symlink: /home/ubuntu/robotis_ws/install/cmake_modules/share/cmake_modules/local_setup.bash
[0.518s] -- Up-to-date symlink: /home/ubuntu/robotis_ws/install/cmake_modules/share/cmake_modules/local_setup.sh
[0.519s] -- Up-to-date symlink: /home/ubuntu/robotis_ws/install/cmake_modules/share/cmake_modules/local_setup.zsh
[0.519s] -- Up-to-date symlink: /home/ubuntu/robotis_ws/install/cmake_modules/share/cmake_modules/local_setup.dsv
[0.520s] -- Symlinking: /home/ubuntu/robotis_ws/install/cmake_modules/share/cmake_modules/package.dsv
[0.539s] -- Up-to-date symlink: /home/ubuntu/robotis_ws/install/cmake_modules/share/ament_index/resource_index/packages/cmake_modules
[0.540s] -- Up-to-date symlink: /home/ubuntu/robotis_ws/install/cmake_modules/share/cmake_modules/cmake/cmake_modules-extras.cmake
[0.540s] -- Up-to-date symlink: /home/ubuntu/robotis_ws/install/cmake_modules/share/cmake_modules/cmake/ament_cmake_export_dependencies-extras.cmake
[0.541s] -- Up-to-date symlink: /home/ubuntu/robotis_ws/install/cmake_modules/share/cmake_modules/cmake/cmake_modulesConfig.cmake
[0.541s] -- Up-to-date symlink: /home/ubuntu/robotis_ws/install/cmake_modules/share/cmake_modules/cmake/cmake_modulesConfig-version.cmake
[0.541s] -- Up-to-date symlink: /home/ubuntu/robotis_ws/install/cmake_modules/share/cmake_modules/package.xml
[0.545s] Invoked command in '/home/ubuntu/robotis_ws/build/cmake_modules' returned '0': CMAKE_PREFIX_PATH=${CMAKE_PREFIX_PATH}:/home/ubuntu/robotis_ws/install/open_manipulator_x_teleop:/opt/ros/humble /usr/bin/cmake --install /home/ubuntu/robotis_ws/build/cmake_modules
