[0.045s] Invoking command in '/home/ubuntu/robotis_ws/build/open_manipulator_msgs': CMAKE_PREFIX_PATH=${CMAKE_PREFIX_PATH}:/home/ubuntu/robotis_ws/install/open_manipulator_x_teleop:/opt/ros/humble /usr/bin/cmake --build /home/ubuntu/robotis_ws/build/open_manipulator_msgs -- -j8 -l8
[0.145s] [35m[1mConsolidate compiler generated dependencies of target open_manipulator_msgs__rosidl_generator_c[0m
[0.159s] [  1%] Built target open_manipulator_msgs__cpp
[0.178s] [ 12%] Built target open_manipulator_msgs__rosidl_generator_c
[0.189s] [35m[1mConsolidate compiler generated dependencies of target open_manipulator_msgs__rosidl_typesupport_fastrtps_cpp[0m
[0.191s] [35m[1mConsolidate compiler generated dependencies of target open_manipulator_msgs__rosidl_typesupport_cpp[0m
[0.195s] [35m[1mConsolidate compiler generated dependencies of target open_manipulator_msgs__rosidl_typesupport_introspection_cpp[0m
[0.197s] [ 12%] Built target ament_cmake_python_symlink_open_manipulator_msgs
[0.206s] [35m[1mConsolidate compiler generated dependencies of target open_manipulator_msgs__rosidl_typesupport_fastrtps_c[0m
[0.213s] [35m[1mConsolidate compiler generated dependencies of target open_manipulator_msgs__rosidl_typesupport_introspection_c[0m
[0.229s] [35m[1mConsolidate compiler generated dependencies of target open_manipulator_msgs__rosidl_typesupport_c[0m
[0.256s] [ 24%] Built target open_manipulator_msgs__rosidl_typesupport_fastrtps_cpp
[0.263s] [ 35%] Built target open_manipulator_msgs__rosidl_typesupport_cpp
[0.268s] [ 47%] Built target open_manipulator_msgs__rosidl_typesupport_introspection_c
[0.270s] [ 58%] Built target open_manipulator_msgs__rosidl_typesupport_introspection_cpp
[0.275s] [ 70%] Built target open_manipulator_msgs__rosidl_typesupport_c
[0.287s] [ 82%] Built target open_manipulator_msgs__rosidl_typesupport_fastrtps_c
[0.322s] [ 82%] Built target open_manipulator_msgs
[0.353s] [ 83%] Built target open_manipulator_msgs__py
[0.369s] [35m[1mConsolidate compiler generated dependencies of target open_manipulator_msgs__rosidl_generator_py[0m
[0.398s] [ 93%] Built target open_manipulator_msgs__rosidl_generator_py
[0.419s] [35m[1mConsolidate compiler generated dependencies of target open_manipulator_msgs__rosidl_typesupport_introspection_c__pyext[0m
[0.419s] [35m[1mConsolidate compiler generated dependencies of target open_manipulator_msgs__rosidl_typesupport_c__pyext[0m
[0.419s] [35m[1mConsolidate compiler generated dependencies of target open_manipulator_msgs__rosidl_typesupport_fastrtps_c__pyext[0m
[0.442s] [ 95%] Built target open_manipulator_msgs__rosidl_typesupport_c__pyext
[0.445s] [100%] Built target open_manipulator_msgs__rosidl_typesupport_introspection_c__pyext
[0.445s] [100%] Built target open_manipulator_msgs__rosidl_typesupport_fastrtps_c__pyext
[0.584s] running egg_info
[0.585s] writing open_manipulator_msgs.egg-info/PKG-INFO
[0.585s] writing dependency_links to open_manipulator_msgs.egg-info/dependency_links.txt
[0.585s] writing top-level names to open_manipulator_msgs.egg-info/top_level.txt
[0.588s] reading manifest file 'open_manipulator_msgs.egg-info/SOURCES.txt'
[0.589s] writing manifest file 'open_manipulator_msgs.egg-info/SOURCES.txt'
[0.629s] [100%] Built target ament_cmake_python_build_open_manipulator_msgs_egg
