[0.026s] Invoking command in '/home/ubuntu/robotis_ws/build/open_manipulator_x_libs': AMENT_PREFIX_PATH=/home/ubuntu/robotis_ws/install/robotis_manipulator:/home/ubuntu/robotis_ws/install/dynamixel_workbench_toolbox:/home/ubuntu/robotis_ws/install/dynamixel_sdk:/home/ubuntu/robotis_ws/install/cmake_modules:${AMENT_PREFIX_PATH} CMAKE_PREFIX_PATH=/home/ubuntu/robotis_ws/install/robotis_manipulator:/home/ubuntu/robotis_ws/install/dynamixel_workbench_toolbox:/home/ubuntu/robotis_ws/install/dynamixel_sdk:/home/ubuntu/robotis_ws/install/cmake_modules:/opt/ros/humble LD_LIBRARY_PATH=/home/ubuntu/robotis_ws/install/robotis_manipulator/lib:/home/ubuntu/robotis_ws/install/dynamixel_workbench_toolbox/lib:/home/ubuntu/robotis_ws/install/dynamixel_sdk/lib:${LD_LIBRARY_PATH} /usr/bin/cmake --build /home/ubuntu/robotis_ws/build/open_manipulator_x_libs -- -j8 -l8
[0.091s] [35m[1mConsolidate compiler generated dependencies of target open_manipulator_x_libs[0m
[0.136s] [100%] Built target open_manipulator_x_libs
[0.161s] Invoked command in '/home/ubuntu/robotis_ws/build/open_manipulator_x_libs' returned '0': AMENT_PREFIX_PATH=/home/ubuntu/robotis_ws/install/robotis_manipulator:/home/ubuntu/robotis_ws/install/dynamixel_workbench_toolbox:/home/ubuntu/robotis_ws/install/dynamixel_sdk:/home/ubuntu/robotis_ws/install/cmake_modules:${AMENT_PREFIX_PATH} CMAKE_PREFIX_PATH=/home/ubuntu/robotis_ws/install/robotis_manipulator:/home/ubuntu/robotis_ws/install/dynamixel_workbench_toolbox:/home/ubuntu/robotis_ws/install/dynamixel_sdk:/home/ubuntu/robotis_ws/install/cmake_modules:/opt/ros/humble LD_LIBRARY_PATH=/home/ubuntu/robotis_ws/install/robotis_manipulator/lib:/home/ubuntu/robotis_ws/install/dynamixel_workbench_toolbox/lib:/home/ubuntu/robotis_ws/install/dynamixel_sdk/lib:${LD_LIBRARY_PATH} /usr/bin/cmake --build /home/ubuntu/robotis_ws/build/open_manipulator_x_libs -- -j8 -l8
[0.213s] Invoking command in '/home/ubuntu/robotis_ws/build/open_manipulator_x_libs': AMENT_PREFIX_PATH=/home/ubuntu/robotis_ws/install/robotis_manipulator:/home/ubuntu/robotis_ws/install/dynamixel_workbench_toolbox:/home/ubuntu/robotis_ws/install/dynamixel_sdk:/home/ubuntu/robotis_ws/install/cmake_modules:${AMENT_PREFIX_PATH} CMAKE_PREFIX_PATH=/home/ubuntu/robotis_ws/install/robotis_manipulator:/home/ubuntu/robotis_ws/install/dynamixel_workbench_toolbox:/home/ubuntu/robotis_ws/install/dynamixel_sdk:/home/ubuntu/robotis_ws/install/cmake_modules:/opt/ros/humble LD_LIBRARY_PATH=/home/ubuntu/robotis_ws/install/robotis_manipulator/lib:/home/ubuntu/robotis_ws/install/dynamixel_workbench_toolbox/lib:/home/ubuntu/robotis_ws/install/dynamixel_sdk/lib:${LD_LIBRARY_PATH} /usr/bin/cmake --install /home/ubuntu/robotis_ws/build/open_manipulator_x_libs
[0.225s] -- Install configuration: ""
[0.226s] -- Execute custom install script
[0.226s] -- Up-to-date symlink: /home/ubuntu/robotis_ws/install/open_manipulator_x_libs/lib/libopen_manipulator_x_libs.so
[0.227s] -- Up-to-date symlink: /home/ubuntu/robotis_ws/install/open_manipulator_x_libs/include//open_manipulator_x_libs/custom_trajectory.hpp
[0.227s] -- Up-to-date symlink: /home/ubuntu/robotis_ws/install/open_manipulator_x_libs/include//open_manipulator_x_libs/dynamixel.hpp
[0.227s] -- Up-to-date symlink: /home/ubuntu/robotis_ws/install/open_manipulator_x_libs/include//open_manipulator_x_libs/kinematics.hpp
[0.227s] -- Up-to-date symlink: /home/ubuntu/robotis_ws/install/open_manipulator_x_libs/include//open_manipulator_x_libs/open_manipulator_x.hpp
[0.228s] -- Up-to-date symlink: /home/ubuntu/robotis_ws/install/open_manipulator_x_libs/share/open_manipulator_x_libs/environment/library_path.sh
[0.228s] -- Up-to-date symlink: /home/ubuntu/robotis_ws/install/open_manipulator_x_libs/share/open_manipulator_x_libs/environment/library_path.dsv
[0.228s] -- Up-to-date symlink: /home/ubuntu/robotis_ws/install/open_manipulator_x_libs/share/ament_index/resource_index/package_run_dependencies/open_manipulator_x_libs
[0.228s] -- Up-to-date symlink: /home/ubuntu/robotis_ws/install/open_manipulator_x_libs/share/ament_index/resource_index/parent_prefix_path/open_manipulator_x_libs
[0.229s] -- Up-to-date symlink: /home/ubuntu/robotis_ws/install/open_manipulator_x_libs/share/open_manipulator_x_libs/environment/ament_prefix_path.sh
[0.229s] -- Up-to-date symlink: /home/ubuntu/robotis_ws/install/open_manipulator_x_libs/share/open_manipulator_x_libs/environment/ament_prefix_path.dsv
[0.229s] -- Up-to-date symlink: /home/ubuntu/robotis_ws/install/open_manipulator_x_libs/share/open_manipulator_x_libs/environment/path.sh
[0.229s] -- Up-to-date symlink: /home/ubuntu/robotis_ws/install/open_manipulator_x_libs/share/open_manipulator_x_libs/environment/path.dsv
[0.230s] -- Up-to-date symlink: /home/ubuntu/robotis_ws/install/open_manipulator_x_libs/share/open_manipulator_x_libs/local_setup.bash
[0.230s] -- Up-to-date symlink: /home/ubuntu/robotis_ws/install/open_manipulator_x_libs/share/open_manipulator_x_libs/local_setup.sh
[0.230s] -- Up-to-date symlink: /home/ubuntu/robotis_ws/install/open_manipulator_x_libs/share/open_manipulator_x_libs/local_setup.zsh
[0.230s] -- Up-to-date symlink: /home/ubuntu/robotis_ws/install/open_manipulator_x_libs/share/open_manipulator_x_libs/local_setup.dsv
[0.230s] -- Symlinking: /home/ubuntu/robotis_ws/install/open_manipulator_x_libs/share/open_manipulator_x_libs/package.dsv
[0.244s] -- Up-to-date symlink: /home/ubuntu/robotis_ws/install/open_manipulator_x_libs/share/ament_index/resource_index/packages/open_manipulator_x_libs
[0.244s] -- Up-to-date symlink: /home/ubuntu/robotis_ws/install/open_manipulator_x_libs/share/open_manipulator_x_libs/cmake/ament_cmake_export_include_directories-extras.cmake
[0.245s] -- Up-to-date symlink: /home/ubuntu/robotis_ws/install/open_manipulator_x_libs/share/open_manipulator_x_libs/cmake/ament_cmake_export_dependencies-extras.cmake
[0.245s] -- Up-to-date symlink: /home/ubuntu/robotis_ws/install/open_manipulator_x_libs/share/open_manipulator_x_libs/cmake/ament_cmake_export_libraries-extras.cmake
[0.245s] -- Up-to-date symlink: /home/ubuntu/robotis_ws/install/open_manipulator_x_libs/share/open_manipulator_x_libs/cmake/open_manipulator_x_libsConfig.cmake
[0.245s] -- Up-to-date symlink: /home/ubuntu/robotis_ws/install/open_manipulator_x_libs/share/open_manipulator_x_libs/cmake/open_manipulator_x_libsConfig-version.cmake
[0.246s] -- Up-to-date symlink: /home/ubuntu/robotis_ws/install/open_manipulator_x_libs/share/open_manipulator_x_libs/package.xml
[0.248s] Invoked command in '/home/ubuntu/robotis_ws/build/open_manipulator_x_libs' returned '0': AMENT_PREFIX_PATH=/home/ubuntu/robotis_ws/install/robotis_manipulator:/home/ubuntu/robotis_ws/install/dynamixel_workbench_toolbox:/home/ubuntu/robotis_ws/install/dynamixel_sdk:/home/ubuntu/robotis_ws/install/cmake_modules:${AMENT_PREFIX_PATH} CMAKE_PREFIX_PATH=/home/ubuntu/robotis_ws/install/robotis_manipulator:/home/ubuntu/robotis_ws/install/dynamixel_workbench_toolbox:/home/ubuntu/robotis_ws/install/dynamixel_sdk:/home/ubuntu/robotis_ws/install/cmake_modules:/opt/ros/humble LD_LIBRARY_PATH=/home/ubuntu/robotis_ws/install/robotis_manipulator/lib:/home/ubuntu/robotis_ws/install/dynamixel_workbench_toolbox/lib:/home/ubuntu/robotis_ws/install/dynamixel_sdk/lib:${LD_LIBRARY_PATH} /usr/bin/cmake --install /home/ubuntu/robotis_ws/build/open_manipulator_x_libs
