[0.034s] Invoking command in '/home/ubuntu/robotis_ws/build/open_manipulator_x_description': CMAKE_PREFIX_PATH=${CMAKE_PREFIX_PATH}:/home/ubuntu/robotis_ws/install/open_manipulator_x_teleop:/opt/ros/humble /usr/bin/cmake /home/ubuntu/robotis_ws/src/open_manipulator/open_manipulator_x_description -DAMENT_CMAKE_SYMLINK_INSTALL=1 -DCMAKE_INSTALL_PREFIX=/home/ubuntu/robotis_ws/install/open_manipulator_x_description
[0.052s] -- Found ament_cmake: 1.3.9 (/opt/ros/humble/share/ament_cmake/cmake)
[0.269s] -- Override CMake install command with custom implementation using symlinks instead of copying resources
[0.428s] -- Configuring done
[0.433s] -- Generating done
[0.435s] -- Build files have been written to: /home/ubuntu/robotis_ws/build/open_manipulator_x_description
[0.439s] Invoked command in '/home/ubuntu/robotis_ws/build/open_manipulator_x_description' returned '0': CMAKE_PREFIX_PATH=${CMAKE_PREFIX_PATH}:/home/ubuntu/robotis_ws/install/open_manipulator_x_teleop:/opt/ros/humble /usr/bin/cmake /home/ubuntu/robotis_ws/src/open_manipulator/open_manipulator_x_description -DAMENT_CMAKE_SYMLINK_INSTALL=1 -DCMAKE_INSTALL_PREFIX=/home/ubuntu/robotis_ws/install/open_manipulator_x_description
[0.442s] Invoking command in '/home/ubuntu/robotis_ws/build/open_manipulator_x_description': CMAKE_PREFIX_PATH=${CMAKE_PREFIX_PATH}:/home/ubuntu/robotis_ws/install/open_manipulator_x_teleop:/opt/ros/humble /usr/bin/cmake --build /home/ubuntu/robotis_ws/build/open_manipulator_x_description -- -j8 -l8
[0.511s] Invoked command in '/home/ubuntu/robotis_ws/build/open_manipulator_x_description' returned '0': CMAKE_PREFIX_PATH=${CMAKE_PREFIX_PATH}:/home/ubuntu/robotis_ws/install/open_manipulator_x_teleop:/opt/ros/humble /usr/bin/cmake --build /home/ubuntu/robotis_ws/build/open_manipulator_x_description -- -j8 -l8
[0.554s] Invoking command in '/home/ubuntu/robotis_ws/build/open_manipulator_x_description': CMAKE_PREFIX_PATH=${CMAKE_PREFIX_PATH}:/home/ubuntu/robotis_ws/install/open_manipulator_x_teleop:/opt/ros/humble /usr/bin/cmake --install /home/ubuntu/robotis_ws/build/open_manipulator_x_description
[0.564s] -- Install configuration: ""
[0.565s] -- Execute custom install script
[0.566s] -- Up-to-date symlink: /home/ubuntu/robotis_ws/install/open_manipulator_x_description/share/open_manipulator_x_description/launch/.DS_Store
[0.566s] -- Up-to-date symlink: /home/ubuntu/robotis_ws/install/open_manipulator_x_description/share/open_manipulator_x_description/launch/open_manipulator_x_rviz.launch.py
[0.567s] -- Up-to-date symlink: /home/ubuntu/robotis_ws/install/open_manipulator_x_description/share/open_manipulator_x_description/meshes/chain_link1.stl
[0.567s] -- Up-to-date symlink: /home/ubuntu/robotis_ws/install/open_manipulator_x_description/share/open_manipulator_x_description/meshes/chain_link2.stl
[0.567s] -- Up-to-date symlink: /home/ubuntu/robotis_ws/install/open_manipulator_x_description/share/open_manipulator_x_description/meshes/chain_link3.stl
[0.567s] -- Up-to-date symlink: /home/ubuntu/robotis_ws/install/open_manipulator_x_description/share/open_manipulator_x_description/meshes/chain_link4.stl
[0.568s] -- Up-to-date symlink: /home/ubuntu/robotis_ws/install/open_manipulator_x_description/share/open_manipulator_x_description/meshes/chain_link5.stl
[0.568s] -- Up-to-date symlink: /home/ubuntu/robotis_ws/install/open_manipulator_x_description/share/open_manipulator_x_description/meshes/chain_link_grip_l.stl
[0.568s] -- Up-to-date symlink: /home/ubuntu/robotis_ws/install/open_manipulator_x_description/share/open_manipulator_x_description/meshes/chain_link_grip_r.stl
[0.568s] -- Up-to-date symlink: /home/ubuntu/robotis_ws/install/open_manipulator_x_description/share/open_manipulator_x_description/rviz/open_manipulator_x.rviz
[0.569s] -- Up-to-date symlink: /home/ubuntu/robotis_ws/install/open_manipulator_x_description/share/open_manipulator_x_description/urdf/materials.xacro
[0.569s] -- Up-to-date symlink: /home/ubuntu/robotis_ws/install/open_manipulator_x_description/share/open_manipulator_x_description/urdf/open_manipulator_x.gazebo.xacro
[0.570s] -- Up-to-date symlink: /home/ubuntu/robotis_ws/install/open_manipulator_x_description/share/open_manipulator_x_description/urdf/open_manipulator_x.transmission.xacro
[0.570s] -- Up-to-date symlink: /home/ubuntu/robotis_ws/install/open_manipulator_x_description/share/open_manipulator_x_description/urdf/open_manipulator_x.urdf.xacro
[0.570s] -- Up-to-date symlink: /home/ubuntu/robotis_ws/install/open_manipulator_x_description/share/open_manipulator_x_description/urdf/open_manipulator_x_robot.urdf.xacro
[0.570s] -- Up-to-date symlink: /home/ubuntu/robotis_ws/install/open_manipulator_x_description/share/ament_index/resource_index/package_run_dependencies/open_manipulator_x_description
[0.571s] -- Up-to-date symlink: /home/ubuntu/robotis_ws/install/open_manipulator_x_description/share/ament_index/resource_index/parent_prefix_path/open_manipulator_x_description
[0.571s] -- Up-to-date symlink: /home/ubuntu/robotis_ws/install/open_manipulator_x_description/share/open_manipulator_x_description/environment/ament_prefix_path.sh
[0.571s] -- Up-to-date symlink: /home/ubuntu/robotis_ws/install/open_manipulator_x_description/share/open_manipulator_x_description/environment/ament_prefix_path.dsv
[0.572s] -- Up-to-date symlink: /home/ubuntu/robotis_ws/install/open_manipulator_x_description/share/open_manipulator_x_description/environment/path.sh
[0.572s] -- Up-to-date symlink: /home/ubuntu/robotis_ws/install/open_manipulator_x_description/share/open_manipulator_x_description/environment/path.dsv
[0.572s] -- Up-to-date symlink: /home/ubuntu/robotis_ws/install/open_manipulator_x_description/share/open_manipulator_x_description/local_setup.bash
[0.573s] -- Up-to-date symlink: /home/ubuntu/robotis_ws/install/open_manipulator_x_description/share/open_manipulator_x_description/local_setup.sh
[0.573s] -- Up-to-date symlink: /home/ubuntu/robotis_ws/install/open_manipulator_x_description/share/open_manipulator_x_description/local_setup.zsh
[0.574s] -- Up-to-date symlink: /home/ubuntu/robotis_ws/install/open_manipulator_x_description/share/open_manipulator_x_description/local_setup.dsv
[0.574s] -- Symlinking: /home/ubuntu/robotis_ws/install/open_manipulator_x_description/share/open_manipulator_x_description/package.dsv
[0.590s] -- Up-to-date symlink: /home/ubuntu/robotis_ws/install/open_manipulator_x_description/share/ament_index/resource_index/packages/open_manipulator_x_description
[0.591s] -- Up-to-date symlink: /home/ubuntu/robotis_ws/install/open_manipulator_x_description/share/open_manipulator_x_description/cmake/open_manipulator_x_descriptionConfig.cmake
[0.591s] -- Up-to-date symlink: /home/ubuntu/robotis_ws/install/open_manipulator_x_description/share/open_manipulator_x_description/cmake/open_manipulator_x_descriptionConfig-version.cmake
[0.591s] -- Up-to-date symlink: /home/ubuntu/robotis_ws/install/open_manipulator_x_description/share/open_manipulator_x_description/package.xml
[0.608s] Invoked command in '/home/ubuntu/robotis_ws/build/open_manipulator_x_description' returned '0': CMAKE_PREFIX_PATH=${CMAKE_PREFIX_PATH}:/home/ubuntu/robotis_ws/install/open_manipulator_x_teleop:/opt/ros/humble /usr/bin/cmake --install /home/ubuntu/robotis_ws/build/open_manipulator_x_description
