[1.079s] Invoking command in '/home/ubuntu/robotis_ws/src/open_manipulator/open_manipulator_x_teleop': CMAKE_PREFIX_PATH=/home/ubuntu/robotis_ws/install/open_manipulator_msgs:/home/ubuntu/robotis_ws/install/open_manipulator:/home/ubuntu/robotis_ws/install/open_manipulator_x_controller:/home/ubuntu/robotis_ws/install/open_manipulator_x_libs:/home/ubuntu/robotis_ws/install/robotis_manipulator:/home/ubuntu/robotis_ws/install/moveit2:/home/ubuntu/robotis_ws/install/open_manipulator_x_description:/home/ubuntu/robotis_ws/install/dynamixel_workbench:/home/ubuntu/robotis_ws/install/dynamixel_workbench_toolbox:/home/ubuntu/robotis_ws/install/dynamixel_sdk_examples:/home/ubuntu/robotis_ws/install/dynamixel_sdk_custom_interfaces:/home/ubuntu/robotis_ws/install/dynamixel_sdk:/home/ubuntu/robotis_ws/install/cmake_modules LD_LIBRARY_PATH=/home/ubuntu/robotis_ws/install/open_manipulator_msgs/lib:${LD_LIBRARY_PATH} PYTHONPATH=/home/ubuntu/robotis_ws/build/open_manipulator_x_teleop/prefix_override:/usr/lib/python3/dist-packages/colcon_core/task/python/colcon_distutils_commands:/home/ubuntu/robotis_ws/install/open_manipulator_x_teleop/lib/python3.10/site-packages:${PYTHONPATH} /usr/bin/python3 -W ignore:setup.py install is deprecated setup.py egg_info --egg-base ../../../build/open_manipulator_x_teleop build --build-base /home/ubuntu/robotis_ws/build/open_manipulator_x_teleop/build install --record /home/ubuntu/robotis_ws/build/open_manipulator_x_teleop/install.log --single-version-externally-managed install_data
[1.382s] running egg_info
[1.383s] writing ../../../build/open_manipulator_x_teleop/open_manipulator_x_teleop.egg-info/PKG-INFO
[1.383s] writing dependency_links to ../../../build/open_manipulator_x_teleop/open_manipulator_x_teleop.egg-info/dependency_links.txt
[1.384s] writing entry points to ../../../build/open_manipulator_x_teleop/open_manipulator_x_teleop.egg-info/entry_points.txt
[1.384s] writing requirements to ../../../build/open_manipulator_x_teleop/open_manipulator_x_teleop.egg-info/requires.txt
[1.384s] writing top-level names to ../../../build/open_manipulator_x_teleop/open_manipulator_x_teleop.egg-info/top_level.txt
[1.386s] reading manifest file '../../../build/open_manipulator_x_teleop/open_manipulator_x_teleop.egg-info/SOURCES.txt'
[1.390s] writing manifest file '../../../build/open_manipulator_x_teleop/open_manipulator_x_teleop.egg-info/SOURCES.txt'
[1.390s] running build
[1.390s] running build_py
[1.391s] running install
[1.391s] running install_lib
[1.393s] running install_data
[1.393s] running install_egg_info
[1.395s] removing '/home/ubuntu/robotis_ws/install/open_manipulator_x_teleop/lib/python3.10/site-packages/open_manipulator_x_teleop-2.3.0-py3.10.egg-info' (and everything under it)
[1.396s] Copying ../../../build/open_manipulator_x_teleop/open_manipulator_x_teleop.egg-info to /home/ubuntu/robotis_ws/install/open_manipulator_x_teleop/lib/python3.10/site-packages/open_manipulator_x_teleop-2.3.0-py3.10.egg-info
[1.397s] running install_scripts
[1.421s] Installing teleop_keyboard script to /home/ubuntu/robotis_ws/install/open_manipulator_x_teleop/lib/open_manipulator_x_teleop
[1.422s] writing list of installed files to '/home/ubuntu/robotis_ws/build/open_manipulator_x_teleop/install.log'
[1.454s] Invoked command in '/home/ubuntu/robotis_ws/src/open_manipulator/open_manipulator_x_teleop' returned '0': CMAKE_PREFIX_PATH=/home/ubuntu/robotis_ws/install/open_manipulator_msgs:/home/ubuntu/robotis_ws/install/open_manipulator:/home/ubuntu/robotis_ws/install/open_manipulator_x_controller:/home/ubuntu/robotis_ws/install/open_manipulator_x_libs:/home/ubuntu/robotis_ws/install/robotis_manipulator:/home/ubuntu/robotis_ws/install/moveit2:/home/ubuntu/robotis_ws/install/open_manipulator_x_description:/home/ubuntu/robotis_ws/install/dynamixel_workbench:/home/ubuntu/robotis_ws/install/dynamixel_workbench_toolbox:/home/ubuntu/robotis_ws/install/dynamixel_sdk_examples:/home/ubuntu/robotis_ws/install/dynamixel_sdk_custom_interfaces:/home/ubuntu/robotis_ws/install/dynamixel_sdk:/home/ubuntu/robotis_ws/install/cmake_modules LD_LIBRARY_PATH=/home/ubuntu/robotis_ws/install/open_manipulator_msgs/lib:${LD_LIBRARY_PATH} PYTHONPATH=/home/ubuntu/robotis_ws/build/open_manipulator_x_teleop/prefix_override:/usr/lib/python3/dist-packages/colcon_core/task/python/colcon_distutils_commands:/home/ubuntu/robotis_ws/install/open_manipulator_x_teleop/lib/python3.10/site-packages:${PYTHONPATH} /usr/bin/python3 -W ignore:setup.py install is deprecated setup.py egg_info --egg-base ../../../build/open_manipulator_x_teleop build --build-base /home/ubuntu/robotis_ws/build/open_manipulator_x_teleop/build install --record /home/ubuntu/robotis_ws/build/open_manipulator_x_teleop/install.log --single-version-externally-managed install_data
