[0.696s] Invoking command in '/home/ubuntu/robotis_ws/build/open_manipulator_x_teleop': CMAKE_PREFIX_PATH=/home/ubuntu/robotis_ws/install/open_manipulator_msgs:/home/ubuntu/robotis_ws/install/open_manipulator:/home/ubuntu/robotis_ws/install/open_manipulator_x_controller:/home/ubuntu/robotis_ws/install/open_manipulator_x_libs:/home/ubuntu/robotis_ws/install/robotis_manipulator:/home/ubuntu/robotis_ws/install/open_manipulator_x_description:/home/ubuntu/robotis_ws/install/dynamixel_workbench:/home/ubuntu/robotis_ws/install/dynamixel_workbench_toolbox:/home/ubuntu/robotis_ws/install/dynamixel_sdk_examples:/home/ubuntu/robotis_ws/install/dynamixel_sdk_custom_interfaces:/home/ubuntu/robotis_ws/install/dynamixel_sdk:/home/ubuntu/robotis_ws/install/cmake_modules LD_LIBRARY_PATH=/home/ubuntu/robotis_ws/install/open_manipulator_msgs/lib:${LD_LIBRARY_PATH} PYTHONPATH=/home/ubuntu/robotis_ws/build/open_manipulator_x_teleop/prefix_override:/usr/lib/python3/dist-packages/colcon_core/task/python/colcon_distutils_commands:/home/ubuntu/robotis_ws/install/open_manipulator_x_teleop/lib/python3.10/site-packages:${PYTHONPATH} /usr/bin/python3 -W ignore:setup.py install is deprecated setup.py develop --uninstall --editable --build-directory /home/ubuntu/robotis_ws/build/open_manipulator_x_teleop/build
[0.989s] running develop
[0.990s] /usr/lib/python3/dist-packages/setuptools/command/easy_install.py:158: EasyInstallDeprecationWarning: easy_install command is deprecated. Use build and pip and other standards-based tools.
[0.990s]   warnings.warn(
[1.177s] Removing /home/ubuntu/robotis_ws/install/open_manipulator_x_teleop/lib/python3.10/site-packages/open-manipulator-x-teleop.egg-link (link to .)
[1.205s] Invoked command in '/home/ubuntu/robotis_ws/build/open_manipulator_x_teleop' returned '0': CMAKE_PREFIX_PATH=/home/ubuntu/robotis_ws/install/open_manipulator_msgs:/home/ubuntu/robotis_ws/install/open_manipulator:/home/ubuntu/robotis_ws/install/open_manipulator_x_controller:/home/ubuntu/robotis_ws/install/open_manipulator_x_libs:/home/ubuntu/robotis_ws/install/robotis_manipulator:/home/ubuntu/robotis_ws/install/open_manipulator_x_description:/home/ubuntu/robotis_ws/install/dynamixel_workbench:/home/ubuntu/robotis_ws/install/dynamixel_workbench_toolbox:/home/ubuntu/robotis_ws/install/dynamixel_sdk_examples:/home/ubuntu/robotis_ws/install/dynamixel_sdk_custom_interfaces:/home/ubuntu/robotis_ws/install/dynamixel_sdk:/home/ubuntu/robotis_ws/install/cmake_modules LD_LIBRARY_PATH=/home/ubuntu/robotis_ws/install/open_manipulator_msgs/lib:${LD_LIBRARY_PATH} PYTHONPATH=/home/ubuntu/robotis_ws/build/open_manipulator_x_teleop/prefix_override:/usr/lib/python3/dist-packages/colcon_core/task/python/colcon_distutils_commands:/home/ubuntu/robotis_ws/install/open_manipulator_x_teleop/lib/python3.10/site-packages:${PYTHONPATH} /usr/bin/python3 -W ignore:setup.py install is deprecated setup.py develop --uninstall --editable --build-directory /home/ubuntu/robotis_ws/build/open_manipulator_x_teleop/build
[1.206s] Invoking command in '/home/ubuntu/robotis_ws/src/open_manipulator/open_manipulator_x_teleop': CMAKE_PREFIX_PATH=/home/ubuntu/robotis_ws/install/open_manipulator_msgs:/home/ubuntu/robotis_ws/install/open_manipulator:/home/ubuntu/robotis_ws/install/open_manipulator_x_controller:/home/ubuntu/robotis_ws/install/open_manipulator_x_libs:/home/ubuntu/robotis_ws/install/robotis_manipulator:/home/ubuntu/robotis_ws/install/open_manipulator_x_description:/home/ubuntu/robotis_ws/install/dynamixel_workbench:/home/ubuntu/robotis_ws/install/dynamixel_workbench_toolbox:/home/ubuntu/robotis_ws/install/dynamixel_sdk_examples:/home/ubuntu/robotis_ws/install/dynamixel_sdk_custom_interfaces:/home/ubuntu/robotis_ws/install/dynamixel_sdk:/home/ubuntu/robotis_ws/install/cmake_modules LD_LIBRARY_PATH=/home/ubuntu/robotis_ws/install/open_manipulator_msgs/lib:${LD_LIBRARY_PATH} PYTHONPATH=/home/ubuntu/robotis_ws/build/open_manipulator_x_teleop/prefix_override:/usr/lib/python3/dist-packages/colcon_core/task/python/colcon_distutils_commands:/home/ubuntu/robotis_ws/install/open_manipulator_x_teleop/lib/python3.10/site-packages:${PYTHONPATH} /usr/bin/python3 -W ignore:setup.py install is deprecated setup.py egg_info --egg-base ../../../build/open_manipulator_x_teleop build --build-base /home/ubuntu/robotis_ws/build/open_manipulator_x_teleop/build install --record /home/ubuntu/robotis_ws/build/open_manipulator_x_teleop/install.log --single-version-externally-managed install_data --force
[1.477s] running egg_info
[1.478s] writing ../../../build/open_manipulator_x_teleop/open_manipulator_x_teleop.egg-info/PKG-INFO
[1.478s] writing dependency_links to ../../../build/open_manipulator_x_teleop/open_manipulator_x_teleop.egg-info/dependency_links.txt
[1.479s] writing entry points to ../../../build/open_manipulator_x_teleop/open_manipulator_x_teleop.egg-info/entry_points.txt
[1.479s] writing requirements to ../../../build/open_manipulator_x_teleop/open_manipulator_x_teleop.egg-info/requires.txt
[1.479s] writing top-level names to ../../../build/open_manipulator_x_teleop/open_manipulator_x_teleop.egg-info/top_level.txt
[1.481s] reading manifest file '../../../build/open_manipulator_x_teleop/open_manipulator_x_teleop.egg-info/SOURCES.txt'
[1.482s] writing manifest file '../../../build/open_manipulator_x_teleop/open_manipulator_x_teleop.egg-info/SOURCES.txt'
[1.482s] running build
[1.482s] running build_py
[1.482s] running install
[1.483s] running install_lib
[1.484s] creating /home/ubuntu/robotis_ws/install/open_manipulator_x_teleop/lib/python3.10/site-packages/open_manipulator_x_teleop
[1.484s] copying /home/ubuntu/robotis_ws/build/open_manipulator_x_teleop/build/lib/open_manipulator_x_teleop/__init__.py -> /home/ubuntu/robotis_ws/install/open_manipulator_x_teleop/lib/python3.10/site-packages/open_manipulator_x_teleop
[1.484s] creating /home/ubuntu/robotis_ws/install/open_manipulator_x_teleop/lib/python3.10/site-packages/open_manipulator_x_teleop/script
[1.485s] copying /home/ubuntu/robotis_ws/build/open_manipulator_x_teleop/build/lib/open_manipulator_x_teleop/script/__init__.py -> /home/ubuntu/robotis_ws/install/open_manipulator_x_teleop/lib/python3.10/site-packages/open_manipulator_x_teleop/script
[1.485s] copying /home/ubuntu/robotis_ws/build/open_manipulator_x_teleop/build/lib/open_manipulator_x_teleop/script/teleop_keyboard.py -> /home/ubuntu/robotis_ws/install/open_manipulator_x_teleop/lib/python3.10/site-packages/open_manipulator_x_teleop/script
[1.485s] byte-compiling /home/ubuntu/robotis_ws/install/open_manipulator_x_teleop/lib/python3.10/site-packages/open_manipulator_x_teleop/__init__.py to __init__.cpython-310.pyc
[1.486s] byte-compiling /home/ubuntu/robotis_ws/install/open_manipulator_x_teleop/lib/python3.10/site-packages/open_manipulator_x_teleop/script/__init__.py to __init__.cpython-310.pyc
[1.486s] byte-compiling /home/ubuntu/robotis_ws/install/open_manipulator_x_teleop/lib/python3.10/site-packages/open_manipulator_x_teleop/script/teleop_keyboard.py to teleop_keyboard.cpython-310.pyc
[1.488s] running install_data
[1.488s] copying resource/open_manipulator_x_teleop -> /home/ubuntu/robotis_ws/install/open_manipulator_x_teleop/share/ament_index/resource_index/packages
[1.488s] copying package.xml -> /home/ubuntu/robotis_ws/install/open_manipulator_x_teleop/share/open_manipulator_x_teleop
[1.488s] running install_egg_info
[1.490s] Copying ../../../build/open_manipulator_x_teleop/open_manipulator_x_teleop.egg-info to /home/ubuntu/robotis_ws/install/open_manipulator_x_teleop/lib/python3.10/site-packages/open_manipulator_x_teleop-2.3.0-py3.10.egg-info
[1.491s] running install_scripts
[1.513s] Installing teleop_keyboard script to /home/ubuntu/robotis_ws/install/open_manipulator_x_teleop/lib/open_manipulator_x_teleop
[1.513s] writing list of installed files to '/home/ubuntu/robotis_ws/build/open_manipulator_x_teleop/install.log'
[1.541s] Invoked command in '/home/ubuntu/robotis_ws/src/open_manipulator/open_manipulator_x_teleop' returned '0': CMAKE_PREFIX_PATH=/home/ubuntu/robotis_ws/install/open_manipulator_msgs:/home/ubuntu/robotis_ws/install/open_manipulator:/home/ubuntu/robotis_ws/install/open_manipulator_x_controller:/home/ubuntu/robotis_ws/install/open_manipulator_x_libs:/home/ubuntu/robotis_ws/install/robotis_manipulator:/home/ubuntu/robotis_ws/install/open_manipulator_x_description:/home/ubuntu/robotis_ws/install/dynamixel_workbench:/home/ubuntu/robotis_ws/install/dynamixel_workbench_toolbox:/home/ubuntu/robotis_ws/install/dynamixel_sdk_examples:/home/ubuntu/robotis_ws/install/dynamixel_sdk_custom_interfaces:/home/ubuntu/robotis_ws/install/dynamixel_sdk:/home/ubuntu/robotis_ws/install/cmake_modules LD_LIBRARY_PATH=/home/ubuntu/robotis_ws/install/open_manipulator_msgs/lib:${LD_LIBRARY_PATH} PYTHONPATH=/home/ubuntu/robotis_ws/build/open_manipulator_x_teleop/prefix_override:/usr/lib/python3/dist-packages/colcon_core/task/python/colcon_distutils_commands:/home/ubuntu/robotis_ws/install/open_manipulator_x_teleop/lib/python3.10/site-packages:${PYTHONPATH} /usr/bin/python3 -W ignore:setup.py install is deprecated setup.py egg_info --egg-base ../../../build/open_manipulator_x_teleop build --build-base /home/ubuntu/robotis_ws/build/open_manipulator_x_teleop/build install --record /home/ubuntu/robotis_ws/build/open_manipulator_x_teleop/install.log --single-version-externally-managed install_data --force
