[0.041s] Invoking command in '/home/ubuntu/robotis_ws/build/dynamixel_sdk': CMAKE_PREFIX_PATH=${CMAKE_PREFIX_PATH}:/home/ubuntu/robotis_ws/install/open_manipulator_x_teleop:/opt/ros/humble /usr/bin/cmake --build /home/ubuntu/robotis_ws/build/dynamixel_sdk -- -j8 -l8
[0.167s] [100%] Built target dynamixel_sdk
[0.233s] Invoked command in '/home/ubuntu/robotis_ws/build/dynamixel_sdk' returned '0': CMAKE_PREFIX_PATH=${CMAKE_PREFIX_PATH}:/home/ubuntu/robotis_ws/install/open_manipulator_x_teleop:/opt/ros/humble /usr/bin/cmake --build /home/ubuntu/robotis_ws/build/dynamixel_sdk -- -j8 -l8
[0.443s] Invoking command in '/home/ubuntu/robotis_ws/build/dynamixel_sdk': CMAKE_PREFIX_PATH=${CMAKE_PREFIX_PATH}:/home/ubuntu/robotis_ws/install/open_manipulator_x_teleop:/opt/ros/humble /usr/bin/cmake --install /home/ubuntu/robotis_ws/build/dynamixel_sdk
[0.463s] -- Install configuration: ""
[0.464s] -- Execute custom install script
[0.466s] -- Up-to-date symlink: /home/ubuntu/robotis_ws/install/dynamixel_sdk/include//dynamixel_sdk/dynamixel_sdk.h
[0.467s] -- Up-to-date symlink: /home/ubuntu/robotis_ws/install/dynamixel_sdk/include//dynamixel_sdk/group_bulk_read.h
[0.467s] -- Up-to-date symlink: /home/ubuntu/robotis_ws/install/dynamixel_sdk/include//dynamixel_sdk/group_bulk_write.h
[0.468s] -- Up-to-date symlink: /home/ubuntu/robotis_ws/install/dynamixel_sdk/include//dynamixel_sdk/group_sync_read.h
[0.468s] -- Up-to-date symlink: /home/ubuntu/robotis_ws/install/dynamixel_sdk/include//dynamixel_sdk/group_sync_write.h
[0.469s] -- Up-to-date symlink: /home/ubuntu/robotis_ws/install/dynamixel_sdk/include//dynamixel_sdk/packet_handler.h
[0.469s] -- Up-to-date symlink: /home/ubuntu/robotis_ws/install/dynamixel_sdk/include//dynamixel_sdk/port_handler.h
[0.469s] -- Up-to-date symlink: /home/ubuntu/robotis_ws/install/dynamixel_sdk/include//dynamixel_sdk/port_handler_arduino.h
[0.470s] -- Up-to-date symlink: /home/ubuntu/robotis_ws/install/dynamixel_sdk/include//dynamixel_sdk/port_handler_linux.h
[0.470s] -- Up-to-date symlink: /home/ubuntu/robotis_ws/install/dynamixel_sdk/include//dynamixel_sdk/port_handler_mac.h
[0.470s] -- Up-to-date symlink: /home/ubuntu/robotis_ws/install/dynamixel_sdk/include//dynamixel_sdk/port_handler_windows.h
[0.471s] -- Up-to-date symlink: /home/ubuntu/robotis_ws/install/dynamixel_sdk/include//dynamixel_sdk/protocol1_packet_handler.h
[0.471s] -- Up-to-date symlink: /home/ubuntu/robotis_ws/install/dynamixel_sdk/include//dynamixel_sdk/protocol2_packet_handler.h
[0.472s] -- Up-to-date symlink: /home/ubuntu/robotis_ws/install/dynamixel_sdk/lib/libdynamixel_sdk.so
[0.472s] -- Up-to-date symlink: /home/ubuntu/robotis_ws/install/dynamixel_sdk/share/dynamixel_sdk/environment/library_path.sh
[0.473s] -- Up-to-date symlink: /home/ubuntu/robotis_ws/install/dynamixel_sdk/share/dynamixel_sdk/environment/library_path.dsv
[0.473s] -- Up-to-date symlink: /home/ubuntu/robotis_ws/install/dynamixel_sdk/share/ament_index/resource_index/package_run_dependencies/dynamixel_sdk
[0.474s] -- Up-to-date symlink: /home/ubuntu/robotis_ws/install/dynamixel_sdk/share/ament_index/resource_index/parent_prefix_path/dynamixel_sdk
[0.475s] -- Up-to-date symlink: /home/ubuntu/robotis_ws/install/dynamixel_sdk/share/dynamixel_sdk/environment/ament_prefix_path.sh
[0.475s] -- Up-to-date symlink: /home/ubuntu/robotis_ws/install/dynamixel_sdk/share/dynamixel_sdk/environment/ament_prefix_path.dsv
[0.476s] -- Up-to-date symlink: /home/ubuntu/robotis_ws/install/dynamixel_sdk/share/dynamixel_sdk/environment/path.sh
[0.477s] -- Up-to-date symlink: /home/ubuntu/robotis_ws/install/dynamixel_sdk/share/dynamixel_sdk/environment/path.dsv
[0.477s] -- Up-to-date symlink: /home/ubuntu/robotis_ws/install/dynamixel_sdk/share/dynamixel_sdk/local_setup.bash
[0.478s] -- Up-to-date symlink: /home/ubuntu/robotis_ws/install/dynamixel_sdk/share/dynamixel_sdk/local_setup.sh
[0.478s] -- Up-to-date symlink: /home/ubuntu/robotis_ws/install/dynamixel_sdk/share/dynamixel_sdk/local_setup.zsh
[0.479s] -- Up-to-date symlink: /home/ubuntu/robotis_ws/install/dynamixel_sdk/share/dynamixel_sdk/local_setup.dsv
[0.479s] -- Symlinking: /home/ubuntu/robotis_ws/install/dynamixel_sdk/share/dynamixel_sdk/package.dsv
[0.500s] -- Up-to-date symlink: /home/ubuntu/robotis_ws/install/dynamixel_sdk/share/ament_index/resource_index/packages/dynamixel_sdk
[0.501s] -- Up-to-date symlink: /home/ubuntu/robotis_ws/install/dynamixel_sdk/share/dynamixel_sdk/cmake/ament_cmake_export_include_directories-extras.cmake
[0.501s] -- Up-to-date symlink: /home/ubuntu/robotis_ws/install/dynamixel_sdk/share/dynamixel_sdk/cmake/ament_cmake_export_libraries-extras.cmake
[0.501s] -- Up-to-date symlink: /home/ubuntu/robotis_ws/install/dynamixel_sdk/share/dynamixel_sdk/cmake/dynamixel_sdkConfig.cmake
[0.502s] -- Up-to-date symlink: /home/ubuntu/robotis_ws/install/dynamixel_sdk/share/dynamixel_sdk/cmake/dynamixel_sdkConfig-version.cmake
[0.502s] -- Up-to-date symlink: /home/ubuntu/robotis_ws/install/dynamixel_sdk/share/dynamixel_sdk/package.xml
[0.507s] Invoked command in '/home/ubuntu/robotis_ws/build/dynamixel_sdk' returned '0': CMAKE_PREFIX_PATH=${CMAKE_PREFIX_PATH}:/home/ubuntu/robotis_ws/install/open_manipulator_x_teleop:/opt/ros/humble /usr/bin/cmake --install /home/ubuntu/robotis_ws/build/dynamixel_sdk
