[0.043s] Invoking command in '/home/ubuntu/robotis_ws/build/open_manipulator_gazebo': /usr/bin/cmake /home/ubuntu/robotis_ws/src/open_manipulator_simulations/open_manipulator_gazebo -DCATKIN_INSTALL_INTO_PREFIX_ROOT=0 -DCMAKE_INSTALL_PREFIX=/home/ubuntu/robotis_ws/install/open_manipulator_gazebo
[0.119s] [31mCMake Error at CMakeLists.txt:12 (find_package):
[0.119s]   By not providing "Findcatkin.cmake" in CMAKE_MODULE_PATH this project has
[0.120s]   asked CMake to find a package configuration file provided by "catkin", but
[0.120s]   CMake did not find one.
[0.120s] 
[0.120s]   Could not find a package configuration file provided by "catkin" with any
[0.120s]   of the following names:
[0.120s] 
[0.121s]     catkinConfig.cmake
[0.121s]     catkin-config.cmake
[0.121s] 
[0.121s]   Add the installation prefix of "catkin" to CMAKE_PREFIX_PATH or set
[0.121s]   "catkin_DIR" to a directory containing one of the above files.  If "catkin"
[0.121s]   provides a separate development package or SDK, be sure it has been
[0.122s]   installed.
[0.122s] 
[0.122s] [0m
[0.123s] -- Configuring incomplete, errors occurred!
[0.124s] See also "/home/ubuntu/robotis_ws/build/open_manipulator_gazebo/CMakeFiles/CMakeOutput.log".
[0.125s] Invoked command in '/home/ubuntu/robotis_ws/build/open_manipulator_gazebo' returned '1': /usr/bin/cmake /home/ubuntu/robotis_ws/src/open_manipulator_simulations/open_manipulator_gazebo -DCATKIN_INSTALL_INTO_PREFIX_ROOT=0 -DCMAKE_INSTALL_PREFIX=/home/ubuntu/robotis_ws/install/open_manipulator_gazebo
