[0.049s] Invoking command in '/home/ubuntu/robotis_ws/build/open_manipulator_msgs': CMAKE_PREFIX_PATH=${CMAKE_PREFIX_PATH}:/home/ubuntu/robotis_ws/install/open_manipulator_x_teleop:/opt/ros/humble /usr/bin/cmake --build /home/ubuntu/robotis_ws/build/open_manipulator_msgs -- -j8 -l8
[0.193s] [  1%] Built target open_manipulator_msgs__cpp
[0.235s] [  1%] Built target ament_cmake_python_symlink_open_manipulator_msgs
[0.246s] [ 12%] Built target open_manipulator_msgs__rosidl_generator_c
[0.323s] [ 24%] Built target open_manipulator_msgs__rosidl_typesupport_cpp
[0.330s] [ 35%] Built target open_manipulator_msgs__rosidl_typesupport_fastrtps_cpp
[0.340s] [ 47%] Built target open_manipulator_msgs__rosidl_typesupport_introspection_cpp
[0.356s] [ 69%] Built target open_manipulator_msgs__rosidl_typesupport_introspection_c
[0.356s] [ 70%] Built target open_manipulator_msgs__rosidl_typesupport_c
[0.375s] [ 82%] Built target open_manipulator_msgs__rosidl_typesupport_fastrtps_c
[0.419s] [ 82%] Built target open_manipulator_msgs
[0.462s] [ 83%] Built target open_manipulator_msgs__py
[0.519s] [ 93%] Built target open_manipulator_msgs__rosidl_generator_py
[0.571s] [ 95%] Built target open_manipulator_msgs__rosidl_typesupport_introspection_c__pyext
[0.574s] [ 97%] Built target open_manipulator_msgs__rosidl_typesupport_c__pyext
[0.577s] [100%] Built target open_manipulator_msgs__rosidl_typesupport_fastrtps_c__pyext
[0.729s] running egg_info
[0.730s] writing open_manipulator_msgs.egg-info/PKG-INFO
[0.730s] writing dependency_links to open_manipulator_msgs.egg-info/dependency_links.txt
[0.731s] writing top-level names to open_manipulator_msgs.egg-info/top_level.txt
[0.734s] reading manifest file 'open_manipulator_msgs.egg-info/SOURCES.txt'
[0.735s] writing manifest file 'open_manipulator_msgs.egg-info/SOURCES.txt'
[0.769s] [100%] Built target ament_cmake_python_build_open_manipulator_msgs_egg
