[1.474s] Invoking command in '/home/ubuntu/robotis_ws/build/open_manipulator_x_teleop': AMENT_PREFIX_PATH=/home/ubuntu/robotis_ws/install/open_manipulator_msgs:${AMENT_PREFIX_PATH} CMAKE_PREFIX_PATH=/home/ubuntu/robotis_ws/install/open_manipulator_msgs LD_LIBRARY_PATH=/home/ubuntu/robotis_ws/install/open_manipulator_msgs/lib:${LD_LIBRARY_PATH} PYTHONPATH=/home/ubuntu/robotis_ws/build/open_manipulator_x_teleop/prefix_override:/usr/lib/python3/dist-packages/colcon_core/task/python/colcon_distutils_commands:/home/ubuntu/robotis_ws/install/open_manipulator_x_teleop/lib/python3.10/site-packages:/home/ubuntu/robotis_ws/install/open_manipulator_msgs/local/lib/python3.10/dist-packages:${PYTHONPATH} /usr/bin/python3 -W ignore:setup.py install is deprecated setup.py develop --editable --build-directory /home/ubuntu/robotis_ws/build/open_manipulator_x_teleop/build --no-deps symlink_data
[2.113s] running develop
[2.115s] /usr/lib/python3/dist-packages/setuptools/command/easy_install.py:158: EasyInstallDeprecationWarning: easy_install command is deprecated. Use build and pip and other standards-based tools.
[2.115s]   warnings.warn(
[2.546s] running egg_info
[2.546s] creating open_manipulator_x_teleop.egg-info
[2.547s] writing open_manipulator_x_teleop.egg-info/PKG-INFO
[2.547s] writing dependency_links to open_manipulator_x_teleop.egg-info/dependency_links.txt
[2.547s] writing entry points to open_manipulator_x_teleop.egg-info/entry_points.txt
[2.548s] writing requirements to open_manipulator_x_teleop.egg-info/requires.txt
[2.548s] writing top-level names to open_manipulator_x_teleop.egg-info/top_level.txt
[2.548s] writing manifest file 'open_manipulator_x_teleop.egg-info/SOURCES.txt'
[2.552s] reading manifest file 'open_manipulator_x_teleop.egg-info/SOURCES.txt'
[2.554s] writing manifest file 'open_manipulator_x_teleop.egg-info/SOURCES.txt'
[2.557s] running build_ext
[2.557s] Creating /home/ubuntu/robotis_ws/install/open_manipulator_x_teleop/lib/python3.10/site-packages/open-manipulator-x-teleop.egg-link (link to .)
[2.559s] Installing teleop_keyboard script to /home/ubuntu/robotis_ws/install/open_manipulator_x_teleop/lib/open_manipulator_x_teleop
[2.559s] 
[2.560s] Installed /home/ubuntu/robotis_ws/build/open_manipulator_x_teleop
[2.560s] running symlink_data
[2.560s] creating /home/ubuntu/robotis_ws/install/open_manipulator_x_teleop/share/ament_index
[2.560s] creating /home/ubuntu/robotis_ws/install/open_manipulator_x_teleop/share/ament_index/resource_index
[2.560s] creating /home/ubuntu/robotis_ws/install/open_manipulator_x_teleop/share/ament_index/resource_index/packages
[2.560s] symbolically linking /home/ubuntu/robotis_ws/build/open_manipulator_x_teleop/resource/open_manipulator_x_teleop -> /home/ubuntu/robotis_ws/install/open_manipulator_x_teleop/share/ament_index/resource_index/packages
[2.561s] symbolically linking /home/ubuntu/robotis_ws/build/open_manipulator_x_teleop/package.xml -> /home/ubuntu/robotis_ws/install/open_manipulator_x_teleop/share/open_manipulator_x_teleop
[2.628s] Invoked command in '/home/ubuntu/robotis_ws/build/open_manipulator_x_teleop' returned '0': AMENT_PREFIX_PATH=/home/ubuntu/robotis_ws/install/open_manipulator_msgs:${AMENT_PREFIX_PATH} CMAKE_PREFIX_PATH=/home/ubuntu/robotis_ws/install/open_manipulator_msgs LD_LIBRARY_PATH=/home/ubuntu/robotis_ws/install/open_manipulator_msgs/lib:${LD_LIBRARY_PATH} PYTHONPATH=/home/ubuntu/robotis_ws/build/open_manipulator_x_teleop/prefix_override:/usr/lib/python3/dist-packages/colcon_core/task/python/colcon_distutils_commands:/home/ubuntu/robotis_ws/install/open_manipulator_x_teleop/lib/python3.10/site-packages:/home/ubuntu/robotis_ws/install/open_manipulator_msgs/local/lib/python3.10/dist-packages:${PYTHONPATH} /usr/bin/python3 -W ignore:setup.py install is deprecated setup.py develop --editable --build-directory /home/ubuntu/robotis_ws/build/open_manipulator_x_teleop/build --no-deps symlink_data
