[0.031s] Invoking command in '/home/ubuntu/robotis_ws/build/open_manipulator_x_controller': CMAKE_PREFIX_PATH=/home/ubuntu/robotis_ws/install/open_manipulator_x_libs:/home/ubuntu/robotis_ws/install/robotis_manipulator:/home/ubuntu/robotis_ws/install/dynamixel_workbench_toolbox:/home/ubuntu/robotis_ws/install/open_manipulator_msgs:/home/ubuntu/robotis_ws/install/dynamixel_sdk:/home/ubuntu/robotis_ws/install/cmake_modules:/home/ubuntu/robotis_ws/install/open_manipulator:/home/ubuntu/robotis_ws/install/open_manipulator_x_controller:/home/ubuntu/robotis_ws/install/open_manipulator_x_description:/home/ubuntu/robotis_ws/install/dynamixel_workbench:/home/ubuntu/robotis_ws/install/dynamixel_sdk_examples:/home/ubuntu/robotis_ws/install/dynamixel_sdk_custom_interfaces:/home/ubuntu/robotis_ws/install/open_manipulator_x_teleop:/opt/ros/humble LD_LIBRARY_PATH=/home/ubuntu/robotis_ws/install/open_manipulator_x_libs/lib:/home/ubuntu/robotis_ws/install/robotis_manipulator/lib:/home/ubuntu/robotis_ws/install/dynamixel_workbench_toolbox/lib:/home/ubuntu/robotis_ws/install/open_manipulator_msgs/lib:/home/ubuntu/robotis_ws/install/dynamixel_sdk/lib:${LD_LIBRARY_PATH} /usr/bin/cmake --build /home/ubuntu/robotis_ws/build/open_manipulator_x_controller -- -j8 -l8
[0.101s] [35m[1mConsolidate compiler generated dependencies of target open_manipulator_x_controller[0m
[0.138s] [ 50%] [32mBuilding CXX object CMakeFiles/open_manipulator_x_controller.dir/src/open_manipulator_x_controller.cpp.o[0m
[17.114s] [100%] [32m[1mLinking CXX executable open_manipulator_x_controller[0m
[18.398s] [100%] Built target open_manipulator_x_controller
[18.416s] Invoked command in '/home/ubuntu/robotis_ws/build/open_manipulator_x_controller' returned '0': CMAKE_PREFIX_PATH=/home/ubuntu/robotis_ws/install/open_manipulator_x_libs:/home/ubuntu/robotis_ws/install/robotis_manipulator:/home/ubuntu/robotis_ws/install/dynamixel_workbench_toolbox:/home/ubuntu/robotis_ws/install/open_manipulator_msgs:/home/ubuntu/robotis_ws/install/dynamixel_sdk:/home/ubuntu/robotis_ws/install/cmake_modules:/home/ubuntu/robotis_ws/install/open_manipulator:/home/ubuntu/robotis_ws/install/open_manipulator_x_controller:/home/ubuntu/robotis_ws/install/open_manipulator_x_description:/home/ubuntu/robotis_ws/install/dynamixel_workbench:/home/ubuntu/robotis_ws/install/dynamixel_sdk_examples:/home/ubuntu/robotis_ws/install/dynamixel_sdk_custom_interfaces:/home/ubuntu/robotis_ws/install/open_manipulator_x_teleop:/opt/ros/humble LD_LIBRARY_PATH=/home/ubuntu/robotis_ws/install/open_manipulator_x_libs/lib:/home/ubuntu/robotis_ws/install/robotis_manipulator/lib:/home/ubuntu/robotis_ws/install/dynamixel_workbench_toolbox/lib:/home/ubuntu/robotis_ws/install/open_manipulator_msgs/lib:/home/ubuntu/robotis_ws/install/dynamixel_sdk/lib:${LD_LIBRARY_PATH} /usr/bin/cmake --build /home/ubuntu/robotis_ws/build/open_manipulator_x_controller -- -j8 -l8
[18.452s] Invoking command in '/home/ubuntu/robotis_ws/build/open_manipulator_x_controller': CMAKE_PREFIX_PATH=/home/ubuntu/robotis_ws/install/open_manipulator_x_libs:/home/ubuntu/robotis_ws/install/robotis_manipulator:/home/ubuntu/robotis_ws/install/dynamixel_workbench_toolbox:/home/ubuntu/robotis_ws/install/open_manipulator_msgs:/home/ubuntu/robotis_ws/install/dynamixel_sdk:/home/ubuntu/robotis_ws/install/cmake_modules:/home/ubuntu/robotis_ws/install/open_manipulator:/home/ubuntu/robotis_ws/install/open_manipulator_x_controller:/home/ubuntu/robotis_ws/install/open_manipulator_x_description:/home/ubuntu/robotis_ws/install/dynamixel_workbench:/home/ubuntu/robotis_ws/install/dynamixel_sdk_examples:/home/ubuntu/robotis_ws/install/dynamixel_sdk_custom_interfaces:/home/ubuntu/robotis_ws/install/open_manipulator_x_teleop:/opt/ros/humble LD_LIBRARY_PATH=/home/ubuntu/robotis_ws/install/open_manipulator_x_libs/lib:/home/ubuntu/robotis_ws/install/robotis_manipulator/lib:/home/ubuntu/robotis_ws/install/dynamixel_workbench_toolbox/lib:/home/ubuntu/robotis_ws/install/open_manipulator_msgs/lib:/home/ubuntu/robotis_ws/install/dynamixel_sdk/lib:${LD_LIBRARY_PATH} /usr/bin/cmake --install /home/ubuntu/robotis_ws/build/open_manipulator_x_controller
[18.463s] -- Install configuration: ""
[18.464s] -- Execute custom install script
[18.465s] -- Up-to-date symlink: /home/ubuntu/robotis_ws/install/open_manipulator_x_controller/lib/open_manipulator_x_controller/open_manipulator_x_controller
[18.466s] -- Up-to-date symlink: /home/ubuntu/robotis_ws/install/open_manipulator_x_controller/share/open_manipulator_x_controller/99-open-manipulator-cdc.rules
[18.466s] -- Up-to-date symlink: /home/ubuntu/robotis_ws/install/open_manipulator_x_controller/share/open_manipulator_x_controller/launch/open_manipulator_x_controller.launch.py
[18.467s] -- Up-to-date symlink: /home/ubuntu/robotis_ws/install/open_manipulator_x_controller/share/open_manipulator_x_controller/param/open_manipulator_x_controller_params.yaml
[18.468s] -- Up-to-date symlink: /home/ubuntu/robotis_ws/install/open_manipulator_x_controller/lib/open_manipulator_x_controller/create_udev_rules
[18.468s] -- Up-to-date symlink: /home/ubuntu/robotis_ws/install/open_manipulator_x_controller/share/ament_index/resource_index/package_run_dependencies/open_manipulator_x_controller
[18.469s] -- Up-to-date symlink: /home/ubuntu/robotis_ws/install/open_manipulator_x_controller/share/ament_index/resource_index/parent_prefix_path/open_manipulator_x_controller
[18.469s] -- Up-to-date symlink: /home/ubuntu/robotis_ws/install/open_manipulator_x_controller/share/open_manipulator_x_controller/environment/ament_prefix_path.sh
[18.469s] -- Up-to-date symlink: /home/ubuntu/robotis_ws/install/open_manipulator_x_controller/share/open_manipulator_x_controller/environment/ament_prefix_path.dsv
[18.470s] -- Up-to-date symlink: /home/ubuntu/robotis_ws/install/open_manipulator_x_controller/share/open_manipulator_x_controller/environment/path.sh
[18.470s] -- Up-to-date symlink: /home/ubuntu/robotis_ws/install/open_manipulator_x_controller/share/open_manipulator_x_controller/environment/path.dsv
[18.470s] -- Up-to-date symlink: /home/ubuntu/robotis_ws/install/open_manipulator_x_controller/share/open_manipulator_x_controller/local_setup.bash
[18.471s] -- Up-to-date symlink: /home/ubuntu/robotis_ws/install/open_manipulator_x_controller/share/open_manipulator_x_controller/local_setup.sh
[18.471s] -- Up-to-date symlink: /home/ubuntu/robotis_ws/install/open_manipulator_x_controller/share/open_manipulator_x_controller/local_setup.zsh
[18.471s] -- Up-to-date symlink: /home/ubuntu/robotis_ws/install/open_manipulator_x_controller/share/open_manipulator_x_controller/local_setup.dsv
[18.472s] -- Symlinking: /home/ubuntu/robotis_ws/install/open_manipulator_x_controller/share/open_manipulator_x_controller/package.dsv
[18.484s] -- Up-to-date symlink: /home/ubuntu/robotis_ws/install/open_manipulator_x_controller/share/ament_index/resource_index/packages/open_manipulator_x_controller
[18.485s] -- Up-to-date symlink: /home/ubuntu/robotis_ws/install/open_manipulator_x_controller/share/open_manipulator_x_controller/cmake/ament_cmake_export_include_directories-extras.cmake
[18.485s] -- Up-to-date symlink: /home/ubuntu/robotis_ws/install/open_manipulator_x_controller/share/open_manipulator_x_controller/cmake/ament_cmake_export_dependencies-extras.cmake
[18.485s] -- Up-to-date symlink: /home/ubuntu/robotis_ws/install/open_manipulator_x_controller/share/open_manipulator_x_controller/cmake/open_manipulator_x_controllerConfig.cmake
[18.485s] -- Up-to-date symlink: /home/ubuntu/robotis_ws/install/open_manipulator_x_controller/share/open_manipulator_x_controller/cmake/open_manipulator_x_controllerConfig-version.cmake
[18.486s] -- Up-to-date symlink: /home/ubuntu/robotis_ws/install/open_manipulator_x_controller/share/open_manipulator_x_controller/package.xml
[18.488s] Invoked command in '/home/ubuntu/robotis_ws/build/open_manipulator_x_controller' returned '0': CMAKE_PREFIX_PATH=/home/ubuntu/robotis_ws/install/open_manipulator_x_libs:/home/ubuntu/robotis_ws/install/robotis_manipulator:/home/ubuntu/robotis_ws/install/dynamixel_workbench_toolbox:/home/ubuntu/robotis_ws/install/open_manipulator_msgs:/home/ubuntu/robotis_ws/install/dynamixel_sdk:/home/ubuntu/robotis_ws/install/cmake_modules:/home/ubuntu/robotis_ws/install/open_manipulator:/home/ubuntu/robotis_ws/install/open_manipulator_x_controller:/home/ubuntu/robotis_ws/install/open_manipulator_x_description:/home/ubuntu/robotis_ws/install/dynamixel_workbench:/home/ubuntu/robotis_ws/install/dynamixel_sdk_examples:/home/ubuntu/robotis_ws/install/dynamixel_sdk_custom_interfaces:/home/ubuntu/robotis_ws/install/open_manipulator_x_teleop:/opt/ros/humble LD_LIBRARY_PATH=/home/ubuntu/robotis_ws/install/open_manipulator_x_libs/lib:/home/ubuntu/robotis_ws/install/robotis_manipulator/lib:/home/ubuntu/robotis_ws/install/dynamixel_workbench_toolbox/lib:/home/ubuntu/robotis_ws/install/open_manipulator_msgs/lib:/home/ubuntu/robotis_ws/install/dynamixel_sdk/lib:${LD_LIBRARY_PATH} /usr/bin/cmake --install /home/ubuntu/robotis_ws/build/open_manipulator_x_controller
