[0.046s] Invoking command in '/home/ubuntu/robotis_ws/build/open_manipulator_gazebo': /usr/bin/cmake /home/ubuntu/robotis_ws/src/open_manipulator_simulations/open_manipulator_gazebo -DCATKIN_INSTALL_INTO_PREFIX_ROOT=0 -DCATKIN_SYMLINK_INSTALL=ON -DCMAKE_INSTALL_PREFIX=/home/ubuntu/robotis_ws/install/open_manipulator_gazebo
[0.104s] -- Configuring incomplete, errors occurred!
[0.104s] See also "/home/ubuntu/robotis_ws/build/open_manipulator_gazebo/CMakeFiles/CMakeOutput.log".
[0.104s] [31mCMake Error at CMakeLists.txt:12 (find_package):
[0.104s]   By not providing "Findcatkin.cmake" in CMAKE_MODULE_PATH this project has
[0.105s]   asked CMake to find a package configuration file provided by "catkin", but
[0.105s]   CMake did not find one.
[0.105s] 
[0.105s]   Could not find a package configuration file provided by "catkin" with any
[0.105s]   of the following names:
[0.105s] 
[0.106s]     catkinConfig.cmake
[0.106s]     catkin-config.cmake
[0.106s] 
[0.106s]   Add the installation prefix of "catkin" to CMAKE_PREFIX_PATH or set
[0.106s]   "catkin_DIR" to a directory containing one of the above files.  If "catkin"
[0.106s]   provides a separate development package or SDK, be sure it has been
[0.107s]   installed.
[0.107s] 
[0.107s] [0m
[0.112s] Invoked command in '/home/ubuntu/robotis_ws/build/open_manipulator_gazebo' returned '1': /usr/bin/cmake /home/ubuntu/robotis_ws/src/open_manipulator_simulations/open_manipulator_gazebo -DCATKIN_INSTALL_INTO_PREFIX_ROOT=0 -DCATKIN_SYMLINK_INSTALL=ON -DCMAKE_INSTALL_PREFIX=/home/ubuntu/robotis_ws/install/open_manipulator_gazebo
