[0.047s] Invoking command in '/home/ubuntu/robotis_ws/build/dynamixel_sdk_examples': CMAKE_PREFIX_PATH=/home/ubuntu/robotis_ws/install/dynamixel_sdk_custom_interfaces:/home/ubuntu/robotis_ws/install/dynamixel_sdk:/home/ubuntu/robotis_ws/install/open_manipulator:/home/ubuntu/robotis_ws/install/open_manipulator_x_controller:/home/ubuntu/robotis_ws/install/open_manipulator_x_libs:/home/ubuntu/robotis_ws/install/robotis_manipulator:/home/ubuntu/robotis_ws/install/moveit2:/home/ubuntu/robotis_ws/install/open_manipulator_x_description:/home/ubuntu/robotis_ws/install/open_manipulator_msgs:/home/ubuntu/robotis_ws/install/dynamixel_workbench:/home/ubuntu/robotis_ws/install/dynamixel_workbench_toolbox:/home/ubuntu/robotis_ws/install/dynamixel_sdk_examples:/home/ubuntu/robotis_ws/install/cmake_modules:/home/ubuntu/robotis_ws/install/open_manipulator_x_teleop:/opt/ros/humble LD_LIBRARY_PATH=/home/ubuntu/robotis_ws/install/dynamixel_sdk_custom_interfaces/lib:/home/ubuntu/robotis_ws/install/dynamixel_sdk/lib:${LD_LIBRARY_PATH} /usr/bin/cmake --build /home/ubuntu/robotis_ws/build/dynamixel_sdk_examples -- -j8 -l8
[0.146s] [100%] Built target read_write_node
[0.171s] Invoked command in '/home/ubuntu/robotis_ws/build/dynamixel_sdk_examples' returned '0': CMAKE_PREFIX_PATH=/home/ubuntu/robotis_ws/install/dynamixel_sdk_custom_interfaces:/home/ubuntu/robotis_ws/install/dynamixel_sdk:/home/ubuntu/robotis_ws/install/open_manipulator:/home/ubuntu/robotis_ws/install/open_manipulator_x_controller:/home/ubuntu/robotis_ws/install/open_manipulator_x_libs:/home/ubuntu/robotis_ws/install/robotis_manipulator:/home/ubuntu/robotis_ws/install/moveit2:/home/ubuntu/robotis_ws/install/open_manipulator_x_description:/home/ubuntu/robotis_ws/install/open_manipulator_msgs:/home/ubuntu/robotis_ws/install/dynamixel_workbench:/home/ubuntu/robotis_ws/install/dynamixel_workbench_toolbox:/home/ubuntu/robotis_ws/install/dynamixel_sdk_examples:/home/ubuntu/robotis_ws/install/cmake_modules:/home/ubuntu/robotis_ws/install/open_manipulator_x_teleop:/opt/ros/humble LD_LIBRARY_PATH=/home/ubuntu/robotis_ws/install/dynamixel_sdk_custom_interfaces/lib:/home/ubuntu/robotis_ws/install/dynamixel_sdk/lib:${LD_LIBRARY_PATH} /usr/bin/cmake --build /home/ubuntu/robotis_ws/build/dynamixel_sdk_examples -- -j8 -l8
[0.222s] Invoking command in '/home/ubuntu/robotis_ws/build/dynamixel_sdk_examples': CMAKE_PREFIX_PATH=/home/ubuntu/robotis_ws/install/dynamixel_sdk_custom_interfaces:/home/ubuntu/robotis_ws/install/dynamixel_sdk:/home/ubuntu/robotis_ws/install/open_manipulator:/home/ubuntu/robotis_ws/install/open_manipulator_x_controller:/home/ubuntu/robotis_ws/install/open_manipulator_x_libs:/home/ubuntu/robotis_ws/install/robotis_manipulator:/home/ubuntu/robotis_ws/install/moveit2:/home/ubuntu/robotis_ws/install/open_manipulator_x_description:/home/ubuntu/robotis_ws/install/open_manipulator_msgs:/home/ubuntu/robotis_ws/install/dynamixel_workbench:/home/ubuntu/robotis_ws/install/dynamixel_workbench_toolbox:/home/ubuntu/robotis_ws/install/dynamixel_sdk_examples:/home/ubuntu/robotis_ws/install/cmake_modules:/home/ubuntu/robotis_ws/install/open_manipulator_x_teleop:/opt/ros/humble LD_LIBRARY_PATH=/home/ubuntu/robotis_ws/install/dynamixel_sdk_custom_interfaces/lib:/home/ubuntu/robotis_ws/install/dynamixel_sdk/lib:${LD_LIBRARY_PATH} /usr/bin/cmake --install /home/ubuntu/robotis_ws/build/dynamixel_sdk_examples
[0.234s] -- Install configuration: ""
[0.235s] -- Execute custom install script
[0.236s] -- Up-to-date symlink: /home/ubuntu/robotis_ws/install/dynamixel_sdk_examples/lib/dynamixel_sdk_examples/read_write_node
[0.236s] -- Up-to-date symlink: /home/ubuntu/robotis_ws/install/dynamixel_sdk_examples/share/ament_index/resource_index/package_run_dependencies/dynamixel_sdk_examples
[0.237s] -- Up-to-date symlink: /home/ubuntu/robotis_ws/install/dynamixel_sdk_examples/share/ament_index/resource_index/parent_prefix_path/dynamixel_sdk_examples
[0.237s] -- Up-to-date symlink: /home/ubuntu/robotis_ws/install/dynamixel_sdk_examples/share/dynamixel_sdk_examples/environment/ament_prefix_path.sh
[0.237s] -- Up-to-date symlink: /home/ubuntu/robotis_ws/install/dynamixel_sdk_examples/share/dynamixel_sdk_examples/environment/ament_prefix_path.dsv
[0.237s] -- Up-to-date symlink: /home/ubuntu/robotis_ws/install/dynamixel_sdk_examples/share/dynamixel_sdk_examples/environment/path.sh
[0.238s] -- Up-to-date symlink: /home/ubuntu/robotis_ws/install/dynamixel_sdk_examples/share/dynamixel_sdk_examples/environment/path.dsv
[0.238s] -- Up-to-date symlink: /home/ubuntu/robotis_ws/install/dynamixel_sdk_examples/share/dynamixel_sdk_examples/local_setup.bash
[0.239s] -- Up-to-date symlink: /home/ubuntu/robotis_ws/install/dynamixel_sdk_examples/share/dynamixel_sdk_examples/local_setup.sh
[0.239s] -- Up-to-date symlink: /home/ubuntu/robotis_ws/install/dynamixel_sdk_examples/share/dynamixel_sdk_examples/local_setup.zsh
[0.239s] -- Up-to-date symlink: /home/ubuntu/robotis_ws/install/dynamixel_sdk_examples/share/dynamixel_sdk_examples/local_setup.dsv
[0.239s] -- Symlinking: /home/ubuntu/robotis_ws/install/dynamixel_sdk_examples/share/dynamixel_sdk_examples/package.dsv
[0.255s] -- Up-to-date symlink: /home/ubuntu/robotis_ws/install/dynamixel_sdk_examples/share/ament_index/resource_index/packages/dynamixel_sdk_examples
[0.256s] -- Up-to-date symlink: /home/ubuntu/robotis_ws/install/dynamixel_sdk_examples/share/dynamixel_sdk_examples/cmake/dynamixel_sdk_examplesConfig.cmake
[0.256s] -- Up-to-date symlink: /home/ubuntu/robotis_ws/install/dynamixel_sdk_examples/share/dynamixel_sdk_examples/cmake/dynamixel_sdk_examplesConfig-version.cmake
[0.257s] -- Up-to-date symlink: /home/ubuntu/robotis_ws/install/dynamixel_sdk_examples/share/dynamixel_sdk_examples/package.xml
[0.260s] Invoked command in '/home/ubuntu/robotis_ws/build/dynamixel_sdk_examples' returned '0': CMAKE_PREFIX_PATH=/home/ubuntu/robotis_ws/install/dynamixel_sdk_custom_interfaces:/home/ubuntu/robotis_ws/install/dynamixel_sdk:/home/ubuntu/robotis_ws/install/open_manipulator:/home/ubuntu/robotis_ws/install/open_manipulator_x_controller:/home/ubuntu/robotis_ws/install/open_manipulator_x_libs:/home/ubuntu/robotis_ws/install/robotis_manipulator:/home/ubuntu/robotis_ws/install/moveit2:/home/ubuntu/robotis_ws/install/open_manipulator_x_description:/home/ubuntu/robotis_ws/install/open_manipulator_msgs:/home/ubuntu/robotis_ws/install/dynamixel_workbench:/home/ubuntu/robotis_ws/install/dynamixel_workbench_toolbox:/home/ubuntu/robotis_ws/install/dynamixel_sdk_examples:/home/ubuntu/robotis_ws/install/cmake_modules:/home/ubuntu/robotis_ws/install/open_manipulator_x_teleop:/opt/ros/humble LD_LIBRARY_PATH=/home/ubuntu/robotis_ws/install/dynamixel_sdk_custom_interfaces/lib:/home/ubuntu/robotis_ws/install/dynamixel_sdk/lib:${LD_LIBRARY_PATH} /usr/bin/cmake --install /home/ubuntu/robotis_ws/build/dynamixel_sdk_examples
