[0.040s] Invoking command in '/home/ubuntu/robotis_ws/build/cmake_modules': CMAKE_PREFIX_PATH=${CMAKE_PREFIX_PATH}:/home/ubuntu/robotis_ws/install/open_manipulator_x_teleop:/opt/ros/humble /usr/bin/cmake --build /home/ubuntu/robotis_ws/build/cmake_modules -- -j8 -l8
[0.113s] Invoked command in '/home/ubuntu/robotis_ws/build/cmake_modules' returned '0': CMAKE_PREFIX_PATH=${CMAKE_PREFIX_PATH}:/home/ubuntu/robotis_ws/install/open_manipulator_x_teleop:/opt/ros/humble /usr/bin/cmake --build /home/ubuntu/robotis_ws/build/cmake_modules -- -j8 -l8
[0.201s] Invoking command in '/home/ubuntu/robotis_ws/build/cmake_modules': CMAKE_PREFIX_PATH=${CMAKE_PREFIX_PATH}:/home/ubuntu/robotis_ws/install/open_manipulator_x_teleop:/opt/ros/humble /usr/bin/cmake --install /home/ubuntu/robotis_ws/build/cmake_modules
[0.221s] -- Install configuration: ""
[0.232s] -- Execute custom install script
[0.232s] -- Up-to-date symlink: /home/ubuntu/robotis_ws/install/cmake_modules/share/cmake_modules/cmake/Modules/FindGSL.cmake
[0.233s] -- Up-to-date symlink: /home/ubuntu/robotis_ws/install/cmake_modules/share/cmake_modules/cmake/Modules/FindGflags.cmake
[0.234s] -- Up-to-date symlink: /home/ubuntu/robotis_ws/install/cmake_modules/share/cmake_modules/cmake/Modules/FindNUMPY.cmake
[0.235s] -- Up-to-date symlink: /home/ubuntu/robotis_ws/install/cmake_modules/share/cmake_modules/cmake/Modules/FindPoco.cmake
[0.236s] -- Up-to-date symlink: /home/ubuntu/robotis_ws/install/cmake_modules/share/cmake_modules/cmake/Modules/FindTBB.cmake
[0.237s] -- Up-to-date symlink: /home/ubuntu/robotis_ws/install/cmake_modules/share/cmake_modules/cmake/Modules/FindTinyXML.cmake
[0.237s] -- Up-to-date symlink: /home/ubuntu/robotis_ws/install/cmake_modules/share/cmake_modules/cmake/Modules/FindTinyXML2.cmake
[0.238s] -- Up-to-date symlink: /home/ubuntu/robotis_ws/install/cmake_modules/share/cmake_modules/cmake/Modules/FindUUID.cmake
[0.238s] -- Up-to-date symlink: /home/ubuntu/robotis_ws/install/cmake_modules/share/cmake_modules/cmake/Modules/FindXenomai.cmake
[0.239s] -- Up-to-date symlink: /home/ubuntu/robotis_ws/install/cmake_modules/share/ament_index/resource_index/package_run_dependencies/cmake_modules
[0.241s] -- Up-to-date symlink: /home/ubuntu/robotis_ws/install/cmake_modules/share/ament_index/resource_index/parent_prefix_path/cmake_modules
[0.242s] -- Up-to-date symlink: /home/ubuntu/robotis_ws/install/cmake_modules/share/cmake_modules/environment/ament_prefix_path.sh
[0.243s] -- Up-to-date symlink: /home/ubuntu/robotis_ws/install/cmake_modules/share/cmake_modules/environment/ament_prefix_path.dsv
[0.244s] -- Up-to-date symlink: /home/ubuntu/robotis_ws/install/cmake_modules/share/cmake_modules/environment/path.sh
[0.244s] -- Up-to-date symlink: /home/ubuntu/robotis_ws/install/cmake_modules/share/cmake_modules/environment/path.dsv
[0.245s] -- Up-to-date symlink: /home/ubuntu/robotis_ws/install/cmake_modules/share/cmake_modules/local_setup.bash
[0.246s] -- Up-to-date symlink: /home/ubuntu/robotis_ws/install/cmake_modules/share/cmake_modules/local_setup.sh
[0.247s] -- Up-to-date symlink: /home/ubuntu/robotis_ws/install/cmake_modules/share/cmake_modules/local_setup.zsh
[0.248s] -- Up-to-date symlink: /home/ubuntu/robotis_ws/install/cmake_modules/share/cmake_modules/local_setup.dsv
[0.248s] -- Symlinking: /home/ubuntu/robotis_ws/install/cmake_modules/share/cmake_modules/package.dsv
[0.275s] -- Up-to-date symlink: /home/ubuntu/robotis_ws/install/cmake_modules/share/ament_index/resource_index/packages/cmake_modules
[0.276s] -- Up-to-date symlink: /home/ubuntu/robotis_ws/install/cmake_modules/share/cmake_modules/cmake/cmake_modules-extras.cmake
[0.276s] -- Up-to-date symlink: /home/ubuntu/robotis_ws/install/cmake_modules/share/cmake_modules/cmake/ament_cmake_export_dependencies-extras.cmake
[0.277s] -- Up-to-date symlink: /home/ubuntu/robotis_ws/install/cmake_modules/share/cmake_modules/cmake/cmake_modulesConfig.cmake
[0.277s] -- Up-to-date symlink: /home/ubuntu/robotis_ws/install/cmake_modules/share/cmake_modules/cmake/cmake_modulesConfig-version.cmake
[0.278s] -- Up-to-date symlink: /home/ubuntu/robotis_ws/install/cmake_modules/share/cmake_modules/package.xml
[0.286s] Invoked command in '/home/ubuntu/robotis_ws/build/cmake_modules' returned '0': CMAKE_PREFIX_PATH=${CMAKE_PREFIX_PATH}:/home/ubuntu/robotis_ws/install/open_manipulator_x_teleop:/opt/ros/humble /usr/bin/cmake --install /home/ubuntu/robotis_ws/build/cmake_modules
