[0.733s] Invoking command in '/home/ubuntu/robotis_ws/src/open_manipulator/open_manipulator_x_teleop': AMENT_PREFIX_PATH=/home/ubuntu/robotis_ws/install/open_manipulator_msgs:${AMENT_PREFIX_PATH} CMAKE_PREFIX_PATH=/home/ubuntu/robotis_ws/install/open_manipulator_msgs LD_LIBRARY_PATH=/home/ubuntu/robotis_ws/install/open_manipulator_msgs/lib:${LD_LIBRARY_PATH} PYTHONPATH=/home/ubuntu/robotis_ws/build/open_manipulator_x_teleop/prefix_override:/usr/lib/python3/dist-packages/colcon_core/task/python/colcon_distutils_commands:/home/ubuntu/robotis_ws/install/open_manipulator_x_teleop/lib/python3.10/site-packages:/home/ubuntu/robotis_ws/install/open_manipulator_msgs/local/lib/python3.10/dist-packages:${PYTHONPATH} /usr/bin/python3 -W ignore:setup.py install is deprecated setup.py egg_info --egg-base ../../../build/open_manipulator_x_teleop build --build-base /home/ubuntu/robotis_ws/build/open_manipulator_x_teleop/build install --record /home/ubuntu/robotis_ws/build/open_manipulator_x_teleop/install.log --single-version-externally-managed install_data
[1.031s] running egg_info
[1.032s] writing ../../../build/open_manipulator_x_teleop/open_manipulator_x_teleop.egg-info/PKG-INFO
[1.033s] writing dependency_links to ../../../build/open_manipulator_x_teleop/open_manipulator_x_teleop.egg-info/dependency_links.txt
[1.033s] writing entry points to ../../../build/open_manipulator_x_teleop/open_manipulator_x_teleop.egg-info/entry_points.txt
[1.033s] writing requirements to ../../../build/open_manipulator_x_teleop/open_manipulator_x_teleop.egg-info/requires.txt
[1.033s] writing top-level names to ../../../build/open_manipulator_x_teleop/open_manipulator_x_teleop.egg-info/top_level.txt
[1.035s] reading manifest file '../../../build/open_manipulator_x_teleop/open_manipulator_x_teleop.egg-info/SOURCES.txt'
[1.036s] writing manifest file '../../../build/open_manipulator_x_teleop/open_manipulator_x_teleop.egg-info/SOURCES.txt'
[1.037s] running build
[1.037s] running build_py
[1.037s] running install
[1.037s] running install_lib
[1.039s] running install_data
[1.039s] running install_egg_info
[1.041s] removing '/home/ubuntu/robotis_ws/install/open_manipulator_x_teleop/lib/python3.10/site-packages/open_manipulator_x_teleop-2.3.0-py3.10.egg-info' (and everything under it)
[1.041s] Copying ../../../build/open_manipulator_x_teleop/open_manipulator_x_teleop.egg-info to /home/ubuntu/robotis_ws/install/open_manipulator_x_teleop/lib/python3.10/site-packages/open_manipulator_x_teleop-2.3.0-py3.10.egg-info
[1.042s] running install_scripts
[1.067s] Installing teleop_keyboard script to /home/ubuntu/robotis_ws/install/open_manipulator_x_teleop/lib/open_manipulator_x_teleop
[1.067s] writing list of installed files to '/home/ubuntu/robotis_ws/build/open_manipulator_x_teleop/install.log'
[1.099s] Invoked command in '/home/ubuntu/robotis_ws/src/open_manipulator/open_manipulator_x_teleop' returned '0': AMENT_PREFIX_PATH=/home/ubuntu/robotis_ws/install/open_manipulator_msgs:${AMENT_PREFIX_PATH} CMAKE_PREFIX_PATH=/home/ubuntu/robotis_ws/install/open_manipulator_msgs LD_LIBRARY_PATH=/home/ubuntu/robotis_ws/install/open_manipulator_msgs/lib:${LD_LIBRARY_PATH} PYTHONPATH=/home/ubuntu/robotis_ws/build/open_manipulator_x_teleop/prefix_override:/usr/lib/python3/dist-packages/colcon_core/task/python/colcon_distutils_commands:/home/ubuntu/robotis_ws/install/open_manipulator_x_teleop/lib/python3.10/site-packages:/home/ubuntu/robotis_ws/install/open_manipulator_msgs/local/lib/python3.10/dist-packages:${PYTHONPATH} /usr/bin/python3 -W ignore:setup.py install is deprecated setup.py egg_info --egg-base ../../../build/open_manipulator_x_teleop build --build-base /home/ubuntu/robotis_ws/build/open_manipulator_x_teleop/build install --record /home/ubuntu/robotis_ws/build/open_manipulator_x_teleop/install.log --single-version-externally-managed install_data
