[0.108s] Invoking command in '/home/ubuntu/robotis_ws/build/open_manipulator_x_controller': CMAKE_PREFIX_PATH=/home/ubuntu/robotis_ws/install/open_manipulator_x_libs:/home/ubuntu/robotis_ws/install/robotis_manipulator:/home/ubuntu/robotis_ws/install/dynamixel_workbench_toolbox:/home/ubuntu/robotis_ws/install/open_manipulator_msgs:/home/ubuntu/robotis_ws/install/dynamixel_sdk:/home/ubuntu/robotis_ws/install/cmake_modules:/home/ubuntu/robotis_ws/install/open_manipulator:/home/ubuntu/robotis_ws/install/open_manipulator_x_controller:/home/ubuntu/robotis_ws/install/moveit2:/home/ubuntu/robotis_ws/install/open_manipulator_x_description:/home/ubuntu/robotis_ws/install/dynamixel_workbench:/home/ubuntu/robotis_ws/install/dynamixel_sdk_examples:/home/ubuntu/robotis_ws/install/dynamixel_sdk_custom_interfaces:/home/ubuntu/robotis_ws/install/open_manipulator_x_teleop:/opt/ros/humble LD_LIBRARY_PATH=/home/ubuntu/robotis_ws/install/open_manipulator_x_libs/lib:/home/ubuntu/robotis_ws/install/robotis_manipulator/lib:/home/ubuntu/robotis_ws/install/dynamixel_workbench_toolbox/lib:/home/ubuntu/robotis_ws/install/open_manipulator_msgs/lib:/home/ubuntu/robotis_ws/install/dynamixel_sdk/lib:/home/ubuntu/robotis_ws/install/dynamixel_sdk_custom_interfaces/lib:/usr/lib/x86_64-linux-gnu/gazebo-11/plugins:/opt/ros/humble/opt/rviz_ogre_vendor/lib:/opt/ros/humble/lib/x86_64-linux-gnu:/opt/ros/humble/lib /usr/bin/cmake /home/ubuntu/robotis_ws/src/open_manipulator/open_manipulator_x_controller -DCMAKE_INSTALL_PREFIX=/home/ubuntu/robotis_ws/install/open_manipulator_x_controller
[0.164s] -- Found ament_cmake: 1.3.9 (/opt/ros/humble/share/ament_cmake/cmake)
[0.657s] -- Override CMake install command with custom implementation using symlinks instead of copying resources
[0.687s] -- Found geometry_msgs: 4.2.4 (/opt/ros/humble/share/geometry_msgs/cmake)
[0.794s] -- Found rosidl_generator_c: 3.1.5 (/opt/ros/humble/share/rosidl_generator_c/cmake)
[0.804s] -- Found rosidl_adapter: 3.1.5 (/opt/ros/humble/share/rosidl_adapter/cmake)
[0.829s] -- Found rosidl_generator_cpp: 3.1.5 (/opt/ros/humble/share/rosidl_generator_cpp/cmake)
[0.876s] -- Using all available rosidl_typesupport_c: rosidl_typesupport_fastrtps_c;rosidl_typesupport_introspection_c
[0.942s] -- Using all available rosidl_typesupport_cpp: rosidl_typesupport_fastrtps_cpp;rosidl_typesupport_introspection_cpp
[1.414s] -- Found open_manipulator_msgs: 2.2.0 (/home/ubuntu/robotis_ws/install/open_manipulator_msgs/share/open_manipulator_msgs/cmake)
[1.752s] -- Found open_manipulator_x_libs: 2.3.0 (/home/ubuntu/robotis_ws/install/open_manipulator_x_libs/share/open_manipulator_x_libs/cmake)
[1.973s] -- Found rmw_implementation_cmake: 6.1.2 (/opt/ros/humble/share/rmw_implementation_cmake/cmake)
[1.981s] -- Found rmw_fastrtps_cpp: 6.2.6 (/opt/ros/humble/share/rmw_fastrtps_cpp/cmake)
[2.513s] -- Using RMW implementation 'rmw_fastrtps_cpp' as default
[3.216s] -- Found sensor_msgs: 4.2.4 (/opt/ros/humble/share/sensor_msgs/cmake)
[3.578s] -- Found trajectory_msgs: 4.2.4 (/opt/ros/humble/share/trajectory_msgs/cmake)
[4.338s] -- Configuring done
[4.450s] -- Generating done
[4.456s] -- Build files have been written to: /home/ubuntu/robotis_ws/build/open_manipulator_x_controller
[4.483s] Invoked command in '/home/ubuntu/robotis_ws/build/open_manipulator_x_controller' returned '0': CMAKE_PREFIX_PATH=/home/ubuntu/robotis_ws/install/open_manipulator_x_libs:/home/ubuntu/robotis_ws/install/robotis_manipulator:/home/ubuntu/robotis_ws/install/dynamixel_workbench_toolbox:/home/ubuntu/robotis_ws/install/open_manipulator_msgs:/home/ubuntu/robotis_ws/install/dynamixel_sdk:/home/ubuntu/robotis_ws/install/cmake_modules:/home/ubuntu/robotis_ws/install/open_manipulator:/home/ubuntu/robotis_ws/install/open_manipulator_x_controller:/home/ubuntu/robotis_ws/install/moveit2:/home/ubuntu/robotis_ws/install/open_manipulator_x_description:/home/ubuntu/robotis_ws/install/dynamixel_workbench:/home/ubuntu/robotis_ws/install/dynamixel_sdk_examples:/home/ubuntu/robotis_ws/install/dynamixel_sdk_custom_interfaces:/home/ubuntu/robotis_ws/install/open_manipulator_x_teleop:/opt/ros/humble LD_LIBRARY_PATH=/home/ubuntu/robotis_ws/install/open_manipulator_x_libs/lib:/home/ubuntu/robotis_ws/install/robotis_manipulator/lib:/home/ubuntu/robotis_ws/install/dynamixel_workbench_toolbox/lib:/home/ubuntu/robotis_ws/install/open_manipulator_msgs/lib:/home/ubuntu/robotis_ws/install/dynamixel_sdk/lib:/home/ubuntu/robotis_ws/install/dynamixel_sdk_custom_interfaces/lib:/usr/lib/x86_64-linux-gnu/gazebo-11/plugins:/opt/ros/humble/opt/rviz_ogre_vendor/lib:/opt/ros/humble/lib/x86_64-linux-gnu:/opt/ros/humble/lib /usr/bin/cmake /home/ubuntu/robotis_ws/src/open_manipulator/open_manipulator_x_controller -DCMAKE_INSTALL_PREFIX=/home/ubuntu/robotis_ws/install/open_manipulator_x_controller
[4.489s] Invoking command in '/home/ubuntu/robotis_ws/build/open_manipulator_x_controller': CMAKE_PREFIX_PATH=/home/ubuntu/robotis_ws/install/open_manipulator_x_libs:/home/ubuntu/robotis_ws/install/robotis_manipulator:/home/ubuntu/robotis_ws/install/dynamixel_workbench_toolbox:/home/ubuntu/robotis_ws/install/open_manipulator_msgs:/home/ubuntu/robotis_ws/install/dynamixel_sdk:/home/ubuntu/robotis_ws/install/cmake_modules:/home/ubuntu/robotis_ws/install/open_manipulator:/home/ubuntu/robotis_ws/install/open_manipulator_x_controller:/home/ubuntu/robotis_ws/install/moveit2:/home/ubuntu/robotis_ws/install/open_manipulator_x_description:/home/ubuntu/robotis_ws/install/dynamixel_workbench:/home/ubuntu/robotis_ws/install/dynamixel_sdk_examples:/home/ubuntu/robotis_ws/install/dynamixel_sdk_custom_interfaces:/home/ubuntu/robotis_ws/install/open_manipulator_x_teleop:/opt/ros/humble LD_LIBRARY_PATH=/home/ubuntu/robotis_ws/install/open_manipulator_x_libs/lib:/home/ubuntu/robotis_ws/install/robotis_manipulator/lib:/home/ubuntu/robotis_ws/install/dynamixel_workbench_toolbox/lib:/home/ubuntu/robotis_ws/install/open_manipulator_msgs/lib:/home/ubuntu/robotis_ws/install/dynamixel_sdk/lib:/home/ubuntu/robotis_ws/install/dynamixel_sdk_custom_interfaces/lib:/usr/lib/x86_64-linux-gnu/gazebo-11/plugins:/opt/ros/humble/opt/rviz_ogre_vendor/lib:/opt/ros/humble/lib/x86_64-linux-gnu:/opt/ros/humble/lib /usr/bin/cmake --build /home/ubuntu/robotis_ws/build/open_manipulator_x_controller -- -j8 -l8
[4.689s] [35m[1mConsolidate compiler generated dependencies of target open_manipulator_x_controller[0m
[4.792s] [ 50%] [32m[1mLinking CXX executable open_manipulator_x_controller[0m
[8.000s] [100%] Built target open_manipulator_x_controller
[8.051s] Invoked command in '/home/ubuntu/robotis_ws/build/open_manipulator_x_controller' returned '0': CMAKE_PREFIX_PATH=/home/ubuntu/robotis_ws/install/open_manipulator_x_libs:/home/ubuntu/robotis_ws/install/robotis_manipulator:/home/ubuntu/robotis_ws/install/dynamixel_workbench_toolbox:/home/ubuntu/robotis_ws/install/open_manipulator_msgs:/home/ubuntu/robotis_ws/install/dynamixel_sdk:/home/ubuntu/robotis_ws/install/cmake_modules:/home/ubuntu/robotis_ws/install/open_manipulator:/home/ubuntu/robotis_ws/install/open_manipulator_x_controller:/home/ubuntu/robotis_ws/install/moveit2:/home/ubuntu/robotis_ws/install/open_manipulator_x_description:/home/ubuntu/robotis_ws/install/dynamixel_workbench:/home/ubuntu/robotis_ws/install/dynamixel_sdk_examples:/home/ubuntu/robotis_ws/install/dynamixel_sdk_custom_interfaces:/home/ubuntu/robotis_ws/install/open_manipulator_x_teleop:/opt/ros/humble LD_LIBRARY_PATH=/home/ubuntu/robotis_ws/install/open_manipulator_x_libs/lib:/home/ubuntu/robotis_ws/install/robotis_manipulator/lib:/home/ubuntu/robotis_ws/install/dynamixel_workbench_toolbox/lib:/home/ubuntu/robotis_ws/install/open_manipulator_msgs/lib:/home/ubuntu/robotis_ws/install/dynamixel_sdk/lib:/home/ubuntu/robotis_ws/install/dynamixel_sdk_custom_interfaces/lib:/usr/lib/x86_64-linux-gnu/gazebo-11/plugins:/opt/ros/humble/opt/rviz_ogre_vendor/lib:/opt/ros/humble/lib/x86_64-linux-gnu:/opt/ros/humble/lib /usr/bin/cmake --build /home/ubuntu/robotis_ws/build/open_manipulator_x_controller -- -j8 -l8
[8.186s] Invoking command in '/home/ubuntu/robotis_ws/build/open_manipulator_x_controller': CMAKE_PREFIX_PATH=/home/ubuntu/robotis_ws/install/open_manipulator_x_libs:/home/ubuntu/robotis_ws/install/robotis_manipulator:/home/ubuntu/robotis_ws/install/dynamixel_workbench_toolbox:/home/ubuntu/robotis_ws/install/open_manipulator_msgs:/home/ubuntu/robotis_ws/install/dynamixel_sdk:/home/ubuntu/robotis_ws/install/cmake_modules:/home/ubuntu/robotis_ws/install/open_manipulator:/home/ubuntu/robotis_ws/install/open_manipulator_x_controller:/home/ubuntu/robotis_ws/install/moveit2:/home/ubuntu/robotis_ws/install/open_manipulator_x_description:/home/ubuntu/robotis_ws/install/dynamixel_workbench:/home/ubuntu/robotis_ws/install/dynamixel_sdk_examples:/home/ubuntu/robotis_ws/install/dynamixel_sdk_custom_interfaces:/home/ubuntu/robotis_ws/install/open_manipulator_x_teleop:/opt/ros/humble LD_LIBRARY_PATH=/home/ubuntu/robotis_ws/install/open_manipulator_x_libs/lib:/home/ubuntu/robotis_ws/install/robotis_manipulator/lib:/home/ubuntu/robotis_ws/install/dynamixel_workbench_toolbox/lib:/home/ubuntu/robotis_ws/install/open_manipulator_msgs/lib:/home/ubuntu/robotis_ws/install/dynamixel_sdk/lib:/home/ubuntu/robotis_ws/install/dynamixel_sdk_custom_interfaces/lib:/usr/lib/x86_64-linux-gnu/gazebo-11/plugins:/opt/ros/humble/opt/rviz_ogre_vendor/lib:/opt/ros/humble/lib/x86_64-linux-gnu:/opt/ros/humble/lib /usr/bin/cmake --install /home/ubuntu/robotis_ws/build/open_manipulator_x_controller
[8.220s] -- Install configuration: ""
[8.222s] -- Execute custom install script
[8.230s] -- Up-to-date symlink: /home/ubuntu/robotis_ws/install/open_manipulator_x_controller/lib/open_manipulator_x_controller/open_manipulator_x_controller
[8.231s] -- Up-to-date symlink: /home/ubuntu/robotis_ws/install/open_manipulator_x_controller/share/open_manipulator_x_controller/99-open-manipulator-cdc.rules
[8.233s] -- Up-to-date symlink: /home/ubuntu/robotis_ws/install/open_manipulator_x_controller/share/open_manipulator_x_controller/launch/open_manipulator_x_controller.launch.py
[8.235s] -- Up-to-date symlink: /home/ubuntu/robotis_ws/install/open_manipulator_x_controller/share/open_manipulator_x_controller/param/open_manipulator_x_controller_params.yaml
[8.237s] -- Up-to-date symlink: /home/ubuntu/robotis_ws/install/open_manipulator_x_controller/lib/open_manipulator_x_controller/create_udev_rules
[8.238s] -- Up-to-date symlink: /home/ubuntu/robotis_ws/install/open_manipulator_x_controller/share/ament_index/resource_index/package_run_dependencies/open_manipulator_x_controller
[8.239s] -- Up-to-date symlink: /home/ubuntu/robotis_ws/install/open_manipulator_x_controller/share/ament_index/resource_index/parent_prefix_path/open_manipulator_x_controller
[8.240s] -- Up-to-date symlink: /home/ubuntu/robotis_ws/install/open_manipulator_x_controller/share/open_manipulator_x_controller/environment/ament_prefix_path.sh
[8.241s] -- Up-to-date symlink: /home/ubuntu/robotis_ws/install/open_manipulator_x_controller/share/open_manipulator_x_controller/environment/ament_prefix_path.dsv
[8.242s] -- Up-to-date symlink: /home/ubuntu/robotis_ws/install/open_manipulator_x_controller/share/open_manipulator_x_controller/environment/path.sh
[8.242s] -- Up-to-date symlink: /home/ubuntu/robotis_ws/install/open_manipulator_x_controller/share/open_manipulator_x_controller/environment/path.dsv
[8.243s] -- Up-to-date symlink: /home/ubuntu/robotis_ws/install/open_manipulator_x_controller/share/open_manipulator_x_controller/local_setup.bash
[8.244s] -- Up-to-date symlink: /home/ubuntu/robotis_ws/install/open_manipulator_x_controller/share/open_manipulator_x_controller/local_setup.sh
[8.245s] -- Up-to-date symlink: /home/ubuntu/robotis_ws/install/open_manipulator_x_controller/share/open_manipulator_x_controller/local_setup.zsh
[8.246s] -- Up-to-date symlink: /home/ubuntu/robotis_ws/install/open_manipulator_x_controller/share/open_manipulator_x_controller/local_setup.dsv
[8.246s] -- Symlinking: /home/ubuntu/robotis_ws/install/open_manipulator_x_controller/share/open_manipulator_x_controller/package.dsv
[8.286s] -- Up-to-date symlink: /home/ubuntu/robotis_ws/install/open_manipulator_x_controller/share/ament_index/resource_index/packages/open_manipulator_x_controller
[8.287s] -- Up-to-date symlink: /home/ubuntu/robotis_ws/install/open_manipulator_x_controller/share/open_manipulator_x_controller/cmake/ament_cmake_export_include_directories-extras.cmake
[8.288s] -- Up-to-date symlink: /home/ubuntu/robotis_ws/install/open_manipulator_x_controller/share/open_manipulator_x_controller/cmake/ament_cmake_export_dependencies-extras.cmake
[8.289s] -- Up-to-date symlink: /home/ubuntu/robotis_ws/install/open_manipulator_x_controller/share/open_manipulator_x_controller/cmake/open_manipulator_x_controllerConfig.cmake
[8.290s] -- Up-to-date symlink: /home/ubuntu/robotis_ws/install/open_manipulator_x_controller/share/open_manipulator_x_controller/cmake/open_manipulator_x_controllerConfig-version.cmake
[8.291s] -- Up-to-date symlink: /home/ubuntu/robotis_ws/install/open_manipulator_x_controller/share/open_manipulator_x_controller/package.xml
[8.300s] Invoked command in '/home/ubuntu/robotis_ws/build/open_manipulator_x_controller' returned '0': CMAKE_PREFIX_PATH=/home/ubuntu/robotis_ws/install/open_manipulator_x_libs:/home/ubuntu/robotis_ws/install/robotis_manipulator:/home/ubuntu/robotis_ws/install/dynamixel_workbench_toolbox:/home/ubuntu/robotis_ws/install/open_manipulator_msgs:/home/ubuntu/robotis_ws/install/dynamixel_sdk:/home/ubuntu/robotis_ws/install/cmake_modules:/home/ubuntu/robotis_ws/install/open_manipulator:/home/ubuntu/robotis_ws/install/open_manipulator_x_controller:/home/ubuntu/robotis_ws/install/moveit2:/home/ubuntu/robotis_ws/install/open_manipulator_x_description:/home/ubuntu/robotis_ws/install/dynamixel_workbench:/home/ubuntu/robotis_ws/install/dynamixel_sdk_examples:/home/ubuntu/robotis_ws/install/dynamixel_sdk_custom_interfaces:/home/ubuntu/robotis_ws/install/open_manipulator_x_teleop:/opt/ros/humble LD_LIBRARY_PATH=/home/ubuntu/robotis_ws/install/open_manipulator_x_libs/lib:/home/ubuntu/robotis_ws/install/robotis_manipulator/lib:/home/ubuntu/robotis_ws/install/dynamixel_workbench_toolbox/lib:/home/ubuntu/robotis_ws/install/open_manipulator_msgs/lib:/home/ubuntu/robotis_ws/install/dynamixel_sdk/lib:/home/ubuntu/robotis_ws/install/dynamixel_sdk_custom_interfaces/lib:/usr/lib/x86_64-linux-gnu/gazebo-11/plugins:/opt/ros/humble/opt/rviz_ogre_vendor/lib:/opt/ros/humble/lib/x86_64-linux-gnu:/opt/ros/humble/lib /usr/bin/cmake --install /home/ubuntu/robotis_ws/build/open_manipulator_x_controller
