[0.044s] Invoking command in '/home/ubuntu/robotis_ws/build/robotis_manipulator': AMENT_PREFIX_PATH=/home/ubuntu/robotis_ws/install/cmake_modules:${AMENT_PREFIX_PATH} CMAKE_PREFIX_PATH=/home/ubuntu/robotis_ws/install/cmake_modules:/opt/ros/humble /usr/bin/cmake --build /home/ubuntu/robotis_ws/build/robotis_manipulator -- -j8 -l8
[0.170s] [100%] Built target robotis_manipulator
[0.184s] Invoked command in '/home/ubuntu/robotis_ws/build/robotis_manipulator' returned '0': AMENT_PREFIX_PATH=/home/ubuntu/robotis_ws/install/cmake_modules:${AMENT_PREFIX_PATH} CMAKE_PREFIX_PATH=/home/ubuntu/robotis_ws/install/cmake_modules:/opt/ros/humble /usr/bin/cmake --build /home/ubuntu/robotis_ws/build/robotis_manipulator -- -j8 -l8
[0.236s] Invoking command in '/home/ubuntu/robotis_ws/build/robotis_manipulator': AMENT_PREFIX_PATH=/home/ubuntu/robotis_ws/install/cmake_modules:${AMENT_PREFIX_PATH} CMAKE_PREFIX_PATH=/home/ubuntu/robotis_ws/install/cmake_modules:/opt/ros/humble /usr/bin/cmake --install /home/ubuntu/robotis_ws/build/robotis_manipulator
[0.246s] -- Install configuration: ""
[0.246s] -- Execute custom install script
[0.246s] -- Up-to-date symlink: /home/ubuntu/robotis_ws/install/robotis_manipulator/lib/librobotis_manipulator.so
[0.247s] -- Up-to-date symlink: /home/ubuntu/robotis_ws/install/robotis_manipulator/include//robotis_manipulator/robotis_manipulator.h
[0.247s] -- Up-to-date symlink: /home/ubuntu/robotis_ws/install/robotis_manipulator/include//robotis_manipulator/robotis_manipulator_common.h
[0.247s] -- Up-to-date symlink: /home/ubuntu/robotis_ws/install/robotis_manipulator/include//robotis_manipulator/robotis_manipulator_log.h
[0.247s] -- Up-to-date symlink: /home/ubuntu/robotis_ws/install/robotis_manipulator/include//robotis_manipulator/robotis_manipulator_manager.h
[0.248s] -- Up-to-date symlink: /home/ubuntu/robotis_ws/install/robotis_manipulator/include//robotis_manipulator/robotis_manipulator_math.h
[0.248s] -- Up-to-date symlink: /home/ubuntu/robotis_ws/install/robotis_manipulator/include//robotis_manipulator/robotis_manipulator_trajectory_generator.h
[0.248s] -- Up-to-date symlink: /home/ubuntu/robotis_ws/install/robotis_manipulator/share/robotis_manipulator/environment/library_path.sh
[0.248s] -- Up-to-date symlink: /home/ubuntu/robotis_ws/install/robotis_manipulator/share/robotis_manipulator/environment/library_path.dsv
[0.249s] -- Up-to-date symlink: /home/ubuntu/robotis_ws/install/robotis_manipulator/share/ament_index/resource_index/package_run_dependencies/robotis_manipulator
[0.249s] -- Up-to-date symlink: /home/ubuntu/robotis_ws/install/robotis_manipulator/share/ament_index/resource_index/parent_prefix_path/robotis_manipulator
[0.249s] -- Up-to-date symlink: /home/ubuntu/robotis_ws/install/robotis_manipulator/share/robotis_manipulator/environment/ament_prefix_path.sh
[0.250s] -- Up-to-date symlink: /home/ubuntu/robotis_ws/install/robotis_manipulator/share/robotis_manipulator/environment/ament_prefix_path.dsv
[0.250s] -- Up-to-date symlink: /home/ubuntu/robotis_ws/install/robotis_manipulator/share/robotis_manipulator/environment/path.sh
[0.250s] -- Up-to-date symlink: /home/ubuntu/robotis_ws/install/robotis_manipulator/share/robotis_manipulator/environment/path.dsv
[0.250s] -- Up-to-date symlink: /home/ubuntu/robotis_ws/install/robotis_manipulator/share/robotis_manipulator/local_setup.bash
[0.251s] -- Up-to-date symlink: /home/ubuntu/robotis_ws/install/robotis_manipulator/share/robotis_manipulator/local_setup.sh
[0.251s] -- Up-to-date symlink: /home/ubuntu/robotis_ws/install/robotis_manipulator/share/robotis_manipulator/local_setup.zsh
[0.251s] -- Up-to-date symlink: /home/ubuntu/robotis_ws/install/robotis_manipulator/share/robotis_manipulator/local_setup.dsv
[0.251s] -- Symlinking: /home/ubuntu/robotis_ws/install/robotis_manipulator/share/robotis_manipulator/package.dsv
[0.266s] -- Up-to-date symlink: /home/ubuntu/robotis_ws/install/robotis_manipulator/share/ament_index/resource_index/packages/robotis_manipulator
[0.267s] -- Up-to-date symlink: /home/ubuntu/robotis_ws/install/robotis_manipulator/share/robotis_manipulator/cmake/ament_cmake_export_include_directories-extras.cmake
[0.267s] -- Up-to-date symlink: /home/ubuntu/robotis_ws/install/robotis_manipulator/share/robotis_manipulator/cmake/ament_cmake_export_dependencies-extras.cmake
[0.267s] -- Up-to-date symlink: /home/ubuntu/robotis_ws/install/robotis_manipulator/share/robotis_manipulator/cmake/ament_cmake_export_libraries-extras.cmake
[0.268s] -- Up-to-date symlink: /home/ubuntu/robotis_ws/install/robotis_manipulator/share/robotis_manipulator/cmake/robotis_manipulatorConfig.cmake
[0.268s] -- Up-to-date symlink: /home/ubuntu/robotis_ws/install/robotis_manipulator/share/robotis_manipulator/cmake/robotis_manipulatorConfig-version.cmake
[0.268s] -- Up-to-date symlink: /home/ubuntu/robotis_ws/install/robotis_manipulator/share/robotis_manipulator/package.xml
[0.272s] Invoked command in '/home/ubuntu/robotis_ws/build/robotis_manipulator' returned '0': AMENT_PREFIX_PATH=/home/ubuntu/robotis_ws/install/cmake_modules:${AMENT_PREFIX_PATH} CMAKE_PREFIX_PATH=/home/ubuntu/robotis_ws/install/cmake_modules:/opt/ros/humble /usr/bin/cmake --install /home/ubuntu/robotis_ws/build/robotis_manipulator
