[0.027s] Invoking command in '/home/ubuntu/robotis_ws/build/open_manipulator_x_libs': CMAKE_PREFIX_PATH=/home/ubuntu/robotis_ws/install/robotis_manipulator:/home/ubuntu/robotis_ws/install/dynamixel_workbench_toolbox:/home/ubuntu/robotis_ws/install/dynamixel_sdk:/home/ubuntu/robotis_ws/install/cmake_modules:/home/ubuntu/robotis_ws/install/open_manipulator:/home/ubuntu/robotis_ws/install/open_manipulator_x_controller:/home/ubuntu/robotis_ws/install/open_manipulator_x_libs:/home/ubuntu/robotis_ws/install/open_manipulator_x_description:/home/ubuntu/robotis_ws/install/open_manipulator_msgs:/home/ubuntu/robotis_ws/install/dynamixel_workbench:/home/ubuntu/robotis_ws/install/dynamixel_sdk_examples:/home/ubuntu/robotis_ws/install/dynamixel_sdk_custom_interfaces:/home/ubuntu/robotis_ws/install/open_manipulator_x_teleop:/opt/ros/humble LD_LIBRARY_PATH=/home/ubuntu/robotis_ws/install/robotis_manipulator/lib:/home/ubuntu/robotis_ws/install/dynamixel_workbench_toolbox/lib:/home/ubuntu/robotis_ws/install/dynamixel_sdk/lib:${LD_LIBRARY_PATH} /usr/bin/cmake /home/ubuntu/robotis_ws/src/open_manipulator/open_manipulator_x_libs -DAMENT_CMAKE_SYMLINK_INSTALL=1 -DCMAKE_INSTALL_PREFIX=/home/ubuntu/robotis_ws/install/open_manipulator_x_libs
[0.046s] -- Found ament_cmake: 1.3.9 (/opt/ros/humble/share/ament_cmake/cmake)
[0.235s] -- Override CMake install command with custom implementation using symlinks instead of copying resources
[0.249s] -- Found dynamixel_workbench_toolbox: 2.2.3 (/home/ubuntu/robotis_ws/install/dynamixel_workbench_toolbox/share/dynamixel_workbench_toolbox/cmake)
[0.324s] -- Found rosidl_generator_c: 3.1.5 (/opt/ros/humble/share/rosidl_generator_c/cmake)
[0.331s] -- Found rosidl_adapter: 3.1.5 (/opt/ros/humble/share/rosidl_adapter/cmake)
[0.346s] -- Found rosidl_generator_cpp: 3.1.5 (/opt/ros/humble/share/rosidl_generator_cpp/cmake)
[0.375s] -- Using all available rosidl_typesupport_c: rosidl_typesupport_fastrtps_c;rosidl_typesupport_introspection_c
[0.400s] -- Using all available rosidl_typesupport_cpp: rosidl_typesupport_fastrtps_cpp;rosidl_typesupport_introspection_cpp
[0.530s] -- Found rmw_implementation_cmake: 6.1.2 (/opt/ros/humble/share/rmw_implementation_cmake/cmake)
[0.535s] -- Found rmw_fastrtps_cpp: 6.2.6 (/opt/ros/humble/share/rmw_fastrtps_cpp/cmake)
[0.750s] -- Using RMW implementation 'rmw_fastrtps_cpp' as default
[0.954s] -- Found robotis_manipulator: 1.0.0 (/home/ubuntu/robotis_ws/install/robotis_manipulator/share/robotis_manipulator/cmake)
[1.066s] -- Configuring done
[1.096s] -- Generating done
[1.098s] -- Build files have been written to: /home/ubuntu/robotis_ws/build/open_manipulator_x_libs
[1.107s] Invoked command in '/home/ubuntu/robotis_ws/build/open_manipulator_x_libs' returned '0': CMAKE_PREFIX_PATH=/home/ubuntu/robotis_ws/install/robotis_manipulator:/home/ubuntu/robotis_ws/install/dynamixel_workbench_toolbox:/home/ubuntu/robotis_ws/install/dynamixel_sdk:/home/ubuntu/robotis_ws/install/cmake_modules:/home/ubuntu/robotis_ws/install/open_manipulator:/home/ubuntu/robotis_ws/install/open_manipulator_x_controller:/home/ubuntu/robotis_ws/install/open_manipulator_x_libs:/home/ubuntu/robotis_ws/install/open_manipulator_x_description:/home/ubuntu/robotis_ws/install/open_manipulator_msgs:/home/ubuntu/robotis_ws/install/dynamixel_workbench:/home/ubuntu/robotis_ws/install/dynamixel_sdk_examples:/home/ubuntu/robotis_ws/install/dynamixel_sdk_custom_interfaces:/home/ubuntu/robotis_ws/install/open_manipulator_x_teleop:/opt/ros/humble LD_LIBRARY_PATH=/home/ubuntu/robotis_ws/install/robotis_manipulator/lib:/home/ubuntu/robotis_ws/install/dynamixel_workbench_toolbox/lib:/home/ubuntu/robotis_ws/install/dynamixel_sdk/lib:${LD_LIBRARY_PATH} /usr/bin/cmake /home/ubuntu/robotis_ws/src/open_manipulator/open_manipulator_x_libs -DAMENT_CMAKE_SYMLINK_INSTALL=1 -DCMAKE_INSTALL_PREFIX=/home/ubuntu/robotis_ws/install/open_manipulator_x_libs
[1.109s] Invoking command in '/home/ubuntu/robotis_ws/build/open_manipulator_x_libs': CMAKE_PREFIX_PATH=/home/ubuntu/robotis_ws/install/robotis_manipulator:/home/ubuntu/robotis_ws/install/dynamixel_workbench_toolbox:/home/ubuntu/robotis_ws/install/dynamixel_sdk:/home/ubuntu/robotis_ws/install/cmake_modules:/home/ubuntu/robotis_ws/install/open_manipulator:/home/ubuntu/robotis_ws/install/open_manipulator_x_controller:/home/ubuntu/robotis_ws/install/open_manipulator_x_libs:/home/ubuntu/robotis_ws/install/open_manipulator_x_description:/home/ubuntu/robotis_ws/install/open_manipulator_msgs:/home/ubuntu/robotis_ws/install/dynamixel_workbench:/home/ubuntu/robotis_ws/install/dynamixel_sdk_examples:/home/ubuntu/robotis_ws/install/dynamixel_sdk_custom_interfaces:/home/ubuntu/robotis_ws/install/open_manipulator_x_teleop:/opt/ros/humble LD_LIBRARY_PATH=/home/ubuntu/robotis_ws/install/robotis_manipulator/lib:/home/ubuntu/robotis_ws/install/dynamixel_workbench_toolbox/lib:/home/ubuntu/robotis_ws/install/dynamixel_sdk/lib:${LD_LIBRARY_PATH} /usr/bin/cmake --build /home/ubuntu/robotis_ws/build/open_manipulator_x_libs -- -j8 -l8
[1.166s] [35m[1mConsolidate compiler generated dependencies of target open_manipulator_x_libs[0m
[1.198s] [100%] Built target open_manipulator_x_libs
[1.213s] Invoked command in '/home/ubuntu/robotis_ws/build/open_manipulator_x_libs' returned '0': CMAKE_PREFIX_PATH=/home/ubuntu/robotis_ws/install/robotis_manipulator:/home/ubuntu/robotis_ws/install/dynamixel_workbench_toolbox:/home/ubuntu/robotis_ws/install/dynamixel_sdk:/home/ubuntu/robotis_ws/install/cmake_modules:/home/ubuntu/robotis_ws/install/open_manipulator:/home/ubuntu/robotis_ws/install/open_manipulator_x_controller:/home/ubuntu/robotis_ws/install/open_manipulator_x_libs:/home/ubuntu/robotis_ws/install/open_manipulator_x_description:/home/ubuntu/robotis_ws/install/open_manipulator_msgs:/home/ubuntu/robotis_ws/install/dynamixel_workbench:/home/ubuntu/robotis_ws/install/dynamixel_sdk_examples:/home/ubuntu/robotis_ws/install/dynamixel_sdk_custom_interfaces:/home/ubuntu/robotis_ws/install/open_manipulator_x_teleop:/opt/ros/humble LD_LIBRARY_PATH=/home/ubuntu/robotis_ws/install/robotis_manipulator/lib:/home/ubuntu/robotis_ws/install/dynamixel_workbench_toolbox/lib:/home/ubuntu/robotis_ws/install/dynamixel_sdk/lib:${LD_LIBRARY_PATH} /usr/bin/cmake --build /home/ubuntu/robotis_ws/build/open_manipulator_x_libs -- -j8 -l8
[1.258s] Invoking command in '/home/ubuntu/robotis_ws/build/open_manipulator_x_libs': CMAKE_PREFIX_PATH=/home/ubuntu/robotis_ws/install/robotis_manipulator:/home/ubuntu/robotis_ws/install/dynamixel_workbench_toolbox:/home/ubuntu/robotis_ws/install/dynamixel_sdk:/home/ubuntu/robotis_ws/install/cmake_modules:/home/ubuntu/robotis_ws/install/open_manipulator:/home/ubuntu/robotis_ws/install/open_manipulator_x_controller:/home/ubuntu/robotis_ws/install/open_manipulator_x_libs:/home/ubuntu/robotis_ws/install/open_manipulator_x_description:/home/ubuntu/robotis_ws/install/open_manipulator_msgs:/home/ubuntu/robotis_ws/install/dynamixel_workbench:/home/ubuntu/robotis_ws/install/dynamixel_sdk_examples:/home/ubuntu/robotis_ws/install/dynamixel_sdk_custom_interfaces:/home/ubuntu/robotis_ws/install/open_manipulator_x_teleop:/opt/ros/humble LD_LIBRARY_PATH=/home/ubuntu/robotis_ws/install/robotis_manipulator/lib:/home/ubuntu/robotis_ws/install/dynamixel_workbench_toolbox/lib:/home/ubuntu/robotis_ws/install/dynamixel_sdk/lib:${LD_LIBRARY_PATH} /usr/bin/cmake --install /home/ubuntu/robotis_ws/build/open_manipulator_x_libs
[1.269s] -- Install configuration: ""
[1.270s] -- Execute custom install script
[1.271s] -- Up-to-date symlink: /home/ubuntu/robotis_ws/install/open_manipulator_x_libs/lib/libopen_manipulator_x_libs.so
[1.271s] -- Up-to-date symlink: /home/ubuntu/robotis_ws/install/open_manipulator_x_libs/include//open_manipulator_x_libs/custom_trajectory.hpp
[1.272s] -- Up-to-date symlink: /home/ubuntu/robotis_ws/install/open_manipulator_x_libs/include//open_manipulator_x_libs/dynamixel.hpp
[1.272s] -- Up-to-date symlink: /home/ubuntu/robotis_ws/install/open_manipulator_x_libs/include//open_manipulator_x_libs/kinematics.hpp
[1.272s] -- Up-to-date symlink: /home/ubuntu/robotis_ws/install/open_manipulator_x_libs/include//open_manipulator_x_libs/open_manipulator_x.hpp
[1.273s] -- Up-to-date symlink: /home/ubuntu/robotis_ws/install/open_manipulator_x_libs/share/open_manipulator_x_libs/environment/library_path.sh
[1.273s] -- Up-to-date symlink: /home/ubuntu/robotis_ws/install/open_manipulator_x_libs/share/open_manipulator_x_libs/environment/library_path.dsv
[1.274s] -- Up-to-date symlink: /home/ubuntu/robotis_ws/install/open_manipulator_x_libs/share/ament_index/resource_index/package_run_dependencies/open_manipulator_x_libs
[1.274s] -- Up-to-date symlink: /home/ubuntu/robotis_ws/install/open_manipulator_x_libs/share/ament_index/resource_index/parent_prefix_path/open_manipulator_x_libs
[1.275s] -- Up-to-date symlink: /home/ubuntu/robotis_ws/install/open_manipulator_x_libs/share/open_manipulator_x_libs/environment/ament_prefix_path.sh
[1.275s] -- Up-to-date symlink: /home/ubuntu/robotis_ws/install/open_manipulator_x_libs/share/open_manipulator_x_libs/environment/ament_prefix_path.dsv
[1.276s] -- Up-to-date symlink: /home/ubuntu/robotis_ws/install/open_manipulator_x_libs/share/open_manipulator_x_libs/environment/path.sh
[1.276s] -- Up-to-date symlink: /home/ubuntu/robotis_ws/install/open_manipulator_x_libs/share/open_manipulator_x_libs/environment/path.dsv
[1.276s] -- Up-to-date symlink: /home/ubuntu/robotis_ws/install/open_manipulator_x_libs/share/open_manipulator_x_libs/local_setup.bash
[1.276s] -- Up-to-date symlink: /home/ubuntu/robotis_ws/install/open_manipulator_x_libs/share/open_manipulator_x_libs/local_setup.sh
[1.277s] -- Up-to-date symlink: /home/ubuntu/robotis_ws/install/open_manipulator_x_libs/share/open_manipulator_x_libs/local_setup.zsh
[1.277s] -- Up-to-date symlink: /home/ubuntu/robotis_ws/install/open_manipulator_x_libs/share/open_manipulator_x_libs/local_setup.dsv
[1.277s] -- Symlinking: /home/ubuntu/robotis_ws/install/open_manipulator_x_libs/share/open_manipulator_x_libs/package.dsv
[1.288s] -- Up-to-date symlink: /home/ubuntu/robotis_ws/install/open_manipulator_x_libs/share/ament_index/resource_index/packages/open_manipulator_x_libs
[1.289s] -- Up-to-date symlink: /home/ubuntu/robotis_ws/install/open_manipulator_x_libs/share/open_manipulator_x_libs/cmake/ament_cmake_export_include_directories-extras.cmake
[1.289s] -- Up-to-date symlink: /home/ubuntu/robotis_ws/install/open_manipulator_x_libs/share/open_manipulator_x_libs/cmake/ament_cmake_export_dependencies-extras.cmake
[1.289s] -- Up-to-date symlink: /home/ubuntu/robotis_ws/install/open_manipulator_x_libs/share/open_manipulator_x_libs/cmake/ament_cmake_export_libraries-extras.cmake
[1.289s] -- Up-to-date symlink: /home/ubuntu/robotis_ws/install/open_manipulator_x_libs/share/open_manipulator_x_libs/cmake/open_manipulator_x_libsConfig.cmake
[1.290s] -- Up-to-date symlink: /home/ubuntu/robotis_ws/install/open_manipulator_x_libs/share/open_manipulator_x_libs/cmake/open_manipulator_x_libsConfig-version.cmake
[1.290s] -- Up-to-date symlink: /home/ubuntu/robotis_ws/install/open_manipulator_x_libs/share/open_manipulator_x_libs/package.xml
[1.293s] Invoked command in '/home/ubuntu/robotis_ws/build/open_manipulator_x_libs' returned '0': CMAKE_PREFIX_PATH=/home/ubuntu/robotis_ws/install/robotis_manipulator:/home/ubuntu/robotis_ws/install/dynamixel_workbench_toolbox:/home/ubuntu/robotis_ws/install/dynamixel_sdk:/home/ubuntu/robotis_ws/install/cmake_modules:/home/ubuntu/robotis_ws/install/open_manipulator:/home/ubuntu/robotis_ws/install/open_manipulator_x_controller:/home/ubuntu/robotis_ws/install/open_manipulator_x_libs:/home/ubuntu/robotis_ws/install/open_manipulator_x_description:/home/ubuntu/robotis_ws/install/open_manipulator_msgs:/home/ubuntu/robotis_ws/install/dynamixel_workbench:/home/ubuntu/robotis_ws/install/dynamixel_sdk_examples:/home/ubuntu/robotis_ws/install/dynamixel_sdk_custom_interfaces:/home/ubuntu/robotis_ws/install/open_manipulator_x_teleop:/opt/ros/humble LD_LIBRARY_PATH=/home/ubuntu/robotis_ws/install/robotis_manipulator/lib:/home/ubuntu/robotis_ws/install/dynamixel_workbench_toolbox/lib:/home/ubuntu/robotis_ws/install/dynamixel_sdk/lib:${LD_LIBRARY_PATH} /usr/bin/cmake --install /home/ubuntu/robotis_ws/build/open_manipulator_x_libs
