[0.316s] Invoking command in '/home/ubuntu/robotis_ws/build/open_manipulator_x_controller': AMENT_PREFIX_PATH=/home/ubuntu/robotis_ws/install/open_manipulator_x_libs:/home/ubuntu/robotis_ws/install/robotis_manipulator:/home/ubuntu/robotis_ws/install/dynamixel_workbench_toolbox:/home/ubuntu/robotis_ws/install/open_manipulator_msgs:/home/ubuntu/robotis_ws/install/dynamixel_sdk:/home/ubuntu/robotis_ws/install/cmake_modules:${AMENT_PREFIX_PATH} CMAKE_PREFIX_PATH=/home/ubuntu/robotis_ws/install/open_manipulator_x_libs:/home/ubuntu/robotis_ws/install/robotis_manipulator:/home/ubuntu/robotis_ws/install/dynamixel_workbench_toolbox:/home/ubuntu/robotis_ws/install/open_manipulator_msgs:/home/ubuntu/robotis_ws/install/dynamixel_sdk:/home/ubuntu/robotis_ws/install/cmake_modules:/opt/ros/humble LD_LIBRARY_PATH=/home/ubuntu/robotis_ws/install/open_manipulator_x_libs/lib:/home/ubuntu/robotis_ws/install/robotis_manipulator/lib:/home/ubuntu/robotis_ws/install/dynamixel_workbench_toolbox/lib:/home/ubuntu/robotis_ws/install/open_manipulator_msgs/lib:/home/ubuntu/robotis_ws/install/dynamixel_sdk/lib:${LD_LIBRARY_PATH} PYTHONPATH=/home/ubuntu/robotis_ws/install/open_manipulator_msgs/local/lib/python3.10/dist-packages:${PYTHONPATH} /usr/bin/cmake --build /home/ubuntu/robotis_ws/build/open_manipulator_x_controller -- -j8 -l8
[0.379s] [35m[1mConsolidate compiler generated dependencies of target open_manipulator_x_controller[0m
[0.411s] [ 50%] [32mBuilding CXX object CMakeFiles/open_manipulator_x_controller.dir/src/open_manipulator_x_controller.cpp.o[0m
[15.961s] [100%] [32m[1mLinking CXX executable open_manipulator_x_controller[0m
[17.162s] [100%] Built target open_manipulator_x_controller
[17.177s] Invoked command in '/home/ubuntu/robotis_ws/build/open_manipulator_x_controller' returned '0': AMENT_PREFIX_PATH=/home/ubuntu/robotis_ws/install/open_manipulator_x_libs:/home/ubuntu/robotis_ws/install/robotis_manipulator:/home/ubuntu/robotis_ws/install/dynamixel_workbench_toolbox:/home/ubuntu/robotis_ws/install/open_manipulator_msgs:/home/ubuntu/robotis_ws/install/dynamixel_sdk:/home/ubuntu/robotis_ws/install/cmake_modules:${AMENT_PREFIX_PATH} CMAKE_PREFIX_PATH=/home/ubuntu/robotis_ws/install/open_manipulator_x_libs:/home/ubuntu/robotis_ws/install/robotis_manipulator:/home/ubuntu/robotis_ws/install/dynamixel_workbench_toolbox:/home/ubuntu/robotis_ws/install/open_manipulator_msgs:/home/ubuntu/robotis_ws/install/dynamixel_sdk:/home/ubuntu/robotis_ws/install/cmake_modules:/opt/ros/humble LD_LIBRARY_PATH=/home/ubuntu/robotis_ws/install/open_manipulator_x_libs/lib:/home/ubuntu/robotis_ws/install/robotis_manipulator/lib:/home/ubuntu/robotis_ws/install/dynamixel_workbench_toolbox/lib:/home/ubuntu/robotis_ws/install/open_manipulator_msgs/lib:/home/ubuntu/robotis_ws/install/dynamixel_sdk/lib:${LD_LIBRARY_PATH} PYTHONPATH=/home/ubuntu/robotis_ws/install/open_manipulator_msgs/local/lib/python3.10/dist-packages:${PYTHONPATH} /usr/bin/cmake --build /home/ubuntu/robotis_ws/build/open_manipulator_x_controller -- -j8 -l8
[17.219s] Invoking command in '/home/ubuntu/robotis_ws/build/open_manipulator_x_controller': AMENT_PREFIX_PATH=/home/ubuntu/robotis_ws/install/open_manipulator_x_libs:/home/ubuntu/robotis_ws/install/robotis_manipulator:/home/ubuntu/robotis_ws/install/dynamixel_workbench_toolbox:/home/ubuntu/robotis_ws/install/open_manipulator_msgs:/home/ubuntu/robotis_ws/install/dynamixel_sdk:/home/ubuntu/robotis_ws/install/cmake_modules:${AMENT_PREFIX_PATH} CMAKE_PREFIX_PATH=/home/ubuntu/robotis_ws/install/open_manipulator_x_libs:/home/ubuntu/robotis_ws/install/robotis_manipulator:/home/ubuntu/robotis_ws/install/dynamixel_workbench_toolbox:/home/ubuntu/robotis_ws/install/open_manipulator_msgs:/home/ubuntu/robotis_ws/install/dynamixel_sdk:/home/ubuntu/robotis_ws/install/cmake_modules:/opt/ros/humble LD_LIBRARY_PATH=/home/ubuntu/robotis_ws/install/open_manipulator_x_libs/lib:/home/ubuntu/robotis_ws/install/robotis_manipulator/lib:/home/ubuntu/robotis_ws/install/dynamixel_workbench_toolbox/lib:/home/ubuntu/robotis_ws/install/open_manipulator_msgs/lib:/home/ubuntu/robotis_ws/install/dynamixel_sdk/lib:${LD_LIBRARY_PATH} PYTHONPATH=/home/ubuntu/robotis_ws/install/open_manipulator_msgs/local/lib/python3.10/dist-packages:${PYTHONPATH} /usr/bin/cmake --install /home/ubuntu/robotis_ws/build/open_manipulator_x_controller
[17.235s] -- Install configuration: ""
[17.236s] -- Execute custom install script
[17.236s] -- Up-to-date symlink: /home/ubuntu/robotis_ws/install/open_manipulator_x_controller/lib/open_manipulator_x_controller/open_manipulator_x_controller
[17.237s] -- Up-to-date symlink: /home/ubuntu/robotis_ws/install/open_manipulator_x_controller/share/open_manipulator_x_controller/99-open-manipulator-cdc.rules
[17.237s] -- Up-to-date symlink: /home/ubuntu/robotis_ws/install/open_manipulator_x_controller/share/open_manipulator_x_controller/launch/open_manipulator_x_controller.launch.py
[17.238s] -- Up-to-date symlink: /home/ubuntu/robotis_ws/install/open_manipulator_x_controller/share/open_manipulator_x_controller/param/open_manipulator_x_controller_params.yaml
[17.238s] -- Up-to-date symlink: /home/ubuntu/robotis_ws/install/open_manipulator_x_controller/lib/open_manipulator_x_controller/create_udev_rules
[17.238s] -- Up-to-date symlink: /home/ubuntu/robotis_ws/install/open_manipulator_x_controller/share/ament_index/resource_index/package_run_dependencies/open_manipulator_x_controller
[17.239s] -- Up-to-date symlink: /home/ubuntu/robotis_ws/install/open_manipulator_x_controller/share/ament_index/resource_index/parent_prefix_path/open_manipulator_x_controller
[17.239s] -- Up-to-date symlink: /home/ubuntu/robotis_ws/install/open_manipulator_x_controller/share/open_manipulator_x_controller/environment/ament_prefix_path.sh
[17.239s] -- Up-to-date symlink: /home/ubuntu/robotis_ws/install/open_manipulator_x_controller/share/open_manipulator_x_controller/environment/ament_prefix_path.dsv
[17.240s] -- Up-to-date symlink: /home/ubuntu/robotis_ws/install/open_manipulator_x_controller/share/open_manipulator_x_controller/environment/path.sh
[17.240s] -- Up-to-date symlink: /home/ubuntu/robotis_ws/install/open_manipulator_x_controller/share/open_manipulator_x_controller/environment/path.dsv
[17.240s] -- Up-to-date symlink: /home/ubuntu/robotis_ws/install/open_manipulator_x_controller/share/open_manipulator_x_controller/local_setup.bash
[17.241s] -- Up-to-date symlink: /home/ubuntu/robotis_ws/install/open_manipulator_x_controller/share/open_manipulator_x_controller/local_setup.sh
[17.241s] -- Up-to-date symlink: /home/ubuntu/robotis_ws/install/open_manipulator_x_controller/share/open_manipulator_x_controller/local_setup.zsh
[17.241s] -- Up-to-date symlink: /home/ubuntu/robotis_ws/install/open_manipulator_x_controller/share/open_manipulator_x_controller/local_setup.dsv
[17.242s] -- Symlinking: /home/ubuntu/robotis_ws/install/open_manipulator_x_controller/share/open_manipulator_x_controller/package.dsv
[17.262s] -- Up-to-date symlink: /home/ubuntu/robotis_ws/install/open_manipulator_x_controller/share/ament_index/resource_index/packages/open_manipulator_x_controller
[17.262s] -- Up-to-date symlink: /home/ubuntu/robotis_ws/install/open_manipulator_x_controller/share/open_manipulator_x_controller/cmake/ament_cmake_export_include_directories-extras.cmake
[17.263s] -- Up-to-date symlink: /home/ubuntu/robotis_ws/install/open_manipulator_x_controller/share/open_manipulator_x_controller/cmake/ament_cmake_export_dependencies-extras.cmake
[17.263s] -- Up-to-date symlink: /home/ubuntu/robotis_ws/install/open_manipulator_x_controller/share/open_manipulator_x_controller/cmake/open_manipulator_x_controllerConfig.cmake
[17.263s] -- Up-to-date symlink: /home/ubuntu/robotis_ws/install/open_manipulator_x_controller/share/open_manipulator_x_controller/cmake/open_manipulator_x_controllerConfig-version.cmake
[17.263s] -- Up-to-date symlink: /home/ubuntu/robotis_ws/install/open_manipulator_x_controller/share/open_manipulator_x_controller/package.xml
[17.267s] Invoked command in '/home/ubuntu/robotis_ws/build/open_manipulator_x_controller' returned '0': AMENT_PREFIX_PATH=/home/ubuntu/robotis_ws/install/open_manipulator_x_libs:/home/ubuntu/robotis_ws/install/robotis_manipulator:/home/ubuntu/robotis_ws/install/dynamixel_workbench_toolbox:/home/ubuntu/robotis_ws/install/open_manipulator_msgs:/home/ubuntu/robotis_ws/install/dynamixel_sdk:/home/ubuntu/robotis_ws/install/cmake_modules:${AMENT_PREFIX_PATH} CMAKE_PREFIX_PATH=/home/ubuntu/robotis_ws/install/open_manipulator_x_libs:/home/ubuntu/robotis_ws/install/robotis_manipulator:/home/ubuntu/robotis_ws/install/dynamixel_workbench_toolbox:/home/ubuntu/robotis_ws/install/open_manipulator_msgs:/home/ubuntu/robotis_ws/install/dynamixel_sdk:/home/ubuntu/robotis_ws/install/cmake_modules:/opt/ros/humble LD_LIBRARY_PATH=/home/ubuntu/robotis_ws/install/open_manipulator_x_libs/lib:/home/ubuntu/robotis_ws/install/robotis_manipulator/lib:/home/ubuntu/robotis_ws/install/dynamixel_workbench_toolbox/lib:/home/ubuntu/robotis_ws/install/open_manipulator_msgs/lib:/home/ubuntu/robotis_ws/install/dynamixel_sdk/lib:${LD_LIBRARY_PATH} PYTHONPATH=/home/ubuntu/robotis_ws/install/open_manipulator_msgs/local/lib/python3.10/dist-packages:${PYTHONPATH} /usr/bin/cmake --install /home/ubuntu/robotis_ws/build/open_manipulator_x_controller
