[0.038s] Invoking command in '/home/ubuntu/robotis_ws/build/dynamixel_sdk': CMAKE_PREFIX_PATH=${CMAKE_PREFIX_PATH}:/home/ubuntu/robotis_ws/install/open_manipulator_x_teleop:/opt/ros/humble /usr/bin/cmake /home/ubuntu/robotis_ws/src/DynamixelSDK/dynamixel_sdk -DAMENT_CMAKE_SYMLINK_INSTALL=1 -DCMAKE_INSTALL_PREFIX=/home/ubuntu/robotis_ws/install/dynamixel_sdk
[0.064s] -- Found ament_cmake: 1.3.9 (/opt/ros/humble/share/ament_cmake/cmake)
[0.304s] -- Override CMake install command with custom implementation using symlinks instead of copying resources
[0.465s] -- Configuring done
[0.475s] -- Generating done
[0.478s] -- Build files have been written to: /home/ubuntu/robotis_ws/build/dynamixel_sdk
[0.482s] Invoked command in '/home/ubuntu/robotis_ws/build/dynamixel_sdk' returned '0': CMAKE_PREFIX_PATH=${CMAKE_PREFIX_PATH}:/home/ubuntu/robotis_ws/install/open_manipulator_x_teleop:/opt/ros/humble /usr/bin/cmake /home/ubuntu/robotis_ws/src/DynamixelSDK/dynamixel_sdk -DAMENT_CMAKE_SYMLINK_INSTALL=1 -DCMAKE_INSTALL_PREFIX=/home/ubuntu/robotis_ws/install/dynamixel_sdk
[0.485s] Invoking command in '/home/ubuntu/robotis_ws/build/dynamixel_sdk': CMAKE_PREFIX_PATH=${CMAKE_PREFIX_PATH}:/home/ubuntu/robotis_ws/install/open_manipulator_x_teleop:/opt/ros/humble /usr/bin/cmake --build /home/ubuntu/robotis_ws/build/dynamixel_sdk -- -j8 -l8
[0.544s] [35m[1mConsolidate compiler generated dependencies of target dynamixel_sdk[0m
[0.569s] [100%] Built target dynamixel_sdk
[0.585s] Invoked command in '/home/ubuntu/robotis_ws/build/dynamixel_sdk' returned '0': CMAKE_PREFIX_PATH=${CMAKE_PREFIX_PATH}:/home/ubuntu/robotis_ws/install/open_manipulator_x_teleop:/opt/ros/humble /usr/bin/cmake --build /home/ubuntu/robotis_ws/build/dynamixel_sdk -- -j8 -l8
[0.662s] Invoking command in '/home/ubuntu/robotis_ws/build/dynamixel_sdk': CMAKE_PREFIX_PATH=${CMAKE_PREFIX_PATH}:/home/ubuntu/robotis_ws/install/open_manipulator_x_teleop:/opt/ros/humble /usr/bin/cmake --install /home/ubuntu/robotis_ws/build/dynamixel_sdk
[0.676s] -- Install configuration: ""
[0.677s] -- Execute custom install script
[0.678s] -- Up-to-date symlink: /home/ubuntu/robotis_ws/install/dynamixel_sdk/include//dynamixel_sdk/dynamixel_sdk.h
[0.678s] -- Up-to-date symlink: /home/ubuntu/robotis_ws/install/dynamixel_sdk/include//dynamixel_sdk/group_bulk_read.h
[0.678s] -- Up-to-date symlink: /home/ubuntu/robotis_ws/install/dynamixel_sdk/include//dynamixel_sdk/group_bulk_write.h
[0.678s] -- Up-to-date symlink: /home/ubuntu/robotis_ws/install/dynamixel_sdk/include//dynamixel_sdk/group_sync_read.h
[0.679s] -- Up-to-date symlink: /home/ubuntu/robotis_ws/install/dynamixel_sdk/include//dynamixel_sdk/group_sync_write.h
[0.679s] -- Up-to-date symlink: /home/ubuntu/robotis_ws/install/dynamixel_sdk/include//dynamixel_sdk/packet_handler.h
[0.680s] -- Up-to-date symlink: /home/ubuntu/robotis_ws/install/dynamixel_sdk/include//dynamixel_sdk/port_handler.h
[0.681s] -- Up-to-date symlink: /home/ubuntu/robotis_ws/install/dynamixel_sdk/include//dynamixel_sdk/port_handler_arduino.h
[0.682s] -- Up-to-date symlink: /home/ubuntu/robotis_ws/install/dynamixel_sdk/include//dynamixel_sdk/port_handler_linux.h
[0.682s] -- Up-to-date symlink: /home/ubuntu/robotis_ws/install/dynamixel_sdk/include//dynamixel_sdk/port_handler_mac.h
[0.682s] -- Up-to-date symlink: /home/ubuntu/robotis_ws/install/dynamixel_sdk/include//dynamixel_sdk/port_handler_windows.h
[0.683s] -- Up-to-date symlink: /home/ubuntu/robotis_ws/install/dynamixel_sdk/include//dynamixel_sdk/protocol1_packet_handler.h
[0.683s] -- Up-to-date symlink: /home/ubuntu/robotis_ws/install/dynamixel_sdk/include//dynamixel_sdk/protocol2_packet_handler.h
[0.683s] -- Up-to-date symlink: /home/ubuntu/robotis_ws/install/dynamixel_sdk/lib/libdynamixel_sdk.so
[0.684s] -- Up-to-date symlink: /home/ubuntu/robotis_ws/install/dynamixel_sdk/share/dynamixel_sdk/environment/library_path.sh
[0.684s] -- Up-to-date symlink: /home/ubuntu/robotis_ws/install/dynamixel_sdk/share/dynamixel_sdk/environment/library_path.dsv
[0.684s] -- Up-to-date symlink: /home/ubuntu/robotis_ws/install/dynamixel_sdk/share/ament_index/resource_index/package_run_dependencies/dynamixel_sdk
[0.685s] -- Up-to-date symlink: /home/ubuntu/robotis_ws/install/dynamixel_sdk/share/ament_index/resource_index/parent_prefix_path/dynamixel_sdk
[0.685s] -- Up-to-date symlink: /home/ubuntu/robotis_ws/install/dynamixel_sdk/share/dynamixel_sdk/environment/ament_prefix_path.sh
[0.685s] -- Up-to-date symlink: /home/ubuntu/robotis_ws/install/dynamixel_sdk/share/dynamixel_sdk/environment/ament_prefix_path.dsv
[0.685s] -- Up-to-date symlink: /home/ubuntu/robotis_ws/install/dynamixel_sdk/share/dynamixel_sdk/environment/path.sh
[0.687s] -- Up-to-date symlink: /home/ubuntu/robotis_ws/install/dynamixel_sdk/share/dynamixel_sdk/environment/path.dsv
[0.687s] -- Up-to-date symlink: /home/ubuntu/robotis_ws/install/dynamixel_sdk/share/dynamixel_sdk/local_setup.bash
[0.688s] -- Up-to-date symlink: /home/ubuntu/robotis_ws/install/dynamixel_sdk/share/dynamixel_sdk/local_setup.sh
[0.688s] -- Up-to-date symlink: /home/ubuntu/robotis_ws/install/dynamixel_sdk/share/dynamixel_sdk/local_setup.zsh
[0.688s] -- Up-to-date symlink: /home/ubuntu/robotis_ws/install/dynamixel_sdk/share/dynamixel_sdk/local_setup.dsv
[0.688s] -- Symlinking: /home/ubuntu/robotis_ws/install/dynamixel_sdk/share/dynamixel_sdk/package.dsv
[0.701s] -- Up-to-date symlink: /home/ubuntu/robotis_ws/install/dynamixel_sdk/share/ament_index/resource_index/packages/dynamixel_sdk
[0.701s] -- Up-to-date symlink: /home/ubuntu/robotis_ws/install/dynamixel_sdk/share/dynamixel_sdk/cmake/ament_cmake_export_include_directories-extras.cmake
[0.701s] -- Up-to-date symlink: /home/ubuntu/robotis_ws/install/dynamixel_sdk/share/dynamixel_sdk/cmake/ament_cmake_export_libraries-extras.cmake
[0.702s] -- Up-to-date symlink: /home/ubuntu/robotis_ws/install/dynamixel_sdk/share/dynamixel_sdk/cmake/dynamixel_sdkConfig.cmake
[0.702s] -- Up-to-date symlink: /home/ubuntu/robotis_ws/install/dynamixel_sdk/share/dynamixel_sdk/cmake/dynamixel_sdkConfig-version.cmake
[0.702s] -- Up-to-date symlink: /home/ubuntu/robotis_ws/install/dynamixel_sdk/share/dynamixel_sdk/package.xml
[0.706s] Invoked command in '/home/ubuntu/robotis_ws/build/dynamixel_sdk' returned '0': CMAKE_PREFIX_PATH=${CMAKE_PREFIX_PATH}:/home/ubuntu/robotis_ws/install/open_manipulator_x_teleop:/opt/ros/humble /usr/bin/cmake --install /home/ubuntu/robotis_ws/build/dynamixel_sdk
